<?xml version="1.0" encoding="UTF-8"?>
<coverage generated="1630844082290" clover="3.2.0">
  <project timestamp="1630844082290" name="All files">
    <metrics statements="425" coveredstatements="393" conditionals="111" coveredconditionals="85" methods="106" coveredmethods="104" elements="642" coveredelements="582" complexity="0" loc="425" ncloc="425" packages="1" files="16" classes="16">
      <file name="biotrack-user.mock.ts" path="/home/yongyiwong/greendirect/backend/greendirect-api/test/mocks/biotrack-user.mock.ts">
        <metrics statements="6" coveredstatements="6" conditionals="0" coveredconditionals="0" methods="3" coveredmethods="3"/>
        <line num="12" count="1" type="stmt"/>
        <line num="88" count="1" type="stmt"/>
        <line num="89" count="1" type="stmt"/>
        <line num="93" count="1" type="stmt"/>
        <line num="97" count="1" type="stmt"/>
        <line num="98" count="5" type="stmt"/>
      </file>
      <file name="brand.mock.ts" path="/home/yongyiwong/greendirect/backend/greendirect-api/test/mocks/brand.mock.ts">
        <metrics statements="6" coveredstatements="6" conditionals="2" coveredconditionals="2" methods="4" coveredmethods="4"/>
        <line num="11" count="1" type="stmt"/>
        <line num="12" count="1" type="stmt"/>
        <line num="16" count="1" type="stmt"/>
        <line num="20" count="1" type="stmt"/>
        <line num="21" count="8" type="stmt"/>
        <line num="25" count="1" type="stmt"/>
      </file>
      <file name="coupon.mock.ts" path="/home/yongyiwong/greendirect/backend/greendirect-api/test/mocks/coupon.mock.ts">
        <metrics statements="23" coveredstatements="13" conditionals="0" coveredconditionals="0" methods="7" coveredmethods="6"/>
        <line num="15" count="1" type="stmt"/>
        <line num="21" count="1" type="stmt"/>
        <line num="262" count="1" type="stmt"/>
        <line num="507" count="1" type="stmt"/>
        <line num="508" count="1" type="stmt"/>
        <line num="509" count="1" type="stmt"/>
        <line num="513" count="1" type="stmt"/>
        <line num="516" count="0" type="stmt"/>
        <line num="523" count="0" type="stmt"/>
        <line num="524" count="0" type="stmt"/>
        <line num="527" count="0" type="stmt"/>
        <line num="528" count="0" type="stmt"/>
        <line num="529" count="0" type="stmt"/>
        <line num="534" count="0" type="stmt"/>
        <line num="535" count="0" type="stmt"/>
        <line num="545" count="0" type="stmt"/>
        <line num="546" count="0" type="stmt"/>
        <line num="550" count="1" type="stmt"/>
        <line num="551" count="1" type="stmt"/>
        <line num="557" count="1" type="stmt"/>
        <line num="558" count="15" type="stmt"/>
        <line num="559" count="45" type="stmt"/>
        <line num="562" count="15" type="stmt"/>
      </file>
      <file name="deal.mock.ts" path="/home/yongyiwong/greendirect/backend/greendirect-api/test/mocks/deal.mock.ts">
        <metrics statements="13" coveredstatements="13" conditionals="2" coveredconditionals="2" methods="6" coveredmethods="6"/>
        <line num="11" count="1" type="stmt"/>
        <line num="17" count="1" type="stmt"/>
        <line num="18" count="1" type="stmt"/>
        <line num="19" count="1" type="stmt"/>
        <line num="23" count="1" type="stmt"/>
        <line num="27" count="1" type="stmt"/>
        <line num="28" count="1" type="stmt"/>
        <line num="33" count="1" type="stmt"/>
        <line num="35" count="1" type="stmt"/>
        <line num="36" count="8" type="stmt"/>
        <line num="37" count="24" type="stmt"/>
        <line num="40" count="56" type="stmt"/>
        <line num="47" count="1" type="stmt"/>
      </file>
      <file name="delivery.mock.ts" path="/home/yongyiwong/greendirect/backend/greendirect-api/test/mocks/delivery.mock.ts">
        <metrics statements="38" coveredstatements="38" conditionals="18" coveredconditionals="18" methods="4" coveredmethods="4"/>
        <line num="28" count="1" type="stmt"/>
        <line num="29" count="1" type="stmt"/>
        <line num="30" count="1" type="stmt"/>
        <line num="31" count="1" type="stmt"/>
        <line num="32" count="1" type="stmt"/>
        <line num="33" count="1" type="stmt"/>
        <line num="37" count="1" type="stmt"/>
        <line num="41" count="8" type="stmt"/>
        <line num="51" count="1" type="stmt"/>
        <line num="55" count="1" type="stmt"/>
        <line num="56" count="1" type="stmt"/>
        <line num="57" count="1" type="stmt"/>
        <line num="58" count="1" type="stmt"/>
        <line num="59" count="1" type="stmt"/>
        <line num="62" count="1" type="stmt"/>
        <line num="63" count="1" type="stmt"/>
        <line num="64" count="12" type="stmt"/>
        <line num="65" count="12" type="cond" truecount="2" falsecount="0"/>
        <line num="66" count="9" type="stmt"/>
        <line num="71" count="9" type="stmt"/>
        <line num="76" count="9" type="stmt"/>
        <line num="81" count="9" type="cond" truecount="2" falsecount="0"/>
        <line num="82" count="6" type="stmt"/>
        <line num="88" count="6" type="stmt"/>
        <line num="95" count="6" type="stmt"/>
        <line num="100" count="6" type="cond" truecount="2" falsecount="0"/>
        <line num="101" count="3" type="stmt"/>
        <line num="104" count="6" type="stmt"/>
        <line num="106" count="6" type="cond" truecount="2" falsecount="0"/>
        <line num="107" count="2" type="stmt"/>
        <line num="118" count="6" type="cond" truecount="2" falsecount="0"/>
        <line num="119" count="3" type="stmt"/>
        <line num="125" count="6" type="stmt"/>
        <line num="127" count="6" type="stmt"/>
        <line num="131" count="12" type="cond" truecount="4" falsecount="0"/>
        <line num="132" count="2" type="stmt"/>
        <line num="138" count="2" type="stmt"/>
        <line num="140" count="2" type="stmt"/>
      </file>
      <file name="doctor.mock.ts" path="/home/yongyiwong/greendirect/backend/greendirect-api/test/mocks/doctor.mock.ts">
        <metrics statements="6" coveredstatements="6" conditionals="0" coveredconditionals="0" methods="3" coveredmethods="3"/>
        <line num="4" count="1" type="stmt"/>
        <line num="26" count="1" type="stmt"/>
        <line num="27" count="1" type="stmt"/>
        <line num="31" count="1" type="stmt"/>
        <line num="32" count="2" type="stmt"/>
        <line num="34" count="1" type="stmt"/>
      </file>
      <file name="freeway-user.mock.ts" path="/home/yongyiwong/greendirect/backend/greendirect-api/test/mocks/freeway-user.mock.ts">
        <metrics statements="10" coveredstatements="10" conditionals="0" coveredconditionals="0" methods="5" coveredmethods="5"/>
        <line num="19" count="1" type="stmt"/>
        <line num="247" count="1" type="stmt"/>
        <line num="248" count="1" type="stmt"/>
        <line num="252" count="1" type="stmt"/>
        <line num="256" count="1" type="stmt"/>
        <line num="259" count="16" type="stmt"/>
        <line num="260" count="16" type="stmt"/>
        <line num="263" count="32" type="stmt"/>
        <line num="278" count="1" type="stmt"/>
        <line num="279" count="37" type="stmt"/>
      </file>
      <file name="localstack.mock.ts" path="/home/yongyiwong/greendirect/backend/greendirect-api/test/mocks/localstack.mock.ts">
        <metrics statements="27" coveredstatements="22" conditionals="12" coveredconditionals="6" methods="6" coveredmethods="5"/>
        <line num="9" count="1" type="stmt"/>
        <line num="20" count="1" type="stmt"/>
        <line num="22" count="1" type="stmt"/>
        <line num="23" count="1" type="stmt"/>
        <line num="24" count="1" type="stmt"/>
        <line num="25" count="1" type="stmt"/>
        <line num="26" count="1" type="stmt"/>
        <line num="28" count="1" type="stmt"/>
        <line num="31" count="1" type="cond" truecount="1" falsecount="1"/>
        <line num="32" count="1" type="stmt"/>
        <line num="37" count="1" type="cond" truecount="1" falsecount="1"/>
        <line num="38" count="0" type="stmt"/>
        <line num="43" count="1" type="cond" truecount="1" falsecount="1"/>
        <line num="44" count="1" type="stmt"/>
        <line num="45" count="1" type="cond" truecount="1" falsecount="1"/>
        <line num="46" count="1" type="stmt"/>
        <line num="48" count="3" type="stmt"/>
        <line num="56" count="1" type="stmt"/>
        <line num="59" count="1" type="stmt"/>
        <line num="60" count="1" type="stmt"/>
        <line num="61" count="1" type="cond" truecount="1" falsecount="1"/>
        <line num="63" count="0" type="stmt"/>
        <line num="64" count="0" type="stmt"/>
        <line num="69" count="0" type="stmt"/>
        <line num="73" count="0" type="stmt"/>
        <line num="77" count="3" type="stmt"/>
        <line num="80" count="3" type="stmt"/>
      </file>
      <file name="location.mock.ts" path="/home/yongyiwong/greendirect/backend/greendirect-api/test/mocks/location.mock.ts">
        <metrics statements="77" coveredstatements="74" conditionals="20" coveredconditionals="16" methods="13" coveredmethods="13"/>
        <line num="18" count="1" type="stmt"/>
        <line num="25" count="1" type="stmt"/>
        <line num="32" count="7" type="stmt"/>
        <line num="39" count="7" type="stmt"/>
        <line num="47" count="5" type="stmt"/>
        <line num="54" count="5" type="stmt"/>
        <line num="61" count="1" type="stmt"/>
        <line num="62" count="1" type="stmt"/>
        <line num="71" count="1" type="stmt"/>
        <line num="969" count="1" type="stmt"/>
        <line num="970" count="1" type="stmt"/>
        <line num="973" count="1" type="stmt"/>
        <line num="974" count="1" type="stmt"/>
        <line num="975" count="1" type="stmt"/>
        <line num="976" count="1" type="stmt"/>
        <line num="980" count="1" type="stmt"/>
        <line num="981" count="10" type="stmt"/>
        <line num="986" count="10" type="stmt"/>
        <line num="990" count="10" type="stmt"/>
        <line num="993" count="10" type="cond" truecount="1" falsecount="1"/>
        <line num="994" count="10" type="stmt"/>
        <line num="996" count="0" type="stmt"/>
        <line num="999" count="10" type="stmt"/>
        <line num="1000" count="21" type="stmt"/>
        <line num="1001" count="21" type="stmt"/>
        <line num="1006" count="21" type="stmt"/>
        <line num="1007" count="21" type="stmt"/>
        <line num="1008" count="21" type="stmt"/>
        <line num="1013" count="21" type="stmt"/>
        <line num="1016" count="21" type="cond" truecount="1" falsecount="1"/>
        <line num="1017" count="21" type="stmt"/>
        <line num="1018" count="21" type="cond" truecount="2" falsecount="0"/>
        <line num="1019" count="2" type="stmt"/>
        <line num="1020" count="3" type="stmt"/>
        <line num="1023" count="21" type="cond" truecount="2" falsecount="0"/>
        <line num="1024" count="15" type="stmt"/>
        <line num="1025" count="32" type="stmt"/>
        <line num="1029" count="21" type="cond" truecount="2" falsecount="0"/>
        <line num="1031" count="20" type="stmt"/>
        <line num="1032" count="140" type="stmt"/>
        <line num="1034" count="1" type="cond" truecount="1" falsecount="1"/>
        <line num="1036" count="0" type="stmt"/>
        <line num="1037" count="0" type="stmt"/>
        <line num="1042" count="21" type="cond" truecount="2" falsecount="0"/>
        <line num="1043" count="10" type="cond" truecount="2" falsecount="0"/>
        <line num="1045" count="7" type="stmt"/>
        <line num="1046" count="49" type="stmt"/>
        <line num="1048" count="3" type="cond" truecount="1" falsecount="1"/>
        <line num="1050" count="3" type="stmt"/>
        <line num="1051" count="15" type="stmt"/>
        <line num="1056" count="21" type="stmt"/>
        <line num="1063" count="3" type="stmt"/>
        <line num="1064" count="3" type="stmt"/>
        <line num="1065" count="3" type="stmt"/>
        <line num="1066" count="3" type="stmt"/>
        <line num="1067" count="3" type="stmt"/>
        <line num="1068" count="3" type="stmt"/>
        <line num="1069" count="3" type="stmt"/>
        <line num="1070" count="3" type="stmt"/>
        <line num="1071" count="3" type="stmt"/>
        <line num="1072" count="3" type="stmt"/>
        <line num="1073" count="3" type="stmt"/>
        <line num="1074" count="3" type="stmt"/>
        <line num="1075" count="3" type="stmt"/>
        <line num="1080" count="32" type="stmt"/>
        <line num="1081" count="32" type="stmt"/>
        <line num="1082" count="32" type="stmt"/>
        <line num="1083" count="32" type="stmt"/>
        <line num="1090" count="140" type="stmt"/>
        <line num="1091" count="140" type="stmt"/>
        <line num="1092" count="140" type="stmt"/>
        <line num="1099" count="64" type="stmt"/>
        <line num="1100" count="64" type="stmt"/>
        <line num="1101" count="64" type="stmt"/>
        <line num="1105" count="64" type="cond" truecount="2" falsecount="0"/>
        <line num="1106" count="59" type="stmt"/>
        <line num="1108" count="5" type="stmt"/>
      </file>
      <file name="mobile-check-in.mock.ts" path="/home/yongyiwong/greendirect/backend/greendirect-api/test/mocks/mobile-check-in.mock.ts">
        <metrics statements="16" coveredstatements="12" conditionals="4" coveredconditionals="1" methods="3" coveredmethods="3"/>
        <line num="18" count="1" type="stmt"/>
        <line num="22" count="1" type="stmt"/>
        <line num="23" count="1" type="stmt"/>
        <line num="24" count="1" type="stmt"/>
        <line num="30" count="1" type="stmt"/>
        <line num="33" count="1" type="cond" truecount="1" falsecount="1"/>
        <line num="34" count="1" type="stmt"/>
        <line num="36" count="0" type="stmt"/>
        <line num="41" count="1" type="stmt"/>
        <line num="42" count="1" type="stmt"/>
        <line num="46" count="1" type="stmt"/>
        <line num="48" count="1" type="stmt"/>
        <line num="51" count="1" type="stmt"/>
        <line num="54" count="0" type="cond" truecount="0" falsecount="2"/>
        <line num="55" count="0" type="stmt"/>
        <line num="58" count="0" type="stmt"/>
      </file>
      <file name="order.mock.ts" path="/home/yongyiwong/greendirect/backend/greendirect-api/test/mocks/order.mock.ts">
        <metrics statements="73" coveredstatements="66" conditionals="37" coveredconditionals="28" methods="14" coveredmethods="14"/>
        <line num="30" count="1" type="stmt"/>
        <line num="31" count="1" type="stmt"/>
        <line num="32" count="1" type="stmt"/>
        <line num="35" count="1" type="stmt"/>
        <line num="36" count="1" type="stmt"/>
        <line num="37" count="1" type="stmt"/>
        <line num="41" count="1" type="stmt"/>
        <line num="43" count="1" type="stmt"/>
        <line num="44" count="1" type="cond" truecount="3" falsecount="1"/>
        <line num="45" count="0" type="stmt"/>
        <line num="47" count="1" type="stmt"/>
        <line num="48" count="1" type="stmt"/>
        <line num="49" count="4" type="stmt"/>
        <line num="53" count="4" type="stmt"/>
        <line num="54" count="6" type="cond" truecount="3" falsecount="1"/>
        <line num="55" count="6" type="stmt"/>
        <line num="56" count="6" type="cond" truecount="2" falsecount="0"/>
        <line num="57" count="5" type="stmt"/>
        <line num="61" count="5" type="stmt"/>
        <line num="62" count="75" type="stmt"/>
        <line num="63" count="75" type="cond" truecount="5" falsecount="0"/>
        <line num="65" count="71" type="stmt"/>
        <line num="66" count="71" type="stmt"/>
        <line num="67" count="71" type="stmt"/>
        <line num="68" count="71" type="cond" truecount="1" falsecount="1"/>
        <line num="69" count="0" type="stmt"/>
        <line num="71" count="71" type="stmt"/>
        <line num="75" count="71" type="stmt"/>
        <line num="79" count="71" type="stmt"/>
        <line num="80" count="71" type="stmt"/>
        <line num="82" count="0" type="stmt"/>
        <line num="87" count="5" type="stmt"/>
        <line num="88" count="5" type="stmt"/>
        <line num="96" count="1" type="stmt"/>
        <line num="105" count="1" type="stmt"/>
        <line num="106" count="20" type="cond" truecount="2" falsecount="0"/>
        <line num="108" count="1" type="stmt"/>
        <line num="111" count="1" type="stmt"/>
        <line num="115" count="1" type="stmt"/>
        <line num="119" count="6" type="stmt"/>
        <line num="120" count="6" type="stmt"/>
        <line num="127" count="71" type="stmt"/>
        <line num="128" count="71" type="stmt"/>
        <line num="129" count="71" type="cond" truecount="1" falsecount="1"/>
        <line num="130" count="71" type="cond" truecount="3" falsecount="1"/>
        <line num="131" count="71" type="cond" truecount="1" falsecount="1"/>
        <line num="133" count="0" type="stmt"/>
        <line num="134" count="0" type="cond" truecount="0" falsecount="2"/>
        <line num="135" count="0" type="stmt"/>
        <line num="139" count="0" type="stmt"/>
        <line num="142" count="71" type="cond" truecount="1" falsecount="1"/>
        <line num="144" count="71" type="stmt"/>
        <line num="148" count="71" type="stmt"/>
        <line num="153" count="71" type="stmt"/>
        <line num="154" count="71" type="stmt"/>
        <line num="159" count="5" type="stmt"/>
        <line num="161" count="71" type="stmt"/>
        <line num="163" count="5" type="stmt"/>
        <line num="166" count="5" type="stmt"/>
        <line num="167" count="71" type="stmt"/>
        <line num="168" count="71" type="stmt"/>
        <line num="170" count="1" type="stmt"/>
        <line num="171" count="1" type="stmt"/>
        <line num="173" count="5" type="stmt"/>
        <line num="174" count="5" type="stmt"/>
        <line num="176" count="5" type="stmt"/>
        <line num="177" count="5" type="stmt"/>
        <line num="179" count="5" type="stmt"/>
        <line num="180" count="5" type="stmt"/>
        <line num="183" count="71" type="cond" truecount="2" falsecount="0"/>
        <line num="184" count="16" type="stmt"/>
        <line num="189" count="55" type="stmt"/>
        <line num="191" count="5" type="stmt"/>
      </file>
      <file name="product-group.mock.ts" path="/home/yongyiwong/greendirect/backend/greendirect-api/test/mocks/product-group.mock.ts">
        <metrics statements="23" coveredstatements="23" conditionals="2" coveredconditionals="2" methods="10" coveredmethods="10"/>
        <line num="19" count="1" type="stmt"/>
        <line num="20" count="1" type="stmt"/>
        <line num="21" count="1" type="stmt"/>
        <line num="22" count="1" type="stmt"/>
        <line num="26" count="1" type="stmt"/>
        <line num="27" count="1" type="stmt"/>
        <line num="31" count="1" type="stmt"/>
        <line num="33" count="1" type="stmt"/>
        <line num="34" count="1" type="stmt"/>
        <line num="35" count="6" type="stmt"/>
        <line num="36" count="24" type="stmt"/>
        <line num="45" count="1" type="stmt"/>
        <line num="46" count="4" type="stmt"/>
        <line num="51" count="1" type="stmt"/>
        <line num="55" count="1" type="stmt"/>
        <line num="56" count="1" type="stmt"/>
        <line num="58" count="1" type="stmt"/>
        <line num="59" count="1" type="stmt"/>
        <line num="60" count="21" type="stmt"/>
        <line num="62" count="588" type="cond" truecount="2" falsecount="0"/>
        <line num="64" count="504" type="stmt"/>
        <line num="65" count="2016" type="stmt"/>
        <line num="77" count="1" type="stmt"/>
      </file>
      <file name="promo-banner.mock.ts" path="/home/yongyiwong/greendirect/backend/greendirect-api/test/mocks/promo-banner.mock.ts">
        <metrics statements="8" coveredstatements="8" conditionals="0" coveredconditionals="0" methods="3" coveredmethods="3"/>
        <line num="11" count="1" type="stmt"/>
        <line num="12" count="1" type="stmt"/>
        <line num="16" count="1" type="stmt"/>
        <line num="20" count="1" type="stmt"/>
        <line num="56" count="1" type="stmt"/>
        <line num="57" count="6" type="stmt"/>
        <line num="65" count="1" type="stmt"/>
        <line num="66" count="6" type="stmt"/>
      </file>
      <file name="role.mock.ts" path="/home/yongyiwong/greendirect/backend/greendirect-api/test/mocks/role.mock.ts">
        <metrics statements="57" coveredstatements="57" conditionals="2" coveredconditionals="2" methods="15" coveredmethods="15"/>
        <line num="13" count="1" type="stmt"/>
        <line num="38" count="1" type="stmt"/>
        <line num="39" count="1" type="stmt"/>
        <line num="40" count="1" type="stmt"/>
        <line num="41" count="1" type="stmt"/>
        <line num="42" count="1" type="stmt"/>
        <line num="43" count="1" type="stmt"/>
        <line num="49" count="1" type="stmt"/>
        <line num="50" count="1" type="stmt"/>
        <line num="51" count="1" type="stmt"/>
        <line num="52" count="1" type="stmt"/>
        <line num="56" count="1" type="stmt"/>
        <line num="57" count="1" type="stmt"/>
        <line num="58" count="1" type="stmt"/>
        <line num="59" count="1" type="stmt"/>
        <line num="60" count="1" type="stmt"/>
        <line num="61" count="1" type="stmt"/>
        <line num="62" count="1" type="stmt"/>
        <line num="63" count="1" type="stmt"/>
        <line num="65" count="1" type="stmt"/>
        <line num="69" count="1" type="stmt"/>
        <line num="72" count="1" type="stmt"/>
        <line num="73" count="1" type="stmt"/>
        <line num="74" count="1" type="stmt"/>
        <line num="77" count="1" type="stmt"/>
        <line num="78" count="1" type="stmt"/>
        <line num="79" count="1" type="stmt"/>
        <line num="80" count="1" type="stmt"/>
        <line num="81" count="1" type="stmt"/>
        <line num="82" count="1" type="stmt"/>
        <line num="84" count="1" type="stmt"/>
        <line num="88" count="1" type="stmt"/>
        <line num="91" count="1" type="stmt"/>
        <line num="92" count="2" type="stmt"/>
        <line num="93" count="2" type="stmt"/>
        <line num="96" count="2" type="stmt"/>
        <line num="97" count="2" type="stmt"/>
        <line num="98" count="2" type="stmt"/>
        <line num="99" count="2" type="stmt"/>
        <line num="100" count="2" type="cond" truecount="2" falsecount="0"/>
        <line num="102" count="1" type="stmt"/>
        <line num="105" count="1" type="stmt"/>
        <line num="106" count="3" type="stmt"/>
        <line num="112" count="1" type="stmt"/>
        <line num="114" count="1" type="stmt"/>
        <line num="117" count="1" type="stmt"/>
        <line num="118" count="1" type="stmt"/>
        <line num="122" count="1" type="stmt"/>
        <line num="126" count="1" type="stmt"/>
        <line num="127" count="10" type="stmt"/>
        <line num="128" count="10" type="stmt"/>
        <line num="129" count="10" type="stmt"/>
        <line num="130" count="10" type="stmt"/>
        <line num="131" count="10" type="stmt"/>
        <line num="132" count="10" type="stmt"/>
        <line num="133" count="10" type="stmt"/>
        <line num="135" count="1" type="stmt"/>
      </file>
      <file name="sign-in-link.mock.ts" path="/home/yongyiwong/greendirect/backend/greendirect-api/test/mocks/sign-in-link.mock.ts">
        <metrics statements="8" coveredstatements="8" conditionals="0" coveredconditionals="0" methods="3" coveredmethods="3"/>
        <line num="12" count="1" type="stmt"/>
        <line num="13" count="1" type="stmt"/>
        <line num="14" count="1" type="stmt"/>
        <line num="18" count="1" type="stmt"/>
        <line num="22" count="1" type="stmt"/>
        <line num="27" count="1" type="stmt"/>
        <line num="28" count="2" type="stmt"/>
        <line num="29" count="2" type="stmt"/>
      </file>
      <file name="user.mock.ts" path="/home/yongyiwong/greendirect/backend/greendirect-api/test/mocks/user.mock.ts">
        <metrics statements="34" coveredstatements="31" conditionals="12" coveredconditionals="8" methods="7" coveredmethods="7"/>
        <line num="13" count="1" type="stmt"/>
        <line num="14" count="1" type="stmt"/>
        <line num="16" count="1" type="stmt"/>
        <line num="17" count="5" type="stmt"/>
        <line num="27" count="1" type="stmt"/>
        <line num="28" count="5" type="stmt"/>
        <line num="42" count="1" type="stmt"/>
        <line num="257" count="1" type="stmt"/>
        <line num="258" count="1" type="stmt"/>
        <line num="259" count="1" type="stmt"/>
        <line num="263" count="1" type="stmt"/>
        <line num="264" count="1" type="stmt"/>
        <line num="269" count="1" type="stmt"/>
        <line num="270" count="26" type="cond" truecount="2" falsecount="0"/>
        <line num="271" count="1" type="stmt"/>
        <line num="273" count="25" type="stmt"/>
        <line num="275" count="26" type="stmt"/>
        <line num="281" count="1" type="stmt"/>
        <line num="282" count="1" type="cond" truecount="1" falsecount="1"/>
        <line num="284" count="0" type="stmt"/>
        <line num="285" count="0" type="stmt"/>
        <line num="286" count="0" type="stmt"/>
        <line num="288" count="1" type="stmt"/>
        <line num="293" count="26" type="stmt"/>
        <line num="294" count="26" type="cond" truecount="1" falsecount="1"/>
        <line num="295" count="26" type="stmt"/>
        <line num="300" count="26" type="stmt"/>
        <line num="301" count="26" type="cond" truecount="2" falsecount="0"/>
        <line num="304" count="26" type="stmt"/>
        <line num="305" count="26" type="stmt"/>
        <line num="309" count="26" type="stmt"/>
        <line num="310" count="26" type="stmt"/>
        <line num="318" count="26" type="stmt"/>
        <line num="319" count="26" type="stmt"/>
      </file>
    </metrics>
  </project>
</coverage>
