{"/home/yongyiwong/greendirect/backend/greendirect-api/test/mocks/biotrack-user.mock.ts": {"path":"/home/yongyiwong/greendirect/backend/greendirect-api/test/mocks/biotrack-user.mock.ts","statementMap":{"0":{"start":{"line":12,"column":34},"end":{"line":83,"column":1}},"1":{"start":{"line":88,"column":31},"end":{"line":88,"column":52}},"2":{"start":{"line":89,"column":4},"end":{"line":89,"column":69}},"3":{"start":{"line":93,"column":4},"end":{"line":93,"column":36}},"4":{"start":{"line":97,"column":4},"end":{"line":99,"column":5}},"5":{"start":{"line":98,"column":6},"end":{"line":98,"column":76}}},"fnMap":{"0":{"name":"(anonymous_7)","decl":{"start":{"line":88,"column":2},"end":{"line":88,"column":30}},"loc":{"start":{"line":88,"column":52},"end":{"line":90,"column":3}}},"1":{"name":"(anonymous_8)","decl":{"start":{"line":92,"column":8},"end":{"line":92,"column":15}},"loc":{"start":{"line":92,"column":16},"end":{"line":94,"column":3}}},"2":{"name":"(anonymous_10)","decl":{"start":{"line":96,"column":8},"end":{"line":96,"column":25}},"loc":{"start":{"line":96,"column":26},"end":{"line":100,"column":3}}}},"branchMap":{},"s":{"0":1,"1":1,"2":1,"3":1,"4":1,"5":5},"f":{"0":1,"1":1,"2":1},"b":{}}
,"/home/yongyiwong/greendirect/backend/greendirect-api/test/mocks/brand.mock.ts": {"path":"/home/yongyiwong/greendirect/backend/greendirect-api/test/mocks/brand.mock.ts","statementMap":{"0":{"start":{"line":11,"column":31},"end":{"line":11,"column":52}},"1":{"start":{"line":12,"column":4},"end":{"line":12,"column":74}},"2":{"start":{"line":16,"column":4},"end":{"line":16,"column":29}},"3":{"start":{"line":20,"column":25},"end":{"line":24,"column":5}},"4":{"start":{"line":21,"column":6},"end":{"line":23,"column":8}},"5":{"start":{"line":25,"column":4},"end":{"line":25,"column":36}}},"fnMap":{"0":{"name":"(anonymous_7)","decl":{"start":{"line":11,"column":2},"end":{"line":11,"column":30}},"loc":{"start":{"line":11,"column":52},"end":{"line":13,"column":3}}},"1":{"name":"(anonymous_8)","decl":{"start":{"line":15,"column":8},"end":{"line":15,"column":15}},"loc":{"start":{"line":15,"column":16},"end":{"line":17,"column":3}}},"2":{"name":"(anonymous_10)","decl":{"start":{"line":19,"column":8},"end":{"line":19,"column":18}},"loc":{"start":{"line":19,"column":19},"end":{"line":26,"column":3}}},"3":{"name":"(anonymous_12)","decl":{"start":{"line":20,"column":41},"end":{"line":20,"column":42}},"loc":{"start":{"line":21,"column":6},"end":{"line":23,"column":8}}}},"branchMap":{"0":{"loc":{"start":{"line":22,"column":30},"end":{"line":22,"column":39}},"type":"cond-expr","locations":[{"start":{"line":22,"column":30},"end":{"line":22,"column":39}},{"start":{"line":22,"column":42},"end":{"line":22,"column":64}}]}},"s":{"0":1,"1":1,"2":1,"3":1,"4":8,"5":1},"f":{"0":1,"1":1,"2":1,"3":8},"b":{"0":[4,4]}}
,"/home/yongyiwong/greendirect/backend/greendirect-api/test/mocks/coupon.mock.ts": {"path":"/home/yongyiwong/greendirect/backend/greendirect-api/test/mocks/coupon.mock.ts","statementMap":{"0":{"start":{"line":15,"column":38},"end":{"line":19,"column":1}},"1":{"start":{"line":21,"column":51},"end":{"line":260,"column":1}},"2":{"start":{"line":262,"column":59},"end":{"line":501,"column":1}},"3":{"start":{"line":507,"column":31},"end":{"line":507,"column":52}},"4":{"start":{"line":508,"column":4},"end":{"line":508,"column":71}},"5":{"start":{"line":509,"column":4},"end":{"line":509,"column":64}},"6":{"start":{"line":513,"column":4},"end":{"line":513,"column":30}},"7":{"start":{"line":516,"column":22},"end":{"line":522,"column":20}},"8":{"start":{"line":523,"column":28},"end":{"line":523,"column":99}},"9":{"start":{"line":524,"column":24},"end":{"line":526,"column":5}},"10":{"start":{"line":527,"column":15},"end":{"line":527,"column":26}},"11":{"start":{"line":528,"column":22},"end":{"line":528,"column":42}},"12":{"start":{"line":529,"column":28},"end":{"line":533,"column":25}},"13":{"start":{"line":534,"column":17},"end":{"line":534,"column":55}},"14":{"start":{"line":535,"column":4},"end":{"line":544,"column":5}},"15":{"start":{"line":545,"column":19},"end":{"line":545,"column":64}},"16":{"start":{"line":546,"column":4},"end":{"line":546,"column":18}},"17":{"start":{"line":550,"column":20},"end":{"line":550,"column":71}},"18":{"start":{"line":551,"column":22},"end":{"line":555,"column":16}},"19":{"start":{"line":557,"column":4},"end":{"line":564,"column":6}},"20":{"start":{"line":558,"column":42},"end":{"line":563,"column":7}},"21":{"start":{"line":559,"column":8},"end":{"line":561,"column":21}},"22":{"start":{"line":559,"column":72},"end":{"line":561,"column":9}},"23":{"start":{"line":562,"column":8},"end":{"line":562,"column":62}}},"fnMap":{"0":{"name":"(anonymous_7)","decl":{"start":{"line":507,"column":2},"end":{"line":507,"column":30}},"loc":{"start":{"line":507,"column":52},"end":{"line":510,"column":3}}},"1":{"name":"(anonymous_8)","decl":{"start":{"line":512,"column":8},"end":{"line":512,"column":15}},"loc":{"start":{"line":512,"column":16},"end":{"line":514,"column":3}}},"2":{"name":"(anonymous_10)","decl":{"start":{"line":515,"column":8},"end":{"line":515,"column":21}},"loc":{"start":{"line":515,"column":57},"end":{"line":547,"column":3}}},"3":{"name":"(anonymous_12)","decl":{"start":{"line":549,"column":8},"end":{"line":549,"column":19}},"loc":{"start":{"line":549,"column":20},"end":{"line":565,"column":3}}},"4":{"name":"(anonymous_14)","decl":{"start":{"line":558,"column":27},"end":{"line":558,"column":33}},"loc":{"start":{"line":558,"column":42},"end":{"line":563,"column":7}}},"5":{"name":"(anonymous_15)","decl":{"start":{"line":558,"column":42},"end":{"line":null,"column":-1}},"loc":{"start":{"line":558,"column":42},"end":{"line":563,"column":7}}},"6":{"name":"(anonymous_16)","decl":{"start":{"line":559,"column":47},"end":{"line":559,"column":48}},"loc":{"start":{"line":559,"column":72},"end":{"line":561,"column":9}}}},"branchMap":{},"s":{"0":1,"1":1,"2":1,"3":1,"4":1,"5":1,"6":1,"7":0,"8":0,"9":0,"10":0,"11":0,"12":0,"13":0,"14":0,"15":0,"16":0,"17":1,"18":1,"19":1,"20":15,"21":15,"22":45,"23":15},"f":{"0":1,"1":1,"2":0,"3":1,"4":15,"5":15,"6":45},"b":{}}
,"/home/yongyiwong/greendirect/backend/greendirect-api/test/mocks/deal.mock.ts": {"path":"/home/yongyiwong/greendirect/backend/greendirect-api/test/mocks/deal.mock.ts","statementMap":{"0":{"start":{"line":11,"column":31},"end":{"line":11,"column":76}},"1":{"start":{"line":17,"column":31},"end":{"line":17,"column":52}},"2":{"start":{"line":18,"column":4},"end":{"line":18,"column":74}},"3":{"start":{"line":19,"column":4},"end":{"line":19,"column":64}},"4":{"start":{"line":23,"column":4},"end":{"line":23,"column":28}},"5":{"start":{"line":27,"column":20},"end":{"line":27,"column":71}},"6":{"start":{"line":28,"column":22},"end":{"line":32,"column":16}},"7":{"start":{"line":33,"column":26},"end":{"line":33,"column":77}},"8":{"start":{"line":35,"column":25},"end":{"line":46,"column":5}},"9":{"start":{"line":36,"column":6},"end":{"line":45,"column":8}},"10":{"start":{"line":37,"column":48},"end":{"line":39,"column":9}},"11":{"start":{"line":40,"column":42},"end":{"line":43,"column":9}},"12":{"start":{"line":47,"column":4},"end":{"line":47,"column":36}}},"fnMap":{"0":{"name":"(anonymous_7)","decl":{"start":{"line":17,"column":2},"end":{"line":17,"column":30}},"loc":{"start":{"line":17,"column":52},"end":{"line":20,"column":3}}},"1":{"name":"(anonymous_8)","decl":{"start":{"line":22,"column":8},"end":{"line":22,"column":15}},"loc":{"start":{"line":22,"column":16},"end":{"line":24,"column":3}}},"2":{"name":"(anonymous_10)","decl":{"start":{"line":26,"column":8},"end":{"line":26,"column":17}},"loc":{"start":{"line":26,"column":18},"end":{"line":48,"column":3}}},"3":{"name":"(anonymous_12)","decl":{"start":{"line":35,"column":41},"end":{"line":35,"column":49}},"loc":{"start":{"line":36,"column":6},"end":{"line":45,"column":8}}},"4":{"name":"(anonymous_13)","decl":{"start":{"line":37,"column":41},"end":{"line":37,"column":42}},"loc":{"start":{"line":37,"column":48},"end":{"line":39,"column":9}}},"5":{"name":"(anonymous_14)","decl":{"start":{"line":40,"column":34},"end":{"line":40,"column":36}},"loc":{"start":{"line":40,"column":42},"end":{"line":43,"column":9}}}},"branchMap":{"0":{"loc":{"start":{"line":44,"column":34},"end":{"line":44,"column":43}},"type":"cond-expr","locations":[{"start":{"line":44,"column":34},"end":{"line":44,"column":43}},{"start":{"line":44,"column":46},"end":{"line":44,"column":68}}]}},"s":{"0":1,"1":1,"2":1,"3":1,"4":1,"5":1,"6":1,"7":1,"8":1,"9":8,"10":24,"11":56,"12":1},"f":{"0":1,"1":1,"2":1,"3":8,"4":24,"5":56},"b":{"0":[4,4]}}
,"/home/yongyiwong/greendirect/backend/greendirect-api/test/mocks/delivery.mock.ts": {"path":"/home/yongyiwong/greendirect/backend/greendirect-api/test/mocks/delivery.mock.ts","statementMap":{"0":{"start":{"line":28,"column":31},"end":{"line":28,"column":52}},"1":{"start":{"line":29,"column":4},"end":{"line":29,"column":77}},"2":{"start":{"line":30,"column":4},"end":{"line":30,"column":68}},"3":{"start":{"line":31,"column":4},"end":{"line":31,"column":65}},"4":{"start":{"line":32,"column":4},"end":{"line":32,"column":55}},"5":{"start":{"line":33,"column":4},"end":{"line":33,"column":77}},"6":{"start":{"line":37,"column":4},"end":{"line":37,"column":29}},"7":{"start":{"line":41,"column":4},"end":{"line":47,"column":6}},"8":{"start":{"line":51,"column":19},"end":{"line":54,"column":5}},"9":{"start":{"line":55,"column":21},"end":{"line":55,"column":71}},"10":{"start":{"line":56,"column":22},"end":{"line":56,"column":72}},"11":{"start":{"line":57,"column":18},"end":{"line":57,"column":58}},"12":{"start":{"line":58,"column":18},"end":{"line":58,"column":34}},"13":{"start":{"line":59,"column":19},"end":{"line":59,"column":35}},"14":{"start":{"line":62,"column":16},"end":{"line":62,"column":17}},"15":{"start":{"line":63,"column":4},"end":{"line":142,"column":5}},"16":{"start":{"line":64,"column":6},"end":{"line":64,"column":14}},"17":{"start":{"line":65,"column":6},"end":{"line":129,"column":7}},"18":{"start":{"line":66,"column":26},"end":{"line":70,"column":9}},"19":{"start":{"line":71,"column":27},"end":{"line":74,"column":9}},"20":{"start":{"line":76,"column":26},"end":{"line":79,"column":18}},"21":{"start":{"line":81,"column":8},"end":{"line":128,"column":9}},"22":{"start":{"line":82,"column":34},"end":{"line":86,"column":11}},"23":{"start":{"line":88,"column":10},"end":{"line":93,"column":41}},"24":{"start":{"line":95,"column":34},"end":{"line":98,"column":11}},"25":{"start":{"line":100,"column":10},"end":{"line":102,"column":11}},"26":{"start":{"line":101,"column":12},"end":{"line":101,"column":54}},"27":{"start":{"line":104,"column":29},"end":{"line":104,"column":45}},"28":{"start":{"line":106,"column":10},"end":{"line":116,"column":11}},"29":{"start":{"line":107,"column":12},"end":{"line":115,"column":14}},"30":{"start":{"line":118,"column":10},"end":{"line":123,"column":11}},"31":{"start":{"line":119,"column":12},"end":{"line":122,"column":14}},"32":{"start":{"line":125,"column":31},"end":{"line":125,"column":70}},"33":{"start":{"line":127,"column":10},"end":{"line":127,"column":61}},"34":{"start":{"line":131,"column":6},"end":{"line":141,"column":7}},"35":{"start":{"line":132,"column":32},"end":{"line":136,"column":9}},"36":{"start":{"line":138,"column":28},"end":{"line":138,"column":54}},"37":{"start":{"line":140,"column":8},"end":{"line":140,"column":58}}},"fnMap":{"0":{"name":"(anonymous_7)","decl":{"start":{"line":28,"column":2},"end":{"line":28,"column":30}},"loc":{"start":{"line":28,"column":52},"end":{"line":34,"column":3}}},"1":{"name":"(anonymous_8)","decl":{"start":{"line":36,"column":8},"end":{"line":36,"column":15}},"loc":{"start":{"line":36,"column":16},"end":{"line":38,"column":3}}},"2":{"name":"(anonymous_10)","decl":{"start":{"line":40,"column":8},"end":{"line":40,"column":18}},"loc":{"start":{"line":40,"column":46},"end":{"line":48,"column":3}}},"3":{"name":"(anonymous_12)","decl":{"start":{"line":50,"column":8},"end":{"line":50,"column":18}},"loc":{"start":{"line":50,"column":19},"end":{"line":143,"column":3}}}},"branchMap":{"0":{"loc":{"start":{"line":65,"column":6},"end":{"line":129,"column":7}},"type":"if","locations":[{"start":{"line":65,"column":6},"end":{"line":129,"column":7}},{"start":{"line":65,"column":6},"end":{"line":129,"column":7}}]},"1":{"loc":{"start":{"line":81,"column":8},"end":{"line":128,"column":9}},"type":"if","locations":[{"start":{"line":81,"column":8},"end":{"line":128,"column":9}},{"start":{"line":81,"column":8},"end":{"line":128,"column":9}}]},"2":{"loc":{"start":{"line":90,"column":16},"end":{"line":90,"column":40}},"type":"cond-expr","locations":[{"start":{"line":90,"column":16},"end":{"line":90,"column":40}},{"start":{"line":91,"column":16},"end":{"line":93,"column":40}}]},"3":{"loc":{"start":{"line":92,"column":16},"end":{"line":92,"column":42}},"type":"cond-expr","locations":[{"start":{"line":92,"column":16},"end":{"line":92,"column":42}},{"start":{"line":93,"column":16},"end":{"line":93,"column":40}}]},"4":{"loc":{"start":{"line":100,"column":10},"end":{"line":102,"column":11}},"type":"if","locations":[{"start":{"line":100,"column":10},"end":{"line":102,"column":11}},{"start":{"line":100,"column":10},"end":{"line":102,"column":11}}]},"5":{"loc":{"start":{"line":106,"column":10},"end":{"line":116,"column":11}},"type":"if","locations":[{"start":{"line":106,"column":10},"end":{"line":116,"column":11}},{"start":{"line":106,"column":10},"end":{"line":116,"column":11}}]},"6":{"loc":{"start":{"line":118,"column":10},"end":{"line":123,"column":11}},"type":"if","locations":[{"start":{"line":118,"column":10},"end":{"line":123,"column":11}},{"start":{"line":118,"column":10},"end":{"line":123,"column":11}}]},"7":{"loc":{"start":{"line":131,"column":6},"end":{"line":141,"column":7}},"type":"if","locations":[{"start":{"line":131,"column":6},"end":{"line":141,"column":7}},{"start":{"line":131,"column":6},"end":{"line":141,"column":7}}]},"8":{"loc":{"start":{"line":131,"column":10},"end":{"line":131,"column":20}},"type":"binary-expr","locations":[{"start":{"line":131,"column":10},"end":{"line":131,"column":20}},{"start":{"line":131,"column":24},"end":{"line":131,"column":34}}]}},"s":{"0":1,"1":1,"2":1,"3":1,"4":1,"5":1,"6":1,"7":8,"8":1,"9":1,"10":1,"11":1,"12":1,"13":1,"14":1,"15":1,"16":12,"17":12,"18":9,"19":9,"20":9,"21":9,"22":6,"23":6,"24":6,"25":6,"26":3,"27":6,"28":6,"29":2,"30":6,"31":3,"32":6,"33":6,"34":12,"35":2,"36":2,"37":2},"f":{"0":1,"1":1,"2":8,"3":1},"b":{"0":[9,3],"1":[6,3],"2":[1,5],"3":[3,2],"4":[3,3],"5":[2,4],"6":[3,3],"7":[2,10],"8":[12,2]}}
,"/home/yongyiwong/greendirect/backend/greendirect-api/test/mocks/doctor.mock.ts": {"path":"/home/yongyiwong/greendirect/backend/greendirect-api/test/mocks/doctor.mock.ts","statementMap":{"0":{"start":{"line":4,"column":20},"end":{"line":21,"column":1}},"1":{"start":{"line":26,"column":31},"end":{"line":26,"column":52}},"2":{"start":{"line":27,"column":4},"end":{"line":27,"column":66}},"3":{"start":{"line":31,"column":21},"end":{"line":33,"column":6}},"4":{"start":{"line":32,"column":6},"end":{"line":32,"column":54}},"5":{"start":{"line":34,"column":4},"end":{"line":34,"column":32}}},"fnMap":{"0":{"name":"(anonymous_7)","decl":{"start":{"line":26,"column":2},"end":{"line":26,"column":30}},"loc":{"start":{"line":26,"column":52},"end":{"line":28,"column":3}}},"1":{"name":"(anonymous_8)","decl":{"start":{"line":30,"column":8},"end":{"line":30,"column":15}},"loc":{"start":{"line":30,"column":16},"end":{"line":35,"column":3}}},"2":{"name":"(anonymous_10)","decl":{"start":{"line":31,"column":37},"end":{"line":31,"column":42}},"loc":{"start":{"line":31,"column":46},"end":{"line":33,"column":5}}}},"branchMap":{},"s":{"0":1,"1":1,"2":1,"3":1,"4":2,"5":1},"f":{"0":1,"1":1,"2":2},"b":{}}
,"/home/yongyiwong/greendirect/backend/greendirect-api/test/mocks/freeway-user.mock.ts": {"path":"/home/yongyiwong/greendirect/backend/greendirect-api/test/mocks/freeway-user.mock.ts","statementMap":{"0":{"start":{"line":19,"column":33},"end":{"line":242,"column":1}},"1":{"start":{"line":247,"column":31},"end":{"line":247,"column":52}},"2":{"start":{"line":248,"column":4},"end":{"line":248,"column":69}},"3":{"start":{"line":252,"column":4},"end":{"line":252,"column":35}},"4":{"start":{"line":256,"column":22},"end":{"line":276,"column":5}},"5":{"start":{"line":259,"column":43},"end":{"line":259,"column":60}},"6":{"start":{"line":260,"column":8},"end":{"line":273,"column":10}},"7":{"start":{"line":263,"column":15},"end":{"line":271,"column":34}},"8":{"start":{"line":278,"column":4},"end":{"line":280,"column":5}},"9":{"start":{"line":279,"column":6},"end":{"line":279,"column":75}}},"fnMap":{"0":{"name":"(anonymous_7)","decl":{"start":{"line":247,"column":2},"end":{"line":247,"column":30}},"loc":{"start":{"line":247,"column":52},"end":{"line":249,"column":3}}},"1":{"name":"(anonymous_8)","decl":{"start":{"line":251,"column":8},"end":{"line":251,"column":15}},"loc":{"start":{"line":251,"column":16},"end":{"line":253,"column":3}}},"2":{"name":"(anonymous_10)","decl":{"start":{"line":255,"column":8},"end":{"line":255,"column":24}},"loc":{"start":{"line":255,"column":25},"end":{"line":281,"column":3}}},"3":{"name":"(anonymous_12)","decl":{"start":{"line":257,"column":21},"end":{"line":257,"column":24}},"loc":{"start":{"line":257,"column":28},"end":{"line":275,"column":7}}},"4":{"name":"(anonymous_13)","decl":{"start":{"line":262,"column":12},"end":{"line":262,"column":17}},"loc":{"start":{"line":263,"column":15},"end":{"line":271,"column":34}}}},"branchMap":{},"s":{"0":1,"1":1,"2":1,"3":1,"4":1,"5":16,"6":16,"7":32,"8":1,"9":37},"f":{"0":1,"1":1,"2":1,"3":16,"4":32},"b":{}}
,"/home/yongyiwong/greendirect/backend/greendirect-api/test/mocks/localstack.mock.ts": {"path":"/home/yongyiwong/greendirect/backend/greendirect-api/test/mocks/localstack.mock.ts","statementMap":{"0":{"start":{"line":9,"column":41},"end":{"line":13,"column":1}},"1":{"start":{"line":22,"column":31},"end":{"line":22,"column":52}},"2":{"start":{"line":20,"column":2},"end":{"line":20,"column":40}},"3":{"start":{"line":23,"column":4},"end":{"line":23,"column":66}},"4":{"start":{"line":24,"column":4},"end":{"line":24,"column":73}},"5":{"start":{"line":25,"column":4},"end":{"line":25,"column":70}},"6":{"start":{"line":26,"column":4},"end":{"line":27,"column":69}},"7":{"start":{"line":28,"column":26},"end":{"line":30,"column":5}},"8":{"start":{"line":31,"column":4},"end":{"line":33,"column":5}},"9":{"start":{"line":32,"column":6},"end":{"line":32,"column":50}},"10":{"start":{"line":37,"column":4},"end":{"line":39,"column":5}},"11":{"start":{"line":38,"column":6},"end":{"line":38,"column":32}},"12":{"start":{"line":43,"column":4},"end":{"line":52,"column":5}},"13":{"start":{"line":44,"column":26},"end":{"line":44,"column":62}},"14":{"start":{"line":45,"column":6},"end":{"line":51,"column":7}},"15":{"start":{"line":46,"column":8},"end":{"line":50,"column":10}},"16":{"start":{"line":48,"column":12},"end":{"line":48,"column":35}},"17":{"start":{"line":56,"column":51},"end":{"line":58,"column":5}},"18":{"start":{"line":59,"column":4},"end":{"line":65,"column":5}},"19":{"start":{"line":60,"column":20},"end":{"line":60,"column":68}},"20":{"start":{"line":61,"column":6},"end":{"line":61,"column":68}},"21":{"start":{"line":63,"column":6},"end":{"line":63,"column":29}},"22":{"start":{"line":64,"column":6},"end":{"line":64,"column":36}},"23":{"start":{"line":69,"column":53},"end":{"line":72,"column":5}},"24":{"start":{"line":73,"column":4},"end":{"line":73,"column":62}},"25":{"start":{"line":77,"column":51},"end":{"line":79,"column":5}},"26":{"start":{"line":80,"column":4},"end":{"line":80,"column":56}}},"fnMap":{"0":{"name":"(anonymous_7)","decl":{"start":{"line":22,"column":2},"end":{"line":22,"column":30}},"loc":{"start":{"line":22,"column":52},"end":{"line":34,"column":3}}},"1":{"name":"(anonymous_8)","decl":{"start":{"line":36,"column":8},"end":{"line":36,"column":15}},"loc":{"start":{"line":36,"column":16},"end":{"line":53,"column":3}}},"2":{"name":"(anonymous_10)","decl":{"start":{"line":47,"column":50},"end":{"line":47,"column":54}},"loc":{"start":{"line":48,"column":12},"end":{"line":48,"column":35}}},"3":{"name":"(anonymous_11)","decl":{"start":{"line":55,"column":8},"end":{"line":55,"column":21}},"loc":{"start":{"line":55,"column":22},"end":{"line":66,"column":3}}},"4":{"name":"(anonymous_13)","decl":{"start":{"line":68,"column":8},"end":{"line":68,"column":19}},"loc":{"start":{"line":68,"column":20},"end":{"line":74,"column":3}}},"5":{"name":"(anonymous_15)","decl":{"start":{"line":76,"column":8},"end":{"line":76,"column":18}},"loc":{"start":{"line":76,"column":37},"end":{"line":81,"column":3}}}},"branchMap":{"0":{"loc":{"start":{"line":27,"column":6},"end":{"line":27,"column":53}},"type":"binary-expr","locations":[{"start":{"line":27,"column":6},"end":{"line":27,"column":53}},{"start":{"line":27,"column":57},"end":{"line":27,"column":68}}]},"1":{"loc":{"start":{"line":31,"column":4},"end":{"line":33,"column":5}},"type":"if","locations":[{"start":{"line":31,"column":4},"end":{"line":33,"column":5}},{"start":{"line":31,"column":4},"end":{"line":33,"column":5}}]},"2":{"loc":{"start":{"line":37,"column":4},"end":{"line":39,"column":5}},"type":"if","locations":[{"start":{"line":37,"column":4},"end":{"line":39,"column":5}},{"start":{"line":37,"column":4},"end":{"line":39,"column":5}}]},"3":{"loc":{"start":{"line":43,"column":4},"end":{"line":52,"column":5}},"type":"if","locations":[{"start":{"line":43,"column":4},"end":{"line":52,"column":5}},{"start":{"line":43,"column":4},"end":{"line":52,"column":5}}]},"4":{"loc":{"start":{"line":45,"column":6},"end":{"line":51,"column":7}},"type":"if","locations":[{"start":{"line":45,"column":6},"end":{"line":51,"column":7}},{"start":{"line":45,"column":6},"end":{"line":51,"column":7}}]},"5":{"loc":{"start":{"line":61,"column":21},"end":{"line":61,"column":42}},"type":"cond-expr","locations":[{"start":{"line":61,"column":21},"end":{"line":61,"column":42}},{"start":{"line":61,"column":45},"end":{"line":61,"column":67}}]}},"s":{"0":1,"1":1,"2":1,"3":1,"4":1,"5":1,"6":1,"7":1,"8":1,"9":1,"10":1,"11":0,"12":1,"13":1,"14":1,"15":1,"16":3,"17":1,"18":1,"19":1,"20":1,"21":0,"22":0,"23":0,"24":0,"25":3,"26":3},"f":{"0":1,"1":1,"2":3,"3":1,"4":0,"5":3},"b":{"0":[1,0],"1":[1,0],"2":[0,1],"3":[1,0],"4":[1,0],"5":[1,0]}}
,"/home/yongyiwong/greendirect/backend/greendirect-api/test/mocks/location.mock.ts": {"path":"/home/yongyiwong/greendirect/backend/greendirect-api/test/mocks/location.mock.ts","statementMap":{"0":{"start":{"line":18,"column":37},"end":{"line":23,"column":1}},"1":{"start":{"line":25,"column":38},"end":{"line":30,"column":1}},"2":{"start":{"line":32,"column":32},"end":{"line":37,"column":21}},"3":{"start":{"line":32,"column":66},"end":{"line":37,"column":1}},"4":{"start":{"line":39,"column":35},"end":{"line":44,"column":29}},"5":{"start":{"line":39,"column":69},"end":{"line":44,"column":1}},"6":{"start":{"line":47,"column":40},"end":{"line":52,"column":29}},"7":{"start":{"line":47,"column":68},"end":{"line":52,"column":1}},"8":{"start":{"line":54,"column":31},"end":{"line":59,"column":29}},"9":{"start":{"line":54,"column":59},"end":{"line":59,"column":1}},"10":{"start":{"line":61,"column":34},"end":{"line":61,"column":62}},"11":{"start":{"line":62,"column":35},"end":{"line":70,"column":1}},"12":{"start":{"line":71,"column":22},"end":{"line":961,"column":1}},"13":{"start":{"line":969,"column":31},"end":{"line":969,"column":52}},"14":{"start":{"line":970,"column":4},"end":{"line":972,"column":6}},"15":{"start":{"line":973,"column":4},"end":{"line":973,"column":72}},"16":{"start":{"line":974,"column":4},"end":{"line":974,"column":63}},"17":{"start":{"line":975,"column":4},"end":{"line":975,"column":60}},"18":{"start":{"line":976,"column":4},"end":{"line":976,"column":69}},"19":{"start":{"line":980,"column":4},"end":{"line":982,"column":5}},"20":{"start":{"line":981,"column":6},"end":{"line":981,"column":53}},"21":{"start":{"line":986,"column":20},"end":{"line":989,"column":5}},"22":{"start":{"line":990,"column":26},"end":{"line":992,"column":6}},"23":{"start":{"line":993,"column":4},"end":{"line":997,"column":5}},"24":{"start":{"line":994,"column":6},"end":{"line":994,"column":73}},"25":{"start":{"line":996,"column":6},"end":{"line":996,"column":41}},"26":{"start":{"line":999,"column":4},"end":{"line":1002,"column":5}},"27":{"start":{"line":1000,"column":6},"end":{"line":1000,"column":47}},"28":{"start":{"line":1001,"column":6},"end":{"line":1001,"column":45}},"29":{"start":{"line":1006,"column":22},"end":{"line":1006,"column":77}},"30":{"start":{"line":1007,"column":24},"end":{"line":1007,"column":36}},"31":{"start":{"line":1008,"column":16},"end":{"line":1011,"column":5}},"32":{"start":{"line":1013,"column":22},"end":{"line":1015,"column":5}},"33":{"start":{"line":1016,"column":4},"end":{"line":1055,"column":5}},"34":{"start":{"line":1017,"column":6},"end":{"line":1017,"column":61}},"35":{"start":{"line":1018,"column":6},"end":{"line":1022,"column":7}},"36":{"start":{"line":1019,"column":8},"end":{"line":1021,"column":9}},"37":{"start":{"line":1020,"column":10},"end":{"line":1020,"column":59}},"38":{"start":{"line":1023,"column":6},"end":{"line":1027,"column":7}},"39":{"start":{"line":1024,"column":8},"end":{"line":1026,"column":9}},"40":{"start":{"line":1025,"column":10},"end":{"line":1025,"column":57}},"41":{"start":{"line":1029,"column":6},"end":{"line":1039,"column":7}},"42":{"start":{"line":1031,"column":8},"end":{"line":1033,"column":9}},"43":{"start":{"line":1032,"column":10},"end":{"line":1032,"column":47}},"44":{"start":{"line":1034,"column":13},"end":{"line":1039,"column":7}},"45":{"start":{"line":1036,"column":8},"end":{"line":1038,"column":9}},"46":{"start":{"line":1037,"column":10},"end":{"line":1037,"column":47}},"47":{"start":{"line":1042,"column":6},"end":{"line":1054,"column":7}},"48":{"start":{"line":1043,"column":8},"end":{"line":1053,"column":9}},"49":{"start":{"line":1045,"column":10},"end":{"line":1047,"column":11}},"50":{"start":{"line":1046,"column":12},"end":{"line":1046,"column":65}},"51":{"start":{"line":1048,"column":15},"end":{"line":1053,"column":9}},"52":{"start":{"line":1050,"column":10},"end":{"line":1052,"column":11}},"53":{"start":{"line":1051,"column":12},"end":{"line":1051,"column":65}},"54":{"start":{"line":1056,"column":4},"end":{"line":1056,"column":65}},"55":{"start":{"line":1063,"column":27},"end":{"line":1063,"column":47}},"56":{"start":{"line":1064,"column":4},"end":{"line":1064,"column":37}},"57":{"start":{"line":1065,"column":17},"end":{"line":1065,"column":70}},"58":{"start":{"line":1066,"column":4},"end":{"line":1066,"column":37}},"59":{"start":{"line":1067,"column":4},"end":{"line":1067,"column":45}},"60":{"start":{"line":1068,"column":4},"end":{"line":1068,"column":45}},"61":{"start":{"line":1069,"column":4},"end":{"line":1069,"column":38}},"62":{"start":{"line":1070,"column":4},"end":{"line":1070,"column":36}},"63":{"start":{"line":1071,"column":4},"end":{"line":1071,"column":42}},"64":{"start":{"line":1072,"column":4},"end":{"line":1072,"column":42}},"65":{"start":{"line":1073,"column":4},"end":{"line":1073,"column":39}},"66":{"start":{"line":1074,"column":4},"end":{"line":1074,"column":40}},"67":{"start":{"line":1075,"column":4},"end":{"line":1075,"column":61}},"68":{"start":{"line":1080,"column":4},"end":{"line":1080,"column":42}},"69":{"start":{"line":1081,"column":4},"end":{"line":1081,"column":42}},"70":{"start":{"line":1082,"column":20},"end":{"line":1082,"column":65}},"71":{"start":{"line":1083,"column":4},"end":{"line":1083,"column":61}},"72":{"start":{"line":1083,"column":43},"end":{"line":1083,"column":59}},"73":{"start":{"line":1090,"column":4},"end":{"line":1090,"column":35}},"74":{"start":{"line":1091,"column":4},"end":{"line":1091,"column":29}},"75":{"start":{"line":1092,"column":4},"end":{"line":1092,"column":54}},"76":{"start":{"line":1099,"column":4},"end":{"line":1099,"column":35}},"77":{"start":{"line":1100,"column":4},"end":{"line":1100,"column":29}},"78":{"start":{"line":1101,"column":21},"end":{"line":1104,"column":5}},"79":{"start":{"line":1105,"column":4},"end":{"line":1107,"column":5}},"80":{"start":{"line":1106,"column":6},"end":{"line":1106,"column":64}},"81":{"start":{"line":1108,"column":4},"end":{"line":1108,"column":37}}},"fnMap":{"0":{"name":"(anonymous_7)","decl":{"start":{"line":32,"column":58},"end":{"line":32,"column":60}},"loc":{"start":{"line":32,"column":66},"end":{"line":37,"column":1}}},"1":{"name":"(anonymous_8)","decl":{"start":{"line":39,"column":61},"end":{"line":39,"column":63}},"loc":{"start":{"line":39,"column":69},"end":{"line":44,"column":1}}},"2":{"name":"(anonymous_9)","decl":{"start":{"line":47,"column":60},"end":{"line":47,"column":62}},"loc":{"start":{"line":47,"column":68},"end":{"line":52,"column":1}}},"3":{"name":"(anonymous_10)","decl":{"start":{"line":54,"column":51},"end":{"line":54,"column":53}},"loc":{"start":{"line":54,"column":59},"end":{"line":59,"column":1}}},"4":{"name":"(anonymous_11)","decl":{"start":{"line":969,"column":2},"end":{"line":969,"column":30}},"loc":{"start":{"line":969,"column":52},"end":{"line":977,"column":3}}},"5":{"name":"(anonymous_12)","decl":{"start":{"line":979,"column":8},"end":{"line":979,"column":15}},"loc":{"start":{"line":979,"column":16},"end":{"line":983,"column":3}}},"6":{"name":"(anonymous_14)","decl":{"start":{"line":985,"column":8},"end":{"line":985,"column":24}},"loc":{"start":{"line":985,"column":47},"end":{"line":1003,"column":3}}},"7":{"name":"(anonymous_16)","decl":{"start":{"line":1005,"column":8},"end":{"line":1005,"column":20}},"loc":{"start":{"line":1005,"column":39},"end":{"line":1057,"column":3}}},"8":{"name":"(anonymous_18)","decl":{"start":{"line":1059,"column":8},"end":{"line":1059,"column":26}},"loc":{"start":{"line":1061,"column":15},"end":{"line":1076,"column":3}}},"9":{"name":"(anonymous_20)","decl":{"start":{"line":1078,"column":8},"end":{"line":1078,"column":19}},"loc":{"start":{"line":1078,"column":57},"end":{"line":1084,"column":3}}},"10":{"name":"(anonymous_22)","decl":{"start":{"line":1083,"column":32},"end":{"line":1083,"column":38}},"loc":{"start":{"line":1083,"column":43},"end":{"line":1083,"column":59}}},"11":{"name":"(anonymous_23)","decl":{"start":{"line":1086,"column":8},"end":{"line":1086,"column":16}},"loc":{"start":{"line":1088,"column":22},"end":{"line":1093,"column":3}}},"12":{"name":"(anonymous_25)","decl":{"start":{"line":1095,"column":8},"end":{"line":1095,"column":24}},"loc":{"start":{"line":1097,"column":30},"end":{"line":1109,"column":3}}}},"branchMap":{"0":{"loc":{"start":{"line":993,"column":4},"end":{"line":997,"column":5}},"type":"if","locations":[{"start":{"line":993,"column":4},"end":{"line":997,"column":5}},{"start":{"line":993,"column":4},"end":{"line":997,"column":5}}]},"1":{"loc":{"start":{"line":1016,"column":4},"end":{"line":1055,"column":5}},"type":"if","locations":[{"start":{"line":1016,"column":4},"end":{"line":1055,"column":5}},{"start":{"line":1016,"column":4},"end":{"line":1055,"column":5}}]},"2":{"loc":{"start":{"line":1018,"column":6},"end":{"line":1022,"column":7}},"type":"if","locations":[{"start":{"line":1018,"column":6},"end":{"line":1022,"column":7}},{"start":{"line":1018,"column":6},"end":{"line":1022,"column":7}}]},"3":{"loc":{"start":{"line":1023,"column":6},"end":{"line":1027,"column":7}},"type":"if","locations":[{"start":{"line":1023,"column":6},"end":{"line":1027,"column":7}},{"start":{"line":1023,"column":6},"end":{"line":1027,"column":7}}]},"4":{"loc":{"start":{"line":1029,"column":6},"end":{"line":1039,"column":7}},"type":"if","locations":[{"start":{"line":1029,"column":6},"end":{"line":1039,"column":7}},{"start":{"line":1029,"column":6},"end":{"line":1039,"column":7}}]},"5":{"loc":{"start":{"line":1034,"column":13},"end":{"line":1039,"column":7}},"type":"if","locations":[{"start":{"line":1034,"column":13},"end":{"line":1039,"column":7}},{"start":{"line":1034,"column":13},"end":{"line":1039,"column":7}}]},"6":{"loc":{"start":{"line":1042,"column":6},"end":{"line":1054,"column":7}},"type":"if","locations":[{"start":{"line":1042,"column":6},"end":{"line":1054,"column":7}},{"start":{"line":1042,"column":6},"end":{"line":1054,"column":7}}]},"7":{"loc":{"start":{"line":1043,"column":8},"end":{"line":1053,"column":9}},"type":"if","locations":[{"start":{"line":1043,"column":8},"end":{"line":1053,"column":9}},{"start":{"line":1043,"column":8},"end":{"line":1053,"column":9}}]},"8":{"loc":{"start":{"line":1048,"column":15},"end":{"line":1053,"column":9}},"type":"if","locations":[{"start":{"line":1048,"column":15},"end":{"line":1053,"column":9}},{"start":{"line":1048,"column":15},"end":{"line":1053,"column":9}}]},"9":{"loc":{"start":{"line":1105,"column":4},"end":{"line":1107,"column":5}},"type":"if","locations":[{"start":{"line":1105,"column":4},"end":{"line":1107,"column":5}},{"start":{"line":1105,"column":4},"end":{"line":1107,"column":5}}]}},"s":{"0":1,"1":1,"2":1,"3":7,"4":1,"5":7,"6":1,"7":5,"8":1,"9":5,"10":1,"11":1,"12":1,"13":1,"14":1,"15":1,"16":1,"17":1,"18":1,"19":1,"20":10,"21":10,"22":10,"23":10,"24":10,"25":0,"26":10,"27":21,"28":21,"29":21,"30":21,"31":21,"32":21,"33":21,"34":21,"35":21,"36":2,"37":3,"38":21,"39":15,"40":32,"41":21,"42":20,"43":140,"44":1,"45":0,"46":0,"47":21,"48":10,"49":7,"50":49,"51":3,"52":3,"53":15,"54":21,"55":3,"56":3,"57":3,"58":3,"59":3,"60":3,"61":3,"62":3,"63":3,"64":3,"65":3,"66":3,"67":3,"68":32,"69":32,"70":32,"71":32,"72":32,"73":140,"74":140,"75":140,"76":64,"77":64,"78":64,"79":64,"80":59,"81":5},"f":{"0":7,"1":7,"2":5,"3":5,"4":1,"5":1,"6":10,"7":21,"8":3,"9":32,"10":32,"11":140,"12":64},"b":{"0":[10,0],"1":[21,0],"2":[2,19],"3":[15,6],"4":[20,1],"5":[0,1],"6":[10,11],"7":[7,3],"8":[3,0],"9":[59,5]}}
,"/home/yongyiwong/greendirect/backend/greendirect-api/test/mocks/mobile-check-in.mock.ts": {"path":"/home/yongyiwong/greendirect/backend/greendirect-api/test/mocks/mobile-check-in.mock.ts","statementMap":{"0":{"start":{"line":22,"column":31},"end":{"line":22,"column":52}},"1":{"start":{"line":18,"column":11},"end":{"line":18,"column":30}},"2":{"start":{"line":23,"column":4},"end":{"line":23,"column":72}},"3":{"start":{"line":24,"column":4},"end":{"line":26,"column":6}},"4":{"start":{"line":30,"column":24},"end":{"line":32,"column":6}},"5":{"start":{"line":33,"column":4},"end":{"line":37,"column":5}},"6":{"start":{"line":34,"column":6},"end":{"line":34,"column":61}},"7":{"start":{"line":36,"column":6},"end":{"line":36,"column":69}},"8":{"start":{"line":41,"column":17},"end":{"line":41,"column":34}},"9":{"start":{"line":42,"column":38},"end":{"line":45,"column":5}},"10":{"start":{"line":46,"column":4},"end":{"line":59,"column":5}},"11":{"start":{"line":48,"column":6},"end":{"line":50,"column":54}},"12":{"start":{"line":51,"column":6},"end":{"line":51,"column":50}},"13":{"start":{"line":54,"column":6},"end":{"line":56,"column":7}},"14":{"start":{"line":55,"column":8},"end":{"line":55,"column":15}},"15":{"start":{"line":58,"column":6},"end":{"line":58,"column":18}}},"fnMap":{"0":{"name":"(anonymous_7)","decl":{"start":{"line":22,"column":2},"end":{"line":22,"column":30}},"loc":{"start":{"line":22,"column":52},"end":{"line":27,"column":3}}},"1":{"name":"(anonymous_8)","decl":{"start":{"line":29,"column":8},"end":{"line":29,"column":15}},"loc":{"start":{"line":29,"column":16},"end":{"line":38,"column":3}}},"2":{"name":"(anonymous_10)","decl":{"start":{"line":40,"column":8},"end":{"line":40,"column":25}},"loc":{"start":{"line":40,"column":54},"end":{"line":60,"column":3}}}},"branchMap":{"0":{"loc":{"start":{"line":33,"column":4},"end":{"line":37,"column":5}},"type":"if","locations":[{"start":{"line":33,"column":4},"end":{"line":37,"column":5}},{"start":{"line":33,"column":4},"end":{"line":37,"column":5}}]},"1":{"loc":{"start":{"line":54,"column":6},"end":{"line":56,"column":7}},"type":"if","locations":[{"start":{"line":54,"column":6},"end":{"line":56,"column":7}},{"start":{"line":54,"column":6},"end":{"line":56,"column":7}}]}},"s":{"0":1,"1":1,"2":1,"3":1,"4":1,"5":1,"6":1,"7":0,"8":1,"9":1,"10":1,"11":1,"12":1,"13":0,"14":0,"15":0},"f":{"0":1,"1":1,"2":1},"b":{"0":[1,0],"1":[0,0]}}
,"/home/yongyiwong/greendirect/backend/greendirect-api/test/mocks/order.mock.ts": {"path":"/home/yongyiwong/greendirect/backend/greendirect-api/test/mocks/order.mock.ts","statementMap":{"0":{"start":{"line":30,"column":31},"end":{"line":30,"column":52}},"1":{"start":{"line":31,"column":4},"end":{"line":31,"column":63}},"2":{"start":{"line":32,"column":4},"end":{"line":34,"column":6}},"3":{"start":{"line":35,"column":4},"end":{"line":35,"column":72}},"4":{"start":{"line":36,"column":4},"end":{"line":36,"column":69}},"5":{"start":{"line":37,"column":4},"end":{"line":37,"column":60}},"6":{"start":{"line":41,"column":4},"end":{"line":41,"column":46}},"7":{"start":{"line":43,"column":18},"end":{"line":43,"column":47}},"8":{"start":{"line":44,"column":4},"end":{"line":46,"column":5}},"9":{"start":{"line":45,"column":6},"end":{"line":45,"column":78}},"10":{"start":{"line":47,"column":26},"end":{"line":47,"column":55}},"11":{"start":{"line":48,"column":4},"end":{"line":92,"column":5}},"12":{"start":{"line":49,"column":28},"end":{"line":52,"column":8}},"13":{"start":{"line":53,"column":6},"end":{"line":91,"column":7}},"14":{"start":{"line":54,"column":8},"end":{"line":90,"column":9}},"15":{"start":{"line":55,"column":27},"end":{"line":55,"column":70}},"16":{"start":{"line":56,"column":10},"end":{"line":89,"column":11}},"17":{"start":{"line":57,"column":51},"end":{"line":57,"column":53}},"18":{"start":{"line":61,"column":12},"end":{"line":85,"column":13}},"19":{"start":{"line":62,"column":26},"end":{"line":62,"column":66}},"20":{"start":{"line":63,"column":14},"end":{"line":84,"column":15}},"21":{"start":{"line":65,"column":16},"end":{"line":83,"column":17}},"22":{"start":{"line":66,"column":34},"end":{"line":66,"column":35}},"23":{"start":{"line":67,"column":18},"end":{"line":76,"column":19}},"24":{"start":{"line":68,"column":20},"end":{"line":70,"column":21}},"25":{"start":{"line":69,"column":22},"end":{"line":69,"column":28}},"26":{"start":{"line":71,"column":42},"end":{"line":74,"column":21}},"27":{"start":{"line":75,"column":20},"end":{"line":75,"column":32}},"28":{"start":{"line":79,"column":18},"end":{"line":79,"column":67}},"29":{"start":{"line":80,"column":18},"end":{"line":80,"column":54}},"30":{"start":{"line":82,"column":18},"end":{"line":82,"column":35}},"31":{"start":{"line":87,"column":12},"end":{"line":87,"column":51}},"32":{"start":{"line":88,"column":12},"end":{"line":88,"column":53}},"33":{"start":{"line":96,"column":18},"end":{"line":101,"column":5}},"34":{"start":{"line":105,"column":27},"end":{"line":107,"column":5}},"35":{"start":{"line":106,"column":11},"end":{"line":106,"column":39}},"36":{"start":{"line":108,"column":4},"end":{"line":108,"column":76}},"37":{"start":{"line":108,"column":42},"end":{"line":108,"column":74}},"38":{"start":{"line":111,"column":26},"end":{"line":114,"column":6}},"39":{"start":{"line":115,"column":4},"end":{"line":115,"column":46}},"40":{"start":{"line":119,"column":21},"end":{"line":119,"column":77}},"41":{"start":{"line":120,"column":4},"end":{"line":120,"column":80}},"42":{"start":{"line":120,"column":45},"end":{"line":120,"column":78}},"43":{"start":{"line":127,"column":42},"end":{"line":127,"column":44}},"44":{"start":{"line":128,"column":23},"end":{"line":128,"column":41}},"45":{"start":{"line":129,"column":29},"end":{"line":129,"column":70}},"46":{"start":{"line":130,"column":4},"end":{"line":150,"column":5}},"47":{"start":{"line":131,"column":6},"end":{"line":149,"column":7}},"48":{"start":{"line":133,"column":8},"end":{"line":141,"column":9}},"49":{"start":{"line":134,"column":10},"end":{"line":140,"column":11}},"50":{"start":{"line":135,"column":29},"end":{"line":138,"column":13}},"51":{"start":{"line":139,"column":12},"end":{"line":139,"column":41}},"52":{"start":{"line":142,"column":13},"end":{"line":149,"column":7}},"53":{"start":{"line":144,"column":8},"end":{"line":147,"column":10}},"54":{"start":{"line":148,"column":8},"end":{"line":148,"column":41}},"55":{"start":{"line":153,"column":4},"end":{"line":155,"column":6}},"56":{"start":{"line":154,"column":6},"end":{"line":154,"column":46}},"57":{"start":{"line":159,"column":20},"end":{"line":162,"column":6}},"58":{"start":{"line":161,"column":6},"end":{"line":161,"column":62}},"59":{"start":{"line":163,"column":4},"end":{"line":163,"column":32}},"60":{"start":{"line":166,"column":20},"end":{"line":190,"column":6}},"61":{"start":{"line":167,"column":37},"end":{"line":167,"column":41}},"62":{"start":{"line":168,"column":6},"end":{"line":181,"column":7}},"63":{"start":{"line":170,"column":10},"end":{"line":170,"column":41}},"64":{"start":{"line":171,"column":10},"end":{"line":171,"column":16}},"65":{"start":{"line":173,"column":10},"end":{"line":173,"column":46}},"66":{"start":{"line":174,"column":10},"end":{"line":174,"column":16}},"67":{"start":{"line":176,"column":10},"end":{"line":176,"column":46}},"68":{"start":{"line":177,"column":10},"end":{"line":177,"column":16}},"69":{"start":{"line":179,"column":10},"end":{"line":179,"column":46}},"70":{"start":{"line":180,"column":10},"end":{"line":180,"column":16}},"71":{"start":{"line":183,"column":6},"end":{"line":189,"column":25}},"72":{"start":{"line":184,"column":8},"end":{"line":188,"column":10}},"73":{"start":{"line":189,"column":13},"end":{"line":189,"column":25}},"74":{"start":{"line":191,"column":4},"end":{"line":191,"column":32}}},"fnMap":{"0":{"name":"(anonymous_7)","decl":{"start":{"line":30,"column":2},"end":{"line":30,"column":30}},"loc":{"start":{"line":30,"column":52},"end":{"line":38,"column":3}}},"1":{"name":"(anonymous_8)","decl":{"start":{"line":40,"column":8},"end":{"line":40,"column":15}},"loc":{"start":{"line":40,"column":16},"end":{"line":93,"column":3}}},"2":{"name":"(anonymous_10)","decl":{"start":{"line":95,"column":8},"end":{"line":95,"column":23}},"loc":{"start":{"line":95,"column":24},"end":{"line":109,"column":3}}},"3":{"name":"(anonymous_12)","decl":{"start":{"line":106,"column":6},"end":{"line":106,"column":7}},"loc":{"start":{"line":106,"column":11},"end":{"line":106,"column":39}}},"4":{"name":"(anonymous_13)","decl":{"start":{"line":108,"column":31},"end":{"line":108,"column":37}},"loc":{"start":{"line":108,"column":42},"end":{"line":108,"column":74}}},"5":{"name":"(anonymous_14)","decl":{"start":{"line":110,"column":8},"end":{"line":110,"column":23}},"loc":{"start":{"line":110,"column":24},"end":{"line":116,"column":3}}},"6":{"name":"(anonymous_16)","decl":{"start":{"line":118,"column":8},"end":{"line":118,"column":26}},"loc":{"start":{"line":118,"column":38},"end":{"line":121,"column":3}}},"7":{"name":"(anonymous_18)","decl":{"start":{"line":120,"column":34},"end":{"line":120,"column":40}},"loc":{"start":{"line":120,"column":45},"end":{"line":120,"column":78}}},"8":{"name":"(anonymous_19)","decl":{"start":{"line":123,"column":8},"end":{"line":123,"column":25}},"loc":{"start":{"line":125,"column":20},"end":{"line":156,"column":3}}},"9":{"name":"(anonymous_21)","decl":{"start":{"line":153,"column":39},"end":{"line":153,"column":45}},"loc":{"start":{"line":154,"column":6},"end":{"line":154,"column":46}}},"10":{"name":"(anonymous_22)","decl":{"start":{"line":158,"column":8},"end":{"line":158,"column":19}},"loc":{"start":{"line":158,"column":51},"end":{"line":164,"column":3}}},"11":{"name":"(anonymous_24)","decl":{"start":{"line":159,"column":38},"end":{"line":159,"column":39}},"loc":{"start":{"line":159,"column":58},"end":{"line":162,"column":5}}},"12":{"name":"(anonymous_25)","decl":{"start":{"line":165,"column":8},"end":{"line":165,"column":21}},"loc":{"start":{"line":165,"column":53},"end":{"line":192,"column":3}}},"13":{"name":"(anonymous_27)","decl":{"start":{"line":166,"column":38},"end":{"line":166,"column":39}},"loc":{"start":{"line":166,"column":58},"end":{"line":190,"column":5}}}},"branchMap":{"0":{"loc":{"start":{"line":44,"column":4},"end":{"line":46,"column":5}},"type":"if","locations":[{"start":{"line":44,"column":4},"end":{"line":46,"column":5}},{"start":{"line":44,"column":4},"end":{"line":46,"column":5}}]},"1":{"loc":{"start":{"line":44,"column":8},"end":{"line":44,"column":14}},"type":"binary-expr","locations":[{"start":{"line":44,"column":8},"end":{"line":44,"column":14}},{"start":{"line":44,"column":18},"end":{"line":44,"column":31}}]},"2":{"loc":{"start":{"line":54,"column":8},"end":{"line":90,"column":9}},"type":"if","locations":[{"start":{"line":54,"column":8},"end":{"line":90,"column":9}},{"start":{"line":54,"column":8},"end":{"line":90,"column":9}}]},"3":{"loc":{"start":{"line":54,"column":12},"end":{"line":54,"column":31}},"type":"binary-expr","locations":[{"start":{"line":54,"column":12},"end":{"line":54,"column":31}},{"start":{"line":54,"column":35},"end":{"line":54,"column":61}}]},"4":{"loc":{"start":{"line":56,"column":10},"end":{"line":89,"column":11}},"type":"if","locations":[{"start":{"line":56,"column":10},"end":{"line":89,"column":11}},{"start":{"line":56,"column":10},"end":{"line":89,"column":11}}]},"5":{"loc":{"start":{"line":63,"column":14},"end":{"line":84,"column":15}},"type":"if","locations":[{"start":{"line":63,"column":14},"end":{"line":84,"column":15}},{"start":{"line":63,"column":14},"end":{"line":84,"column":15}}]},"6":{"loc":{"start":{"line":63,"column":18},"end":{"line":63,"column":24}},"type":"binary-expr","locations":[{"start":{"line":63,"column":18},"end":{"line":63,"column":24}},{"start":{"line":63,"column":29},"end":{"line":63,"column":34}},{"start":{"line":63,"column":38},"end":{"line":63,"column":71}}]},"7":{"loc":{"start":{"line":68,"column":20},"end":{"line":70,"column":21}},"type":"if","locations":[{"start":{"line":68,"column":20},"end":{"line":70,"column":21}},{"start":{"line":68,"column":20},"end":{"line":70,"column":21}}]},"8":{"loc":{"start":{"line":106,"column":11},"end":{"line":106,"column":21}},"type":"binary-expr","locations":[{"start":{"line":106,"column":11},"end":{"line":106,"column":21}},{"start":{"line":106,"column":25},"end":{"line":106,"column":39}}]},"9":{"loc":{"start":{"line":129,"column":29},"end":{"line":129,"column":44}},"type":"binary-expr","locations":[{"start":{"line":129,"column":29},"end":{"line":129,"column":44}},{"start":{"line":129,"column":48},"end":{"line":129,"column":70}}]},"10":{"loc":{"start":{"line":130,"column":4},"end":{"line":150,"column":5}},"type":"if","locations":[{"start":{"line":130,"column":4},"end":{"line":150,"column":5}},{"start":{"line":130,"column":4},"end":{"line":150,"column":5}}]},"11":{"loc":{"start":{"line":130,"column":8},"end":{"line":130,"column":23}},"type":"binary-expr","locations":[{"start":{"line":130,"column":8},"end":{"line":130,"column":23}},{"start":{"line":130,"column":27},"end":{"line":130,"column":44}}]},"12":{"loc":{"start":{"line":131,"column":6},"end":{"line":149,"column":7}},"type":"if","locations":[{"start":{"line":131,"column":6},"end":{"line":149,"column":7}},{"start":{"line":131,"column":6},"end":{"line":149,"column":7}}]},"13":{"loc":{"start":{"line":134,"column":10},"end":{"line":140,"column":11}},"type":"if","locations":[{"start":{"line":134,"column":10},"end":{"line":140,"column":11}},{"start":{"line":134,"column":10},"end":{"line":140,"column":11}}]},"14":{"loc":{"start":{"line":142,"column":13},"end":{"line":149,"column":7}},"type":"if","locations":[{"start":{"line":142,"column":13},"end":{"line":149,"column":7}},{"start":{"line":142,"column":13},"end":{"line":149,"column":7}}]},"15":{"loc":{"start":{"line":169,"column":8},"end":{"line":171,"column":16}},"type":"switch","locations":[{"start":{"line":169,"column":8},"end":{"line":171,"column":16}},{"start":{"line":172,"column":8},"end":{"line":174,"column":16}},{"start":{"line":175,"column":8},"end":{"line":177,"column":16}},{"start":{"line":178,"column":8},"end":{"line":180,"column":16}}]},"16":{"loc":{"start":{"line":183,"column":6},"end":{"line":189,"column":25}},"type":"if","locations":[{"start":{"line":183,"column":6},"end":{"line":189,"column":25}},{"start":{"line":183,"column":6},"end":{"line":189,"column":25}}]}},"s":{"0":1,"1":1,"2":1,"3":1,"4":1,"5":1,"6":1,"7":1,"8":1,"9":0,"10":1,"11":1,"12":4,"13":4,"14":6,"15":6,"16":6,"17":5,"18":5,"19":75,"20":75,"21":71,"22":71,"23":71,"24":71,"25":0,"26":71,"27":71,"28":71,"29":71,"30":0,"31":5,"32":5,"33":1,"34":1,"35":20,"36":1,"37":1,"38":1,"39":1,"40":6,"41":6,"42":6,"43":71,"44":71,"45":71,"46":71,"47":71,"48":0,"49":0,"50":0,"51":0,"52":71,"53":71,"54":71,"55":71,"56":71,"57":5,"58":71,"59":5,"60":5,"61":71,"62":71,"63":1,"64":1,"65":5,"66":5,"67":5,"68":5,"69":5,"70":5,"71":71,"72":16,"73":55,"74":5},"f":{"0":1,"1":1,"2":1,"3":20,"4":1,"5":1,"6":6,"7":6,"8":71,"9":71,"10":5,"11":71,"12":5,"13":71},"b":{"0":[0,1],"1":[1,1],"2":[6,0],"3":[6,6],"4":[5,1],"5":[71,4],"6":[75,4,4],"7":[0,71],"8":[20,20],"9":[71,0],"10":[71,0],"11":[71,71],"12":[0,71],"13":[0,0],"14":[71,0],"15":[1,5,5,5],"16":[16,55]}}
,"/home/yongyiwong/greendirect/backend/greendirect-api/test/mocks/product-group.mock.ts": {"path":"/home/yongyiwong/greendirect/backend/greendirect-api/test/mocks/product-group.mock.ts","statementMap":{"0":{"start":{"line":19,"column":31},"end":{"line":19,"column":52}},"1":{"start":{"line":20,"column":4},"end":{"line":20,"column":68}},"2":{"start":{"line":21,"column":4},"end":{"line":21,"column":77}},"3":{"start":{"line":22,"column":4},"end":{"line":22,"column":74}},"4":{"start":{"line":26,"column":4},"end":{"line":26,"column":46}},"5":{"start":{"line":27,"column":4},"end":{"line":27,"column":35}},"6":{"start":{"line":31,"column":19},"end":{"line":31,"column":61}},"7":{"start":{"line":33,"column":33},"end":{"line":33,"column":35}},"8":{"start":{"line":34,"column":4},"end":{"line":42,"column":7}},"9":{"start":{"line":35,"column":6},"end":{"line":41,"column":8}},"10":{"start":{"line":36,"column":8},"end":{"line":40,"column":9}},"11":{"start":{"line":45,"column":21},"end":{"line":49,"column":5}},"12":{"start":{"line":46,"column":6},"end":{"line":48,"column":8}},"13":{"start":{"line":51,"column":4},"end":{"line":51,"column":63}},"14":{"start":{"line":55,"column":26},"end":{"line":55,"column":58}},"15":{"start":{"line":56,"column":22},"end":{"line":56,"column":67}},"16":{"start":{"line":58,"column":28},"end":{"line":58,"column":30}},"17":{"start":{"line":59,"column":4},"end":{"line":76,"column":7}},"18":{"start":{"line":60,"column":6},"end":{"line":75,"column":9}},"19":{"start":{"line":62,"column":8},"end":{"line":62,"column":40}},"20":{"start":{"line":62,"column":33},"end":{"line":62,"column":40}},"21":{"start":{"line":64,"column":8},"end":{"line":74,"column":11}},"22":{"start":{"line":65,"column":10},"end":{"line":73,"column":12}},"23":{"start":{"line":77,"column":4},"end":{"line":77,"column":39}}},"fnMap":{"0":{"name":"(anonymous_7)","decl":{"start":{"line":19,"column":2},"end":{"line":19,"column":30}},"loc":{"start":{"line":19,"column":52},"end":{"line":23,"column":3}}},"1":{"name":"(anonymous_8)","decl":{"start":{"line":25,"column":8},"end":{"line":25,"column":15}},"loc":{"start":{"line":25,"column":16},"end":{"line":28,"column":3}}},"2":{"name":"(anonymous_10)","decl":{"start":{"line":30,"column":8},"end":{"line":30,"column":26}},"loc":{"start":{"line":30,"column":27},"end":{"line":52,"column":3}}},"3":{"name":"(anonymous_12)","decl":{"start":{"line":34,"column":22},"end":{"line":34,"column":26}},"loc":{"start":{"line":34,"column":30},"end":{"line":42,"column":5}}},"4":{"name":"(anonymous_13)","decl":{"start":{"line":35,"column":26},"end":{"line":35,"column":28}},"loc":{"start":{"line":36,"column":8},"end":{"line":40,"column":9}}},"5":{"name":"(anonymous_14)","decl":{"start":{"line":45,"column":37},"end":{"line":45,"column":39}},"loc":{"start":{"line":46,"column":6},"end":{"line":48,"column":8}}},"6":{"name":"(anonymous_15)","decl":{"start":{"line":54,"column":8},"end":{"line":54,"column":24}},"loc":{"start":{"line":54,"column":25},"end":{"line":78,"column":3}}},"7":{"name":"(anonymous_17)","decl":{"start":{"line":59,"column":25},"end":{"line":59,"column":32}},"loc":{"start":{"line":59,"column":36},"end":{"line":76,"column":5}}},"8":{"name":"(anonymous_18)","decl":{"start":{"line":60,"column":28},"end":{"line":60,"column":39}},"loc":{"start":{"line":60,"column":43},"end":{"line":75,"column":7}}},"9":{"name":"(anonymous_19)","decl":{"start":{"line":64,"column":28},"end":{"line":64,"column":32}},"loc":{"start":{"line":64,"column":36},"end":{"line":74,"column":9}}}},"branchMap":{"0":{"loc":{"start":{"line":62,"column":8},"end":{"line":62,"column":40}},"type":"if","locations":[{"start":{"line":62,"column":8},"end":{"line":62,"column":40}},{"start":{"line":62,"column":8},"end":{"line":62,"column":40}}]}},"s":{"0":1,"1":1,"2":1,"3":1,"4":1,"5":1,"6":1,"7":1,"8":1,"9":6,"10":24,"11":1,"12":4,"13":1,"14":1,"15":1,"16":1,"17":1,"18":21,"19":588,"20":84,"21":504,"22":2016,"23":1},"f":{"0":1,"1":1,"2":1,"3":6,"4":24,"5":4,"6":1,"7":21,"8":588,"9":2016},"b":{"0":[84,504]}}
,"/home/yongyiwong/greendirect/backend/greendirect-api/test/mocks/promo-banner.mock.ts": {"path":"/home/yongyiwong/greendirect/backend/greendirect-api/test/mocks/promo-banner.mock.ts","statementMap":{"0":{"start":{"line":11,"column":31},"end":{"line":11,"column":52}},"1":{"start":{"line":12,"column":4},"end":{"line":12,"column":74}},"2":{"start":{"line":16,"column":4},"end":{"line":16,"column":35}},"3":{"start":{"line":20,"column":26},"end":{"line":54,"column":5}},"4":{"start":{"line":56,"column":4},"end":{"line":63,"column":5}},"5":{"start":{"line":57,"column":6},"end":{"line":62,"column":9}},"6":{"start":{"line":65,"column":4},"end":{"line":67,"column":5}},"7":{"start":{"line":66,"column":6},"end":{"line":66,"column":67}}},"fnMap":{"0":{"name":"(anonymous_7)","decl":{"start":{"line":11,"column":2},"end":{"line":11,"column":30}},"loc":{"start":{"line":11,"column":52},"end":{"line":13,"column":3}}},"1":{"name":"(anonymous_8)","decl":{"start":{"line":15,"column":8},"end":{"line":15,"column":15}},"loc":{"start":{"line":15,"column":16},"end":{"line":17,"column":3}}},"2":{"name":"(anonymous_10)","decl":{"start":{"line":19,"column":8},"end":{"line":19,"column":24}},"loc":{"start":{"line":19,"column":25},"end":{"line":68,"column":3}}}},"branchMap":{},"s":{"0":1,"1":1,"2":1,"3":1,"4":1,"5":6,"6":1,"7":6},"f":{"0":1,"1":1,"2":1},"b":{}}
,"/home/yongyiwong/greendirect/backend/greendirect-api/test/mocks/role.mock.ts": {"path":"/home/yongyiwong/greendirect/backend/greendirect-api/test/mocks/role.mock.ts","statementMap":{"0":{"start":{"line":13,"column":26},"end":{"line":29,"column":1}},"1":{"start":{"line":38,"column":31},"end":{"line":38,"column":52}},"2":{"start":{"line":39,"column":4},"end":{"line":39,"column":60}},"3":{"start":{"line":40,"column":4},"end":{"line":40,"column":63}},"4":{"start":{"line":41,"column":4},"end":{"line":41,"column":72}},"5":{"start":{"line":42,"column":4},"end":{"line":42,"column":72}},"6":{"start":{"line":43,"column":4},"end":{"line":45,"column":6}},"7":{"start":{"line":49,"column":4},"end":{"line":49,"column":29}},"8":{"start":{"line":50,"column":4},"end":{"line":50,"column":33}},"9":{"start":{"line":51,"column":4},"end":{"line":51,"column":32}},"10":{"start":{"line":52,"column":4},"end":{"line":52,"column":31}},"11":{"start":{"line":56,"column":18},"end":{"line":56,"column":68}},"12":{"start":{"line":57,"column":26},"end":{"line":64,"column":6}},"13":{"start":{"line":57,"column":65},"end":{"line":64,"column":5}},"14":{"start":{"line":58,"column":20},"end":{"line":58,"column":70}},"15":{"start":{"line":59,"column":23},"end":{"line":59,"column":37}},"16":{"start":{"line":60,"column":6},"end":{"line":60,"column":27}},"17":{"start":{"line":61,"column":6},"end":{"line":61,"column":27}},"18":{"start":{"line":62,"column":6},"end":{"line":62,"column":50}},"19":{"start":{"line":63,"column":6},"end":{"line":63,"column":69}},"20":{"start":{"line":65,"column":4},"end":{"line":65,"column":38}},"21":{"start":{"line":69,"column":18},"end":{"line":71,"column":5}},"22":{"start":{"line":72,"column":30},"end":{"line":83,"column":6}},"23":{"start":{"line":72,"column":74},"end":{"line":83,"column":5}},"24":{"start":{"line":73,"column":20},"end":{"line":73,"column":70}},"25":{"start":{"line":74,"column":24},"end":{"line":76,"column":8}},"26":{"start":{"line":77,"column":23},"end":{"line":77,"column":38}},"27":{"start":{"line":78,"column":23},"end":{"line":78,"column":37}},"28":{"start":{"line":79,"column":6},"end":{"line":79,"column":27}},"29":{"start":{"line":80,"column":6},"end":{"line":80,"column":27}},"30":{"start":{"line":81,"column":6},"end":{"line":81,"column":50}},"31":{"start":{"line":82,"column":6},"end":{"line":82,"column":76}},"32":{"start":{"line":84,"column":4},"end":{"line":84,"column":42}},"33":{"start":{"line":88,"column":18},"end":{"line":90,"column":5}},"34":{"start":{"line":91,"column":29},"end":{"line":121,"column":5}},"35":{"start":{"line":92,"column":32},"end":{"line":120,"column":7}},"36":{"start":{"line":93,"column":22},"end":{"line":95,"column":9}},"37":{"start":{"line":96,"column":25},"end":{"line":96,"column":39}},"38":{"start":{"line":97,"column":8},"end":{"line":97,"column":29}},"39":{"start":{"line":98,"column":8},"end":{"line":98,"column":29}},"40":{"start":{"line":99,"column":8},"end":{"line":99,"column":52}},"41":{"start":{"line":100,"column":8},"end":{"line":119,"column":9}},"42":{"start":{"line":102,"column":28},"end":{"line":104,"column":12}},"43":{"start":{"line":105,"column":32},"end":{"line":111,"column":12}},"44":{"start":{"line":106,"column":12},"end":{"line":110,"column":14}},"45":{"start":{"line":112,"column":10},"end":{"line":112,"column":44}},"46":{"start":{"line":114,"column":28},"end":{"line":116,"column":12}},"47":{"start":{"line":117,"column":27},"end":{"line":117,"column":42}},"48":{"start":{"line":118,"column":10},"end":{"line":118,"column":80}},"49":{"start":{"line":122,"column":4},"end":{"line":122,"column":41}},"50":{"start":{"line":126,"column":18},"end":{"line":126,"column":70}},"51":{"start":{"line":127,"column":28},"end":{"line":134,"column":6}},"52":{"start":{"line":127,"column":69},"end":{"line":134,"column":5}},"53":{"start":{"line":128,"column":20},"end":{"line":128,"column":70}},"54":{"start":{"line":129,"column":23},"end":{"line":129,"column":37}},"55":{"start":{"line":130,"column":6},"end":{"line":130,"column":27}},"56":{"start":{"line":131,"column":6},"end":{"line":131,"column":27}},"57":{"start":{"line":132,"column":6},"end":{"line":132,"column":50}},"58":{"start":{"line":133,"column":6},"end":{"line":133,"column":69}},"59":{"start":{"line":135,"column":4},"end":{"line":135,"column":40}}},"fnMap":{"0":{"name":"(anonymous_7)","decl":{"start":{"line":38,"column":2},"end":{"line":38,"column":30}},"loc":{"start":{"line":38,"column":52},"end":{"line":46,"column":3}}},"1":{"name":"(anonymous_8)","decl":{"start":{"line":48,"column":8},"end":{"line":48,"column":15}},"loc":{"start":{"line":48,"column":16},"end":{"line":53,"column":3}}},"2":{"name":"(anonymous_10)","decl":{"start":{"line":55,"column":8},"end":{"line":55,"column":18}},"loc":{"start":{"line":55,"column":19},"end":{"line":66,"column":3}}},"3":{"name":"(anonymous_12)","decl":{"start":{"line":57,"column":48},"end":{"line":57,"column":54}},"loc":{"start":{"line":57,"column":65},"end":{"line":64,"column":5}}},"4":{"name":"(anonymous_13)","decl":{"start":{"line":57,"column":65},"end":{"line":null,"column":-1}},"loc":{"start":{"line":57,"column":65},"end":{"line":64,"column":5}}},"5":{"name":"(anonymous_14)","decl":{"start":{"line":68,"column":8},"end":{"line":68,"column":22}},"loc":{"start":{"line":68,"column":23},"end":{"line":85,"column":3}}},"6":{"name":"(anonymous_16)","decl":{"start":{"line":72,"column":57},"end":{"line":72,"column":63}},"loc":{"start":{"line":72,"column":74},"end":{"line":83,"column":5}}},"7":{"name":"(anonymous_17)","decl":{"start":{"line":72,"column":74},"end":{"line":null,"column":-1}},"loc":{"start":{"line":72,"column":74},"end":{"line":83,"column":5}}},"8":{"name":"(anonymous_18)","decl":{"start":{"line":87,"column":8},"end":{"line":87,"column":21}},"loc":{"start":{"line":87,"column":22},"end":{"line":123,"column":3}}},"9":{"name":"(anonymous_20)","decl":{"start":{"line":92,"column":6},"end":{"line":92,"column":13}},"loc":{"start":{"line":92,"column":32},"end":{"line":120,"column":7}}},"10":{"name":"(anonymous_21)","decl":{"start":{"line":92,"column":32},"end":{"line":null,"column":-1}},"loc":{"start":{"line":92,"column":32},"end":{"line":120,"column":7}}},"11":{"name":"(anonymous_22)","decl":{"start":{"line":105,"column":49},"end":{"line":105,"column":56}},"loc":{"start":{"line":105,"column":60},"end":{"line":111,"column":11}}},"12":{"name":"(anonymous_23)","decl":{"start":{"line":125,"column":8},"end":{"line":125,"column":20}},"loc":{"start":{"line":125,"column":21},"end":{"line":136,"column":3}}},"13":{"name":"(anonymous_25)","decl":{"start":{"line":127,"column":52},"end":{"line":127,"column":58}},"loc":{"start":{"line":127,"column":69},"end":{"line":134,"column":5}}},"14":{"name":"(anonymous_26)","decl":{"start":{"line":127,"column":69},"end":{"line":null,"column":-1}},"loc":{"start":{"line":127,"column":69},"end":{"line":134,"column":5}}}},"branchMap":{"0":{"loc":{"start":{"line":100,"column":8},"end":{"line":119,"column":9}},"type":"if","locations":[{"start":{"line":100,"column":8},"end":{"line":119,"column":9}},{"start":{"line":100,"column":8},"end":{"line":119,"column":9}}]}},"s":{"0":1,"1":1,"2":1,"3":1,"4":1,"5":1,"6":1,"7":1,"8":1,"9":1,"10":1,"11":1,"12":1,"13":1,"14":1,"15":1,"16":1,"17":1,"18":1,"19":1,"20":1,"21":1,"22":1,"23":1,"24":1,"25":1,"26":1,"27":1,"28":1,"29":1,"30":1,"31":1,"32":1,"33":1,"34":1,"35":2,"36":2,"37":2,"38":2,"39":2,"40":2,"41":2,"42":1,"43":1,"44":3,"45":1,"46":1,"47":1,"48":1,"49":1,"50":1,"51":1,"52":10,"53":10,"54":10,"55":10,"56":10,"57":10,"58":10,"59":1},"f":{"0":1,"1":1,"2":1,"3":1,"4":1,"5":1,"6":1,"7":1,"8":1,"9":2,"10":2,"11":3,"12":1,"13":10,"14":10},"b":{"0":[1,1]}}
,"/home/yongyiwong/greendirect/backend/greendirect-api/test/mocks/sign-in-link.mock.ts": {"path":"/home/yongyiwong/greendirect/backend/greendirect-api/test/mocks/sign-in-link.mock.ts","statementMap":{"0":{"start":{"line":12,"column":31},"end":{"line":12,"column":52}},"1":{"start":{"line":13,"column":4},"end":{"line":13,"column":60}},"2":{"start":{"line":14,"column":4},"end":{"line":14,"column":78}},"3":{"start":{"line":18,"column":4},"end":{"line":18,"column":34}},"4":{"start":{"line":22,"column":27},"end":{"line":25,"column":5}},"5":{"start":{"line":27,"column":4},"end":{"line":30,"column":5}},"6":{"start":{"line":28,"column":19},"end":{"line":28,"column":60}},"7":{"start":{"line":29,"column":6},"end":{"line":29,"column":59}}},"fnMap":{"0":{"name":"(anonymous_7)","decl":{"start":{"line":12,"column":2},"end":{"line":12,"column":30}},"loc":{"start":{"line":12,"column":52},"end":{"line":15,"column":3}}},"1":{"name":"(anonymous_8)","decl":{"start":{"line":17,"column":8},"end":{"line":17,"column":15}},"loc":{"start":{"line":17,"column":16},"end":{"line":19,"column":3}}},"2":{"name":"(anonymous_10)","decl":{"start":{"line":21,"column":8},"end":{"line":21,"column":23}},"loc":{"start":{"line":21,"column":24},"end":{"line":31,"column":3}}}},"branchMap":{},"s":{"0":1,"1":1,"2":1,"3":1,"4":1,"5":1,"6":2,"7":2},"f":{"0":1,"1":1,"2":1},"b":{}}
,"/home/yongyiwong/greendirect/backend/greendirect-api/test/mocks/user.mock.ts": {"path":"/home/yongyiwong/greendirect/backend/greendirect-api/test/mocks/user.mock.ts","statementMap":{"0":{"start":{"line":13,"column":30},"end":{"line":13,"column":40}},"1":{"start":{"line":14,"column":33},"end":{"line":14,"column":44}},"2":{"start":{"line":16,"column":34},"end":{"line":25,"column":2}},"3":{"start":{"line":17,"column":2},"end":{"line":24,"column":4}},"4":{"start":{"line":27,"column":33},"end":{"line":40,"column":2}},"5":{"start":{"line":28,"column":2},"end":{"line":39,"column":4}},"6":{"start":{"line":42,"column":35},"end":{"line":251,"column":1}},"7":{"start":{"line":257,"column":31},"end":{"line":257,"column":52}},"8":{"start":{"line":258,"column":4},"end":{"line":258,"column":60}},"9":{"start":{"line":259,"column":4},"end":{"line":259,"column":63}},"10":{"start":{"line":263,"column":22},"end":{"line":263,"column":51}},"11":{"start":{"line":264,"column":22},"end":{"line":268,"column":5}},"12":{"start":{"line":269,"column":4},"end":{"line":276,"column":5}},"13":{"start":{"line":270,"column":6},"end":{"line":274,"column":7}},"14":{"start":{"line":271,"column":8},"end":{"line":271,"column":46}},"15":{"start":{"line":273,"column":8},"end":{"line":273,"column":35}},"16":{"start":{"line":275,"column":6},"end":{"line":275,"column":36}},"17":{"start":{"line":281,"column":16},"end":{"line":281,"column":60}},"18":{"start":{"line":282,"column":4},"end":{"line":287,"column":5}},"19":{"start":{"line":284,"column":6},"end":{"line":284,"column":24}},"20":{"start":{"line":285,"column":6},"end":{"line":285,"column":27}},"21":{"start":{"line":286,"column":6},"end":{"line":286,"column":60}},"22":{"start":{"line":288,"column":4},"end":{"line":288,"column":16}},"23":{"start":{"line":293,"column":16},"end":{"line":293,"column":66}},"24":{"start":{"line":294,"column":4},"end":{"line":302,"column":5}},"25":{"start":{"line":295,"column":6},"end":{"line":299,"column":8}},"26":{"start":{"line":300,"column":6},"end":{"line":300,"column":56}},"27":{"start":{"line":301,"column":6},"end":{"line":301,"column":36}},"28":{"start":{"line":301,"column":16},"end":{"line":301,"column":36}},"29":{"start":{"line":304,"column":4},"end":{"line":304,"column":38}},"30":{"start":{"line":305,"column":4},"end":{"line":305,"column":24}},"31":{"start":{"line":309,"column":17},"end":{"line":309,"column":67}},"32":{"start":{"line":310,"column":17},"end":{"line":317,"column":5}},"33":{"start":{"line":318,"column":4},"end":{"line":318,"column":62}},"34":{"start":{"line":319,"column":4},"end":{"line":319,"column":55}}},"fnMap":{"0":{"name":"(anonymous_7)","decl":{"start":{"line":16,"column":57},"end":{"line":16,"column":68}},"loc":{"start":{"line":16,"column":72},"end":{"line":25,"column":1}}},"1":{"name":"(anonymous_8)","decl":{"start":{"line":27,"column":55},"end":{"line":27,"column":65}},"loc":{"start":{"line":27,"column":69},"end":{"line":40,"column":1}}},"2":{"name":"(anonymous_9)","decl":{"start":{"line":257,"column":2},"end":{"line":257,"column":30}},"loc":{"start":{"line":257,"column":52},"end":{"line":260,"column":3}}},"3":{"name":"(anonymous_10)","decl":{"start":{"line":262,"column":8},"end":{"line":262,"column":15}},"loc":{"start":{"line":262,"column":16},"end":{"line":277,"column":3}}},"4":{"name":"(anonymous_12)","decl":{"start":{"line":279,"column":8},"end":{"line":279,"column":16}},"loc":{"start":{"line":279,"column":34},"end":{"line":289,"column":3}}},"5":{"name":"(anonymous_14)","decl":{"start":{"line":291,"column":8},"end":{"line":291,"column":16}},"loc":{"start":{"line":291,"column":44},"end":{"line":306,"column":3}}},"6":{"name":"(anonymous_16)","decl":{"start":{"line":308,"column":8},"end":{"line":308,"column":19}},"loc":{"start":{"line":308,"column":34},"end":{"line":320,"column":3}}}},"branchMap":{"0":{"loc":{"start":{"line":34,"column":8},"end":{"line":34,"column":42}},"type":"cond-expr","locations":[{"start":{"line":34,"column":8},"end":{"line":34,"column":42}},{"start":{"line":35,"column":8},"end":{"line":35,"column":12}}]},"1":{"loc":{"start":{"line":37,"column":8},"end":{"line":37,"column":35}},"type":"cond-expr","locations":[{"start":{"line":37,"column":8},"end":{"line":37,"column":35}},{"start":{"line":38,"column":8},"end":{"line":38,"column":12}}]},"2":{"loc":{"start":{"line":270,"column":6},"end":{"line":274,"column":7}},"type":"if","locations":[{"start":{"line":270,"column":6},"end":{"line":274,"column":7}},{"start":{"line":270,"column":6},"end":{"line":274,"column":7}}]},"3":{"loc":{"start":{"line":282,"column":4},"end":{"line":287,"column":5}},"type":"if","locations":[{"start":{"line":282,"column":4},"end":{"line":287,"column":5}},{"start":{"line":282,"column":4},"end":{"line":287,"column":5}}]},"4":{"loc":{"start":{"line":294,"column":4},"end":{"line":302,"column":5}},"type":"if","locations":[{"start":{"line":294,"column":4},"end":{"line":302,"column":5}},{"start":{"line":294,"column":4},"end":{"line":302,"column":5}}]},"5":{"loc":{"start":{"line":301,"column":6},"end":{"line":301,"column":36}},"type":"if","locations":[{"start":{"line":301,"column":6},"end":{"line":301,"column":36}},{"start":{"line":301,"column":6},"end":{"line":301,"column":36}}]}},"s":{"0":1,"1":1,"2":1,"3":5,"4":1,"5":5,"6":1,"7":1,"8":1,"9":1,"10":1,"11":1,"12":1,"13":26,"14":1,"15":25,"16":26,"17":1,"18":1,"19":0,"20":0,"21":0,"22":1,"23":26,"24":26,"25":26,"26":26,"27":26,"28":1,"29":26,"30":26,"31":26,"32":26,"33":26,"34":26},"f":{"0":5,"1":5,"2":1,"3":1,"4":1,"5":26,"6":26},"b":{"0":[5,0],"1":[5,0],"2":[1,25],"3":[0,1],"4":[26,0],"5":[1,25]}}
}
