TN:
SF:/home/yongyiwong/greendirect/backend/greendirect-api/test/mocks/biotrack-user.mock.ts
FN:88,(anonymous_7)
FN:92,(anonymous_8)
FN:96,(anonymous_10)
FNF:3
FNH:3
FNDA:1,(anonymous_7)
FNDA:1,(anonymous_8)
FNDA:1,(anonymous_10)
DA:12,1
DA:88,1
DA:89,1
DA:93,1
DA:97,1
DA:98,5
LF:6
LH:6
BRF:0
BRH:0
end_of_record
TN:
SF:/home/yongyiwong/greendirect/backend/greendirect-api/test/mocks/brand.mock.ts
FN:11,(anonymous_7)
FN:15,(anonymous_8)
FN:19,(anonymous_10)
FN:20,(anonymous_12)
FNF:4
FNH:4
FNDA:1,(anonymous_7)
FNDA:1,(anonymous_8)
FNDA:1,(anonymous_10)
FNDA:8,(anonymous_12)
DA:11,1
DA:12,1
DA:16,1
DA:20,1
DA:21,8
DA:25,1
LF:6
LH:6
BRDA:22,0,0,4
BRDA:22,0,1,4
BRF:2
BRH:2
end_of_record
TN:
SF:/home/yongyiwong/greendirect/backend/greendirect-api/test/mocks/coupon.mock.ts
FN:507,(anonymous_7)
FN:512,(anonymous_8)
FN:515,(anonymous_10)
FN:549,(anonymous_12)
FN:558,(anonymous_14)
FN:558,(anonymous_15)
FN:559,(anonymous_16)
FNF:7
FNH:6
FNDA:1,(anonymous_7)
FNDA:1,(anonymous_8)
FNDA:0,(anonymous_10)
FNDA:1,(anonymous_12)
FNDA:15,(anonymous_14)
FNDA:15,(anonymous_15)
FNDA:45,(anonymous_16)
DA:15,1
DA:21,1
DA:262,1
DA:507,1
DA:508,1
DA:509,1
DA:513,1
DA:516,0
DA:523,0
DA:524,0
DA:527,0
DA:528,0
DA:529,0
DA:534,0
DA:535,0
DA:545,0
DA:546,0
DA:550,1
DA:551,1
DA:557,1
DA:558,15
DA:559,45
DA:562,15
LF:23
LH:13
BRF:0
BRH:0
end_of_record
TN:
SF:/home/yongyiwong/greendirect/backend/greendirect-api/test/mocks/deal.mock.ts
FN:17,(anonymous_7)
FN:22,(anonymous_8)
FN:26,(anonymous_10)
FN:35,(anonymous_12)
FN:37,(anonymous_13)
FN:40,(anonymous_14)
FNF:6
FNH:6
FNDA:1,(anonymous_7)
FNDA:1,(anonymous_8)
FNDA:1,(anonymous_10)
FNDA:8,(anonymous_12)
FNDA:24,(anonymous_13)
FNDA:56,(anonymous_14)
DA:11,1
DA:17,1
DA:18,1
DA:19,1
DA:23,1
DA:27,1
DA:28,1
DA:33,1
DA:35,1
DA:36,8
DA:37,24
DA:40,56
DA:47,1
LF:13
LH:13
BRDA:44,0,0,4
BRDA:44,0,1,4
BRF:2
BRH:2
end_of_record
TN:
SF:/home/yongyiwong/greendirect/backend/greendirect-api/test/mocks/delivery.mock.ts
FN:28,(anonymous_7)
FN:36,(anonymous_8)
FN:40,(anonymous_10)
FN:50,(anonymous_12)
FNF:4
FNH:4
FNDA:1,(anonymous_7)
FNDA:1,(anonymous_8)
FNDA:8,(anonymous_10)
FNDA:1,(anonymous_12)
DA:28,1
DA:29,1
DA:30,1
DA:31,1
DA:32,1
DA:33,1
DA:37,1
DA:41,8
DA:51,1
DA:55,1
DA:56,1
DA:57,1
DA:58,1
DA:59,1
DA:62,1
DA:63,1
DA:64,12
DA:65,12
DA:66,9
DA:71,9
DA:76,9
DA:81,9
DA:82,6
DA:88,6
DA:95,6
DA:100,6
DA:101,3
DA:104,6
DA:106,6
DA:107,2
DA:118,6
DA:119,3
DA:125,6
DA:127,6
DA:131,12
DA:132,2
DA:138,2
DA:140,2
LF:38
LH:38
BRDA:65,0,0,9
BRDA:65,0,1,3
BRDA:81,1,0,6
BRDA:81,1,1,3
BRDA:90,2,0,1
BRDA:90,2,1,5
BRDA:92,3,0,3
BRDA:92,3,1,2
BRDA:100,4,0,3
BRDA:100,4,1,3
BRDA:106,5,0,2
BRDA:106,5,1,4
BRDA:118,6,0,3
BRDA:118,6,1,3
BRDA:131,7,0,2
BRDA:131,7,1,10
BRDA:131,8,0,12
BRDA:131,8,1,2
BRF:18
BRH:18
end_of_record
TN:
SF:/home/yongyiwong/greendirect/backend/greendirect-api/test/mocks/doctor.mock.ts
FN:26,(anonymous_7)
FN:30,(anonymous_8)
FN:31,(anonymous_10)
FNF:3
FNH:3
FNDA:1,(anonymous_7)
FNDA:1,(anonymous_8)
FNDA:2,(anonymous_10)
DA:4,1
DA:26,1
DA:27,1
DA:31,1
DA:32,2
DA:34,1
LF:6
LH:6
BRF:0
BRH:0
end_of_record
TN:
SF:/home/yongyiwong/greendirect/backend/greendirect-api/test/mocks/freeway-user.mock.ts
FN:247,(anonymous_7)
FN:251,(anonymous_8)
FN:255,(anonymous_10)
FN:257,(anonymous_12)
FN:262,(anonymous_13)
FNF:5
FNH:5
FNDA:1,(anonymous_7)
FNDA:1,(anonymous_8)
FNDA:1,(anonymous_10)
FNDA:16,(anonymous_12)
FNDA:32,(anonymous_13)
DA:19,1
DA:247,1
DA:248,1
DA:252,1
DA:256,1
DA:259,16
DA:260,16
DA:263,32
DA:278,1
DA:279,37
LF:10
LH:10
BRF:0
BRH:0
end_of_record
TN:
SF:/home/yongyiwong/greendirect/backend/greendirect-api/test/mocks/localstack.mock.ts
FN:22,(anonymous_7)
FN:36,(anonymous_8)
FN:47,(anonymous_10)
FN:55,(anonymous_11)
FN:68,(anonymous_13)
FN:76,(anonymous_15)
FNF:6
FNH:5
FNDA:1,(anonymous_7)
FNDA:1,(anonymous_8)
FNDA:3,(anonymous_10)
FNDA:1,(anonymous_11)
FNDA:0,(anonymous_13)
FNDA:3,(anonymous_15)
DA:9,1
DA:20,1
DA:22,1
DA:23,1
DA:24,1
DA:25,1
DA:26,1
DA:28,1
DA:31,1
DA:32,1
DA:37,1
DA:38,0
DA:43,1
DA:44,1
DA:45,1
DA:46,1
DA:48,3
DA:56,1
DA:59,1
DA:60,1
DA:61,1
DA:63,0
DA:64,0
DA:69,0
DA:73,0
DA:77,3
DA:80,3
LF:27
LH:22
BRDA:27,0,0,1
BRDA:27,0,1,0
BRDA:31,1,0,1
BRDA:31,1,1,0
BRDA:37,2,0,0
BRDA:37,2,1,1
BRDA:43,3,0,1
BRDA:43,3,1,0
BRDA:45,4,0,1
BRDA:45,4,1,0
BRDA:61,5,0,1
BRDA:61,5,1,0
BRF:12
BRH:6
end_of_record
TN:
SF:/home/yongyiwong/greendirect/backend/greendirect-api/test/mocks/location.mock.ts
FN:32,(anonymous_7)
FN:39,(anonymous_8)
FN:47,(anonymous_9)
FN:54,(anonymous_10)
FN:969,(anonymous_11)
FN:979,(anonymous_12)
FN:985,(anonymous_14)
FN:1005,(anonymous_16)
FN:1059,(anonymous_18)
FN:1078,(anonymous_20)
FN:1083,(anonymous_22)
FN:1086,(anonymous_23)
FN:1095,(anonymous_25)
FNF:13
FNH:13
FNDA:7,(anonymous_7)
FNDA:7,(anonymous_8)
FNDA:5,(anonymous_9)
FNDA:5,(anonymous_10)
FNDA:1,(anonymous_11)
FNDA:1,(anonymous_12)
FNDA:10,(anonymous_14)
FNDA:21,(anonymous_16)
FNDA:3,(anonymous_18)
FNDA:32,(anonymous_20)
FNDA:32,(anonymous_22)
FNDA:140,(anonymous_23)
FNDA:64,(anonymous_25)
DA:18,1
DA:25,1
DA:32,7
DA:39,7
DA:47,5
DA:54,5
DA:61,1
DA:62,1
DA:71,1
DA:969,1
DA:970,1
DA:973,1
DA:974,1
DA:975,1
DA:976,1
DA:980,1
DA:981,10
DA:986,10
DA:990,10
DA:993,10
DA:994,10
DA:996,0
DA:999,10
DA:1000,21
DA:1001,21
DA:1006,21
DA:1007,21
DA:1008,21
DA:1013,21
DA:1016,21
DA:1017,21
DA:1018,21
DA:1019,2
DA:1020,3
DA:1023,21
DA:1024,15
DA:1025,32
DA:1029,21
DA:1031,20
DA:1032,140
DA:1034,1
DA:1036,0
DA:1037,0
DA:1042,21
DA:1043,10
DA:1045,7
DA:1046,49
DA:1048,3
DA:1050,3
DA:1051,15
DA:1056,21
DA:1063,3
DA:1064,3
DA:1065,3
DA:1066,3
DA:1067,3
DA:1068,3
DA:1069,3
DA:1070,3
DA:1071,3
DA:1072,3
DA:1073,3
DA:1074,3
DA:1075,3
DA:1080,32
DA:1081,32
DA:1082,32
DA:1083,32
DA:1090,140
DA:1091,140
DA:1092,140
DA:1099,64
DA:1100,64
DA:1101,64
DA:1105,64
DA:1106,59
DA:1108,5
LF:77
LH:74
BRDA:993,0,0,10
BRDA:993,0,1,0
BRDA:1016,1,0,21
BRDA:1016,1,1,0
BRDA:1018,2,0,2
BRDA:1018,2,1,19
BRDA:1023,3,0,15
BRDA:1023,3,1,6
BRDA:1029,4,0,20
BRDA:1029,4,1,1
BRDA:1034,5,0,0
BRDA:1034,5,1,1
BRDA:1042,6,0,10
BRDA:1042,6,1,11
BRDA:1043,7,0,7
BRDA:1043,7,1,3
BRDA:1048,8,0,3
BRDA:1048,8,1,0
BRDA:1105,9,0,59
BRDA:1105,9,1,5
BRF:20
BRH:16
end_of_record
TN:
SF:/home/yongyiwong/greendirect/backend/greendirect-api/test/mocks/mobile-check-in.mock.ts
FN:22,(anonymous_7)
FN:29,(anonymous_8)
FN:40,(anonymous_10)
FNF:3
FNH:3
FNDA:1,(anonymous_7)
FNDA:1,(anonymous_8)
FNDA:1,(anonymous_10)
DA:18,1
DA:22,1
DA:23,1
DA:24,1
DA:30,1
DA:33,1
DA:34,1
DA:36,0
DA:41,1
DA:42,1
DA:46,1
DA:48,1
DA:51,1
DA:54,0
DA:55,0
DA:58,0
LF:16
LH:12
BRDA:33,0,0,1
BRDA:33,0,1,0
BRDA:54,1,0,0
BRDA:54,1,1,0
BRF:4
BRH:1
end_of_record
TN:
SF:/home/yongyiwong/greendirect/backend/greendirect-api/test/mocks/order.mock.ts
FN:30,(anonymous_7)
FN:40,(anonymous_8)
FN:95,(anonymous_10)
FN:106,(anonymous_12)
FN:108,(anonymous_13)
FN:110,(anonymous_14)
FN:118,(anonymous_16)
FN:120,(anonymous_18)
FN:123,(anonymous_19)
FN:153,(anonymous_21)
FN:158,(anonymous_22)
FN:159,(anonymous_24)
FN:165,(anonymous_25)
FN:166,(anonymous_27)
FNF:14
FNH:14
FNDA:1,(anonymous_7)
FNDA:1,(anonymous_8)
FNDA:1,(anonymous_10)
FNDA:20,(anonymous_12)
FNDA:1,(anonymous_13)
FNDA:1,(anonymous_14)
FNDA:6,(anonymous_16)
FNDA:6,(anonymous_18)
FNDA:71,(anonymous_19)
FNDA:71,(anonymous_21)
FNDA:5,(anonymous_22)
FNDA:71,(anonymous_24)
FNDA:5,(anonymous_25)
FNDA:71,(anonymous_27)
DA:30,1
DA:31,1
DA:32,1
DA:35,1
DA:36,1
DA:37,1
DA:41,1
DA:43,1
DA:44,1
DA:45,0
DA:47,1
DA:48,1
DA:49,4
DA:53,4
DA:54,6
DA:55,6
DA:56,6
DA:57,5
DA:61,5
DA:62,75
DA:63,75
DA:65,71
DA:66,71
DA:67,71
DA:68,71
DA:69,0
DA:71,71
DA:75,71
DA:79,71
DA:80,71
DA:82,0
DA:87,5
DA:88,5
DA:96,1
DA:105,1
DA:106,20
DA:108,1
DA:111,1
DA:115,1
DA:119,6
DA:120,6
DA:127,71
DA:128,71
DA:129,71
DA:130,71
DA:131,71
DA:133,0
DA:134,0
DA:135,0
DA:139,0
DA:142,71
DA:144,71
DA:148,71
DA:153,71
DA:154,71
DA:159,5
DA:161,71
DA:163,5
DA:166,5
DA:167,71
DA:168,71
DA:170,1
DA:171,1
DA:173,5
DA:174,5
DA:176,5
DA:177,5
DA:179,5
DA:180,5
DA:183,71
DA:184,16
DA:189,55
DA:191,5
LF:73
LH:66
BRDA:44,0,0,0
BRDA:44,0,1,1
BRDA:44,1,0,1
BRDA:44,1,1,1
BRDA:54,2,0,6
BRDA:54,2,1,0
BRDA:54,3,0,6
BRDA:54,3,1,6
BRDA:56,4,0,5
BRDA:56,4,1,1
BRDA:63,5,0,71
BRDA:63,5,1,4
BRDA:63,6,0,75
BRDA:63,6,1,4
BRDA:63,6,2,4
BRDA:68,7,0,0
BRDA:68,7,1,71
BRDA:106,8,0,20
BRDA:106,8,1,20
BRDA:129,9,0,71
BRDA:129,9,1,0
BRDA:130,10,0,71
BRDA:130,10,1,0
BRDA:130,11,0,71
BRDA:130,11,1,71
BRDA:131,12,0,0
BRDA:131,12,1,71
BRDA:134,13,0,0
BRDA:134,13,1,0
BRDA:142,14,0,71
BRDA:142,14,1,0
BRDA:169,15,0,1
BRDA:169,15,1,5
BRDA:169,15,2,5
BRDA:169,15,3,5
BRDA:183,16,0,16
BRDA:183,16,1,55
BRF:37
BRH:28
end_of_record
TN:
SF:/home/yongyiwong/greendirect/backend/greendirect-api/test/mocks/product-group.mock.ts
FN:19,(anonymous_7)
FN:25,(anonymous_8)
FN:30,(anonymous_10)
FN:34,(anonymous_12)
FN:35,(anonymous_13)
FN:45,(anonymous_14)
FN:54,(anonymous_15)
FN:59,(anonymous_17)
FN:60,(anonymous_18)
FN:64,(anonymous_19)
FNF:10
FNH:10
FNDA:1,(anonymous_7)
FNDA:1,(anonymous_8)
FNDA:1,(anonymous_10)
FNDA:6,(anonymous_12)
FNDA:24,(anonymous_13)
FNDA:4,(anonymous_14)
FNDA:1,(anonymous_15)
FNDA:21,(anonymous_17)
FNDA:588,(anonymous_18)
FNDA:2016,(anonymous_19)
DA:19,1
DA:20,1
DA:21,1
DA:22,1
DA:26,1
DA:27,1
DA:31,1
DA:33,1
DA:34,1
DA:35,6
DA:36,24
DA:45,1
DA:46,4
DA:51,1
DA:55,1
DA:56,1
DA:58,1
DA:59,1
DA:60,21
DA:62,588
DA:64,504
DA:65,2016
DA:77,1
LF:23
LH:23
BRDA:62,0,0,84
BRDA:62,0,1,504
BRF:2
BRH:2
end_of_record
TN:
SF:/home/yongyiwong/greendirect/backend/greendirect-api/test/mocks/promo-banner.mock.ts
FN:11,(anonymous_7)
FN:15,(anonymous_8)
FN:19,(anonymous_10)
FNF:3
FNH:3
FNDA:1,(anonymous_7)
FNDA:1,(anonymous_8)
FNDA:1,(anonymous_10)
DA:11,1
DA:12,1
DA:16,1
DA:20,1
DA:56,1
DA:57,6
DA:65,1
DA:66,6
LF:8
LH:8
BRF:0
BRH:0
end_of_record
TN:
SF:/home/yongyiwong/greendirect/backend/greendirect-api/test/mocks/role.mock.ts
FN:38,(anonymous_7)
FN:48,(anonymous_8)
FN:55,(anonymous_10)
FN:57,(anonymous_12)
FN:57,(anonymous_13)
FN:68,(anonymous_14)
FN:72,(anonymous_16)
FN:72,(anonymous_17)
FN:87,(anonymous_18)
FN:92,(anonymous_20)
FN:92,(anonymous_21)
FN:105,(anonymous_22)
FN:125,(anonymous_23)
FN:127,(anonymous_25)
FN:127,(anonymous_26)
FNF:15
FNH:15
FNDA:1,(anonymous_7)
FNDA:1,(anonymous_8)
FNDA:1,(anonymous_10)
FNDA:1,(anonymous_12)
FNDA:1,(anonymous_13)
FNDA:1,(anonymous_14)
FNDA:1,(anonymous_16)
FNDA:1,(anonymous_17)
FNDA:1,(anonymous_18)
FNDA:2,(anonymous_20)
FNDA:2,(anonymous_21)
FNDA:3,(anonymous_22)
FNDA:1,(anonymous_23)
FNDA:10,(anonymous_25)
FNDA:10,(anonymous_26)
DA:13,1
DA:38,1
DA:39,1
DA:40,1
DA:41,1
DA:42,1
DA:43,1
DA:49,1
DA:50,1
DA:51,1
DA:52,1
DA:56,1
DA:57,1
DA:58,1
DA:59,1
DA:60,1
DA:61,1
DA:62,1
DA:63,1
DA:65,1
DA:69,1
DA:72,1
DA:73,1
DA:74,1
DA:77,1
DA:78,1
DA:79,1
DA:80,1
DA:81,1
DA:82,1
DA:84,1
DA:88,1
DA:91,1
DA:92,2
DA:93,2
DA:96,2
DA:97,2
DA:98,2
DA:99,2
DA:100,2
DA:102,1
DA:105,1
DA:106,3
DA:112,1
DA:114,1
DA:117,1
DA:118,1
DA:122,1
DA:126,1
DA:127,10
DA:128,10
DA:129,10
DA:130,10
DA:131,10
DA:132,10
DA:133,10
DA:135,1
LF:57
LH:57
BRDA:100,0,0,1
BRDA:100,0,1,1
BRF:2
BRH:2
end_of_record
TN:
SF:/home/yongyiwong/greendirect/backend/greendirect-api/test/mocks/sign-in-link.mock.ts
FN:12,(anonymous_7)
FN:17,(anonymous_8)
FN:21,(anonymous_10)
FNF:3
FNH:3
FNDA:1,(anonymous_7)
FNDA:1,(anonymous_8)
FNDA:1,(anonymous_10)
DA:12,1
DA:13,1
DA:14,1
DA:18,1
DA:22,1
DA:27,1
DA:28,2
DA:29,2
LF:8
LH:8
BRF:0
BRH:0
end_of_record
TN:
SF:/home/yongyiwong/greendirect/backend/greendirect-api/test/mocks/user.mock.ts
FN:16,(anonymous_7)
FN:27,(anonymous_8)
FN:257,(anonymous_9)
FN:262,(anonymous_10)
FN:279,(anonymous_12)
FN:291,(anonymous_14)
FN:308,(anonymous_16)
FNF:7
FNH:7
FNDA:5,(anonymous_7)
FNDA:5,(anonymous_8)
FNDA:1,(anonymous_9)
FNDA:1,(anonymous_10)
FNDA:1,(anonymous_12)
FNDA:26,(anonymous_14)
FNDA:26,(anonymous_16)
DA:13,1
DA:14,1
DA:16,1
DA:17,5
DA:27,1
DA:28,5
DA:42,1
DA:257,1
DA:258,1
DA:259,1
DA:263,1
DA:264,1
DA:269,1
DA:270,26
DA:271,1
DA:273,25
DA:275,26
DA:281,1
DA:282,1
DA:284,0
DA:285,0
DA:286,0
DA:288,1
DA:293,26
DA:294,26
DA:295,26
DA:300,26
DA:301,26
DA:304,26
DA:305,26
DA:309,26
DA:310,26
DA:318,26
DA:319,26
LF:34
LH:31
BRDA:34,0,0,5
BRDA:34,0,1,0
BRDA:37,1,0,5
BRDA:37,1,1,0
BRDA:270,2,0,1
BRDA:270,2,1,25
BRDA:282,3,0,0
BRDA:282,3,1,1
BRDA:294,4,0,26
BRDA:294,4,1,0
BRDA:301,5,0,1
BRDA:301,5,1,25
BRF:12
BRH:8
end_of_record
