<?xml version="1.0" encoding="UTF-8"?>
<coverage generated="1630846312697" clover="3.2.0">
  <project timestamp="1630846312697" name="All files">
    <metrics statements="8440" coveredstatements="4050" conditionals="5018" coveredconditionals="2597" methods="1759" coveredmethods="765" elements="15217" coveredelements="7412" complexity="0" loc="8440" ncloc="8440" packages="55" files="238" classes="238">
      <package name="src">
        <metrics statements="288" coveredstatements="49" conditionals="102" coveredconditionals="28" methods="46" coveredmethods="13"/>
        <file name="app.controller.ts" path="/home/yongyiwong/greendirect/backend/greendirect-api/src/app.controller.ts">
          <metrics statements="4" coveredstatements="4" conditionals="6" coveredconditionals="3" methods="2" coveredmethods="2"/>
          <line num="7" count="28" type="stmt"/>
          <line num="8" count="28" type="cond" truecount="2" falsecount="1"/>
          <line num="11" count="28" type="cond" truecount="1" falsecount="2"/>
          <line num="12" count="1" type="stmt"/>
        </file>
        <file name="app.module.ts" path="/home/yongyiwong/greendirect/backend/greendirect-api/src/app.module.ts">
          <metrics statements="8" coveredstatements="7" conditionals="5" coveredconditionals="4" methods="4" coveredmethods="2"/>
          <line num="54" count="27" type="stmt"/>
          <line num="55" count="27" type="stmt"/>
          <line num="56" count="27" type="stmt"/>
          <line num="114" count="27" type="stmt"/>
          <line num="127" count="27" type="stmt"/>
          <line num="129" count="27" type="stmt"/>
          <line num="131" count="27" type="cond" truecount="2" falsecount="1"/>
          <line num="134" count="0" type="stmt"/>
        </file>
        <file name="app.service.ts" path="/home/yongyiwong/greendirect/backend/greendirect-api/src/app.service.ts">
          <metrics statements="34" coveredstatements="26" conditionals="24" coveredconditionals="15" methods="10" coveredmethods="5"/>
          <line num="5" count="28" type="stmt"/>
          <line num="6" count="0" type="stmt"/>
          <line num="7" count="0" type="stmt"/>
          <line num="8" count="0" type="cond" truecount="0" falsecount="2"/>
          <line num="13" count="28" type="cond" truecount="2" falsecount="0"/>
          <line num="14" count="28" type="stmt"/>
          <line num="15" count="28" type="stmt"/>
          <line num="16" count="28" type="stmt"/>
          <line num="17" count="28" type="stmt"/>
          <line num="18" count="28" type="stmt"/>
          <line num="21" count="28" type="stmt"/>
          <line num="22" count="28" type="stmt"/>
          <line num="32" count="28" type="stmt"/>
          <line num="33" count="109" type="stmt"/>
          <line num="34" count="109" type="cond" truecount="4" falsecount="0"/>
          <line num="35" count="109" type="stmt"/>
          <line num="36" count="109" type="cond" truecount="2" falsecount="0"/>
          <line num="43" count="28" type="stmt"/>
          <line num="47" count="56" type="stmt"/>
          <line num="48" count="56" type="cond" truecount="2" falsecount="2"/>
          <line num="49" count="56" type="cond" truecount="2" falsecount="2"/>
          <line num="50" count="112" type="stmt"/>
          <line num="51" count="56" type="stmt"/>
          <line num="52" count="56" type="cond" truecount="2" falsecount="0"/>
          <line num="55" count="28" type="stmt"/>
          <line num="56" count="0" type="stmt"/>
          <line num="57" count="0" type="stmt"/>
          <line num="58" count="0" type="stmt"/>
          <line num="60" count="0" type="cond" truecount="0" falsecount="2"/>
          <line num="62" count="0" type="stmt"/>
          <line num="67" count="28" type="stmt"/>
          <line num="69" count="1" type="stmt"/>
          <line num="70" count="1" type="cond" truecount="1" falsecount="1"/>
          <line num="71" count="1" type="stmt"/>
        </file>
        <file name="gd-expected.exception.ts" path="/home/yongyiwong/greendirect/backend/greendirect-api/src/gd-expected.exception.ts">
          <metrics statements="10" coveredstatements="10" conditionals="7" coveredconditionals="6" methods="3" coveredmethods="3"/>
          <line num="60" count="280" type="cond" truecount="2" falsecount="0"/>
          <line num="61" count="37" type="stmt"/>
          <line num="75" count="3" type="stmt"/>
          <line num="79" count="45" type="stmt"/>
          <line num="80" count="45" type="stmt"/>
          <line num="81" count="45" type="stmt"/>
          <line num="83" count="45" type="stmt"/>
          <line num="84" count="45" type="stmt"/>
          <line num="88" count="45" type="stmt"/>
          <line num="89" count="45" type="stmt"/>
        </file>
        <file name="greendirect-logger.ts" path="/home/yongyiwong/greendirect/backend/greendirect-api/src/greendirect-logger.ts">
          <metrics statements="10" coveredstatements="2" conditionals="0" coveredconditionals="0" methods="5" coveredmethods="1"/>
          <line num="7" count="378" type="stmt"/>
          <line num="8" count="378" type="stmt"/>
          <line num="15" count="0" type="stmt"/>
          <line num="16" count="0" type="stmt"/>
          <line num="18" count="0" type="stmt"/>
          <line num="19" count="0" type="stmt"/>
          <line num="20" count="0" type="stmt"/>
          <line num="30" count="0" type="stmt"/>
          <line num="34" count="0" type="stmt"/>
          <line num="38" count="0" type="stmt"/>
        </file>
        <file name="main.hmr.ts" path="/home/yongyiwong/greendirect/backend/greendirect-api/src/main.hmr.ts">
          <metrics statements="8" coveredstatements="0" conditionals="2" coveredconditionals="0" methods="2" coveredmethods="0"/>
          <line num="1" count="0" type="stmt"/>
          <line num="2" count="0" type="stmt"/>
          <line num="7" count="0" type="stmt"/>
          <line num="8" count="0" type="stmt"/>
          <line num="10" count="0" type="cond" truecount="0" falsecount="2"/>
          <line num="11" count="0" type="stmt"/>
          <line num="12" count="0" type="stmt"/>
          <line num="15" count="0" type="stmt"/>
        </file>
        <file name="main.ts" path="/home/yongyiwong/greendirect/backend/greendirect-api/src/main.ts">
          <metrics statements="66" coveredstatements="0" conditionals="38" coveredconditionals="0" methods="4" coveredmethods="0"/>
          <line num="1" count="0" type="stmt"/>
          <line num="2" count="0" type="stmt"/>
          <line num="3" count="0" type="stmt"/>
          <line num="4" count="0" type="stmt"/>
          <line num="6" count="0" type="stmt"/>
          <line num="7" count="0" type="stmt"/>
          <line num="8" count="0" type="stmt"/>
          <line num="9" count="0" type="stmt"/>
          <line num="11" count="0" type="stmt"/>
          <line num="12" count="0" type="stmt"/>
          <line num="13" count="0" type="stmt"/>
          <line num="14" count="0" type="stmt"/>
          <line num="20" count="0" type="stmt"/>
          <line num="21" count="0" type="stmt"/>
          <line num="24" count="0" type="cond" truecount="0" falsecount="2"/>
          <line num="26" count="0" type="cond" truecount="0" falsecount="2"/>
          <line num="28" count="0" type="stmt"/>
          <line num="32" count="0" type="stmt"/>
          <line num="33" count="0" type="stmt"/>
          <line num="35" count="0" type="stmt"/>
          <line num="36" count="0" type="stmt"/>
          <line num="37" count="0" type="stmt"/>
          <line num="42" count="0" type="stmt"/>
          <line num="43" count="0" type="stmt"/>
          <line num="44" count="0" type="cond" truecount="0" falsecount="2"/>
          <line num="45" count="0" type="stmt"/>
          <line num="46" count="0" type="cond" truecount="0" falsecount="2"/>
          <line num="47" count="0" type="cond" truecount="0" falsecount="2"/>
          <line num="49" count="0" type="stmt"/>
          <line num="51" count="0" type="stmt"/>
          <line num="53" count="0" type="cond" truecount="0" falsecount="2"/>
          <line num="54" count="0" type="stmt"/>
          <line num="62" count="0" type="stmt"/>
          <line num="63" count="0" type="stmt"/>
          <line num="71" count="0" type="cond" truecount="0" falsecount="2"/>
          <line num="72" count="0" type="stmt"/>
          <line num="73" count="0" type="cond" truecount="0" falsecount="2"/>
          <line num="74" count="0" type="stmt"/>
          <line num="78" count="0" type="cond" truecount="0" falsecount="4"/>
          <line num="79" count="0" type="stmt"/>
          <line num="80" count="0" type="stmt"/>
          <line num="81" count="0" type="cond" truecount="0" falsecount="2"/>
          <line num="83" count="0" type="stmt"/>
          <line num="84" count="0" type="stmt"/>
          <line num="87" count="0" type="stmt"/>
          <line num="88" count="0" type="stmt"/>
          <line num="89" count="0" type="stmt"/>
          <line num="99" count="0" type="cond" truecount="0" falsecount="4"/>
          <line num="101" count="0" type="cond" truecount="0" falsecount="2"/>
          <line num="102" count="0" type="stmt"/>
          <line num="103" count="0" type="cond" truecount="0" falsecount="2"/>
          <line num="104" count="0" type="stmt"/>
          <line num="107" count="0" type="stmt"/>
          <line num="109" count="0" type="cond" truecount="0" falsecount="2"/>
          <line num="110" count="0" type="stmt"/>
          <line num="115" count="0" type="stmt"/>
          <line num="117" count="0" type="stmt"/>
          <line num="118" count="0" type="cond" truecount="0" falsecount="4"/>
          <line num="119" count="0" type="stmt"/>
          <line num="120" count="0" type="stmt"/>
          <line num="122" count="0" type="stmt"/>
          <line num="126" count="0" type="stmt"/>
          <line num="129" count="0" type="cond" truecount="0" falsecount="2"/>
          <line num="130" count="0" type="stmt"/>
          <line num="131" count="0" type="stmt"/>
          <line num="133" count="0" type="stmt"/>
        </file>
        <file name="task-runner.ts" path="/home/yongyiwong/greendirect/backend/greendirect-api/src/task-runner.ts">
          <metrics statements="148" coveredstatements="0" conditionals="20" coveredconditionals="0" methods="16" coveredmethods="0"/>
          <line num="1" count="0" type="stmt"/>
          <line num="2" count="0" type="stmt"/>
          <line num="3" count="0" type="stmt"/>
          <line num="5" count="0" type="stmt"/>
          <line num="6" count="0" type="stmt"/>
          <line num="8" count="0" type="stmt"/>
          <line num="9" count="0" type="stmt"/>
          <line num="13" count="0" type="stmt"/>
          <line num="14" count="0" type="stmt"/>
          <line num="15" count="0" type="stmt"/>
          <line num="16" count="0" type="stmt"/>
          <line num="17" count="0" type="stmt"/>
          <line num="18" count="0" type="stmt"/>
          <line num="19" count="0" type="stmt"/>
          <line num="20" count="0" type="stmt"/>
          <line num="21" count="0" type="stmt"/>
          <line num="22" count="0" type="stmt"/>
          <line num="23" count="0" type="stmt"/>
          <line num="26" count="0" type="cond" truecount="0" falsecount="2"/>
          <line num="27" count="0" type="stmt"/>
          <line num="28" count="0" type="stmt"/>
          <line num="30" count="0" type="stmt"/>
          <line num="31" count="0" type="stmt"/>
          <line num="32" count="0" type="stmt"/>
          <line num="33" count="0" type="stmt"/>
          <line num="34" count="0" type="stmt"/>
          <line num="35" count="0" type="stmt"/>
          <line num="36" count="0" type="stmt"/>
          <line num="37" count="0" type="stmt"/>
          <line num="38" count="0" type="stmt"/>
          <line num="39" count="0" type="stmt"/>
          <line num="44" count="0" type="stmt"/>
          <line num="46" count="0" type="stmt"/>
          <line num="49" count="0" type="stmt"/>
          <line num="53" count="0" type="stmt"/>
          <line num="56" count="0" type="stmt"/>
          <line num="57" count="0" type="stmt"/>
          <line num="59" count="0" type="stmt"/>
          <line num="61" count="0" type="stmt"/>
          <line num="62" count="0" type="stmt"/>
          <line num="64" count="0" type="stmt"/>
          <line num="65" count="0" type="stmt"/>
          <line num="70" count="0" type="stmt"/>
          <line num="71" count="0" type="stmt"/>
          <line num="73" count="0" type="stmt"/>
          <line num="74" count="0" type="stmt"/>
          <line num="76" count="0" type="stmt"/>
          <line num="77" count="0" type="stmt"/>
          <line num="79" count="0" type="stmt"/>
          <line num="80" count="0" type="stmt"/>
          <line num="82" count="0" type="stmt"/>
          <line num="83" count="0" type="stmt"/>
          <line num="85" count="0" type="stmt"/>
          <line num="86" count="0" type="stmt"/>
          <line num="88" count="0" type="stmt"/>
          <line num="89" count="0" type="stmt"/>
          <line num="91" count="0" type="stmt"/>
          <line num="92" count="0" type="stmt"/>
          <line num="94" count="0" type="stmt"/>
          <line num="95" count="0" type="stmt"/>
          <line num="97" count="0" type="stmt"/>
          <line num="98" count="0" type="stmt"/>
          <line num="101" count="0" type="stmt"/>
          <line num="105" count="0" type="stmt"/>
          <line num="106" count="0" type="stmt"/>
          <line num="110" count="0" type="stmt"/>
          <line num="113" count="0" type="stmt"/>
          <line num="114" count="0" type="stmt"/>
          <line num="127" count="0" type="stmt"/>
          <line num="128" count="0" type="stmt"/>
          <line num="131" count="0" type="stmt"/>
          <line num="134" count="0" type="stmt"/>
          <line num="135" count="0" type="stmt"/>
          <line num="136" count="0" type="stmt"/>
          <line num="138" count="0" type="stmt"/>
          <line num="140" count="0" type="stmt"/>
          <line num="147" count="0" type="stmt"/>
          <line num="150" count="0" type="stmt"/>
          <line num="153" count="0" type="stmt"/>
          <line num="154" count="0" type="stmt"/>
          <line num="155" count="0" type="stmt"/>
          <line num="156" count="0" type="stmt"/>
          <line num="158" count="0" type="stmt"/>
          <line num="160" count="0" type="stmt"/>
          <line num="184" count="0" type="stmt"/>
          <line num="187" count="0" type="stmt"/>
          <line num="188" count="0" type="stmt"/>
          <line num="189" count="0" type="stmt"/>
          <line num="190" count="0" type="stmt"/>
          <line num="192" count="0" type="stmt"/>
          <line num="194" count="0" type="stmt"/>
          <line num="201" count="0" type="stmt"/>
          <line num="202" count="0" type="stmt"/>
          <line num="203" count="0" type="stmt"/>
          <line num="204" count="0" type="stmt"/>
          <line num="206" count="0" type="stmt"/>
          <line num="208" count="0" type="stmt"/>
          <line num="216" count="0" type="stmt"/>
          <line num="219" count="0" type="stmt"/>
          <line num="220" count="0" type="stmt"/>
          <line num="221" count="0" type="stmt"/>
          <line num="223" count="0" type="stmt"/>
          <line num="228" count="0" type="stmt"/>
          <line num="232" count="0" type="stmt"/>
          <line num="235" count="0" type="stmt"/>
          <line num="236" count="0" type="stmt"/>
          <line num="240" count="0" type="stmt"/>
          <line num="244" count="0" type="stmt"/>
          <line num="247" count="0" type="stmt"/>
          <line num="248" count="0" type="stmt"/>
          <line num="252" count="0" type="stmt"/>
          <line num="256" count="0" type="stmt"/>
          <line num="257" count="0" type="stmt"/>
          <line num="260" count="0" type="stmt"/>
          <line num="261" count="0" type="stmt"/>
          <line num="263" count="0" type="stmt"/>
          <line num="265" count="0" type="stmt"/>
          <line num="269" count="0" type="stmt"/>
          <line num="272" count="0" type="stmt"/>
          <line num="273" count="0" type="stmt"/>
          <line num="274" count="0" type="stmt"/>
          <line num="275" count="0" type="stmt"/>
          <line num="277" count="0" type="stmt"/>
          <line num="279" count="0" type="stmt"/>
          <line num="283" count="0" type="cond" truecount="0" falsecount="2"/>
          <line num="284" count="0" type="stmt"/>
          <line num="285" count="0" type="stmt"/>
          <line num="287" count="0" type="stmt"/>
          <line num="288" count="0" type="stmt"/>
          <line num="289" count="0" type="stmt"/>
          <line num="290" count="0" type="stmt"/>
          <line num="291" count="0" type="stmt"/>
          <line num="296" count="0" type="stmt"/>
          <line num="297" count="0" type="stmt"/>
          <line num="299" count="0" type="stmt"/>
          <line num="303" count="0" type="cond" truecount="0" falsecount="2"/>
          <line num="304" count="0" type="stmt"/>
          <line num="308" count="0" type="cond" truecount="0" falsecount="2"/>
          <line num="309" count="0" type="stmt"/>
          <line num="311" count="0" type="stmt"/>
          <line num="312" count="0" type="stmt"/>
          <line num="313" count="0" type="stmt"/>
          <line num="314" count="0" type="stmt"/>
          <line num="315" count="0" type="stmt"/>
          <line num="316" count="0" type="stmt"/>
          <line num="318" count="0" type="stmt"/>
          <line num="319" count="0" type="stmt"/>
          <line num="321" count="0" type="stmt"/>
        </file>
      </package>
      <package name="src.billing">
        <metrics statements="107" coveredstatements="6" conditionals="40" coveredconditionals="8" methods="25" coveredmethods="1"/>
        <file name="billing.exceptions.ts" path="/home/yongyiwong/greendirect/backend/greendirect-api/src/billing/billing.exceptions.ts">
          <metrics statements="13" coveredstatements="1" conditionals="6" coveredconditionals="0" methods="11" coveredmethods="0"/>
          <line num="8" count="27" type="stmt"/>
          <line num="13" count="0" type="stmt"/>
          <line num="19" count="0" type="stmt"/>
          <line num="24" count="0" type="stmt"/>
          <line num="30" count="0" type="stmt"/>
          <line num="36" count="0" type="stmt"/>
          <line num="43" count="0" type="cond" truecount="0" falsecount="2"/>
          <line num="49" count="0" type="stmt"/>
          <line num="55" count="0" type="stmt"/>
          <line num="61" count="0" type="stmt"/>
          <line num="67" count="0" type="stmt"/>
          <line num="72" count="0" type="cond" truecount="0" falsecount="2"/>
          <line num="82" count="0" type="stmt"/>
        </file>
        <file name="billing.module.ts" path="/home/yongyiwong/greendirect/backend/greendirect-api/src/billing/billing.module.ts">
          <metrics statements="1" coveredstatements="1" conditionals="0" coveredconditionals="0" methods="0" coveredmethods="0"/>
          <line num="13" count="27" type="stmt"/>
        </file>
        <file name="billing.service.ts" path="/home/yongyiwong/greendirect/backend/greendirect-api/src/billing/billing.service.ts">
          <metrics statements="93" coveredstatements="4" conditionals="34" coveredconditionals="8" methods="14" coveredmethods="1"/>
          <line num="20" count="27" type="stmt"/>
          <line num="22" count="54" type="cond" truecount="4" falsecount="1"/>
          <line num="23" count="54" type="cond" truecount="3" falsecount="1"/>
          <line num="25" count="54" type="cond" truecount="1" falsecount="1"/>
          <line num="31" count="0" type="stmt"/>
          <line num="32" count="0" type="stmt"/>
          <line num="35" count="0" type="stmt"/>
          <line num="37" count="0" type="stmt"/>
          <line num="42" count="0" type="stmt"/>
          <line num="43" count="0" type="stmt"/>
          <line num="46" count="0" type="cond" truecount="0" falsecount="2"/>
          <line num="48" count="0" type="stmt"/>
          <line num="55" count="0" type="stmt"/>
          <line num="56" count="0" type="stmt"/>
          <line num="57" count="0" type="stmt"/>
          <line num="62" count="0" type="stmt"/>
          <line num="63" count="0" type="stmt"/>
          <line num="75" count="0" type="stmt"/>
          <line num="77" count="0" type="stmt"/>
          <line num="83" count="0" type="stmt"/>
          <line num="84" count="0" type="stmt"/>
          <line num="86" count="0" type="stmt"/>
          <line num="90" count="0" type="stmt"/>
          <line num="92" count="0" type="stmt"/>
          <line num="99" count="0" type="stmt"/>
          <line num="100" count="0" type="stmt"/>
          <line num="102" count="0" type="stmt"/>
          <line num="103" count="0" type="stmt"/>
          <line num="105" count="0" type="stmt"/>
          <line num="113" count="0" type="stmt"/>
          <line num="114" count="0" type="stmt"/>
          <line num="119" count="0" type="stmt"/>
          <line num="120" count="0" type="stmt"/>
          <line num="122" count="0" type="stmt"/>
          <line num="126" count="0" type="stmt"/>
          <line num="127" count="0" type="stmt"/>
          <line num="128" count="0" type="cond" truecount="0" falsecount="2"/>
          <line num="129" count="0" type="stmt"/>
          <line num="131" count="0" type="stmt"/>
          <line num="136" count="0" type="stmt"/>
          <line num="137" count="0" type="stmt"/>
          <line num="138" count="0" type="stmt"/>
          <line num="140" count="0" type="stmt"/>
          <line num="144" count="0" type="stmt"/>
          <line num="146" count="0" type="stmt"/>
          <line num="148" count="0" type="stmt"/>
          <line num="158" count="0" type="stmt"/>
          <line num="159" count="0" type="stmt"/>
          <line num="160" count="0" type="stmt"/>
          <line num="162" count="0" type="stmt"/>
          <line num="169" count="0" type="cond" truecount="0" falsecount="2"/>
          <line num="170" count="0" type="stmt"/>
          <line num="175" count="0" type="cond" truecount="0" falsecount="2"/>
          <line num="177" count="0" type="stmt"/>
          <line num="178" count="0" type="stmt"/>
          <line num="179" count="0" type="stmt"/>
          <line num="180" count="0" type="stmt"/>
          <line num="182" count="0" type="stmt"/>
          <line num="185" count="0" type="stmt"/>
          <line num="187" count="0" type="stmt"/>
          <line num="192" count="0" type="cond" truecount="0" falsecount="2"/>
          <line num="194" count="0" type="stmt"/>
          <line num="202" count="0" type="stmt"/>
          <line num="203" count="0" type="stmt"/>
          <line num="205" count="0" type="stmt"/>
          <line num="209" count="0" type="stmt"/>
          <line num="211" count="0" type="stmt"/>
          <line num="220" count="0" type="stmt"/>
          <line num="225" count="0" type="stmt"/>
          <line num="226" count="0" type="stmt"/>
          <line num="229" count="0" type="cond" truecount="0" falsecount="2"/>
          <line num="230" count="0" type="stmt"/>
          <line num="235" count="0" type="stmt"/>
          <line num="236" count="0" type="stmt"/>
          <line num="237" count="0" type="stmt"/>
          <line num="242" count="0" type="stmt"/>
          <line num="246" count="0" type="cond" truecount="0" falsecount="2"/>
          <line num="247" count="0" type="stmt"/>
          <line num="248" count="0" type="stmt"/>
          <line num="253" count="0" type="stmt"/>
          <line num="255" count="0" type="stmt"/>
          <line num="265" count="0" type="stmt"/>
          <line num="267" count="0" type="stmt"/>
          <line num="272" count="0" type="stmt"/>
          <line num="273" count="0" type="stmt"/>
          <line num="277" count="0" type="stmt"/>
          <line num="278" count="0" type="cond" truecount="0" falsecount="2"/>
          <line num="279" count="0" type="stmt"/>
          <line num="280" count="0" type="stmt"/>
          <line num="288" count="0" type="stmt"/>
          <line num="300" count="0" type="stmt"/>
          <line num="308" count="0" type="stmt"/>
          <line num="312" count="0" type="stmt"/>
        </file>
      </package>
      <package name="src.billing.stripe">
        <metrics statements="48" coveredstatements="6" conditionals="13" coveredconditionals="2" methods="22" coveredmethods="1"/>
        <file name="stripe.exceptions.ts" path="/home/yongyiwong/greendirect/backend/greendirect-api/src/billing/stripe/stripe.exceptions.ts">
          <metrics statements="9" coveredstatements="1" conditionals="0" coveredconditionals="0" methods="6" coveredmethods="0"/>
          <line num="9" count="27" type="stmt"/>
          <line num="13" count="0" type="stmt"/>
          <line num="19" count="0" type="stmt"/>
          <line num="24" count="0" type="stmt"/>
          <line num="30" count="0" type="stmt"/>
          <line num="34" count="0" type="stmt"/>
          <line num="40" count="0" type="stmt"/>
          <line num="44" count="0" type="stmt"/>
          <line num="49" count="0" type="stmt"/>
        </file>
        <file name="stripe.service.ts" path="/home/yongyiwong/greendirect/backend/greendirect-api/src/billing/stripe/stripe.service.ts">
          <metrics statements="39" coveredstatements="5" conditionals="13" coveredconditionals="2" methods="16" coveredmethods="1"/>
          <line num="11" count="27" type="stmt"/>
          <line num="14" count="27" type="cond" truecount="2" falsecount="1"/>
          <line num="15" count="27" type="stmt"/>
          <line num="16" count="27" type="stmt"/>
          <line num="17" count="27" type="stmt"/>
          <line num="23" count="0" type="stmt"/>
          <line num="30" count="0" type="stmt"/>
          <line num="36" count="0" type="stmt"/>
          <line num="40" count="0" type="stmt"/>
          <line num="44" count="0" type="stmt"/>
          <line num="51" count="0" type="stmt"/>
          <line num="64" count="0" type="stmt"/>
          <line num="78" count="0" type="stmt"/>
          <line num="79" count="0" type="stmt"/>
          <line num="80" count="0" type="stmt"/>
          <line num="86" count="0" type="stmt"/>
          <line num="88" count="0" type="stmt"/>
          <line num="93" count="0" type="cond" truecount="0" falsecount="2"/>
          <line num="94" count="0" type="stmt"/>
          <line num="95" count="0" type="stmt"/>
          <line num="99" count="0" type="cond" truecount="0" falsecount="2"/>
          <line num="100" count="0" type="stmt"/>
          <line num="101" count="0" type="stmt"/>
          <line num="105" count="0" type="cond" truecount="0" falsecount="2"/>
          <line num="106" count="0" type="stmt"/>
          <line num="107" count="0" type="stmt"/>
          <line num="111" count="0" type="cond" truecount="0" falsecount="2"/>
          <line num="112" count="0" type="stmt"/>
          <line num="113" count="0" type="stmt"/>
          <line num="121" count="0" type="stmt"/>
          <line num="122" count="0" type="stmt"/>
          <line num="123" count="0" type="stmt"/>
          <line num="125" count="0" type="stmt"/>
          <line num="128" count="0" type="stmt"/>
          <line num="129" count="0" type="stmt"/>
          <line num="139" count="0" type="stmt"/>
          <line num="141" count="0" type="stmt"/>
          <line num="143" count="0" type="stmt"/>
          <line num="145" count="0" type="stmt"/>
        </file>
      </package>
      <package name="src.brand">
        <metrics statements="135" coveredstatements="82" conditionals="106" coveredconditionals="70" methods="26" coveredmethods="12"/>
        <file name="brand.controller.ts" path="/home/yongyiwong/greendirect/backend/greendirect-api/src/brand/brand.controller.ts">
          <metrics statements="39" coveredstatements="16" conditionals="50" coveredconditionals="33" methods="12" coveredmethods="1"/>
          <line num="45" count="27" type="stmt"/>
          <line num="50" count="27" type="stmt"/>
          <line num="52" count="27" type="cond" truecount="4" falsecount="1"/>
          <line num="53" count="27" type="cond" truecount="3" falsecount="1"/>
          <line num="54" count="27" type="cond" truecount="1" falsecount="1"/>
          <line num="67" count="27" type="stmt"/>
          <line num="77" count="0" type="stmt"/>
          <line num="78" count="0" type="stmt"/>
          <line num="89" count="0" type="stmt"/>
          <line num="96" count="27" type="cond" truecount="4" falsecount="2"/>
          <line num="97" count="0" type="stmt"/>
          <line num="103" count="27" type="stmt"/>
          <line num="111" count="0" type="stmt"/>
          <line num="112" count="0" type="stmt"/>
          <line num="117" count="27" type="stmt"/>
          <line num="121" count="0" type="stmt"/>
          <line num="126" count="27" type="stmt"/>
          <line num="130" count="0" type="stmt"/>
          <line num="134" count="27" type="stmt"/>
          <line num="138" count="0" type="stmt"/>
          <line num="139" count="0" type="stmt"/>
          <line num="141" count="0" type="stmt"/>
          <line num="154" count="27" type="stmt"/>
          <line num="165" count="0" type="stmt"/>
          <line num="166" count="0" type="stmt"/>
          <line num="178" count="0" type="stmt"/>
          <line num="185" count="27" type="stmt"/>
          <line num="188" count="0" type="stmt"/>
          <line num="194" count="27" type="stmt"/>
          <line num="200" count="0" type="stmt"/>
          <line num="208" count="27" type="stmt"/>
          <line num="215" count="0" type="stmt"/>
          <line num="216" count="0" type="stmt"/>
          <line num="223" count="0" type="stmt"/>
          <line num="225" count="0" type="stmt"/>
          <line num="232" count="27" type="stmt"/>
          <line num="237" count="0" type="stmt"/>
          <line num="238" count="0" type="stmt"/>
          <line num="244" count="0" type="stmt"/>
        </file>
        <file name="brand.exceptions.ts" path="/home/yongyiwong/greendirect/backend/greendirect-api/src/brand/brand.exceptions.ts">
          <metrics statements="2" coveredstatements="2" conditionals="2" coveredconditionals="2" methods="1" coveredmethods="1"/>
          <line num="5" count="27" type="stmt"/>
          <line num="10" count="7" type="cond" truecount="2" falsecount="0"/>
        </file>
        <file name="brand.module.ts" path="/home/yongyiwong/greendirect/backend/greendirect-api/src/brand/brand.module.ts">
          <metrics statements="1" coveredstatements="1" conditionals="0" coveredconditionals="0" methods="0" coveredmethods="0"/>
          <line num="15" count="27" type="stmt"/>
        </file>
        <file name="brand.service.ts" path="/home/yongyiwong/greendirect/backend/greendirect-api/src/brand/brand.service.ts">
          <metrics statements="93" coveredstatements="63" conditionals="54" coveredconditionals="35" methods="13" coveredmethods="10"/>
          <line num="31" count="27" type="stmt"/>
          <line num="35" count="27" type="cond" truecount="4" falsecount="1"/>
          <line num="37" count="27" type="cond" truecount="3" falsecount="1"/>
          <line num="38" count="27" type="cond" truecount="3" falsecount="1"/>
          <line num="39" count="27" type="cond" truecount="3" falsecount="1"/>
          <line num="40" count="27" type="cond" truecount="1" falsecount="1"/>
          <line num="42" count="27" type="stmt"/>
          <line num="43" count="27" type="stmt"/>
          <line num="44" count="27" type="stmt"/>
          <line num="59" count="15" type="stmt"/>
          <line num="60" count="15" type="stmt"/>
          <line num="61" count="15" type="stmt"/>
          <line num="62" count="15" type="stmt"/>
          <line num="64" count="15" type="stmt"/>
          <line num="65" count="15" type="stmt"/>
          <line num="71" count="15" type="cond" truecount="2" falsecount="0"/>
          <line num="72" count="7" type="stmt"/>
          <line num="73" count="7" type="stmt"/>
          <line num="78" count="15" type="cond" truecount="2" falsecount="2"/>
          <line num="79" count="0" type="stmt"/>
          <line num="91" count="15" type="cond" truecount="2" falsecount="2"/>
          <line num="92" count="0" type="stmt"/>
          <line num="100" count="15" type="cond" truecount="3" falsecount="1"/>
          <line num="101" count="0" type="stmt"/>
          <line num="110" count="15" type="stmt"/>
          <line num="117" count="15" type="cond" truecount="2" falsecount="0"/>
          <line num="118" count="14" type="stmt"/>
          <line num="121" count="15" type="stmt"/>
          <line num="123" count="15" type="cond" truecount="2" falsecount="0"/>
          <line num="124" count="1" type="stmt"/>
          <line num="126" count="1" type="cond" truecount="1" falsecount="1"/>
          <line num="127" count="0" type="stmt"/>
          <line num="135" count="1" type="stmt"/>
          <line num="138" count="14" type="stmt"/>
          <line num="139" count="14" type="cond" truecount="1" falsecount="1"/>
          <line num="140" count="0" type="stmt"/>
          <line num="145" count="0" type="stmt"/>
          <line num="147" count="14" type="stmt"/>
          <line num="150" count="15" type="stmt"/>
          <line num="152" count="0" type="stmt"/>
          <line num="157" count="1" type="stmt"/>
          <line num="158" count="1" type="stmt"/>
          <line num="159" count="1" type="stmt"/>
          <line num="161" count="0" type="stmt"/>
          <line num="166" count="7" type="stmt"/>
          <line num="167" count="7" type="stmt"/>
          <line num="177" count="7" type="cond" truecount="2" falsecount="0"/>
          <line num="178" count="5" type="stmt"/>
          <line num="180" count="7" type="stmt"/>
          <line num="181" count="7" type="stmt"/>
          <line num="182" count="5" type="stmt"/>
          <line num="184" count="2" type="stmt"/>
          <line num="189" count="1" type="stmt"/>
          <line num="190" count="1" type="stmt"/>
          <line num="191" count="1" type="stmt"/>
          <line num="192" count="1" type="stmt"/>
          <line num="194" count="0" type="stmt"/>
          <line num="202" count="4" type="stmt"/>
          <line num="203" count="4" type="stmt"/>
          <line num="205" count="0" type="stmt"/>
          <line num="213" count="0" type="stmt"/>
          <line num="214" count="0" type="stmt"/>
          <line num="215" count="0" type="stmt"/>
          <line num="216" count="0" type="stmt"/>
          <line num="217" count="0" type="stmt"/>
          <line num="218" count="0" type="stmt"/>
          <line num="219" count="0" type="stmt"/>
          <line num="224" count="0" type="stmt"/>
          <line num="231" count="0" type="stmt"/>
          <line num="232" count="0" type="stmt"/>
          <line num="235" count="0" type="stmt"/>
          <line num="236" count="0" type="cond" truecount="0" falsecount="4"/>
          <line num="237" count="0" type="stmt"/>
          <line num="238" count="0" type="stmt"/>
          <line num="240" count="0" type="stmt"/>
          <line num="249" count="2" type="stmt"/>
          <line num="280" count="2" type="cond" truecount="3" falsecount="1"/>
          <line num="281" count="0" type="stmt"/>
          <line num="282" count="0" type="stmt"/>
          <line num="286" count="0" type="stmt"/>
          <line num="293" count="0" type="stmt"/>
          <line num="297" count="2" type="stmt"/>
          <line num="299" count="2" type="stmt"/>
          <line num="300" count="1" type="stmt"/>
          <line num="301" count="1" type="stmt"/>
          <line num="302" count="1" type="stmt"/>
          <line num="303" count="1" type="stmt"/>
          <line num="306" count="2" type="stmt"/>
          <line num="312" count="4" type="stmt"/>
          <line num="313" count="4" type="cond" truecount="1" falsecount="1"/>
          <line num="314" count="0" type="stmt"/>
          <line num="316" count="4" type="stmt"/>
          <line num="319" count="4" type="stmt"/>
        </file>
      </package>
      <package name="src.campaign-monitor">
        <metrics statements="134" coveredstatements="17" conditionals="30" coveredconditionals="15" methods="29" coveredmethods="3"/>
        <file name="campaign-monitor.controller.ts" path="/home/yongyiwong/greendirect/backend/greendirect-api/src/campaign-monitor/campaign-monitor.controller.ts">
          <metrics statements="10" coveredstatements="4" conditionals="3" coveredconditionals="2" methods="3" coveredmethods="1"/>
          <line num="5" count="27" type="stmt"/>
          <line num="7" count="27" type="cond" truecount="2" falsecount="1"/>
          <line num="11" count="27" type="stmt"/>
          <line num="12" count="0" type="stmt"/>
          <line num="13" count="0" type="stmt"/>
          <line num="15" count="0" type="stmt"/>
          <line num="20" count="27" type="stmt"/>
          <line num="21" count="0" type="stmt"/>
          <line num="22" count="0" type="stmt"/>
          <line num="24" count="0" type="stmt"/>
        </file>
        <file name="campaign-monitor.module.ts" path="/home/yongyiwong/greendirect/backend/greendirect-api/src/campaign-monitor/campaign-monitor.module.ts">
          <metrics statements="1" coveredstatements="1" conditionals="0" coveredconditionals="0" methods="0" coveredmethods="0"/>
          <line num="11" count="27" type="stmt"/>
        </file>
        <file name="campaign-monitor.service.ts" path="/home/yongyiwong/greendirect/backend/greendirect-api/src/campaign-monitor/campaign-monitor.service.ts">
          <metrics statements="123" coveredstatements="12" conditionals="27" coveredconditionals="13" methods="26" coveredmethods="2"/>
          <line num="17" count="27" type="cond" truecount="2" falsecount="0"/>
          <line num="18" count="27" type="stmt"/>
          <line num="19" count="27" type="stmt"/>
          <line num="30" count="27" type="stmt"/>
          <line num="32" count="27" type="stmt"/>
          <line num="33" count="27" type="stmt"/>
          <line num="35" count="27" type="stmt"/>
          <line num="37" count="27" type="stmt"/>
          <line num="40" count="27" type="cond" truecount="4" falsecount="1"/>
          <line num="41" count="27" type="cond" truecount="3" falsecount="1"/>
          <line num="42" count="27" type="cond" truecount="3" falsecount="1"/>
          <line num="43" count="27" type="cond" truecount="1" falsecount="1"/>
          <line num="48" count="0" type="stmt"/>
          <line num="49" count="0" type="stmt"/>
          <line num="50" count="0" type="stmt"/>
          <line num="52" count="0" type="stmt"/>
          <line num="53" count="0" type="stmt"/>
          <line num="55" count="0" type="stmt"/>
          <line num="56" count="0" type="stmt"/>
          <line num="57" count="0" type="stmt"/>
          <line num="58" count="0" type="stmt"/>
          <line num="59" count="0" type="stmt"/>
          <line num="60" count="0" type="stmt"/>
          <line num="62" count="0" type="stmt"/>
          <line num="63" count="0" type="stmt"/>
          <line num="66" count="0" type="stmt"/>
          <line num="70" count="0" type="stmt"/>
          <line num="71" count="0" type="stmt"/>
          <line num="72" count="0" type="stmt"/>
          <line num="79" count="0" type="stmt"/>
          <line num="82" count="0" type="stmt"/>
          <line num="83" count="0" type="stmt"/>
          <line num="86" count="0" type="stmt"/>
          <line num="90" count="0" type="stmt"/>
          <line num="91" count="0" type="stmt"/>
          <line num="92" count="0" type="stmt"/>
          <line num="99" count="0" type="stmt"/>
          <line num="102" count="0" type="stmt"/>
          <line num="103" count="0" type="stmt"/>
          <line num="106" count="0" type="stmt"/>
          <line num="110" count="0" type="stmt"/>
          <line num="111" count="0" type="stmt"/>
          <line num="112" count="0" type="stmt"/>
          <line num="118" count="0" type="stmt"/>
          <line num="121" count="0" type="stmt"/>
          <line num="122" count="0" type="stmt"/>
          <line num="125" count="0" type="stmt"/>
          <line num="129" count="0" type="stmt"/>
          <line num="130" count="0" type="stmt"/>
          <line num="131" count="0" type="stmt"/>
          <line num="137" count="0" type="stmt"/>
          <line num="140" count="0" type="stmt"/>
          <line num="141" count="0" type="stmt"/>
          <line num="144" count="0" type="stmt"/>
          <line num="148" count="0" type="stmt"/>
          <line num="149" count="0" type="stmt"/>
          <line num="150" count="0" type="stmt"/>
          <line num="158" count="0" type="stmt"/>
          <line num="161" count="0" type="stmt"/>
          <line num="162" count="0" type="stmt"/>
          <line num="165" count="0" type="stmt"/>
          <line num="169" count="0" type="stmt"/>
          <line num="170" count="0" type="stmt"/>
          <line num="171" count="0" type="stmt"/>
          <line num="175" count="0" type="stmt"/>
          <line num="178" count="0" type="stmt"/>
          <line num="179" count="0" type="stmt"/>
          <line num="182" count="0" type="stmt"/>
          <line num="186" count="0" type="stmt"/>
          <line num="187" count="0" type="stmt"/>
          <line num="188" count="0" type="stmt"/>
          <line num="192" count="0" type="stmt"/>
          <line num="193" count="0" type="stmt"/>
          <line num="194" count="0" type="stmt"/>
          <line num="195" count="0" type="stmt"/>
          <line num="197" count="0" type="stmt"/>
          <line num="202" count="0" type="stmt"/>
          <line num="203" count="0" type="stmt"/>
          <line num="204" count="0" type="stmt"/>
          <line num="205" count="0" type="stmt"/>
          <line num="206" count="0" type="cond" truecount="0" falsecount="2"/>
          <line num="207" count="0" type="stmt"/>
          <line num="208" count="0" type="stmt"/>
          <line num="209" count="0" type="stmt"/>
          <line num="211" count="0" type="stmt"/>
          <line num="214" count="0" type="stmt"/>
          <line num="219" count="0" type="stmt"/>
          <line num="220" count="0" type="stmt"/>
          <line num="221" count="0" type="stmt"/>
          <line num="222" count="0" type="cond" truecount="0" falsecount="2"/>
          <line num="223" count="0" type="stmt"/>
          <line num="224" count="0" type="stmt"/>
          <line num="225" count="0" type="stmt"/>
          <line num="227" count="0" type="stmt"/>
          <line num="240" count="0" type="cond" truecount="0" falsecount="2"/>
          <line num="241" count="0" type="stmt"/>
          <line num="244" count="0" type="stmt"/>
          <line num="246" count="0" type="stmt"/>
          <line num="247" count="0" type="stmt"/>
          <line num="248" count="0" type="stmt"/>
          <line num="251" count="0" type="stmt"/>
          <line num="252" count="0" type="stmt"/>
          <line num="253" count="0" type="stmt"/>
          <line num="263" count="0" type="stmt"/>
          <line num="265" count="0" type="stmt"/>
          <line num="271" count="0" type="stmt"/>
          <line num="272" count="0" type="stmt"/>
          <line num="273" count="0" type="stmt"/>
          <line num="274" count="0" type="stmt"/>
          <line num="278" count="0" type="stmt"/>
          <line num="286" count="0" type="stmt"/>
          <line num="287" count="0" type="stmt"/>
          <line num="290" count="0" type="stmt"/>
          <line num="293" count="0" type="stmt"/>
          <line num="294" count="0" type="stmt"/>
          <line num="295" count="0" type="stmt"/>
          <line num="305" count="0" type="stmt"/>
          <line num="317" count="0" type="stmt"/>
          <line num="318" count="0" type="stmt"/>
          <line num="322" count="0" type="cond" truecount="0" falsecount="2"/>
          <line num="323" count="0" type="stmt"/>
          <line num="333" count="0" type="stmt"/>
          <line num="334" count="0" type="stmt"/>
        </file>
      </package>
      <package name="src.common">
        <metrics statements="15" coveredstatements="10" conditionals="4" coveredconditionals="2" methods="2" coveredmethods="1"/>
        <file name="file-item-type.dto.ts" path="/home/yongyiwong/greendirect/backend/greendirect-api/src/common/file-item-type.dto.ts">
          <metrics statements="5" coveredstatements="0" conditionals="2" coveredconditionals="0" methods="1" coveredmethods="0"/>
          <line num="1" count="0" type="cond" truecount="0" falsecount="2"/>
          <line num="2" count="0" type="stmt"/>
          <line num="3" count="0" type="stmt"/>
          <line num="4" count="0" type="stmt"/>
          <line num="5" count="0" type="stmt"/>
        </file>
        <file name="http.config.ts" path="/home/yongyiwong/greendirect/backend/greendirect-api/src/common/http.config.ts">
          <metrics statements="1" coveredstatements="1" conditionals="0" coveredconditionals="0" methods="0" coveredmethods="0"/>
          <line num="3" count="27" type="stmt"/>
        </file>
        <file name="search-count.dto.ts" path="/home/yongyiwong/greendirect/backend/greendirect-api/src/common/search-count.dto.ts">
          <metrics statements="8" coveredstatements="8" conditionals="2" coveredconditionals="2" methods="1" coveredmethods="1"/>
          <line num="1" count="27" type="cond" truecount="2" falsecount="0"/>
          <line num="2" count="27" type="stmt"/>
          <line num="3" count="27" type="stmt"/>
          <line num="4" count="27" type="stmt"/>
          <line num="5" count="27" type="stmt"/>
          <line num="6" count="27" type="stmt"/>
          <line num="33" count="27" type="stmt"/>
          <line num="34" count="27" type="stmt"/>
        </file>
        <file name="search-params.interface.ts" path="/home/yongyiwong/greendirect/backend/greendirect-api/src/common/search-params.interface.ts">
          <metrics statements="1" coveredstatements="1" conditionals="0" coveredconditionals="0" methods="0" coveredmethods="0"/>
          <line num="57" count="27" type="stmt"/>
        </file>
      </package>
      <package name="src.common.error">
        <metrics statements="22" coveredstatements="0" conditionals="14" coveredconditionals="0" methods="1" coveredmethods="0"/>
        <file name="error.filter.ts" path="/home/yongyiwong/greendirect/backend/greendirect-api/src/common/error/error.filter.ts">
          <metrics statements="22" coveredstatements="0" conditionals="14" coveredconditionals="0" methods="1" coveredmethods="0"/>
          <line num="1" count="0" type="stmt"/>
          <line num="8" count="0" type="stmt"/>
          <line num="9" count="0" type="stmt"/>
          <line num="19" count="0" type="stmt"/>
          <line num="26" count="0" type="stmt"/>
          <line num="28" count="0" type="stmt"/>
          <line num="29" count="0" type="stmt"/>
          <line num="30" count="0" type="stmt"/>
          <line num="38" count="0" type="cond" truecount="0" falsecount="2"/>
          <line num="39" count="0" type="stmt"/>
          <line num="40" count="0" type="stmt"/>
          <line num="41" count="0" type="stmt"/>
          <line num="45" count="0" type="cond" truecount="0" falsecount="2"/>
          <line num="46" count="0" type="stmt"/>
          <line num="47" count="0" type="cond" truecount="0" falsecount="2"/>
          <line num="48" count="0" type="stmt"/>
          <line num="52" count="0" type="cond" truecount="0" falsecount="2"/>
          <line num="54" count="0" type="stmt"/>
          <line num="62" count="0" type="cond" truecount="0" falsecount="4"/>
          <line num="63" count="0" type="stmt"/>
          <line num="64" count="0" type="stmt"/>
          <line num="67" count="0" type="stmt"/>
        </file>
      </package>
      <package name="src.common.middleware">
        <metrics statements="21" coveredstatements="1" conditionals="4" coveredconditionals="0" methods="9" coveredmethods="0"/>
        <file name="request-logger.middleware.ts" path="/home/yongyiwong/greendirect/backend/greendirect-api/src/common/middleware/request-logger.middleware.ts">
          <metrics statements="11" coveredstatements="0" conditionals="4" coveredconditionals="0" methods="4" coveredmethods="0"/>
          <line num="1" count="0" type="stmt"/>
          <line num="2" count="0" type="stmt"/>
          <line num="5" count="0" type="stmt"/>
          <line num="7" count="0" type="stmt"/>
          <line num="8" count="0" type="cond" truecount="0" falsecount="2"/>
          <line num="9" count="0" type="stmt"/>
          <line num="11" count="0" type="stmt"/>
          <line num="12" count="0" type="stmt"/>
          <line num="13" count="0" type="stmt"/>
          <line num="14" count="0" type="stmt"/>
          <line num="20" count="0" type="stmt"/>
        </file>
        <file name="version-header.middleware.ts" path="/home/yongyiwong/greendirect/backend/greendirect-api/src/common/middleware/version-header.middleware.ts">
          <metrics statements="10" coveredstatements="1" conditionals="0" coveredconditionals="0" methods="5" coveredmethods="0"/>
          <line num="5" count="27" type="stmt"/>
          <line num="7" count="0" type="stmt"/>
          <line num="8" count="0" type="stmt"/>
          <line num="9" count="0" type="stmt"/>
          <line num="10" count="0" type="stmt"/>
          <line num="13" count="0" type="stmt"/>
          <line num="14" count="0" type="stmt"/>
          <line num="15" count="0" type="stmt"/>
          <line num="16" count="0" type="stmt"/>
          <line num="17" count="0" type="stmt"/>
        </file>
      </package>
      <package name="src.common.pipes">
        <metrics statements="28" coveredstatements="18" conditionals="21" coveredconditionals="5" methods="7" coveredmethods="4"/>
        <file name="search-scrubber.pipe.ts" path="/home/yongyiwong/greendirect/backend/greendirect-api/src/common/pipes/search-scrubber.pipe.ts">
          <metrics statements="5" coveredstatements="5" conditionals="1" coveredconditionals="0" methods="2" coveredmethods="2"/>
          <line num="4" count="27" type="stmt"/>
          <line num="6" count="2" type="stmt"/>
          <line num="7" count="2" type="stmt"/>
          <line num="9" count="2" type="stmt"/>
          <line num="11" count="2" type="stmt"/>
        </file>
        <file name="search-validation.pipe.ts" path="/home/yongyiwong/greendirect/backend/greendirect-api/src/common/pipes/search-validation.pipe.ts">
          <metrics statements="23" coveredstatements="13" conditionals="20" coveredconditionals="5" methods="5" coveredmethods="2"/>
          <line num="10" count="27" type="stmt"/>
          <line num="13" count="433" type="stmt"/>
          <line num="14" count="433" type="stmt"/>
          <line num="18" count="0" type="stmt"/>
          <line num="20" count="0" type="stmt"/>
          <line num="22" count="0" type="stmt"/>
          <line num="24" count="0" type="stmt"/>
          <line num="26" count="0" type="stmt"/>
          <line num="28" count="0" type="stmt"/>
          <line num="32" count="0" type="cond" truecount="0" falsecount="2"/>
          <line num="36" count="0" type="cond" truecount="0" falsecount="2"/>
          <line num="37" count="0" type="cond" truecount="0" falsecount="2"/>
          <line num="38" count="0" type="cond" truecount="0" falsecount="2"/>
          <line num="46" count="1" type="cond" truecount="3" falsecount="1"/>
          <line num="47" count="1" type="stmt"/>
          <line num="48" count="1" type="stmt"/>
          <line num="49" count="1" type="cond" truecount="1" falsecount="1"/>
          <line num="51" count="1" type="stmt"/>
          <line num="52" count="1" type="stmt"/>
          <line num="56" count="1" type="cond" truecount="1" falsecount="1"/>
          <line num="57" count="1" type="stmt"/>
          <line num="58" count="1" type="stmt"/>
          <line num="59" count="1" type="stmt"/>
        </file>
      </package>
      <package name="src.common.transformers">
        <metrics statements="9" coveredstatements="9" conditionals="11" coveredconditionals="11" methods="7" coveredmethods="7"/>
        <file name="column-date-hours-rounding.transformer.ts" path="/home/yongyiwong/greendirect/backend/greendirect-api/src/common/transformers/column-date-hours-rounding.transformer.ts">
          <metrics statements="5" coveredstatements="5" conditionals="9" coveredconditionals="9" methods="3" coveredmethods="3"/>
          <line num="18" count="189" type="stmt"/>
          <line num="22" count="147073" type="cond" truecount="2" falsecount="0"/>
          <line num="30" count="207" type="cond" truecount="4" falsecount="0"/>
          <line num="31" count="191" type="stmt"/>
          <line num="35" count="16" type="stmt"/>
        </file>
        <file name="column-falsy-to-null.transformer.ts" path="/home/yongyiwong/greendirect/backend/greendirect-api/src/common/transformers/column-falsy-to-null.transformer.ts">
          <metrics statements="2" coveredstatements="2" conditionals="2" coveredconditionals="2" methods="2" coveredmethods="2"/>
          <line num="7" count="12" type="cond" truecount="2" falsecount="0"/>
          <line num="10" count="207" type="stmt"/>
        </file>
        <file name="column-numeric.transformer.ts" path="/home/yongyiwong/greendirect/backend/greendirect-api/src/common/transformers/column-numeric.transformer.ts">
          <metrics statements="2" coveredstatements="2" conditionals="0" coveredconditionals="0" methods="2" coveredmethods="2"/>
          <line num="3" count="1642" type="stmt"/>
          <line num="6" count="628756" type="stmt"/>
        </file>
      </package>
      <package name="src.coupon">
        <metrics statements="249" coveredstatements="165" conditionals="135" coveredconditionals="80" methods="49" coveredmethods="32"/>
        <file name="coupon.controller.ts" path="/home/yongyiwong/greendirect/backend/greendirect-api/src/coupon/coupon.controller.ts">
          <metrics statements="18" coveredstatements="10" conditionals="30" coveredconditionals="19" methods="8" coveredmethods="1"/>
          <line num="36" count="27" type="stmt"/>
          <line num="40" count="27" type="stmt"/>
          <line num="41" count="27" type="cond" truecount="2" falsecount="1"/>
          <line num="54" count="27" type="stmt"/>
          <line num="65" count="0" type="stmt"/>
          <line num="81" count="27" type="stmt"/>
          <line num="86" count="0" type="stmt"/>
          <line num="92" count="27" type="stmt"/>
          <line num="95" count="0" type="stmt"/>
          <line num="101" count="27" type="stmt"/>
          <line num="109" count="0" type="stmt"/>
          <line num="110" count="0" type="stmt"/>
          <line num="115" count="27" type="stmt"/>
          <line num="119" count="0" type="stmt"/>
          <line num="125" count="27" type="stmt"/>
          <line num="128" count="0" type="stmt"/>
          <line num="133" count="27" type="stmt"/>
          <line num="139" count="0" type="stmt"/>
        </file>
        <file name="coupon.exceptions.ts" path="/home/yongyiwong/greendirect/backend/greendirect-api/src/coupon/coupon.exceptions.ts">
          <metrics statements="3" coveredstatements="3" conditionals="2" coveredconditionals="2" methods="2" coveredmethods="2"/>
          <line num="5" count="27" type="stmt"/>
          <line num="10" count="3" type="cond" truecount="2" falsecount="0"/>
          <line num="25" count="8" type="stmt"/>
        </file>
        <file name="coupon.module.ts" path="/home/yongyiwong/greendirect/backend/greendirect-api/src/coupon/coupon.module.ts">
          <metrics statements="1" coveredstatements="1" conditionals="0" coveredconditionals="0" methods="0" coveredmethods="0"/>
          <line num="25" count="27" type="stmt"/>
        </file>
        <file name="coupon.service.ts" path="/home/yongyiwong/greendirect/backend/greendirect-api/src/coupon/coupon.service.ts">
          <metrics statements="227" coveredstatements="151" conditionals="103" coveredconditionals="59" methods="39" coveredmethods="29"/>
          <line num="21" count="27" type="stmt"/>
          <line num="26" count="27" type="cond" truecount="4" falsecount="1"/>
          <line num="28" count="27" type="cond" truecount="3" falsecount="1"/>
          <line num="30" count="27" type="cond" truecount="3" falsecount="1"/>
          <line num="32" count="27" type="cond" truecount="3" falsecount="1"/>
          <line num="34" count="27" type="cond" truecount="3" falsecount="1"/>
          <line num="37" count="27" type="cond" truecount="1" falsecount="1"/>
          <line num="39" count="27" type="stmt"/>
          <line num="40" count="27" type="stmt"/>
          <line num="41" count="27" type="stmt"/>
          <line num="54" count="4" type="cond" truecount="1" falsecount="1"/>
          <line num="55" count="4" type="stmt"/>
          <line num="56" count="4" type="stmt"/>
          <line num="57" count="4" type="stmt"/>
          <line num="80" count="4" type="cond" truecount="1" falsecount="1"/>
          <line num="81" count="0" type="stmt"/>
          <line num="88" count="4" type="cond" truecount="1" falsecount="1"/>
          <line num="89" count="4" type="stmt"/>
          <line num="97" count="4" type="cond" truecount="1" falsecount="1"/>
          <line num="98" count="4" type="stmt"/>
          <line num="100" count="4" type="cond" truecount="1" falsecount="1"/>
          <line num="101" count="0" type="stmt"/>
          <line num="105" count="4" type="cond" truecount="1" falsecount="1"/>
          <line num="106" count="4" type="stmt"/>
          <line num="108" count="4" type="stmt"/>
          <line num="109" count="4" type="cond" truecount="1" falsecount="1"/>
          <line num="110" count="0" type="stmt"/>
          <line num="111" count="0" type="stmt"/>
          <line num="112" count="0" type="stmt"/>
          <line num="113" count="0" type="stmt"/>
          <line num="115" count="4" type="stmt"/>
          <line num="117" count="0" type="stmt"/>
          <line num="122" count="95" type="stmt"/>
          <line num="123" count="95" type="stmt"/>
          <line num="145" count="95" type="stmt"/>
          <line num="152" count="95" type="stmt"/>
          <line num="159" count="95" type="stmt"/>
          <line num="170" count="95" type="cond" truecount="1" falsecount="1"/>
          <line num="171" count="95" type="stmt"/>
          <line num="175" count="95" type="stmt"/>
          <line num="177" count="0" type="stmt"/>
          <line num="186" count="3" type="stmt"/>
          <line num="187" count="3" type="stmt"/>
          <line num="214" count="3" type="cond" truecount="2" falsecount="0"/>
          <line num="215" count="2" type="stmt"/>
          <line num="218" count="3" type="cond" truecount="1" falsecount="1"/>
          <line num="219" count="0" type="stmt"/>
          <line num="224" count="3" type="stmt"/>
          <line num="228" count="3" type="stmt"/>
          <line num="229" count="3" type="stmt"/>
          <line num="231" count="3" type="stmt"/>
          <line num="232" count="3" type="stmt"/>
          <line num="234" count="0" type="stmt"/>
          <line num="239" count="5" type="stmt"/>
          <line num="240" count="5" type="stmt"/>
          <line num="241" count="5" type="stmt"/>
          <line num="242" count="5" type="cond" truecount="1" falsecount="1"/>
          <line num="243" count="5" type="stmt"/>
          <line num="244" count="5" type="stmt"/>
          <line num="248" count="5" type="stmt"/>
          <line num="253" count="5" type="stmt"/>
          <line num="254" count="5" type="cond" truecount="3" falsecount="1"/>
          <line num="255" count="5" type="stmt"/>
          <line num="256" count="5" type="stmt"/>
          <line num="257" count="5" type="stmt"/>
          <line num="258" count="5" type="stmt"/>
          <line num="259" count="5" type="stmt"/>
          <line num="260" count="5" type="stmt"/>
          <line num="261" count="5" type="stmt"/>
          <line num="265" count="5" type="cond" truecount="3" falsecount="1"/>
          <line num="266" count="5" type="stmt"/>
          <line num="267" count="5" type="stmt"/>
          <line num="268" count="5" type="stmt"/>
          <line num="269" count="5" type="stmt"/>
          <line num="270" count="5" type="stmt"/>
          <line num="271" count="5" type="stmt"/>
          <line num="272" count="5" type="stmt"/>
          <line num="276" count="5" type="cond" truecount="2" falsecount="0"/>
          <line num="277" count="1" type="stmt"/>
          <line num="278" count="1" type="stmt"/>
          <line num="279" count="1" type="stmt"/>
          <line num="281" count="5" type="stmt"/>
          <line num="283" count="0" type="stmt"/>
          <line num="288" count="3" type="stmt"/>
          <line num="290" count="3" type="stmt"/>
          <line num="291" count="3" type="stmt"/>
          <line num="292" count="3" type="stmt"/>
          <line num="295" count="3" type="stmt"/>
          <line num="296" count="3" type="stmt"/>
          <line num="297" count="3" type="stmt"/>
          <line num="298" count="3" type="stmt"/>
          <line num="299" count="3" type="stmt"/>
          <line num="300" count="3" type="cond" truecount="1" falsecount="1"/>
          <line num="301" count="3" type="stmt"/>
          <line num="302" count="3" type="stmt"/>
          <line num="303" count="3" type="stmt"/>
          <line num="310" count="3" type="stmt"/>
          <line num="315" count="3" type="stmt"/>
          <line num="316" count="3" type="cond" truecount="4" falsecount="0"/>
          <line num="317" count="2" type="stmt"/>
          <line num="318" count="2" type="stmt"/>
          <line num="319" count="2" type="stmt"/>
          <line num="320" count="2" type="stmt"/>
          <line num="321" count="2" type="stmt"/>
          <line num="322" count="2" type="stmt"/>
          <line num="323" count="2" type="stmt"/>
          <line num="327" count="3" type="cond" truecount="3" falsecount="1"/>
          <line num="328" count="3" type="stmt"/>
          <line num="329" count="3" type="stmt"/>
          <line num="330" count="3" type="stmt"/>
          <line num="331" count="3" type="stmt"/>
          <line num="332" count="3" type="stmt"/>
          <line num="333" count="3" type="stmt"/>
          <line num="334" count="3" type="stmt"/>
          <line num="338" count="3" type="cond" truecount="1" falsecount="1"/>
          <line num="339" count="0" type="stmt"/>
          <line num="340" count="0" type="stmt"/>
          <line num="341" count="0" type="stmt"/>
          <line num="343" count="3" type="stmt"/>
          <line num="345" count="0" type="stmt"/>
          <line num="353" count="1" type="stmt"/>
          <line num="354" count="1" type="stmt"/>
          <line num="359" count="0" type="stmt"/>
          <line num="364" count="3" type="stmt"/>
          <line num="365" count="3" type="stmt"/>
          <line num="369" count="3" type="cond" truecount="1" falsecount="1"/>
          <line num="370" count="0" type="stmt"/>
          <line num="372" count="3" type="stmt"/>
          <line num="373" count="3" type="stmt"/>
          <line num="376" count="0" type="stmt"/>
          <line num="384" count="3" type="stmt"/>
          <line num="385" count="3" type="stmt"/>
          <line num="390" count="0" type="stmt"/>
          <line num="395" count="5" type="stmt"/>
          <line num="396" count="5" type="stmt"/>
          <line num="397" count="5" type="stmt"/>
          <line num="399" count="0" type="stmt"/>
          <line num="404" count="3" type="stmt"/>
          <line num="405" count="3" type="stmt"/>
          <line num="406" count="3" type="stmt"/>
          <line num="408" count="0" type="stmt"/>
          <line num="413" count="0" type="stmt"/>
          <line num="415" count="0" type="cond" truecount="0" falsecount="2"/>
          <line num="416" count="0" type="stmt"/>
          <line num="417" count="0" type="cond" truecount="0" falsecount="2"/>
          <line num="418" count="0" type="stmt"/>
          <line num="420" count="0" type="stmt"/>
          <line num="423" count="0" type="stmt"/>
          <line num="430" count="1" type="stmt"/>
          <line num="431" count="1" type="stmt"/>
          <line num="432" count="1" type="stmt"/>
          <line num="433" count="1" type="cond" truecount="3" falsecount="1"/>
          <line num="434" count="1" type="stmt"/>
          <line num="435" count="1" type="stmt"/>
          <line num="436" count="1" type="stmt"/>
          <line num="437" count="1" type="stmt"/>
          <line num="439" count="1" type="stmt"/>
          <line num="440" count="1" type="stmt"/>
          <line num="441" count="1" type="stmt"/>
          <line num="446" count="1" type="stmt"/>
          <line num="452" count="0" type="stmt"/>
          <line num="453" count="0" type="stmt"/>
          <line num="454" count="0" type="stmt"/>
          <line num="456" count="0" type="stmt"/>
          <line num="458" count="0" type="cond" truecount="0" falsecount="4"/>
          <line num="459" count="0" type="stmt"/>
          <line num="460" count="0" type="stmt"/>
          <line num="461" count="0" type="stmt"/>
          <line num="462" count="0" type="stmt"/>
          <line num="463" count="0" type="stmt"/>
          <line num="467" count="0" type="stmt"/>
          <line num="474" count="2" type="stmt"/>
          <line num="475" count="2" type="stmt"/>
          <line num="480" count="0" type="stmt"/>
          <line num="487" count="2" type="stmt"/>
          <line num="488" count="2" type="stmt"/>
          <line num="492" count="2" type="cond" truecount="1" falsecount="1"/>
          <line num="493" count="0" type="stmt"/>
          <line num="495" count="2" type="stmt"/>
          <line num="496" count="2" type="stmt"/>
          <line num="499" count="0" type="stmt"/>
          <line num="506" count="5" type="stmt"/>
          <line num="507" count="5" type="stmt"/>
          <line num="508" count="5" type="stmt"/>
          <line num="510" count="0" type="stmt"/>
          <line num="517" count="2" type="stmt"/>
          <line num="518" count="2" type="stmt"/>
          <line num="519" count="2" type="stmt"/>
          <line num="521" count="0" type="stmt"/>
          <line num="529" count="0" type="stmt"/>
          <line num="530" count="0" type="stmt"/>
          <line num="535" count="0" type="stmt"/>
          <line num="542" count="0" type="stmt"/>
          <line num="543" count="0" type="stmt"/>
          <line num="547" count="0" type="cond" truecount="0" falsecount="2"/>
          <line num="548" count="0" type="stmt"/>
          <line num="550" count="0" type="stmt"/>
          <line num="551" count="0" type="stmt"/>
          <line num="554" count="0" type="stmt"/>
          <line num="561" count="1" type="stmt"/>
          <line num="562" count="1" type="stmt"/>
          <line num="563" count="1" type="stmt"/>
          <line num="565" count="0" type="stmt"/>
          <line num="572" count="0" type="stmt"/>
          <line num="573" count="0" type="stmt"/>
          <line num="574" count="0" type="stmt"/>
          <line num="576" count="0" type="stmt"/>
          <line num="584" count="0" type="stmt"/>
          <line num="585" count="0" type="stmt"/>
          <line num="586" count="0" type="stmt"/>
          <line num="587" count="0" type="stmt"/>
          <line num="588" count="0" type="stmt"/>
          <line num="589" count="0" type="stmt"/>
          <line num="590" count="0" type="stmt"/>
          <line num="595" count="0" type="stmt"/>
          <line num="602" count="0" type="stmt"/>
          <line num="603" count="0" type="stmt"/>
          <line num="606" count="0" type="stmt"/>
          <line num="607" count="0" type="cond" truecount="0" falsecount="4"/>
          <line num="608" count="0" type="stmt"/>
          <line num="609" count="0" type="stmt"/>
          <line num="611" count="0" type="stmt"/>
          <line num="619" count="19" type="stmt"/>
          <line num="620" count="19" type="cond" truecount="1" falsecount="1"/>
          <line num="621" count="0" type="stmt"/>
          <line num="623" count="19" type="stmt"/>
          <line num="637" count="0" type="stmt"/>
        </file>
      </package>
      <package name="src.deal">
        <metrics statements="260" coveredstatements="132" conditionals="202" coveredconditionals="105" methods="49" coveredmethods="20"/>
        <file name="deal-category.enum.ts" path="/home/yongyiwong/greendirect/backend/greendirect-api/src/deal/deal-category.enum.ts">
          <metrics statements="10" coveredstatements="10" conditionals="2" coveredconditionals="2" methods="1" coveredmethods="1"/>
          <line num="1" count="27" type="cond" truecount="2" falsecount="0"/>
          <line num="2" count="27" type="stmt"/>
          <line num="3" count="27" type="stmt"/>
          <line num="4" count="27" type="stmt"/>
          <line num="5" count="27" type="stmt"/>
          <line num="6" count="27" type="stmt"/>
          <line num="7" count="27" type="stmt"/>
          <line num="8" count="27" type="stmt"/>
          <line num="9" count="27" type="stmt"/>
          <line num="10" count="27" type="stmt"/>
        </file>
        <file name="deal.controller.ts" path="/home/yongyiwong/greendirect/backend/greendirect-api/src/deal/deal.controller.ts">
          <metrics statements="40" coveredstatements="14" conditionals="56" coveredconditionals="32" methods="10" coveredmethods="1"/>
          <line num="47" count="27" type="stmt"/>
          <line num="52" count="27" type="stmt"/>
          <line num="54" count="27" type="cond" truecount="4" falsecount="1"/>
          <line num="55" count="27" type="cond" truecount="3" falsecount="1"/>
          <line num="56" count="27" type="cond" truecount="3" falsecount="1"/>
          <line num="57" count="27" type="cond" truecount="1" falsecount="1"/>
          <line num="75" count="27" type="stmt"/>
          <line num="94" count="0" type="stmt"/>
          <line num="95" count="0" type="stmt"/>
          <line num="111" count="0" type="stmt"/>
          <line num="117" count="27" type="stmt"/>
          <line num="121" count="0" type="stmt"/>
          <line num="127" count="27" type="cond" truecount="4" falsecount="2"/>
          <line num="128" count="0" type="stmt"/>
          <line num="129" count="0" type="stmt"/>
          <line num="130" count="0" type="stmt"/>
          <line num="136" count="27" type="stmt"/>
          <line num="144" count="0" type="stmt"/>
          <line num="145" count="0" type="stmt"/>
          <line num="146" count="0" type="stmt"/>
          <line num="151" count="27" type="stmt"/>
          <line num="155" count="0" type="stmt"/>
          <line num="168" count="27" type="stmt"/>
          <line num="173" count="0" type="stmt"/>
          <line num="174" count="0" type="stmt"/>
          <line num="175" count="0" type="stmt"/>
          <line num="181" count="0" type="cond" truecount="0" falsecount="2"/>
          <line num="182" count="0" type="stmt"/>
          <line num="185" count="0" type="stmt"/>
          <line num="186" count="0" type="cond" truecount="0" falsecount="2"/>
          <line num="187" count="0" type="stmt"/>
          <line num="191" count="0" type="stmt"/>
          <line num="193" count="0" type="stmt"/>
          <line num="197" count="0" type="stmt"/>
          <line num="202" count="0" type="stmt"/>
          <line num="204" count="0" type="stmt"/>
          <line num="211" count="27" type="stmt"/>
          <line num="214" count="0" type="stmt"/>
          <line num="220" count="27" type="stmt"/>
          <line num="226" count="0" type="stmt"/>
        </file>
        <file name="deal.exceptions.ts" path="/home/yongyiwong/greendirect/backend/greendirect-api/src/deal/deal.exceptions.ts">
          <metrics statements="6" coveredstatements="3" conditionals="11" coveredconditionals="6" methods="5" coveredmethods="2"/>
          <line num="8" count="27" type="stmt"/>
          <line num="13" count="1" type="cond" truecount="2" falsecount="0"/>
          <line num="22" count="2" type="cond" truecount="4" falsecount="0"/>
          <line num="39" count="0" type="cond" truecount="0" falsecount="5"/>
          <line num="50" count="0" type="stmt"/>
          <line num="59" count="0" type="stmt"/>
        </file>
        <file name="deal.module.ts" path="/home/yongyiwong/greendirect/backend/greendirect-api/src/deal/deal.module.ts">
          <metrics statements="1" coveredstatements="1" conditionals="0" coveredconditionals="0" methods="0" coveredmethods="0"/>
          <line num="24" count="27" type="stmt"/>
        </file>
        <file name="deal.service.ts" path="/home/yongyiwong/greendirect/backend/greendirect-api/src/deal/deal.service.ts">
          <metrics statements="203" coveredstatements="104" conditionals="133" coveredconditionals="65" methods="33" coveredmethods="16"/>
          <line num="39" count="27" type="stmt"/>
          <line num="41" count="27" type="stmt"/>
          <line num="44" count="27" type="cond" truecount="4" falsecount="1"/>
          <line num="46" count="27" type="cond" truecount="3" falsecount="1"/>
          <line num="48" count="27" type="cond" truecount="3" falsecount="1"/>
          <line num="50" count="27" type="cond" truecount="3" falsecount="1"/>
          <line num="51" count="27" type="cond" truecount="3" falsecount="1"/>
          <line num="52" count="27" type="cond" truecount="3" falsecount="1"/>
          <line num="53" count="27" type="cond" truecount="1" falsecount="1"/>
          <line num="55" count="27" type="stmt"/>
          <line num="56" count="27" type="stmt"/>
          <line num="57" count="27" type="stmt"/>
          <line num="77" count="19" type="stmt"/>
          <line num="79" count="19" type="stmt"/>
          <line num="80" count="19" type="stmt"/>
          <line num="82" count="19" type="stmt"/>
          <line num="83" count="19" type="stmt"/>
          <line num="106" count="19" type="cond" truecount="2" falsecount="0"/>
          <line num="107" count="14" type="stmt"/>
          <line num="108" count="14" type="stmt"/>
          <line num="111" count="19" type="cond" truecount="2" falsecount="0"/>
          <line num="112" count="2" type="stmt"/>
          <line num="117" count="19" type="cond" truecount="1" falsecount="1"/>
          <line num="118" count="0" type="stmt"/>
          <line num="125" count="19" type="cond" truecount="2" falsecount="2"/>
          <line num="126" count="0" type="stmt"/>
          <line num="136" count="19" type="cond" truecount="2" falsecount="2"/>
          <line num="137" count="0" type="stmt"/>
          <line num="145" count="19" type="cond" truecount="4" falsecount="0"/>
          <line num="146" count="1" type="stmt"/>
          <line num="155" count="18" type="stmt"/>
          <line num="166" count="19" type="cond" truecount="1" falsecount="1"/>
          <line num="167" count="19" type="stmt"/>
          <line num="170" count="19" type="cond" truecount="2" falsecount="0"/>
          <line num="171" count="15" type="stmt"/>
          <line num="177" count="19" type="stmt"/>
          <line num="183" count="19" type="cond" truecount="1" falsecount="1"/>
          <line num="184" count="19" type="stmt"/>
          <line num="187" count="19" type="cond" truecount="1" falsecount="1"/>
          <line num="188" count="0" type="stmt"/>
          <line num="193" count="19" type="cond" truecount="2" falsecount="0"/>
          <line num="196" count="15" type="stmt"/>
          <line num="201" count="19" type="stmt"/>
          <line num="203" count="19" type="stmt"/>
          <line num="209" count="19" type="cond" truecount="2" falsecount="0"/>
          <line num="211" count="1" type="stmt"/>
          <line num="212" count="1" type="cond" truecount="1" falsecount="1"/>
          <line num="213" count="0" type="stmt"/>
          <line num="214" count="0" type="stmt"/>
          <line num="218" count="0" type="stmt"/>
          <line num="220" count="1" type="stmt"/>
          <line num="222" count="1" type="stmt"/>
          <line num="223" count="1" type="stmt"/>
          <line num="225" count="18" type="stmt"/>
          <line num="226" count="18" type="cond" truecount="2" falsecount="0"/>
          <line num="227" count="1" type="stmt"/>
          <line num="234" count="1" type="stmt"/>
          <line num="238" count="18" type="stmt"/>
          <line num="241" count="19" type="stmt"/>
          <line num="243" count="0" type="stmt"/>
          <line num="248" count="1" type="stmt"/>
          <line num="249" count="1" type="stmt"/>
          <line num="265" count="1" type="cond" truecount="1" falsecount="1"/>
          <line num="266" count="0" type="stmt"/>
          <line num="271" count="1" type="stmt"/>
          <line num="275" count="1" type="stmt"/>
          <line num="276" count="1" type="stmt"/>
          <line num="278" count="1" type="stmt"/>
          <line num="279" count="1" type="stmt"/>
          <line num="281" count="0" type="stmt"/>
          <line num="286" count="5" type="stmt"/>
          <line num="288" count="5" type="stmt"/>
          <line num="289" count="5" type="stmt"/>
          <line num="291" count="5" type="cond" truecount="4" falsecount="0"/>
          <line num="292" count="2" type="stmt"/>
          <line num="293" count="2" type="stmt"/>
          <line num="294" count="2" type="stmt"/>
          <line num="295" count="2" type="stmt"/>
          <line num="296" count="2" type="stmt"/>
          <line num="297" count="2" type="stmt"/>
          <line num="298" count="2" type="stmt"/>
          <line num="303" count="5" type="stmt"/>
          <line num="305" count="0" type="stmt"/>
          <line num="310" count="2" type="stmt"/>
          <line num="311" count="2" type="stmt"/>
          <line num="313" count="2" type="stmt"/>
          <line num="314" count="2" type="stmt"/>
          <line num="315" count="2" type="cond" truecount="3" falsecount="1"/>
          <line num="316" count="2" type="stmt"/>
          <line num="317" count="2" type="stmt"/>
          <line num="318" count="2" type="stmt"/>
          <line num="319" count="2" type="stmt"/>
          <line num="320" count="2" type="stmt"/>
          <line num="321" count="2" type="stmt"/>
          <line num="322" count="2" type="stmt"/>
          <line num="326" count="2" type="stmt"/>
          <line num="328" count="0" type="stmt"/>
          <line num="336" count="0" type="stmt"/>
          <line num="337" count="0" type="stmt"/>
          <line num="339" count="0" type="stmt"/>
          <line num="346" count="5" type="stmt"/>
          <line num="348" count="5" type="cond" truecount="4" falsecount="1"/>
          <line num="349" count="0" type="stmt"/>
          <line num="352" count="5" type="stmt"/>
          <line num="358" count="5" type="stmt"/>
          <line num="359" count="5" type="stmt"/>
[...]
          <line num="711" count="0" type="stmt"/>
          <line num="719" count="2" type="stmt"/>
          <line num="720" count="2" type="stmt"/>
          <line num="722" count="2" type="cond" truecount="1" falsecount="1"/>
          <line num="723" count="2" type="cond" truecount="1" falsecount="1"/>
          <line num="724" count="0" type="stmt"/>
          <line num="728" count="2" type="stmt"/>
          <line num="729" count="2" type="stmt"/>
          <line num="730" count="2" type="stmt"/>
          <line num="731" count="2" type="stmt"/>
          <line num="735" count="2" type="cond" truecount="1" falsecount="1"/>
          <line num="736" count="2" type="stmt"/>
          <line num="741" count="2" type="stmt"/>
          <line num="747" count="0" type="stmt"/>
          <line num="755" count="16" type="stmt"/>
          <line num="756" count="16" type="cond" truecount="4" falsecount="0"/>
          <line num="757" count="5" type="stmt"/>
          <line num="762" count="5" type="stmt"/>
          <line num="764" count="16" type="stmt"/>
          <line num="766" count="0" type="stmt"/>
          <line num="772" count="1" type="stmt"/>
          <line num="773" count="1" type="stmt"/>
          <line num="774" count="1" type="stmt"/>
          <line num="775" count="1" type="stmt"/>
          <line num="780" count="0" type="stmt"/>
          <line num="788" count="17" type="cond" truecount="1" falsecount="1"/>
          <line num="789" count="17" type="stmt"/>
          <line num="790" count="17" type="stmt"/>
          <line num="792" count="0" type="stmt"/>
          <line num="797" count="4" type="stmt"/>
          <line num="798" count="4" type="stmt"/>
          <line num="801" count="4" type="cond" truecount="1" falsecount="1"/>
          <line num="802" count="4" type="cond" truecount="2" falsecount="0"/>
          <line num="803" count="2" type="stmt"/>
          <line num="806" count="2" type="cond" truecount="2" falsecount="0"/>
          <line num="807" count="1" type="stmt"/>
          <line num="815" count="0" type="stmt"/>
          <line num="820" count="0" type="stmt"/>
          <line num="821" count="0" type="stmt"/>
          <line num="828" count="0" type="cond" truecount="0" falsecount="2"/>
          <line num="829" count="0" type="stmt"/>
          <line num="834" count="0" type="stmt"/>
          <line num="835" count="0" type="stmt"/>
          <line num="836" count="0" type="stmt"/>
          <line num="837" count="0" type="stmt"/>
          <line num="839" count="0" type="stmt"/>
          <line num="844" count="0" type="stmt"/>
          <line num="845" count="0" type="stmt"/>
          <line num="857" count="0" type="stmt"/>
          <line num="859" count="0" type="stmt"/>
          <line num="864" count="0" type="stmt"/>
          <line num="868" count="0" type="stmt"/>
          <line num="869" count="0" type="cond" truecount="0" falsecount="2"/>
          <line num="870" count="0" type="stmt"/>
          <line num="872" count="0" type="stmt"/>
          <line num="876" count="0" type="stmt"/>
          <line num="877" count="0" type="cond" truecount="0" falsecount="2"/>
          <line num="878" count="0" type="stmt"/>
          <line num="881" count="0" type="stmt"/>
          <line num="892" count="0" type="cond" truecount="0" falsecount="2"/>
          <line num="893" count="0" type="stmt"/>
          <line num="896" count="0" type="stmt"/>
        </file>
      </package>
      <package name="src.user-identification">
        <metrics statements="13" coveredstatements="13" conditionals="5" coveredconditionals="3" methods="7" coveredmethods="7"/>
        <file name="user.idenfication.module.ts" path="/home/yongyiwong/greendirect/backend/greendirect-api/src/user-identification/user.idenfication.module.ts">
          <metrics statements="1" coveredstatements="1" conditionals="0" coveredconditionals="0" methods="0" coveredmethods="0"/>
          <line num="15" count="27" type="stmt"/>
        </file>
        <file name="user.identification.service.ts" path="/home/yongyiwong/greendirect/backend/greendirect-api/src/user-identification/user.identification.service.ts">
          <metrics statements="12" coveredstatements="12" conditionals="5" coveredconditionals="3" methods="7" coveredmethods="7"/>
          <line num="8" count="27" type="stmt"/>
          <line num="11" count="27" type="cond" truecount="2" falsecount="1"/>
          <line num="18" count="1" type="stmt"/>
          <line num="24" count="7" type="stmt"/>
          <line num="28" count="1" type="stmt"/>
          <line num="32" count="1" type="stmt"/>
          <line num="33" count="1" type="cond" truecount="1" falsecount="1"/>
          <line num="34" count="1" type="stmt"/>
          <line num="42" count="3" type="stmt"/>
          <line num="43" count="3" type="stmt"/>
          <line num="45" count="3" type="stmt"/>
          <line num="61" count="5" type="stmt"/>
        </file>
      </package>
      <package name="src.user-identification.dto">
        <metrics statements="17" coveredstatements="0" conditionals="0" coveredconditionals="0" methods="0" coveredmethods="0"/>
        <file name="UserIdentification.update.dto.ts" path="/home/yongyiwong/greendirect/backend/greendirect-api/src/user-identification/dto/UserIdentification.update.dto.ts">
          <metrics statements="17" coveredstatements="0" conditionals="0" coveredconditionals="0" methods="0" coveredmethods="0"/>
          <line num="1" count="0" type="stmt"/>
          <line num="18" count="0" type="stmt"/>
          <line num="22" count="0" type="stmt"/>
          <line num="25" count="0" type="stmt"/>
          <line num="28" count="0" type="stmt"/>
          <line num="31" count="0" type="stmt"/>
          <line num="34" count="0" type="stmt"/>
          <line num="37" count="0" type="stmt"/>
          <line num="40" count="0" type="stmt"/>
          <line num="43" count="0" type="stmt"/>
          <line num="46" count="0" type="stmt"/>
          <line num="49" count="0" type="stmt"/>
          <line num="52" count="0" type="stmt"/>
          <line num="55" count="0" type="stmt"/>
          <line num="58" count="0" type="stmt"/>
          <line num="61" count="0" type="stmt"/>
          <line num="65" count="0" type="stmt"/>
        </file>
      </package>
      <package name="src.user-location">
        <metrics statements="111" coveredstatements="93" conditionals="53" coveredconditionals="37" methods="26" coveredmethods="25"/>
        <file name="user-location.exceptions.ts" path="/home/yongyiwong/greendirect/backend/greendirect-api/src/user-location/user-location.exceptions.ts">
          <metrics statements="8" coveredstatements="7" conditionals="4" coveredconditionals="3" methods="2" coveredmethods="2"/>
          <line num="8" count="27" type="stmt"/>
          <line num="20" count="15" type="stmt"/>
          <line num="22" count="15" type="cond" truecount="2" falsecount="0"/>
          <line num="23" count="8" type="stmt"/>
          <line num="27" count="7" type="cond" truecount="1" falsecount="1"/>
          <line num="28" count="0" type="stmt"/>
          <line num="31" count="7" type="stmt"/>
          <line num="33" count="7" type="stmt"/>
        </file>
        <file name="user-location.module.ts" path="/home/yongyiwong/greendirect/backend/greendirect-api/src/user-location/user-location.module.ts">
          <metrics statements="3" coveredstatements="3" conditionals="0" coveredconditionals="0" methods="2" coveredmethods="2"/>
          <line num="12" count="81" type="stmt"/>
          <line num="14" count="81" type="stmt"/>
          <line num="19" count="27" type="stmt"/>
        </file>
        <file name="user-location.service.ts" path="/home/yongyiwong/greendirect/backend/greendirect-api/src/user-location/user-location.service.ts">
          <metrics statements="100" coveredstatements="83" conditionals="49" coveredconditionals="34" methods="22" coveredmethods="21"/>
          <line num="20" count="27" type="stmt"/>
          <line num="23" count="27" type="cond" truecount="4" falsecount="1"/>
          <line num="24" count="27" type="cond" truecount="3" falsecount="1"/>
          <line num="25" count="27" type="cond" truecount="1" falsecount="1"/>
          <line num="29" count="2" type="stmt"/>
          <line num="36" count="1" type="stmt"/>
          <line num="45" count="58" type="stmt"/>
          <line num="63" count="0" type="stmt"/>
          <line num="77" count="2" type="cond" truecount="2" falsecount="0"/>
          <line num="78" count="2" type="stmt"/>
          <line num="79" count="2" type="stmt"/>
          <line num="96" count="2" type="cond" truecount="1" falsecount="1"/>
          <line num="97" count="2" type="stmt"/>
          <line num="99" count="2" type="cond" truecount="1" falsecount="1"/>
          <line num="100" count="0" type="stmt"/>
          <line num="105" count="2" type="cond" truecount="1" falsecount="1"/>
          <line num="107" count="2" type="stmt"/>
          <line num="112" count="2" type="stmt"/>
          <line num="113" count="2" type="stmt"/>
          <line num="115" count="2" type="stmt"/>
          <line num="116" count="2" type="cond" truecount="1" falsecount="1"/>
          <line num="117" count="0" type="stmt"/>
          <line num="119" count="2" type="stmt"/>
          <line num="121" count="2" type="stmt"/>
          <line num="122" count="2" type="stmt"/>
          <line num="126" count="27" type="stmt"/>
          <line num="133" count="5" type="stmt"/>
          <line num="134" count="5" type="stmt"/>
          <line num="135" count="5" type="stmt"/>
          <line num="138" count="6" type="stmt"/>
          <line num="144" count="5" type="stmt"/>
          <line num="145" count="5" type="stmt"/>
          <line num="147" count="5" type="stmt"/>
          <line num="148" count="5" type="cond" truecount="2" falsecount="0"/>
          <line num="149" count="4" type="stmt"/>
          <line num="151" count="4" type="cond" truecount="1" falsecount="1"/>
          <line num="152" count="4" type="stmt"/>
          <line num="159" count="0" type="stmt"/>
          <line num="163" count="4" type="stmt"/>
          <line num="167" count="5" type="stmt"/>
          <line num="168" count="5" type="cond" truecount="2" falsecount="0"/>
          <line num="169" count="4" type="stmt"/>
          <line num="171" count="4" type="cond" truecount="1" falsecount="1"/>
          <line num="172" count="4" type="stmt"/>
          <line num="178" count="0" type="stmt"/>
          <line num="182" count="4" type="stmt"/>
          <line num="186" count="5" type="stmt"/>
          <line num="187" count="5" type="stmt"/>
          <line num="188" count="5" type="stmt"/>
          <line num="190" count="0" type="cond" truecount="0" falsecount="2"/>
          <line num="191" count="0" type="stmt"/>
          <line num="193" count="0" type="stmt"/>
          <line num="203" count="30" type="stmt"/>
          <line num="204" count="30" type="stmt"/>
          <line num="210" count="30" type="stmt"/>
          <line num="212" count="0" type="stmt"/>
          <line num="221" count="1" type="stmt"/>
          <line num="222" count="1" type="stmt"/>
          <line num="228" count="1" type="stmt"/>
          <line num="230" count="0" type="stmt"/>
          <line num="238" count="16" type="stmt"/>
          <line num="239" count="16" type="stmt"/>
          <line num="241" count="0" type="stmt"/>
          <line num="248" count="3" type="stmt"/>
          <line num="249" count="3" type="stmt"/>
          <line num="252" count="3" type="stmt"/>
          <line num="253" count="3" type="stmt"/>
          <line num="255" count="0" type="stmt"/>
          <line num="263" count="8" type="stmt"/>
          <line num="264" count="8" type="stmt"/>
          <line num="265" count="8" type="cond" truecount="1" falsecount="1"/>
          <line num="266" count="0" type="stmt"/>
          <line num="269" count="8" type="stmt"/>
          <line num="282" count="34" type="stmt"/>
          <line num="283" count="34" type="stmt"/>
          <line num="284" count="34" type="stmt"/>
          <line num="285" count="34" type="stmt"/>
          <line num="286" count="34" type="stmt"/>
          <line num="292" count="34" type="cond" truecount="2" falsecount="0"/>
          <line num="293" count="3" type="stmt"/>
          <line num="300" count="34" type="stmt"/>
          <line num="301" count="34" type="stmt"/>
          <line num="303" count="0" type="stmt"/>
          <line num="313" count="1" type="stmt"/>
          <line num="314" count="1" type="stmt"/>
          <line num="315" count="1" type="cond" truecount="1" falsecount="1"/>
          <line num="316" count="1" type="stmt"/>
          <line num="318" count="1" type="stmt"/>
          <line num="319" count="1" type="stmt"/>
          <line num="321" count="0" type="stmt"/>
          <line num="331" count="62" type="cond" truecount="2" falsecount="0"/>
          <line num="332" count="62" type="stmt"/>
          <line num="333" count="62" type="stmt"/>
          <line num="338" count="0" type="stmt"/>
          <line num="346" count="3" type="stmt"/>
          <line num="347" count="3" type="stmt"/>
          <line num="348" count="3" type="stmt"/>
          <line num="349" count="42" type="stmt"/>
          <line num="353" count="3" type="stmt"/>
          <line num="355" count="0" type="stmt"/>
        </file>
      </package>
      <package name="src.user-location.dto">
        <metrics statements="5" coveredstatements="1" conditionals="0" coveredconditionals="0" methods="0" coveredmethods="0"/>
        <file name="save-user-location.dto.ts" path="/home/yongyiwong/greendirect/backend/greendirect-api/src/user-location/dto/save-user-location.dto.ts">
          <metrics statements="2" coveredstatements="0" conditionals="0" coveredconditionals="0" methods="0" coveredmethods="0"/>
          <line num="1" count="0" type="stmt"/>
          <line num="5" count="0" type="stmt"/>
        </file>
        <file name="save-user-locations-compat.dto.ts" path="/home/yongyiwong/greendirect/backend/greendirect-api/src/user-location/dto/save-user-locations-compat.dto.ts">
          <metrics statements="2" coveredstatements="0" conditionals="0" coveredconditionals="0" methods="0" coveredmethods="0"/>
          <line num="1" count="0" type="stmt"/>
          <line num="7" count="0" type="stmt"/>
        </file>
        <file name="save-user-locations.dto.ts" path="/home/yongyiwong/greendirect/backend/greendirect-api/src/user-location/dto/save-user-locations.dto.ts">
          <metrics statements="1" coveredstatements="1" conditionals="0" coveredconditionals="0" methods="0" coveredmethods="0"/>
          <line num="5" count="27" type="stmt"/>
        </file>
      </package>
      <package name="src.user-role">
        <metrics statements="25" coveredstatements="14" conditionals="17" coveredconditionals="10" methods="8" coveredmethods="5"/>
        <file name="user-role.module.ts" path="/home/yongyiwong/greendirect/backend/greendirect-api/src/user-role/user-role.module.ts">
          <metrics statements="1" coveredstatements="1" conditionals="0" coveredconditionals="0" methods="0" coveredmethods="0"/>
          <line num="12" count="27" type="stmt"/>
        </file>
        <file name="user-role.service.ts" path="/home/yongyiwong/greendirect/backend/greendirect-api/src/user-role/user-role.service.ts">
          <metrics statements="24" coveredstatements="13" conditionals="17" coveredconditionals="10" methods="8" coveredmethods="5"/>
          <line num="12" count="27" type="stmt"/>
          <line num="15" count="27" type="cond" truecount="2" falsecount="1"/>
          <line num="19" count="4" type="stmt"/>
          <line num="20" count="4" type="stmt"/>
          <line num="21" count="4" type="stmt"/>
          <line num="29" count="0" type="stmt"/>
          <line num="31" count="4" type="stmt"/>
          <line num="35" count="4" type="stmt"/>
          <line num="36" count="4" type="stmt"/>
          <line num="37" count="4" type="stmt"/>
          <line num="39" count="4" type="cond" truecount="1" falsecount="1"/>
          <line num="40" count="4" type="stmt"/>
          <line num="43" count="0" type="stmt"/>
          <line num="45" count="4" type="stmt"/>
          <line num="53" count="0" type="stmt"/>
          <line num="54" count="0" type="stmt"/>
          <line num="55" count="0" type="stmt"/>
          <line num="57" count="0" type="cond" truecount="0" falsecount="2"/>
          <line num="58" count="0" type="stmt"/>
          <line num="73" count="0" type="stmt"/>
          <line num="75" count="0" type="stmt"/>
          <line num="79" count="27" type="stmt"/>
          <line num="83" count="0" type="stmt"/>
          <line num="84" count="0" type="stmt"/>
        </file>
      </package>
      <package name="src.user-role.dto">
        <metrics statements="1" coveredstatements="1" conditionals="0" coveredconditionals="0" methods="0" coveredmethods="0"/>
        <file name="save-user-roles.dto.ts" path="/home/yongyiwong/greendirect/backend/greendirect-api/src/user-role/dto/save-user-roles.dto.ts">
          <metrics statements="1" coveredstatements="1" conditionals="0" coveredconditionals="0" methods="0" coveredmethods="0"/>
          <line num="6" count="27" type="stmt"/>
        </file>
      </package>
      <package name="src.user.freeway-user">
        <metrics statements="25" coveredstatements="23" conditionals="13" coveredconditionals="11" methods="8" coveredmethods="7"/>
        <file name="freeway-user.dto.ts" path="/home/yongyiwong/greendirect/backend/greendirect-api/src/user/freeway-user/freeway-user.dto.ts">
          <metrics statements="6" coveredstatements="6" conditionals="4" coveredconditionals="4" methods="2" coveredmethods="2"/>
          <line num="7" count="27" type="cond" truecount="2" falsecount="0"/>
          <line num="8" count="27" type="stmt"/>
          <line num="26" count="27" type="cond" truecount="2" falsecount="0"/>
          <line num="27" count="27" type="stmt"/>
          <line num="28" count="27" type="stmt"/>
          <line num="33" count="27" type="stmt"/>
        </file>
        <file name="freeway.module.ts" path="/home/yongyiwong/greendirect/backend/greendirect-api/src/user/freeway-user/freeway.module.ts">
          <metrics statements="1" coveredstatements="1" conditionals="0" coveredconditionals="0" methods="0" coveredmethods="0"/>
          <line num="11" count="27" type="stmt"/>
        </file>
        <file name="freeway.service.ts" path="/home/yongyiwong/greendirect/backend/greendirect-api/src/user/freeway-user/freeway.service.ts">
          <metrics statements="18" coveredstatements="16" conditionals="9" coveredconditionals="7" methods="6" coveredmethods="5"/>
          <line num="16" count="27" type="stmt"/>
          <line num="19" count="54" type="cond" truecount="2" falsecount="1"/>
          <line num="26" count="3" type="cond" truecount="2" falsecount="0"/>
          <line num="27" count="2" type="stmt"/>
          <line num="32" count="2" type="stmt"/>
          <line num="33" count="2" type="stmt"/>
          <line num="38" count="1" type="stmt"/>
          <line num="45" count="4" type="stmt"/>
          <line num="46" count="4" type="stmt"/>
          <line num="52" count="4" type="cond" truecount="2" falsecount="0"/>
          <line num="53" count="2" type="stmt"/>
          <line num="55" count="4" type="stmt"/>
          <line num="56" count="4" type="stmt"/>
          <line num="57" count="1" type="stmt"/>
          <line num="59" count="1" type="stmt"/>
          <line num="67" count="4" type="stmt"/>
          <line num="69" count="0" type="stmt"/>
          <line num="74" count="0" type="stmt"/>
        </file>
      </package>
    </metrics>
  </project>
</coverage>
