TN:
SF:/home/yongyiwong/greendirect/backend/greendirect-api/src/app.controller.ts
FN:8,(anonymous_2)
FN:11,(anonymous_3)
FNF:2
FNH:2
FNDA:28,(anonymous_2)
FNDA:1,(anonymous_3)
DA:7,28
DA:8,28
DA:11,28
DA:12,1
LF:4
LH:4
BRDA:11,0,0,0
BRDA:11,0,1,28
BRDA:11,1,0,0
BRDA:8,2,0,28
BRDA:8,2,1,0
BRDA:8,3,0,28
BRF:6
BRH:3
end_of_record
TN:
SF:/home/yongyiwong/greendirect/backend/greendirect-api/src/app.module.ts
FN:131,(anonymous_2)
FN:133,(anonymous_3)
FN:144,(anonymous_4)
FN:110,(anonymous_5)
FNF:4
FNH:2
FNDA:27,(anonymous_2)
FNDA:0,(anonymous_3)
FNDA:0,(anonymous_4)
FNDA:27,(anonymous_5)
DA:54,27
DA:55,27
DA:56,27
DA:114,27
DA:127,27
DA:129,27
DA:131,27
DA:134,0
LF:8
LH:7
BRDA:70,0,0,27
BRDA:70,0,1,27
BRDA:131,1,0,27
BRDA:131,1,1,0
BRDA:131,2,0,27
BRF:5
BRH:4
end_of_record
TN:
SF:/home/yongyiwong/greendirect/backend/greendirect-api/src/app.service.ts
FN:5,(anonymous_8)
FN:6,(anonymous_9)
FN:7,(anonymous_10)
FN:13,(anonymous_11)
FN:32,(anonymous_12)
FN:43,(anonymous_13)
FN:50,(anonymous_14)
FN:55,(anonymous_15)
FN:55,(anonymous_16)
FN:68,(anonymous_17)
FNF:10
FNH:5
FNDA:0,(anonymous_8)
FNDA:0,(anonymous_9)
FNDA:0,(anonymous_10)
FNDA:28,(anonymous_11)
FNDA:109,(anonymous_12)
FNDA:56,(anonymous_13)
FNDA:112,(anonymous_14)
FNDA:0,(anonymous_15)
FNDA:0,(anonymous_16)
FNDA:1,(anonymous_17)
DA:5,28
DA:6,0
DA:7,0
DA:8,0
DA:13,28
DA:14,28
DA:15,28
DA:16,28
DA:17,28
DA:18,28
DA:21,28
DA:22,28
DA:32,28
DA:33,109
DA:34,109
DA:35,109
DA:36,109
DA:43,28
DA:47,56
DA:48,56
DA:49,56
DA:50,112
DA:51,56
DA:52,56
DA:55,28
DA:56,0
DA:57,0
DA:58,0
DA:60,0
DA:62,0
DA:67,28
DA:69,1
DA:70,1
DA:71,1
LF:34
LH:26
BRDA:8,0,0,0
BRDA:8,0,1,0
BRDA:13,1,0,28
BRDA:13,1,1,28
BRDA:34,2,0,1
BRDA:34,2,1,108
BRDA:34,3,0,109
BRDA:34,3,1,1
BRDA:36,4,0,109
BRDA:36,4,1,109
BRDA:48,5,0,0
BRDA:48,5,1,56
BRDA:48,6,0,56
BRDA:48,6,1,0
BRDA:49,7,0,0
BRDA:49,7,1,56
BRDA:49,8,0,56
BRDA:49,8,1,0
BRDA:52,9,0,56
BRDA:52,9,1,56
BRDA:60,10,0,0
BRDA:60,10,1,0
BRDA:70,11,0,1
BRDA:70,11,1,0
BRF:24
BRH:15
end_of_record
TN:
SF:/home/yongyiwong/greendirect/backend/greendirect-api/src/gd-expected.exception.ts
FN:78,(anonymous_0)
FN:55,(anonymous_1)
FN:74,(anonymous_2)
FNF:3
FNH:3
FNDA:45,(anonymous_0)
FNDA:280,(anonymous_1)
FNDA:3,(anonymous_2)
DA:60,280
DA:61,37
DA:75,3
DA:79,45
DA:80,45
DA:81,45
DA:83,45
DA:84,45
DA:88,45
DA:89,45
LF:10
LH:10
BRDA:85,0,0,45
BRDA:85,0,1,0
BRDA:85,0,2,45
BRDA:90,1,0,35
BRDA:90,1,1,10
BRDA:60,2,0,37
BRDA:60,2,1,243
BRF:7
BRH:6
end_of_record
TN:
SF:/home/yongyiwong/greendirect/backend/greendirect-api/src/greendirect-logger.ts
FN:7,(anonymous_1)
FN:13,(anonymous_2)
FN:29,(anonymous_3)
FN:33,(anonymous_4)
FN:37,(anonymous_5)
FNF:5
FNH:1
FNDA:378,(anonymous_1)
FNDA:0,(anonymous_2)
FNDA:0,(anonymous_3)
FNDA:0,(anonymous_4)
FNDA:0,(anonymous_5)
DA:7,378
DA:8,378
DA:15,0
DA:16,0
DA:18,0
DA:19,0
DA:20,0
DA:30,0
DA:34,0
DA:38,0
LF:10
LH:2
BRF:0
BRH:0
end_of_record
TN:
SF:/home/yongyiwong/greendirect/backend/greendirect-api/src/main.hmr.ts
FN:6,bootstrap
FN:12,(anonymous_9)
FNF:2
FNH:0
FNDA:0,bootstrap
FNDA:0,(anonymous_9)
DA:1,0
DA:2,0
DA:7,0
DA:8,0
DA:10,0
DA:11,0
DA:12,0
DA:15,0
LF:8
LH:0
BRDA:10,0,0,0
BRDA:10,0,1,0
BRF:2
BRH:0
end_of_record
TN:
SF:/home/yongyiwong/greendirect/backend/greendirect-api/src/main.ts
FN:19,bootstrap
FN:72,(anonymous_10)
FN:79,(anonymous_11)
FN:117,(anonymous_12)
FNF:4
FNH:0
FNDA:0,bootstrap
FNDA:0,(anonymous_10)
FNDA:0,(anonymous_11)
FNDA:0,(anonymous_12)
DA:1,0
DA:2,0
DA:3,0
DA:4,0
DA:6,0
DA:7,0
DA:8,0
DA:9,0
DA:11,0
DA:12,0
DA:13,0
DA:14,0
DA:20,0
DA:21,0
DA:24,0
DA:26,0
DA:28,0
DA:32,0
DA:33,0
DA:35,0
DA:36,0
DA:37,0
DA:42,0
DA:43,0
DA:44,0
DA:45,0
DA:46,0
DA:47,0
DA:49,0
DA:51,0
DA:53,0
DA:54,0
DA:62,0
DA:63,0
DA:71,0
DA:72,0
DA:73,0
DA:74,0
DA:78,0
DA:79,0
DA:80,0
DA:81,0
DA:83,0
DA:84,0
DA:87,0
DA:88,0
DA:89,0
DA:99,0
DA:101,0
DA:102,0
DA:103,0
DA:104,0
DA:107,0
DA:109,0
DA:110,0
DA:115,0
DA:117,0
DA:118,0
DA:119,0
DA:120,0
DA:122,0
DA:126,0
DA:129,0
DA:130,0
DA:131,0
DA:133,0
LF:66
LH:0
BRDA:24,0,0,0
BRDA:24,0,1,0
BRDA:26,1,0,0
BRDA:26,1,1,0
BRDA:44,2,0,0
BRDA:44,2,1,0
BRDA:46,3,0,0
BRDA:46,3,1,0
BRDA:47,4,0,0
BRDA:47,4,1,0
BRDA:53,5,0,0
BRDA:53,5,1,0
BRDA:71,6,0,0
BRDA:71,6,1,0
BRDA:73,7,0,0
BRDA:73,7,1,0
BRDA:78,8,0,0
BRDA:78,8,1,0
BRDA:78,9,0,0
BRDA:78,9,1,0
BRDA:81,10,0,0
BRDA:81,10,1,0
BRDA:99,11,0,0
BRDA:99,11,1,0
BRDA:99,12,0,0
BRDA:99,12,1,0
BRDA:101,13,0,0
BRDA:101,13,1,0
BRDA:103,14,0,0
BRDA:103,14,1,0
BRDA:109,15,0,0
BRDA:109,15,1,0
BRDA:118,16,0,0
BRDA:118,16,1,0
BRDA:118,17,0,0
BRDA:118,17,1,0
BRDA:129,18,0,0
BRDA:129,18,1,0
BRF:38
BRH:0
end_of_record
TN:
SF:/home/yongyiwong/greendirect/backend/greendirect-api/src/task-runner.ts
FN:26,(anonymous_8)
FN:46,(anonymous_9)
FN:48,(anonymous_10)
FN:104,(anonymous_12)
FN:109,(anonymous_13)
FN:126,(anonymous_15)
FN:146,(anonymous_17)
FN:183,(anonymous_19)
FN:200,(anonymous_21)
FN:215,(anonymous_23)
FN:231,(anonymous_25)
FN:243,(anonymous_27)
FN:255,(anonymous_29)
FN:268,(anonymous_31)
FN:282,(anonymous_33)
FN:302,(anonymous_35)
FNF:16
FNH:0
FNDA:0,(anonymous_8)
FNDA:0,(anonymous_9)
FNDA:0,(anonymous_10)
FNDA:0,(anonymous_12)
FNDA:0,(anonymous_13)
FNDA:0,(anonymous_15)
FNDA:0,(anonymous_17)
FNDA:0,(anonymous_19)
FNDA:0,(anonymous_21)
FNDA:0,(anonymous_23)
FNDA:0,(anonymous_25)
FNDA:0,(anonymous_27)
FNDA:0,(anonymous_29)
FNDA:0,(anonymous_31)
FNDA:0,(anonymous_33)
FNDA:0,(anonymous_35)
DA:1,0
DA:2,0
DA:3,0
DA:5,0
DA:6,0
DA:8,0
DA:9,0
DA:13,0
DA:14,0
DA:15,0
DA:16,0
DA:17,0
DA:18,0
DA:19,0
DA:20,0
DA:21,0
DA:22,0
DA:23,0
DA:26,0
DA:27,0
DA:28,0
DA:30,0
DA:31,0
DA:32,0
DA:33,0
DA:34,0
DA:35,0
DA:36,0
DA:37,0
DA:38,0
DA:39,0
DA:44,0
DA:46,0
DA:49,0
DA:53,0
DA:56,0
DA:57,0
DA:59,0
DA:61,0
DA:62,0
DA:64,0
DA:65,0
DA:70,0
DA:71,0
DA:73,0
DA:74,0
DA:76,0
DA:77,0
DA:79,0
DA:80,0
DA:82,0
DA:83,0
DA:85,0
DA:86,0
DA:88,0
DA:89,0
DA:91,0
DA:92,0
DA:94,0
DA:95,0
DA:97,0
DA:98,0
DA:101,0
DA:105,0
DA:106,0
DA:110,0
DA:113,0
DA:114,0
DA:127,0
DA:128,0
DA:131,0
DA:134,0
DA:135,0
DA:136,0
DA:138,0
DA:140,0
DA:147,0
DA:150,0
DA:153,0
DA:154,0
DA:155,0
DA:156,0
DA:158,0
DA:160,0
DA:184,0
DA:187,0
DA:188,0
DA:189,0
DA:190,0
DA:192,0
DA:194,0
DA:201,0
DA:202,0
DA:203,0
DA:204,0
DA:206,0
DA:208,0
DA:216,0
DA:219,0
DA:220,0
DA:221,0
DA:223,0
DA:228,0
DA:232,0
DA:235,0
DA:236,0
DA:240,0
DA:244,0
DA:247,0
DA:248,0
DA:252,0
DA:256,0
DA:257,0
DA:260,0
DA:261,0
DA:263,0
DA:265,0
DA:269,0
DA:272,0
DA:273,0
DA:274,0
DA:275,0
DA:277,0
DA:279,0
DA:283,0
DA:284,0
DA:285,0
DA:287,0
DA:288,0
DA:289,0
DA:290,0
DA:291,0
DA:296,0
DA:297,0
DA:299,0
DA:303,0
DA:304,0
DA:308,0
DA:309,0
DA:311,0
DA:312,0
DA:313,0
DA:314,0
DA:315,0
DA:316,0
DA:318,0
DA:319,0
DA:321,0
LF:148
LH:0
BRDA:26,0,0,0
BRDA:26,0,1,0
BRDA:60,1,0,0
BRDA:60,1,1,0
BRDA:60,1,2,0
BRDA:60,1,3,0
BRDA:60,1,4,0
BRDA:60,1,5,0
BRDA:60,1,6,0
BRDA:60,1,7,0
BRDA:60,1,8,0
BRDA:60,1,9,0
BRDA:60,1,10,0
BRDA:60,1,11,0
BRDA:283,2,0,0
BRDA:283,2,1,0
BRDA:303,3,0,0
BRDA:303,3,1,0
BRDA:308,4,0,0
BRDA:308,4,1,0
BRF:20
BRH:0
end_of_record
TN:
SF:/home/yongyiwong/greendirect/backend/greendirect-api/src/billing/billing.exceptions.ts
FN:13,(anonymous_0)
FN:24,(anonymous_1)
FN:30,(anonymous_2)
FN:36,(anonymous_3)
FN:42,(anonymous_4)
FN:49,(anonymous_5)
FN:55,(anonymous_6)
FN:61,(anonymous_7)
FN:67,(anonymous_8)
FN:72,(anonymous_9)
FN:82,(anonymous_10)
FNF:11
FNH:0
FNDA:0,(anonymous_0)
FNDA:0,(anonymous_1)
FNDA:0,(anonymous_2)
FNDA:0,(anonymous_3)
FNDA:0,(anonymous_4)
FNDA:0,(anonymous_5)
FNDA:0,(anonymous_6)
FNDA:0,(anonymous_7)
FNDA:0,(anonymous_8)
FNDA:0,(anonymous_9)
FNDA:0,(anonymous_10)
DA:8,27
DA:13,0
DA:19,0
DA:24,0
DA:30,0
DA:36,0
DA:43,0
DA:49,0
DA:55,0
DA:61,0
DA:67,0
DA:72,0
DA:82,0
LF:13
LH:1
BRDA:20,0,0,0
BRDA:20,0,1,0
BRDA:43,1,0,0
BRDA:43,1,1,0
BRDA:72,2,0,0
BRDA:72,2,1,0
BRF:6
BRH:0
end_of_record
TN:
SF:/home/yongyiwong/greendirect/backend/greendirect-api/src/billing/billing.module.ts
FNF:0
FNH:0
DA:13,27
LF:1
LH:1
BRF:0
BRH:0
end_of_record
TN:
SF:/home/yongyiwong/greendirect/backend/greendirect-api/src/billing/billing.service.ts
FN:21,(anonymous_11)
FN:28,(anonymous_12)
FN:41,(anonymous_14)
FN:52,(anonymous_16)
FN:81,(anonymous_18)
FN:95,(anonymous_20)
FN:108,(anonymous_22)
FN:125,(anonymous_24)
FN:135,(anonymous_26)
FN:152,(anonymous_28)
FN:191,(anonymous_30)
FN:200,(anonymous_32)
FN:214,(anonymous_34)
FN:271,(anonymous_36)
FNF:14
FNH:1
FNDA:54,(anonymous_11)
FNDA:0,(anonymous_12)
FNDA:0,(anonymous_14)
FNDA:0,(anonymous_16)
FNDA:0,(anonymous_18)
FNDA:0,(anonymous_20)
FNDA:0,(anonymous_22)
FNDA:0,(anonymous_24)
FNDA:0,(anonymous_26)
FNDA:0,(anonymous_28)
FNDA:0,(anonymous_30)
FNDA:0,(anonymous_32)
FNDA:0,(anonymous_34)
FNDA:0,(anonymous_36)
DA:20,27
DA:22,54
DA:23,54
DA:25,54
DA:31,0
DA:32,0
DA:35,0
DA:37,0
DA:42,0
DA:43,0
DA:46,0
DA:48,0
DA:55,0
DA:56,0
DA:57,0
DA:62,0
DA:63,0
DA:75,0
DA:77,0
DA:83,0
DA:84,0
DA:86,0
DA:90,0
DA:92,0
DA:99,0
DA:100,0
DA:102,0
DA:103,0
DA:105,0
DA:113,0
DA:114,0
DA:119,0
DA:120,0
DA:122,0
DA:126,0
DA:127,0
DA:128,0
DA:129,0
DA:131,0
DA:136,0
DA:137,0
DA:138,0
DA:140,0
DA:144,0
DA:146,0
DA:148,0
DA:158,0
DA:159,0
DA:160,0
DA:162,0
DA:169,0
DA:170,0
DA:175,0
DA:177,0
DA:178,0
DA:179,0
DA:180,0
DA:182,0
DA:185,0
DA:187,0
DA:192,0
DA:194,0
DA:202,0
DA:203,0
DA:205,0
DA:209,0
DA:211,0
DA:220,0
DA:225,0
DA:226,0
DA:229,0
DA:230,0
DA:235,0
DA:236,0
DA:237,0
DA:242,0
DA:246,0
DA:247,0
DA:248,0
DA:253,0
DA:255,0
DA:265,0
DA:267,0
DA:272,0
DA:273,0
DA:277,0
DA:278,0
DA:279,0
DA:280,0
DA:288,0
DA:300,0
DA:308,0
DA:312,0
LF:93
LH:4
BRDA:46,0,0,0
BRDA:46,0,1,0
BRDA:128,1,0,0
BRDA:128,1,1,0
BRDA:154,2,0,0
BRDA:155,3,0,0
BRDA:169,4,0,0
BRDA:169,4,1,0
BRDA:175,5,0,0
BRDA:175,5,1,0
BRDA:192,6,0,0
BRDA:192,6,1,0
BRDA:218,7,0,0
BRDA:229,8,0,0
BRDA:229,8,1,0
BRDA:246,9,0,0
BRDA:246,9,1,0
BRDA:278,10,0,0
BRDA:278,10,1,0
BRDA:281,11,0,0
BRDA:281,11,1,0
BRDA:303,12,0,0
BRDA:303,12,1,0
BRDA:22,13,0,27
BRDA:22,13,1,0
BRDA:22,14,0,27
BRDA:23,15,0,27
BRDA:23,15,1,0
BRDA:22,16,0,27
BRDA:22,16,1,27
BRDA:25,17,0,27
BRDA:25,17,1,0
BRDA:23,18,0,27
BRDA:23,18,1,27
BRF:34
BRH:8
end_of_record
TN:
SF:/home/yongyiwong/greendirect/backend/greendirect-api/src/billing/stripe/stripe.exceptions.ts
FN:13,(anonymous_0)
FN:18,(anonymous_1)
FN:24,(anonymous_2)
FN:33,(anonymous_3)
FN:43,(anonymous_4)
FN:49,(anonymous_5)
FNF:6
FNH:0
FNDA:0,(anonymous_0)
FNDA:0,(anonymous_1)
FNDA:0,(anonymous_2)
FNDA:0,(anonymous_3)
FNDA:0,(anonymous_4)
FNDA:0,(anonymous_5)
DA:9,27
DA:13,0
DA:19,0
DA:24,0
DA:30,0
DA:34,0
DA:40,0
DA:44,0
DA:49,0
LF:9
LH:1
BRF:0
BRH:0
end_of_record
TN:
SF:/home/yongyiwong/greendirect/backend/greendirect-api/src/billing/stripe/stripe.service.ts
FN:14,(anonymous_9)
FN:20,(anonymous_10)
FN:26,(anonymous_12)
FN:33,(anonymous_14)
FN:39,(anonymous_16)
FN:43,(anonymous_18)
FN:47,(anonymous_20)
FN:54,(anonymous_22)
FN:73,(anonymous_24)
FN:92,(anonymous_26)
FN:98,(anonymous_28)
FN:104,(anonymous_30)
FN:110,(anonymous_32)
FN:116,(anonymous_34)
FN:126,(anonymous_36)
FN:140,(anonymous_37)
FNF:16
FNH:1
FNDA:27,(anonymous_9)
FNDA:0,(anonymous_10)
FNDA:0,(anonymous_12)
FNDA:0,(anonymous_14)
FNDA:0,(anonymous_16)
FNDA:0,(anonymous_18)
FNDA:0,(anonymous_20)
FNDA:0,(anonymous_22)
FNDA:0,(anonymous_24)
FNDA:0,(anonymous_26)
FNDA:0,(anonymous_28)
FNDA:0,(anonymous_30)
FNDA:0,(anonymous_32)
FNDA:0,(anonymous_34)
FNDA:0,(anonymous_36)
FNDA:0,(anonymous_37)
DA:11,27
DA:14,27
DA:15,27
DA:16,27
DA:17,27
DA:23,0
DA:30,0
DA:36,0
DA:40,0
DA:44,0
DA:51,0
DA:64,0
DA:78,0
DA:79,0
DA:80,0
DA:86,0
DA:88,0
DA:93,0
DA:94,0
DA:95,0
DA:99,0
DA:100,0
DA:101,0
DA:105,0
DA:106,0
DA:107,0
DA:111,0
DA:112,0
DA:113,0
DA:121,0
DA:122,0
DA:123,0
DA:125,0
DA:128,0
DA:129,0
DA:139,0
DA:141,0
DA:143,0
DA:145,0
LF:39
LH:5
BRDA:75,0,0,0
BRDA:93,1,0,0
BRDA:93,1,1,0
BRDA:99,2,0,0
BRDA:99,2,1,0
BRDA:105,3,0,0
BRDA:105,3,1,0
BRDA:111,4,0,0
BRDA:111,4,1,0
BRDA:119,5,0,0
BRDA:14,6,0,27
BRDA:14,6,1,0
BRDA:14,7,0,27
BRF:13
BRH:2
end_of_record
TN:
SF:/home/yongyiwong/greendirect/backend/greendirect-api/src/brand/brand.controller.ts
FN:51,(anonymous_11)
FN:67,(anonymous_12)
FN:96,(anonymous_14)
FN:103,(anonymous_16)
FN:117,(anonymous_18)
FN:126,(anonymous_20)
FN:134,(anonymous_22)
FN:154,(anonymous_24)
FN:185,(anonymous_26)
FN:194,(anonymous_28)
FN:208,(anonymous_29)
FN:232,(anonymous_31)
FNF:12
FNH:1
FNDA:27,(anonymous_11)
FNDA:0,(anonymous_12)
FNDA:0,(anonymous_14)
FNDA:0,(anonymous_16)
FNDA:0,(anonymous_18)
FNDA:0,(anonymous_20)
FNDA:0,(anonymous_22)
FNDA:0,(anonymous_24)
FNDA:0,(anonymous_26)
FNDA:0,(anonymous_28)
FNDA:0,(anonymous_29)
FNDA:0,(anonymous_31)
DA:45,27
DA:50,27
DA:52,27
DA:53,27
DA:54,27
DA:67,27
DA:77,0
DA:78,0
DA:89,0
DA:96,27
DA:97,0
DA:103,27
DA:111,0
DA:112,0
DA:117,27
DA:121,0
DA:126,27
DA:130,0
DA:134,27
DA:138,0
DA:139,0
DA:141,0
DA:154,27
DA:165,0
DA:166,0
DA:178,0
DA:185,27
DA:188,0
DA:194,27
DA:200,0
DA:208,27
DA:215,0
DA:216,0
DA:223,0
DA:225,0
DA:232,27
DA:237,0
DA:238,0
DA:244,0
LF:39
LH:16
BRDA:76,0,0,27
BRDA:76,0,1,0
BRDA:76,1,0,27
BRDA:96,2,0,27
BRDA:96,2,1,0
BRDA:96,3,0,27
BRDA:96,4,0,27
BRDA:96,4,1,0
BRDA:96,5,0,27
BRDA:109,6,0,27
BRDA:109,6,1,0
BRDA:109,7,0,27
BRDA:110,8,0,27
BRDA:110,8,1,0
BRDA:110,9,0,27
BRDA:120,10,0,27
BRDA:120,10,1,0
BRDA:120,11,0,27
BRDA:129,12,0,27
BRDA:129,12,1,0
BRDA:129,13,0,27
BRDA:137,14,0,27
BRDA:137,14,1,0
BRDA:137,15,0,27
BRDA:164,16,0,27
BRDA:164,16,1,0
BRDA:164,17,0,27
BRDA:186,18,0,0
BRDA:186,18,1,27
BRDA:186,19,0,0
BRDA:187,20,0,27
BRDA:187,20,1,0
BRDA:187,21,0,27
BRDA:214,22,0,27
BRDA:214,22,1,0
BRDA:214,23,0,27
BRDA:236,24,0,27
BRDA:236,24,1,0
BRDA:236,25,0,27
BRDA:52,26,0,27
BRDA:52,26,1,0
BRDA:52,27,0,27
BRDA:53,28,0,27
BRDA:53,28,1,0
BRDA:52,29,0,27
BRDA:52,29,1,27
BRDA:54,30,0,27
BRDA:54,30,1,0
BRDA:53,31,0,27
BRDA:53,31,1,27
BRF:50
BRH:33
end_of_record
TN:
SF:/home/yongyiwong/greendirect/backend/greendirect-api/src/brand/brand.exceptions.ts
FN:10,(anonymous_0)
FNF:1
FNH:1
FNDA:7,(anonymous_0)
DA:5,27
DA:10,7
LF:2
LH:2
BRDA:10,0,0,7
BRDA:10,0,1,5
BRF:2
BRH:2
end_of_record
TN:
SF:/home/yongyiwong/greendirect/backend/greendirect-api/src/brand/brand.module.ts
FNF:0
FNH:0
DA:15,27
LF:1
LH:1
BRF:0
BRH:0
end_of_record
TN:
SF:/home/yongyiwong/greendirect/backend/greendirect-api/src/brand/brand.service.ts
FN:33,(anonymous_11)
FN:47,(anonymous_12)
FN:156,(anonymous_14)
FN:165,(anonymous_16)
FN:188,(anonymous_18)
FN:198,(anonymous_20)
FN:209,(anonymous_22)
FN:230,(anonymous_24)
FN:235,(anonymous_25)
FN:244,(anonymous_26)
FN:300,(anonymous_28)
FN:300,(anonymous_29)
FN:309,(anonymous_30)
FNF:13
FNH:10
FNDA:27,(anonymous_11)
FNDA:15,(anonymous_12)
FNDA:1,(anonymous_14)
FNDA:7,(anonymous_16)
FNDA:1,(anonymous_18)
FNDA:4,(anonymous_20)
FNDA:0,(anonymous_22)
FNDA:0,(anonymous_24)
FNDA:0,(anonymous_25)
FNDA:2,(anonymous_26)
FNDA:1,(anonymous_28)
FNDA:1,(anonymous_29)
FNDA:4,(anonymous_30)
DA:31,27
DA:35,27
DA:37,27
DA:38,27
DA:39,27
DA:40,27
DA:42,27
DA:43,27
DA:44,27
DA:59,15
DA:60,15
DA:61,15
DA:62,15
DA:64,15
DA:65,15
DA:71,15
DA:72,7
DA:73,7
DA:78,15
DA:79,0
DA:91,15
DA:92,0
DA:100,15
DA:101,0
DA:110,15
DA:117,15
DA:118,14
DA:121,15
DA:123,15
DA:124,1
DA:126,1
DA:127,0
DA:135,1
DA:138,14
DA:139,14
DA:140,0
DA:145,0
DA:147,14
DA:150,15
DA:152,0
DA:157,1
DA:158,1
DA:159,1
DA:161,0
DA:166,7
DA:167,7
DA:177,7
DA:178,5
DA:180,7
DA:181,7
DA:182,5
DA:184,2
DA:189,1
DA:190,1
DA:191,1
DA:192,1
DA:194,0
DA:202,4
DA:203,4
DA:205,0
DA:213,0
DA:214,0
DA:215,0
DA:216,0
DA:217,0
DA:218,0
DA:219,0
DA:224,0
DA:231,0
DA:232,0
DA:235,0
DA:236,0
DA:237,0
DA:238,0
DA:240,0
DA:249,2
DA:280,2
DA:281,0
DA:282,0
DA:286,0
DA:293,0
DA:297,2
DA:299,2
DA:300,1
DA:301,1
DA:302,1
DA:303,1
DA:306,2
DA:312,4
DA:313,4
DA:314,0
DA:316,4
DA:319,4
LF:93
LH:63
BRDA:71,0,0,7
BRDA:71,0,1,8
BRDA:78,1,0,0
BRDA:78,1,1,15
BRDA:78,2,0,15
BRDA:78,2,1,0
BRDA:91,3,0,0
BRDA:91,3,1,15
BRDA:91,4,0,15
BRDA:91,4,1,0
BRDA:100,5,0,0
BRDA:100,5,1,15
BRDA:100,6,0,15
BRDA:100,6,1,15
BRDA:117,7,0,14
BRDA:117,7,1,1
BRDA:123,8,0,1
BRDA:123,8,1,14
BRDA:126,9,0,0
BRDA:126,9,1,1
BRDA:139,10,0,0
BRDA:139,10,1,14
BRDA:177,11,0,5
BRDA:177,11,1,2
BRDA:211,12,0,0
BRDA:236,13,0,0
BRDA:236,13,1,0
BRDA:236,14,0,0
BRDA:236,14,1,0
BRDA:280,15,0,0
BRDA:280,15,1,2
BRDA:280,16,0,2
BRDA:280,16,1,2
BRDA:313,17,0,0
BRDA:313,17,1,4
BRDA:35,18,0,27
BRDA:35,18,1,0
BRDA:35,19,0,27
BRDA:37,20,0,27
BRDA:37,20,1,0
BRDA:35,21,0,27
BRDA:35,21,1,27
BRDA:38,22,0,27
BRDA:38,22,1,0
BRDA:37,23,0,27
BRDA:37,23,1,27
BRDA:39,24,0,27
BRDA:39,24,1,0
BRDA:38,25,0,27
BRDA:38,25,1,27
BRDA:40,26,0,27
BRDA:40,26,1,0
BRDA:39,27,0,27
BRDA:39,27,1,27
BRF:54
BRH:35
end_of_record
TN:
SF:/home/yongyiwong/greendirect/backend/greendirect-api/src/campaign-monitor/campaign-monitor.controller.ts
FN:6,(anonymous_11)
FN:11,(anonymous_12)
FN:20,(anonymous_14)
FNF:3
FNH:1
FNDA:27,(anonymous_11)
FNDA:0,(anonymous_12)
FNDA:0,(anonymous_14)
DA:5,27
DA:7,27
DA:11,27
DA:12,0
DA:13,0
DA:15,0
DA:20,27
DA:21,0
DA:22,0
DA:24,0
LF:10
LH:4
BRDA:7,0,0,27
BRDA:7,0,1,0
BRDA:7,1,0,27
BRF:3
BRH:2
end_of_record
TN:
SF:/home/yongyiwong/greendirect/backend/greendirect-api/src/campaign-monitor/campaign-monitor.module.ts
FNF:0
FNH:0
DA:11,27
LF:1
LH:1
BRF:0
BRH:0
end_of_record
TN:
SF:/home/yongyiwong/greendirect/backend/greendirect-api/src/campaign-monitor/campaign-monitor.service.ts
FN:17,(anonymous_9)
FN:39,(anonymous_10)
FN:47,(anonymous_11)
FN:69,(anonymous_13)
FN:89,(anonymous_15)
FN:109,(anonymous_17)
FN:128,(anonymous_19)
FN:147,(anonymous_21)
FN:168,(anonymous_23)
FN:185,(anonymous_25)
FN:191,(anonymous_26)
FN:201,(anonymous_27)
FN:218,(anonymous_29)
FN:236,(anonymous_31)
FN:246,(anonymous_33)
FN:246,(anonymous_34)
FN:250,(anonymous_35)
FN:264,(anonymous_36)
FN:271,(anonymous_37)
FN:271,(anonymous_38)
FN:285,(anonymous_39)
FN:292,(anonymous_40)
FN:304,(anonymous_41)
FN:316,(anonymous_42)
FN:321,(anonymous_43)
FN:332,(anonymous_45)
FNF:26
FNH:2
FNDA:27,(anonymous_9)
FNDA:27,(anonymous_10)
FNDA:0,(anonymous_11)
FNDA:0,(anonymous_13)
FNDA:0,(anonymous_15)
FNDA:0,(anonymous_17)
FNDA:0,(anonymous_19)
FNDA:0,(anonymous_21)
FNDA:0,(anonymous_23)
FNDA:0,(anonymous_25)
FNDA:0,(anonymous_26)
FNDA:0,(anonymous_27)
FNDA:0,(anonymous_29)
FNDA:0,(anonymous_31)
FNDA:0,(anonymous_33)
FNDA:0,(anonymous_34)
FNDA:0,(anonymous_35)
FNDA:0,(anonymous_36)
FNDA:0,(anonymous_37)
FNDA:0,(anonymous_38)
FNDA:0,(anonymous_39)
FNDA:0,(anonymous_40)
FNDA:0,(anonymous_41)
FNDA:0,(anonymous_42)
FNDA:0,(anonymous_43)
FNDA:0,(anonymous_45)
DA:17,27
DA:18,27
DA:19,27
DA:30,27
DA:32,27
DA:33,27
DA:35,27
DA:37,27
DA:40,27
DA:41,27
DA:42,27
DA:43,27
DA:48,0
DA:49,0
DA:50,0
DA:52,0
DA:53,0
DA:55,0
DA:56,0
DA:57,0
DA:58,0
DA:59,0
DA:60,0
DA:62,0
DA:63,0
DA:66,0
DA:70,0
DA:71,0
DA:72,0
DA:79,0
DA:82,0
DA:83,0
DA:86,0
DA:90,0
DA:91,0
DA:92,0
DA:99,0
DA:102,0
DA:103,0
DA:106,0
DA:110,0
DA:111,0
DA:112,0
DA:118,0
DA:121,0
DA:122,0
DA:125,0
DA:129,0
DA:130,0
DA:131,0
DA:137,0
DA:140,0
DA:141,0
DA:144,0
DA:148,0
DA:149,0
DA:150,0
DA:158,0
DA:161,0
DA:162,0
DA:165,0
DA:169,0
DA:170,0
DA:171,0
DA:175,0
DA:178,0
DA:179,0
DA:182,0
DA:186,0
DA:187,0
DA:188,0
DA:192,0
DA:193,0
DA:194,0
DA:195,0
DA:197,0
DA:202,0
DA:203,0
DA:204,0
DA:205,0
DA:206,0
DA:207,0
DA:208,0
DA:209,0
DA:211,0
DA:214,0
DA:219,0
DA:220,0
DA:221,0
DA:222,0
DA:223,0
DA:224,0
DA:225,0
DA:227,0
DA:240,0
DA:241,0
DA:244,0
DA:246,0
DA:247,0
DA:248,0
DA:251,0
DA:252,0
DA:253,0
DA:263,0
DA:265,0
DA:271,0
DA:272,0
DA:273,0
DA:274,0
DA:278,0
DA:286,0
DA:287,0
DA:290,0
DA:293,0
DA:294,0
DA:295,0
DA:305,0
DA:317,0
DA:318,0
DA:322,0
DA:323,0
DA:333,0
DA:334,0
LF:123
LH:12
BRDA:17,0,0,27
BRDA:17,0,1,27
BRDA:51,1,0,0
BRDA:51,1,1,0
BRDA:206,2,0,0
BRDA:206,2,1,0
BRDA:222,3,0,0
BRDA:222,3,1,0
BRDA:240,4,0,0
BRDA:240,4,1,0
BRDA:322,5,0,0
BRDA:322,5,1,0
BRDA:40,6,0,27
BRDA:40,6,1,0
BRDA:40,7,0,27
BRDA:41,8,0,27
BRDA:41,8,1,0
BRDA:40,9,0,27
BRDA:40,9,1,27
BRDA:42,10,0,27
BRDA:42,10,1,0
BRDA:41,11,0,27
BRDA:41,11,1,27
BRDA:43,12,0,27
BRDA:43,12,1,0
BRDA:42,13,0,27
BRDA:42,13,1,27
BRF:27
BRH:13
end_of_record
TN:
SF:/home/yongyiwong/greendirect/backend/greendirect-api/src/common/file-item-type.dto.ts
FN:1,(anonymous_0)
FNF:1
FNH:0
FNDA:0,(anonymous_0)
DA:1,0
DA:2,0
DA:3,0
DA:4,0
DA:5,0
LF:5
LH:0
BRDA:1,0,0,0
BRDA:1,0,1,0
BRF:2
BRH:0
end_of_record
TN:
SF:/home/yongyiwong/greendirect/backend/greendirect-api/src/common/http.config.ts
FNF:0
FNH:0
DA:3,27
LF:1
LH:1
BRF:0
BRH:0
end_of_record
TN:
SF:/home/yongyiwong/greendirect/backend/greendirect-api/src/common/search-count.dto.ts
FN:1,(anonymous_0)
FNF:1
FNH:1
FNDA:27,(anonymous_0)
DA:1,27
DA:2,27
DA:3,27
DA:4,27
DA:5,27
DA:6,27
DA:33,27
DA:34,27
LF:8
LH:8
BRDA:1,0,0,27
BRDA:1,0,1,27
BRF:2
BRH:2
end_of_record
TN:
SF:/home/yongyiwong/greendirect/backend/greendirect-api/src/common/search-params.interface.ts
FNF:0
FNH:0
DA:57,27
LF:1
LH:1
BRF:0
BRH:0
end_of_record
TN:
SF:/home/yongyiwong/greendirect/backend/greendirect-api/src/common/error/error.filter.ts
FN:27,(anonymous_2)
FNF:1
FNH:0
FNDA:0,(anonymous_2)
DA:1,0
DA:8,0
DA:9,0
DA:19,0
DA:26,0
DA:28,0
DA:29,0
DA:30,0
DA:38,0
DA:39,0
DA:40,0
DA:41,0
DA:45,0
DA:46,0
DA:47,0
DA:48,0
DA:52,0
DA:54,0
DA:62,0
DA:63,0
DA:64,0
DA:67,0
LF:22
LH:0
BRDA:38,0,0,0
BRDA:38,0,1,0
BRDA:45,1,0,0
BRDA:45,1,1,0
BRDA:47,2,0,0
BRDA:47,2,1,0
BRDA:52,3,0,0
BRDA:52,3,1,0
BRDA:55,4,0,0
BRDA:55,4,1,0
BRDA:62,5,0,0
BRDA:62,5,1,0
BRDA:62,6,0,0
BRDA:62,6,1,0
BRF:14
BRH:0
end_of_record
TN:
SF:/home/yongyiwong/greendirect/backend/greendirect-api/src/common/middleware/request-logger.middleware.ts
FN:6,(anonymous_9)
FN:7,(anonymous_10)
FN:7,(anonymous_11)
FN:13,(anonymous_12)
FNF:4
FNH:0
FNDA:0,(anonymous_9)
FNDA:0,(anonymous_10)
FNDA:0,(anonymous_11)
FNDA:0,(anonymous_12)
DA:1,0
DA:2,0
DA:5,0
DA:7,0
DA:8,0
DA:9,0
DA:11,0
DA:12,0
DA:13,0
DA:14,0
DA:20,0
LF:11
LH:0
BRDA:8,0,0,0
BRDA:8,0,1,0
BRDA:17,1,0,0
BRDA:17,1,1,0
BRF:4
BRH:0
end_of_record
TN:
SF:/home/yongyiwong/greendirect/backend/greendirect-api/src/common/middleware/version-header.middleware.ts
FN:6,(anonymous_8)
FN:8,(anonymous_9)
FN:9,(anonymous_10)
FN:13,(anonymous_11)
FN:13,(anonymous_12)
FNF:5
FNH:0
FNDA:0,(anonymous_8)
FNDA:0,(anonymous_9)
FNDA:0,(anonymous_10)
FNDA:0,(anonymous_11)
FNDA:0,(anonymous_12)
DA:5,27
DA:7,0
DA:8,0
DA:9,0
DA:10,0
DA:13,0
DA:14,0
DA:15,0
DA:16,0
DA:17,0
LF:10
LH:1
BRF:0
BRH:0
end_of_record
TN:
SF:/home/yongyiwong/greendirect/backend/greendirect-api/src/common/pipes/search-scrubber.pipe.ts
FN:5,(anonymous_1)
FN:9,(anonymous_2)
FNF:2
FNH:2
FNDA:2,(anonymous_1)
FNDA:2,(anonymous_2)
DA:4,27
DA:6,2
DA:7,2
DA:9,2
DA:11,2
LF:5
LH:5
BRDA:5,0,0,0
BRF:1
BRH:0
end_of_record
TN:
SF:/home/yongyiwong/greendirect/backend/greendirect-api/src/common/pipes/search-validation.pipe.ts
FN:13,(anonymous_7)
FN:17,(anonymous_8)
FN:31,(anonymous_10)
FN:35,(anonymous_11)
FN:45,(anonymous_12)
FNF:5
FNH:2
FNDA:433,(anonymous_7)
FNDA:0,(anonymous_8)
FNDA:0,(anonymous_10)
FNDA:0,(anonymous_11)
FNDA:1,(anonymous_12)
DA:10,27
DA:13,433
DA:14,433
DA:18,0
DA:20,0
DA:22,0
DA:24,0
DA:26,0
DA:28,0
DA:32,0
DA:36,0
DA:37,0
DA:38,0
DA:46,1
DA:47,1
DA:48,1
DA:49,1
DA:51,1
DA:52,1
DA:56,1
DA:57,1
DA:58,1
DA:59,1
LF:23
LH:13
BRDA:19,0,0,0
BRDA:19,0,1,0
BRDA:19,0,2,0
BRDA:19,0,3,0
BRDA:32,1,0,0
BRDA:32,1,1,0
BRDA:36,2,0,0
BRDA:36,2,1,0
BRDA:37,3,0,0
BRDA:37,3,1,0
BRDA:38,4,0,0
BRDA:38,4,1,0
BRDA:46,5,0,0
BRDA:46,5,1,1
BRDA:46,6,0,1
BRDA:46,6,1,1
BRDA:49,7,0,1
BRDA:49,7,1,0
BRDA:56,8,0,0
BRDA:56,8,1,1
BRF:20
BRH:5
end_of_record
TN:
SF:/home/yongyiwong/greendirect/backend/greendirect-api/src/common/transformers/column-date-hours-rounding.transformer.ts
FN:17,(anonymous_0)
FN:21,(anonymous_1)
FN:29,(anonymous_2)
FNF:3
FNH:3
FNDA:189,(anonymous_0)
FNDA:147073,(anonymous_1)
FNDA:207,(anonymous_2)
DA:18,189
DA:22,147073
DA:30,207
DA:31,191
DA:35,16
LF:5
LH:5
BRDA:17,0,0,81
BRDA:22,1,0,127663
BRDA:22,1,1,19410
BRDA:30,2,0,191
BRDA:30,2,1,16
BRDA:30,3,0,207
BRDA:30,3,1,191
BRDA:32,4,0,92
BRDA:32,4,1,99
BRF:9
BRH:9
end_of_record
TN:
SF:/home/yongyiwong/greendirect/backend/greendirect-api/src/common/transformers/column-falsy-to-null.transformer.ts
FN:6,(anonymous_0)
FN:9,(anonymous_1)
FNF:2
FNH:2
FNDA:12,(anonymous_0)
FNDA:207,(anonymous_1)
DA:7,12
DA:10,207
LF:2
LH:2
BRDA:7,0,0,12
BRDA:7,0,1,4
BRF:2
BRH:2
end_of_record
TN:
SF:/home/yongyiwong/greendirect/backend/greendirect-api/src/common/transformers/column-numeric.transformer.ts
FN:2,(anonymous_0)
FN:5,(anonymous_1)
FNF:2
FNH:2
FNDA:1642,(anonymous_0)
FNDA:628756,(anonymous_1)
DA:3,1642
DA:6,628756
LF:2
LH:2
BRF:0
BRH:0
end_of_record
TN:
SF:/home/yongyiwong/greendirect/backend/greendirect-api/src/coupon/coupon.controller.ts
FN:41,(anonymous_11)
FN:54,(anonymous_12)
FN:81,(anonymous_14)
FN:92,(anonymous_16)
FN:101,(anonymous_18)
FN:115,(anonymous_20)
FN:125,(anonymous_22)
FN:133,(anonymous_24)
FNF:8
FNH:1
FNDA:27,(anonymous_11)
FNDA:0,(anonymous_12)
FNDA:0,(anonymous_14)
FNDA:0,(anonymous_16)
FNDA:0,(anonymous_18)
FNDA:0,(anonymous_20)
FNDA:0,(anonymous_22)
FNDA:0,(anonymous_24)
DA:36,27
DA:40,27
DA:41,27
DA:54,27
DA:65,0
DA:81,27
DA:86,0
DA:92,27
DA:95,0
DA:101,27
DA:109,0
DA:110,0
DA:115,27
DA:119,0
DA:125,27
DA:128,0
DA:133,27
DA:139,0
LF:18
LH:10
BRDA:64,0,0,27
BRDA:64,0,1,0
BRDA:64,1,0,27
BRDA:85,2,0,27
BRDA:85,2,1,0
BRDA:85,3,0,27
BRDA:93,4,0,27
BRDA:93,4,1,0
BRDA:93,5,0,27
BRDA:94,6,0,27
BRDA:94,6,1,0
BRDA:94,7,0,27
BRDA:107,8,0,27
BRDA:107,8,1,0
BRDA:107,9,0,27
BRDA:108,10,0,27
BRDA:108,10,1,0
BRDA:108,11,0,27
BRDA:118,12,0,27
BRDA:118,12,1,0
BRDA:118,13,0,27
BRDA:126,14,0,0
BRDA:126,14,1,27
BRDA:126,15,0,0
BRDA:127,16,0,27
BRDA:127,16,1,0
BRDA:127,17,0,27
BRDA:41,18,0,27
BRDA:41,18,1,0
BRDA:41,19,0,27
BRF:30
BRH:19
end_of_record
TN:
SF:/home/yongyiwong/greendirect/backend/greendirect-api/src/coupon/coupon.exceptions.ts
FN:10,(anonymous_0)
FN:25,(anonymous_1)
FNF:2
FNH:2
FNDA:3,(anonymous_0)
FNDA:8,(anonymous_1)
DA:5,27
DA:10,3
DA:25,8
LF:3
LH:3
BRDA:10,0,0,3
BRDA:10,0,1,3
BRF:2
BRH:2
end_of_record
TN:
SF:/home/yongyiwong/greendirect/backend/greendirect-api/src/coupon/coupon.module.ts
FNF:0
FNH:0
DA:25,27
LF:1
LH:1
BRF:0
BRH:0
end_of_record
TN:
SF:/home/yongyiwong/greendirect/backend/greendirect-api/src/coupon/coupon.service.ts
FN:24,(anonymous_11)
FN:44,(anonymous_12)
FN:121,(anonymous_14)
FN:181,(anonymous_16)
FN:229,(anonymous_18)
FN:238,(anonymous_19)
FN:256,(anonymous_21)
FN:256,(anonymous_22)
FN:267,(anonymous_23)
FN:267,(anonymous_24)
FN:287,(anonymous_25)
FN:318,(anonymous_27)
FN:318,(anonymous_28)
FN:329,(anonymous_29)
FN:329,(anonymous_30)
FN:349,(anonymous_31)
FN:363,(anonymous_33)
FN:380,(anonymous_35)
FN:394,(anonymous_37)
FN:403,(anonymous_39)
FN:412,(anonymous_41)
FN:427,(anonymous_43)
FN:435,(anonymous_45)
FN:435,(anonymous_46)
FN:449,(anonymous_47)
FN:460,(anonymous_49)
FN:460,(anonymous_50)
FN:470,(anonymous_51)
FN:484,(anonymous_53)
FN:503,(anonymous_55)
FN:514,(anonymous_57)
FN:525,(anonymous_59)
FN:539,(anonymous_61)
FN:558,(anonymous_63)
FN:569,(anonymous_65)
FN:580,(anonymous_67)
FN:601,(anonymous_69)
FN:606,(anonymous_70)
FN:615,(anonymous_71)
FNF:39
FNH:29
FNDA:27,(anonymous_11)
FNDA:4,(anonymous_12)
FNDA:95,(anonymous_14)
FNDA:3,(anonymous_16)
FNDA:3,(anonymous_18)
FNDA:5,(anonymous_19)
FNDA:5,(anonymous_21)
FNDA:5,(anonymous_22)
FNDA:5,(anonymous_23)
FNDA:5,(anonymous_24)
FNDA:3,(anonymous_25)
FNDA:2,(anonymous_27)
FNDA:2,(anonymous_28)
FNDA:3,(anonymous_29)
FNDA:3,(anonymous_30)
FNDA:1,(anonymous_31)
FNDA:3,(anonymous_33)
FNDA:3,(anonymous_35)
FNDA:5,(anonymous_37)
FNDA:3,(anonymous_39)
FNDA:0,(anonymous_41)
FNDA:1,(anonymous_43)
FNDA:1,(anonymous_45)
FNDA:1,(anonymous_46)
FNDA:0,(anonymous_47)
FNDA:0,(anonymous_49)
FNDA:0,(anonymous_50)
FNDA:2,(anonymous_51)
FNDA:2,(anonymous_53)
FNDA:5,(anonymous_55)
FNDA:2,(anonymous_57)
FNDA:0,(anonymous_59)
FNDA:0,(anonymous_61)
FNDA:1,(anonymous_63)
FNDA:0,(anonymous_65)
FNDA:0,(anonymous_67)
FNDA:0,(anonymous_69)
FNDA:0,(anonymous_70)
FNDA:19,(anonymous_71)
DA:21,27
DA:26,27
DA:28,27
DA:30,27
DA:32,27
DA:34,27
DA:37,27
DA:39,27
DA:40,27
DA:41,27
DA:54,4
DA:55,4
DA:56,4
DA:57,4
DA:80,4
DA:81,0
DA:88,4
DA:89,4
DA:97,4
DA:98,4
DA:100,4
DA:101,0
DA:105,4
DA:106,4
DA:108,4
DA:109,4
DA:110,0
DA:111,0
DA:112,0
DA:113,0
DA:115,4
DA:117,0
DA:122,95
DA:123,95
DA:145,95
DA:152,95
DA:159,95
DA:170,95
DA:171,95
DA:175,95
DA:177,0
DA:186,3
DA:187,3
DA:214,3
DA:215,2
DA:218,3
DA:219,0
DA:224,3
DA:228,3
DA:229,3
DA:231,3
DA:232,3
DA:234,0
DA:239,5
DA:240,5
DA:241,5
DA:242,5
DA:243,5
DA:244,5
DA:248,5
DA:253,5
DA:254,5
DA:255,5
DA:256,5
DA:257,5
DA:258,5
DA:259,5
DA:260,5
DA:261,5
DA:265,5
DA:266,5
DA:267,5
DA:268,5
DA:269,5
DA:270,5
DA:271,5
DA:272,5
DA:276,5
DA:277,1
DA:278,1
DA:279,1
DA:281,5
DA:283,0
DA:288,3
DA:290,3
DA:291,3
DA:292,3
DA:295,3
DA:296,3
DA:297,3
DA:298,3
DA:299,3
DA:300,3
DA:301,3
DA:302,3
DA:303,3
DA:310,3
DA:315,3
DA:316,3
DA:317,2
DA:318,2
DA:319,2
DA:320,2
DA:321,2
DA:322,2
DA:323,2
DA:327,3
DA:328,3
DA:329,3
DA:330,3
DA:331,3
DA:332,3
DA:333,3
DA:334,3
DA:338,3
DA:339,0
DA:340,0
DA:341,0
DA:343,3
DA:345,0
DA:353,1
DA:354,1
DA:359,0
DA:364,3
DA:365,3
DA:369,3
DA:370,0
DA:372,3
DA:373,3
DA:376,0
DA:384,3
DA:385,3
DA:390,0
DA:395,5
DA:396,5
DA:397,5
DA:399,0
DA:404,3
DA:405,3
DA:406,3
DA:408,0
DA:413,0
DA:415,0
DA:416,0
DA:417,0
DA:418,0
DA:420,0
DA:423,0
DA:430,1
DA:431,1
DA:432,1
DA:433,1
DA:434,1
DA:435,1
DA:436,1
DA:437,1
DA:439,1
DA:440,1
DA:441,1
DA:446,1
DA:452,0
DA:453,0
DA:454,0
DA:456,0
DA:458,0
DA:459,0
DA:460,0
DA:461,0
DA:462,0
DA:463,0
DA:467,0
DA:474,2
DA:475,2
DA:480,0
DA:487,2
DA:488,2
DA:492,2
DA:493,0
DA:495,2
DA:496,2
DA:499,0
DA:506,5
DA:507,5
DA:508,5
DA:510,0
DA:517,2
DA:518,2
DA:519,2
DA:521,0
DA:529,0
DA:530,0
DA:535,0
DA:542,0
DA:543,0
DA:547,0
DA:548,0
DA:550,0
DA:551,0
DA:554,0
DA:561,1
DA:562,1
DA:563,1
DA:565,0
DA:572,0
DA:573,0
DA:574,0
DA:576,0
DA:584,0
DA:585,0
DA:586,0
DA:587,0
DA:588,0
DA:589,0
DA:590,0
DA:595,0
DA:602,0
DA:603,0
DA:606,0
DA:607,0
DA:608,0
DA:609,0
DA:611,0
DA:619,19
DA:620,19
DA:621,0
DA:623,19
DA:637,0
LF:227
LH:151
BRDA:46,0,0,4
BRDA:47,1,0,4
BRDA:52,2,0,4
BRDA:54,3,0,0
BRDA:54,3,1,4
BRDA:62,4,0,4
BRDA:62,4,1,0
BRDA:67,5,0,4
BRDA:67,5,1,0
BRDA:72,6,0,4
BRDA:72,6,1,0
BRDA:77,7,0,4
BRDA:77,7,1,0
BRDA:80,8,0,0
BRDA:80,8,1,4
BRDA:88,9,0,4
BRDA:88,9,1,0
BRDA:97,10,0,4
BRDA:97,10,1,0
BRDA:100,11,0,0
BRDA:100,11,1,4
BRDA:105,12,0,4
BRDA:105,12,1,0
BRDA:109,13,0,0
BRDA:109,13,1,4
BRDA:170,14,0,95
BRDA:170,14,1,0
BRDA:214,15,0,2
BRDA:214,15,1,1
BRDA:218,16,0,0
BRDA:218,16,1,3
BRDA:242,17,0,5
BRDA:242,17,1,0
BRDA:254,18,0,5
BRDA:254,18,1,0
BRDA:254,19,0,5
BRDA:254,19,1,5
BRDA:265,20,0,5
BRDA:265,20,1,0
BRDA:265,21,0,5
BRDA:265,21,1,5
BRDA:276,22,0,1
BRDA:276,22,1,4
BRDA:300,23,0,3
BRDA:300,23,1,0
BRDA:316,24,0,2
BRDA:316,24,1,1
BRDA:316,25,0,3
BRDA:316,25,1,2
BRDA:327,26,0,3
BRDA:327,26,1,0
BRDA:327,27,0,3
BRDA:327,27,1,3
BRDA:338,28,0,0
BRDA:338,28,1,3
BRDA:369,29,0,0
BRDA:369,29,1,3
BRDA:415,30,0,0
BRDA:415,30,1,0
BRDA:417,31,0,0
BRDA:417,31,1,0
BRDA:433,32,0,1
BRDA:433,32,1,0
BRDA:433,33,0,1
BRDA:433,33,1,1
BRDA:458,34,0,0
BRDA:458,34,1,0
BRDA:458,35,0,0
BRDA:458,35,1,0
BRDA:492,36,0,0
BRDA:492,36,1,2
BRDA:547,37,0,0
BRDA:547,37,1,0
BRDA:582,38,0,0
BRDA:607,39,0,0
BRDA:607,39,1,0
BRDA:607,40,0,0
BRDA:607,40,1,0
BRDA:620,41,0,0
BRDA:620,41,1,19
BRDA:26,42,0,27
BRDA:26,42,1,0
BRDA:26,43,0,27
BRDA:28,44,0,27
BRDA:28,44,1,0
BRDA:26,45,0,27
BRDA:26,45,1,27
BRDA:30,46,0,27
BRDA:30,46,1,0
BRDA:28,47,0,27
BRDA:28,47,1,27
BRDA:32,48,0,27
BRDA:32,48,1,0
BRDA:30,49,0,27
BRDA:30,49,1,27
BRDA:34,50,0,27
BRDA:34,50,1,0
BRDA:32,51,0,27
BRDA:32,51,1,27
BRDA:37,52,0,27
BRDA:37,52,1,0
BRDA:34,53,0,27
BRDA:34,53,1,27
BRF:103
BRH:59
end_of_record
TN:
SF:/home/yongyiwong/greendirect/backend/greendirect-api/src/deal/deal-category.enum.ts
FN:1,(anonymous_0)
FNF:1
FNH:1
FNDA:27,(anonymous_0)
DA:1,27
DA:2,27
DA:3,27
DA:4,27
DA:5,27
DA:6,27
DA:7,27
DA:8,27
DA:9,27
DA:10,27
LF:10
LH:10
BRDA:1,0,0,27
BRDA:1,0,1,27
BRF:2
BRH:2
end_of_record
TN:
SF:/home/yongyiwong/greendirect/backend/greendirect-api/src/deal/deal.controller.ts
FN:53,(anonymous_11)
FN:75,(anonymous_12)
FN:117,(anonymous_14)
FN:127,(anonymous_16)
FN:136,(anonymous_18)
FN:151,(anonymous_20)
FN:168,(anonymous_22)
FN:211,(anonymous_24)
FN:220,(anonymous_26)
FN:163,(anonymous_27)
FNF:10
FNH:1
FNDA:27,(anonymous_11)
FNDA:0,(anonymous_12)
FNDA:0,(anonymous_14)
FNDA:0,(anonymous_16)
FNDA:0,(anonymous_18)
FNDA:0,(anonymous_20)
FNDA:0,(anonymous_22)
FNDA:0,(anonymous_24)
FNDA:0,(anonymous_26)
FNDA:0,(anonymous_27)
DA:47,27
DA:52,27
DA:54,27
DA:55,27
DA:56,27
DA:57,27
DA:75,27
DA:94,0
DA:95,0
DA:111,0
DA:117,27
DA:121,0
DA:127,27
DA:128,0
DA:129,0
DA:130,0
DA:136,27
DA:144,0
DA:145,0
DA:146,0
DA:151,27
DA:155,0
DA:168,27
DA:173,0
DA:174,0
DA:175,0
DA:181,0
DA:182,0
DA:185,0
DA:186,0
DA:187,0
DA:191,0
DA:193,0
DA:197,0
DA:202,0
DA:204,0
DA:211,27
DA:214,0
DA:220,27
DA:226,0
LF:40
LH:14
BRDA:85,0,0,0
BRDA:87,1,0,0
BRDA:89,2,0,0
BRDA:91,3,0,0
BRDA:181,4,0,0
BRDA:181,4,1,0
BRDA:186,5,0,0
BRDA:186,5,1,0
BRDA:80,6,0,0
BRDA:80,6,1,27
BRDA:80,7,0,27
BRDA:120,8,0,27
BRDA:120,8,1,0
BRDA:120,9,0,27
BRDA:127,10,0,27
BRDA:127,10,1,0
BRDA:127,11,0,27
BRDA:127,12,0,27
BRDA:127,12,1,0
BRDA:127,13,0,27
BRDA:142,14,0,27
BRDA:142,14,1,0
BRDA:142,15,0,27
BRDA:143,16,0,27
BRDA:143,16,1,0
BRDA:143,17,0,27
BRDA:154,18,0,27
BRDA:154,18,1,0
BRDA:154,19,0,27
BRDA:170,20,0,0
BRDA:170,20,1,27
BRDA:170,21,0,27
BRDA:172,22,0,27
BRDA:172,22,1,0
BRDA:172,23,0,27
BRDA:212,24,0,0
BRDA:212,24,1,27
BRDA:212,25,0,0
BRDA:213,26,0,27
BRDA:213,26,1,0
BRDA:213,27,0,27
BRDA:54,28,0,27
BRDA:54,28,1,0
BRDA:54,29,0,27
BRDA:55,30,0,27
BRDA:55,30,1,0
BRDA:54,31,0,27
BRDA:54,31,1,27
BRDA:56,32,0,27
BRDA:56,32,1,0
BRDA:55,33,0,27
BRDA:55,33,1,27
BRDA:57,34,0,27
BRDA:57,34,1,0
BRDA:56,35,0,27
BRDA:56,35,1,27
BRF:56
BRH:32
end_of_record
TN:
SF:/home/yongyiwong/greendirect/backend/greendirect-api/src/deal/deal.exceptions.ts
FN:13,(anonymous_0)
FN:21,(anonymous_1)
FN:38,(anonymous_2)
FN:50,(anonymous_3)
FN:59,(anonymous_4)
FNF:5
FNH:2
FNDA:1,(anonymous_0)
FNDA:2,(anonymous_1)
FNDA:0,(anonymous_2)
FNDA:0,(anonymous_3)
FNDA:0,(anonymous_4)
DA:8,27
DA:13,1
DA:22,2
DA:39,0
DA:50,0
DA:59,0
LF:6
LH:3
BRDA:13,0,0,1
BRDA:13,0,1,1
BRDA:22,1,0,2
BRDA:22,1,1,2
BRDA:22,1,2,1
BRDA:22,1,3,1
BRDA:39,2,0,0
BRDA:39,2,1,0
BRDA:39,2,2,0
BRDA:39,2,3,0
BRDA:39,2,4,0
BRF:11
BRH:6
end_of_record
TN:
SF:/home/yongyiwong/greendirect/backend/greendirect-api/src/deal/deal.module.ts
FNF:0
FNH:0
DA:24,27
LF:1
LH:1
BRF:0
BRH:0
end_of_record
TN:
SF:/home/yongyiwong/greendirect/backend/greendirect-api/src/deal/deal.service.ts
FN:43,(anonymous_11)
FN:60,(anonymous_12)
FN:247,(anonymous_14)
FN:276,(anonymous_16)
FN:285,(anonymous_17)
FN:293,(anonymous_19)
FN:293,(anonymous_20)
FN:309,(anonymous_21)
FN:317,(anonymous_23)
FN:317,(anonymous_24)
FN:332,(anonymous_25)
FN:343,(anonymous_27)
FN:359,(anonymous_29)
FN:369,(anonymous_30)
FN:411,(anonymous_32)
FN:432,(anonymous_34)
FN:437,(anonymous_35)
FN:446,(anonymous_36)
FN:507,(anonymous_38)
FN:539,(anonymous_39)
FN:553,(anonymous_41)
FN:572,(anonymous_43)
FN:583,(anonymous_45)
FN:594,(anonymous_47)
FN:610,(anonymous_49)
FN:621,(anonymous_50)
FN:626,(anonymous_52)
FN:627,(anonymous_53)
FN:638,(anonymous_54)
FN:646,(anonymous_56)
FN:647,(anonymous_57)
FN:659,(anonymous_58)
FN:661,(anonymous_59)
FNF:33
FNH:16
FNDA:27,(anonymous_11)
FNDA:19,(anonymous_12)
FNDA:1,(anonymous_14)
FNDA:1,(anonymous_16)
FNDA:5,(anonymous_17)
FNDA:2,(anonymous_19)
FNDA:2,(anonymous_20)
FNDA:2,(anonymous_21)
FNDA:2,(anonymous_23)
FNDA:2,(anonymous_24)
FNDA:0,(anonymous_25)
FNDA:5,(anonymous_27)
FNDA:5,(anonymous_29)
FNDA:0,(anonymous_30)
FNDA:0,(anonymous_32)
FNDA:0,(anonymous_34)
FNDA:0,(anonymous_35)
FNDA:0,(anonymous_36)
FNDA:0,(anonymous_38)
FNDA:2,(anonymous_39)
FNDA:2,(anonymous_41)
FNDA:2,(anonymous_43)
FNDA:2,(anonymous_45)
FNDA:0,(anonymous_47)
FNDA:0,(anonymous_49)
FNDA:0,(anonymous_50)
FNDA:0,(anonymous_52)
FNDA:0,(anonymous_53)
FNDA:0,(anonymous_54)
FNDA:0,(anonymous_56)
FNDA:0,(anonymous_57)
FNDA:0,(anonymous_58)
FNDA:0,(anonymous_59)
DA:39,27
DA:41,27
DA:44,27
DA:46,27
DA:48,27
DA:50,27
DA:51,27
DA:52,27
DA:53,27
DA:55,27
DA:56,27
DA:57,27
DA:77,19
DA:79,19
DA:80,19
DA:82,19
DA:83,19
DA:106,19
DA:107,14
DA:108,14
DA:111,19
DA:112,2
DA:117,19
DA:118,0
DA:125,19
DA:126,0
DA:136,19
DA:137,0
DA:145,19
DA:146,1
DA:155,18
DA:166,19
DA:167,19
DA:170,19
DA:171,15
DA:177,19
DA:183,19
DA:184,19
DA:187,19
DA:188,0
DA:193,19
DA:196,15
DA:201,19
DA:203,19
DA:209,19
DA:211,1
DA:212,1
DA:213,0
DA:214,0
DA:218,0
DA:220,1
DA:222,1
DA:223,1
DA:225,18
DA:226,18
DA:227,1
DA:234,1
DA:238,18
DA:241,19
DA:243,0
DA:248,1
DA:249,1
DA:265,1
DA:266,0
DA:271,1
DA:275,1
DA:276,1
DA:278,1
DA:279,1
DA:281,0
DA:286,5
DA:288,5
DA:289,5
DA:291,5
DA:292,2
DA:293,2
DA:294,2
DA:295,2
DA:296,2
DA:297,2
DA:298,2
DA:303,5
DA:305,0
DA:310,2
DA:311,2
DA:313,2
DA:314,2
DA:315,2
DA:316,2
DA:317,2
DA:318,2
DA:319,2
DA:320,2
DA:321,2
DA:322,2
DA:326,2
DA:328,0
DA:336,0
DA:337,0
DA:339,0
DA:346,5
DA:348,5
DA:349,0
DA:352,5
DA:358,5
DA:359,5
DA:363,5
DA:374,0
DA:375,0
DA:376,0
DA:377,0
DA:379,0
DA:381,0
DA:384,0
DA:385,0
DA:386,0
DA:387,0
DA:399,0
DA:404,0
DA:405,0
DA:407,0
DA:415,0
DA:416,0
DA:417,0
DA:418,0
DA:419,0
DA:420,0
DA:421,0
DA:426,0
DA:433,0
DA:434,0
DA:437,0
DA:438,0
DA:439,0
DA:440,0
DA:442,0
DA:451,0
DA:455,0
DA:464,0
DA:466,0
DA:467,0
DA:472,0
DA:473,0
DA:474,0
DA:479,0
DA:481,0
DA:491,0
DA:504,0
DA:511,0
DA:512,0
DA:518,0
DA:520,0
DA:526,0
DA:529,0
DA:533,0
DA:535,0
DA:543,2
DA:544,2
DA:549,0
DA:556,2
DA:557,2
DA:561,2
DA:562,0
DA:564,2
DA:565,2
DA:568,0
DA:575,2
DA:576,2
DA:577,2
DA:579,0
DA:586,2
DA:587,2
DA:588,2
DA:590,0
DA:595,0
DA:596,0
DA:606,0
DA:611,0
DA:612,0
DA:622,0
DA:624,0
DA:625,0
DA:626,0
DA:627,0
DA:628,0
DA:631,0
DA:640,0
DA:641,0
DA:642,0
DA:644,0
DA:645,0
DA:646,0
DA:647,0
DA:649,0
DA:650,0
DA:654,0
DA:657,0
DA:660,0
DA:662,0
DA:666,0
DA:673,0
DA:677,0
DA:680,0
LF:203
LH:104
BRDA:72,0,0,17
BRDA:73,1,0,13
BRDA:74,2,0,13
BRDA:75,3,0,19
BRDA:106,4,0,14
BRDA:106,4,1,5
BRDA:111,5,0,2
BRDA:111,5,1,17
BRDA:117,6,0,0
BRDA:117,6,1,19
BRDA:125,7,0,0
BRDA:125,7,1,19
BRDA:125,8,0,19
BRDA:125,8,1,0
BRDA:136,9,0,0
BRDA:136,9,1,19
BRDA:136,10,0,19
BRDA:136,10,1,0
BRDA:145,11,0,1
BRDA:145,11,1,18
BRDA:145,12,0,19
BRDA:145,12,1,19
BRDA:166,13,0,19
BRDA:166,13,1,0
BRDA:170,14,0,15
BRDA:170,14,1,4
BRDA:180,15,0,15
BRDA:180,15,1,4
BRDA:183,16,0,19
BRDA:183,16,1,0
BRDA:187,17,0,0
BRDA:187,17,1,19
BRDA:193,18,0,15
BRDA:193,18,1,4
BRDA:209,19,0,1
BRDA:209,19,1,18
BRDA:212,20,0,0
BRDA:212,20,1,1
BRDA:226,21,0,1
BRDA:226,21,1,17
BRDA:265,22,0,0
BRDA:265,22,1,1
BRDA:291,23,0,2
BRDA:291,23,1,3
BRDA:291,24,0,5
BRDA:291,24,1,2
BRDA:315,25,0,2
BRDA:315,25,1,0
BRDA:315,26,0,2
BRDA:315,26,1,2
BRDA:348,27,0,0
BRDA:348,27,1,5
BRDA:348,28,0,5
BRDA:348,28,1,5
BRDA:348,28,2,1
BRDA:360,29,0,5
BRDA:360,29,1,0
BRDA:379,30,0,0
BRDA:379,30,1,0
BRDA:384,31,0,0
BRDA:384,31,1,0
BRDA:413,32,0,0
BRDA:438,33,0,0
BRDA:438,33,1,0
BRDA:438,34,0,0
BRDA:438,34,1,0
BRDA:448,35,0,0
BRDA:466,36,0,0
BRDA:466,36,1,0
BRDA:466,37,0,0
BRDA:466,37,1,0
BRDA:473,38,0,0
BRDA:473,38,1,0
BRDA:482,39,0,0
BRDA:482,39,1,0
BRDA:490,40,0,0
BRDA:490,40,1,0
BRDA:500,41,0,0
BRDA:500,41,1,0
BRDA:521,42,0,0
BRDA:521,42,1,0
BRDA:561,43,0,0
BRDA:561,43,1,2
BRDA:624,44,0,0
BRDA:624,44,1,0
BRDA:624,45,0,0
BRDA:624,45,1,0
BRDA:639,46,0,0
BRDA:639,47,0,0
BRDA:640,48,0,0
BRDA:640,48,1,0
BRDA:644,49,0,0
BRDA:644,49,1,0
BRDA:644,50,0,0
BRDA:644,50,1,0
BRDA:644,50,2,0
BRDA:649,51,0,0
BRDA:649,51,1,0
BRDA:673,52,0,0
BRDA:673,52,1,0
BRDA:674,53,0,0
BRDA:674,53,1,0
BRDA:674,53,2,0
BRDA:674,53,3,0
BRDA:674,53,4,0
BRDA:674,53,5,0
BRDA:44,54,0,27
BRDA:44,54,1,0
BRDA:44,55,0,27
BRDA:46,56,0,27
BRDA:46,56,1,0
BRDA:44,57,0,27
BRDA:44,57,1,27
BRDA:48,58,0,27
BRDA:48,58,1,0
BRDA:46,59,0,27
BRDA:46,59,1,27
BRDA:50,60,0,27
BRDA:50,60,1,0
BRDA:48,61,0,27
BRDA:48,61,1,27
BRDA:51,62,0,27
BRDA:51,62,1,0
BRDA:50,63,0,27
BRDA:50,63,1,27
BRDA:52,64,0,27
BRDA:52,64,1,0
BRDA:51,65,0,27
BRDA:51,65,1,27
BRDA:53,66,0,27
BRDA:53,66,1,0
BRDA:52,67,0,27
BRDA:52,67,1,27
BRF:133
BRH:65
end_of_record
TN:
SF:/home/yongyiwong/greendirect/backend/greendirect-api/src/delivery/delivery.controller.ts
FN:32,(anonymous_11)
FN:46,(anonymous_12)
FN:100,(anonymous_14)
FN:114,(anonymous_16)
FN:123,(anonymous_18)
FN:138,(anonymous_20)
FN:152,(anonymous_22)
FN:166,(anonymous_24)
FN:180,(anonymous_26)
FNF:9
FNH:2
FNDA:27,(anonymous_11)
FNDA:0,(anonymous_12)
FNDA:0,(anonymous_14)
FNDA:0,(anonymous_16)
FNDA:1,(anonymous_18)
FNDA:0,(anonymous_20)
FNDA:0,(anonymous_22)
FNDA:0,(anonymous_24)
FNDA:0,(anonymous_26)
DA:27,27
DA:31,27
DA:33,27
DA:34,27
DA:46,27
DA:56,0
DA:58,0
DA:59,0
DA:60,0
DA:62,0
DA:69,0
DA:70,0
DA:73,0
DA:74,0
DA:76,0
DA:77,0
DA:81,0
DA:82,0
DA:83,0
DA:85,0
DA:100,27
DA:105,0
DA:114,27
DA:118,0
DA:123,27
DA:132,1
DA:133,1
DA:138,27
DA:143,0
DA:152,27
DA:157,0
DA:166,27
DA:171,0
DA:180,27
DA:190,0
LF:35
LH:14
BRDA:56,0,0,0
BRDA:56,0,1,0
BRDA:58,1,0,0
BRDA:58,1,1,0
BRDA:59,2,0,0
BRDA:59,2,1,0
BRDA:60,3,0,0
BRDA:60,3,1,0
BRDA:69,4,0,0
BRDA:69,4,1,0
BRDA:73,5,0,0
BRDA:73,5,1,0
BRDA:74,6,0,0
BRDA:74,6,1,0
BRDA:78,7,0,0
BRDA:78,7,1,0
BRDA:55,8,0,27
BRDA:55,8,1,0
BRDA:55,9,0,27
BRDA:102,10,0,27
BRDA:102,10,1,0
BRDA:102,11,0,27
BRDA:104,12,0,27
BRDA:104,12,1,0
BRDA:104,13,0,27
BRDA:117,14,0,27
BRDA:117,14,1,0
BRDA:117,15,0,27
BRDA:130,16,0,27
BRDA:130,16,1,0
BRDA:130,17,0,27
BRDA:131,18,0,27
BRDA:131,18,1,0
BRDA:131,19,0,27
BRDA:142,20,0,27
BRDA:142,20,1,0
BRDA:142,21,0,27
BRDA:156,22,0,27
BRDA:156,22,1,0
BRDA:156,23,0,27
BRDA:170,24,0,27
BRDA:170,24,1,0
BRDA:170,25,0,27
BRDA:188,26,0,27
BRDA:188,26,1,0
BRDA:188,27,0,27
BRDA:189,28,0,27
BRDA:189,28,1,0
BRDA:189,29,0,27
BRDA:33,30,0,27
BRDA:33,30,1,0
BRDA:33,31,0,27
BRDA:34,32,0,27
BRDA:34,32,1,0
BRDA:33,33,0,27
BRDA:33,33,1,27
BRF:56
BRH:27
end_of_record
TN:
SF:/home/yongyiwong/greendirect/backend/greendirect-api/src/delivery/delivery.exceptions.ts
FN:15,(anonymous_0)
FNF:1
FNH:1
FNDA:6,(anonymous_0)
DA:10,27
DA:16,6
LF:2
LH:2
BRDA:17,0,0,2
BRDA:17,0,1,4
BRDA:18,1,0,4
BRDA:18,1,1,2
BRF:4
BRH:4
end_of_record
TN:
SF:/home/yongyiwong/greendirect/backend/greendirect-api/src/delivery/delivery.module.ts
FNF:0
FNH:0
DA:19,27
LF:1
LH:1
BRF:0
BRH:0
end_of_record
TN:
SF:/home/yongyiwong/greendirect/backend/greendirect-api/src/delivery/delivery.service.ts
FN:30,(anonymous_11)
FN:39,(anonymous_12)
FN:109,(anonymous_14)
FN:138,(anonymous_15)
FN:161,(anonymous_17)
FN:180,(anonymous_18)
FN:220,(anonymous_20)
FN:242,(anonymous_21)
FN:288,(anonymous_23)
FN:329,(anonymous_25)
FN:347,(anonymous_27)
FN:369,(anonymous_29)
FN:31,(anonymous_31)
FNF:13
FNH:11
FNDA:27,(anonymous_11)
FNDA:2,(anonymous_12)
FNDA:0,(anonymous_14)
FNDA:17,(anonymous_15)
FNDA:3,(anonymous_17)
FNDA:6,(anonymous_18)
FNDA:0,(anonymous_20)
FNDA:3,(anonymous_21)
FNDA:1,(anonymous_23)
FNDA:2,(anonymous_25)
FNDA:1,(anonymous_27)
FNDA:3,(anonymous_29)
FNDA:27,(anonymous_31)
DA:29,27
DA:31,27
DA:32,27
DA:34,27
DA:36,27
DA:49,2
DA:50,2
DA:72,2
DA:73,0
DA:74,0
DA:83,2
DA:84,0
DA:90,2
DA:91,0
DA:96,2
DA:97,1
DA:104,2
DA:109,0
DA:110,0
DA:120,0
DA:124,2
DA:128,2
DA:129,2
DA:130,2
DA:134,0
DA:143,17
DA:144,17
DA:145,17
DA:146,17
DA:147,17
DA:148,17
DA:149,17
DA:150,7
DA:151,7
DA:153,17
DA:155,17
DA:156,14
DA:159,17
DA:160,3
DA:161,3
DA:162,3
DA:171,3
DA:174,17
DA:176,0
DA:184,6
DA:185,6
DA:207,6
DA:208,2
DA:215,6
DA:220,0
DA:221,0
DA:231,0
DA:235,6
DA:237,0
DA:242,27
DA:249,3
DA:250,3
DA:259,3
DA:265,2
DA:266,2
DA:269,2
DA:270,2
DA:271,2
DA:272,2
DA:273,1
DA:274,1
DA:276,2
DA:277,2
DA:278,2
DA:281,2
DA:283,1
DA:288,27
DA:296,1
DA:297,1
DA:306,1
DA:307,1
DA:308,1
DA:309,1
DA:310,1
DA:311,1
DA:314,1
DA:315,1
DA:316,1
DA:317,1
DA:318,1
DA:319,1
DA:320,1
DA:321,1
DA:323,1
DA:325,0
DA:334,2
DA:335,2
DA:341,2
DA:343,0
DA:352,1
DA:353,1
DA:354,1
DA:355,1
DA:356,1
DA:358,1
DA:359,1
DA:361,1
DA:362,1
DA:364,0
DA:369,27
DA:377,3
DA:378,3
DA:387,3
DA:394,2
DA:395,2
DA:396,2
DA:397,2
DA:398,2
DA:399,2
DA:403,2
DA:404,2
DA:405,2
DA:406,2
DA:407,2
DA:408,2
DA:409,2
DA:412,2
DA:414,1
LF:123
LH:107
BRDA:42,0,0,2
BRDA:43,1,0,2
BRDA:72,2,0,0
BRDA:72,2,1,2
BRDA:83,3,0,0
BRDA:83,3,1,2
BRDA:83,4,0,2
BRDA:83,4,1,0
BRDA:90,5,0,0
BRDA:90,5,1,2
BRDA:96,6,0,1
BRDA:96,6,1,1
BRDA:104,7,0,0
BRDA:104,7,1,2
BRDA:105,8,0,2
BRDA:105,8,1,2
BRDA:105,8,2,2
BRDA:149,9,0,7
BRDA:149,9,1,10
BRDA:155,10,0,14
BRDA:155,10,1,3
BRDA:159,11,0,3
BRDA:159,11,1,14
BRDA:207,12,0,2
BRDA:207,12,1,4
BRDA:215,13,0,0
BRDA:215,13,1,6
BRDA:216,14,0,6
BRDA:216,14,1,6
BRDA:216,14,2,6
BRDA:272,15,0,1
BRDA:272,15,1,1
BRDA:243,16,0,27
BRDA:243,16,1,0
BRDA:243,17,0,27
BRDA:244,18,0,27
BRDA:244,18,1,0
BRDA:243,19,0,27
BRDA:243,19,1,27
BRDA:245,20,0,27
BRDA:245,20,1,0
BRDA:244,21,0,27
BRDA:244,21,1,27
BRDA:247,22,0,27
BRDA:247,22,1,0
BRDA:245,23,0,27
BRDA:245,23,1,27
BRDA:248,24,0,27
BRDA:248,24,1,0
BRDA:248,25,0,27
BRDA:292,26,0,27
BRDA:292,26,1,0
BRDA:292,27,0,27
BRDA:294,28,0,27
BRDA:294,28,1,0
BRDA:292,29,0,27
BRDA:292,29,1,27
BRDA:295,30,0,27
BRDA:295,30,1,0
BRDA:295,31,0,27
BRDA:370,32,0,27
BRDA:370,32,1,0
BRDA:370,33,0,27
BRDA:373,34,0,27
BRDA:373,34,1,0
BRDA:370,35,0,27
BRDA:370,35,1,27
BRDA:374,36,0,27
BRDA:374,36,1,0
BRDA:373,37,0,27
BRDA:373,37,1,27
BRDA:375,38,0,27
BRDA:375,38,1,0
BRDA:374,39,0,27
BRDA:374,39,1,27
BRDA:376,40,0,27
BRDA:376,40,1,0
BRDA:376,41,0,27
BRDA:32,42,0,27
BRDA:32,42,1,0
BRDA:32,43,0,27
BRDA:34,44,0,27
BRDA:34,44,1,0
BRDA:32,45,0,27
BRDA:32,45,1,27
BRDA:36,46,0,27
BRDA:36,46,1,0
BRDA:34,47,0,27
BRDA:34,47,1,27
BRF:89
BRH:67
end_of_record
TN:
SF:/home/yongyiwong/greendirect/backend/greendirect-api/src/deploy/deploy.controller.ts
FN:8,(anonymous_2)
FN:12,(anonymous_3)
FN:18,(anonymous_4)
FNF:3
FNH:1
FNDA:27,(anonymous_2)
FNDA:0,(anonymous_3)
FNDA:0,(anonymous_4)
DA:7,27
DA:8,27
DA:12,27
DA:13,0
DA:18,27
DA:19,0
LF:6
LH:4
BRDA:8,0,0,27
BRDA:8,0,1,0
BRDA:8,1,0,27
BRF:3
BRH:2
end_of_record
TN:
SF:/home/yongyiwong/greendirect/backend/greendirect-api/src/deploy/deploy.module.ts
FNF:0
FNH:0
DA:9,27
LF:1
LH:1
BRF:0
BRH:0
end_of_record
TN:
SF:/home/yongyiwong/greendirect/backend/greendirect-api/src/deploy/deploy.script.ts
FN:12,(anonymous_7)
FN:12,(anonymous_8)
FNF:2
FNH:0
FNDA:0,(anonymous_7)
FNDA:0,(anonymous_8)
DA:6,0
DA:7,0
DA:9,0
DA:10,0
DA:12,0
DA:13,0
DA:14,0
DA:17,0
DA:18,0
LF:9
LH:0
BRF:0
BRH:0
end_of_record
TN:
SF:/home/yongyiwong/greendirect/backend/greendirect-api/src/deploy/deploy.service.ts
FN:18,(anonymous_9)
FN:30,(anonymous_10)
FN:31,(anonymous_12)
FN:32,(anonymous_13)
FN:36,(anonymous_14)
FN:49,(anonymous_15)
FN:62,(anonymous_17)
FN:75,(anonymous_19)
FN:77,(anonymous_21)
FN:78,(anonymous_22)
FN:79,(anonymous_23)
FN:94,(anonymous_24)
FN:95,(anonymous_26)
FN:96,(anonymous_27)
FN:112,(anonymous_28)
FN:114,(anonymous_30)
FN:123,(anonymous_31)
FN:137,(anonymous_32)
FN:139,(anonymous_34)
FN:143,(anonymous_35)
FN:147,(anonymous_36)
FN:150,(anonymous_37)
FN:161,(anonymous_38)
FN:172,(anonymous_40)
FN:197,(anonymous_42)
FN:221,(anonymous_44)
FN:222,(anonymous_46)
FN:223,(anonymous_47)
FN:236,(anonymous_48)
FN:237,(anonymous_50)
FN:238,(anonymous_51)
FN:252,(anonymous_52)
FN:256,(anonymous_54)
FN:257,(anonymous_55)
FNF:34
FNH:1
FNDA:27,(anonymous_9)
FNDA:0,(anonymous_10)
FNDA:0,(anonymous_12)
FNDA:0,(anonymous_13)
FNDA:0,(anonymous_14)
FNDA:0,(anonymous_15)
FNDA:0,(anonymous_17)
FNDA:0,(anonymous_19)
FNDA:0,(anonymous_21)
FNDA:0,(anonymous_22)
FNDA:0,(anonymous_23)
FNDA:0,(anonymous_24)
FNDA:0,(anonymous_26)
FNDA:0,(anonymous_27)
FNDA:0,(anonymous_28)
FNDA:0,(anonymous_30)
FNDA:0,(anonymous_31)
FNDA:0,(anonymous_32)
FNDA:0,(anonymous_34)
FNDA:0,(anonymous_35)
FNDA:0,(anonymous_36)
FNDA:0,(anonymous_37)
FNDA:0,(anonymous_38)
FNDA:0,(anonymous_40)
FNDA:0,(anonymous_42)
FNDA:0,(anonymous_44)
FNDA:0,(anonymous_46)
FNDA:0,(anonymous_47)
FNDA:0,(anonymous_48)
FNDA:0,(anonymous_50)
FNDA:0,(anonymous_51)
FNDA:0,(anonymous_52)
FNDA:0,(anonymous_54)
FNDA:0,(anonymous_55)
DA:12,27
DA:15,27
DA:16,27
DA:18,27
DA:19,27
DA:20,27
DA:31,0
DA:32,0
DA:33,0
DA:34,0
DA:36,0
DA:37,0
DA:38,0
DA:40,0
DA:50,0
DA:51,0
DA:53,0
DA:54,0
DA:55,0
DA:63,0
DA:64,0
DA:65,0
DA:66,0
DA:76,0
DA:77,0
DA:78,0
DA:79,0
DA:80,0
DA:81,0
DA:83,0
DA:95,0
DA:96,0
DA:97,0
DA:98,0
DA:100,0
DA:101,0
DA:103,0
DA:113,0
DA:114,0
DA:115,0
DA:116,0
DA:117,0
DA:121,0
DA:124,0
DA:127,0
DA:138,0
DA:139,0
DA:140,0
DA:141,0
DA:144,0
DA:145,0
DA:148,0
DA:151,0
DA:152,0
DA:162,0
DA:163,0
DA:164,0
DA:165,0
DA:166,0
DA:173,0
DA:174,0
DA:176,0
DA:177,0
DA:178,0
DA:180,0
DA:181,0
DA:182,0
DA:183,0
DA:184,0
DA:187,0
DA:188,0
DA:198,0
DA:199,0
DA:201,0
DA:202,0
DA:204,0
DA:205,0
DA:206,0
DA:207,0
DA:208,0
DA:209,0
DA:211,0
DA:213,0
DA:222,0
DA:223,0
DA:224,0
DA:225,0
DA:227,0
DA:237,0
DA:238,0
DA:239,0
DA:240,0
DA:242,0
DA:256,0
DA:257,0
DA:258,0
DA:259,0
DA:261,0
LF:98
LH:6
BRDA:33,0,0,0
BRDA:33,0,1,0
BRDA:37,1,0,0
BRDA:37,1,1,0
BRDA:50,2,0,0
BRDA:50,2,1,0
BRDA:80,3,0,0
BRDA:80,3,1,0
BRDA:97,4,0,0
BRDA:97,4,1,0
BRDA:173,5,0,0
BRDA:173,5,1,0
BRDA:176,6,0,0
BRDA:176,6,1,0
BRDA:177,7,0,0
BRDA:177,7,1,0
BRDA:198,8,0,0
BRDA:198,8,1,0
BRDA:201,9,0,0
BRDA:201,9,1,0
BRDA:205,10,0,0
BRDA:205,10,1,0
BRDA:224,11,0,0
BRDA:224,11,1,0
BRDA:239,12,0,0
BRDA:239,12,1,0
BRDA:258,13,0,0
BRDA:258,13,1,0
BRDA:18,14,0,27
BRDA:18,14,1,0
BRDA:18,15,0,27
BRF:31
BRH:2
end_of_record
TN:
SF:/home/yongyiwong/greendirect/backend/greendirect-api/src/doctor/doctor.controller.ts
FN:43,(anonymous_11)
FN:61,(anonymous_12)
FN:88,(anonymous_14)
FN:103,(anonymous_16)
FN:112,(anonymous_18)
FN:126,(anonymous_20)
FN:136,(anonymous_22)
FN:144,(anonymous_24)
FNF:8
FNH:2
FNDA:27,(anonymous_11)
FNDA:7,(anonymous_12)
FNDA:0,(anonymous_14)
FNDA:0,(anonymous_16)
FNDA:0,(anonymous_18)
FNDA:0,(anonymous_20)
FNDA:0,(anonymous_22)
FNDA:0,(anonymous_24)
DA:42,27
DA:43,27
DA:61,27
DA:73,7
DA:88,27
DA:91,0
DA:92,0
DA:93,0
DA:94,0
DA:96,0
DA:103,27
DA:106,0
DA:112,27
DA:120,0
DA:121,0
DA:126,27
DA:130,0
DA:136,27
DA:139,0
DA:144,27
DA:150,0
LF:21
LH:10
BRDA:72,0,0,27
BRDA:72,0,1,0
BRDA:72,1,0,27
BRDA:90,2,0,27
BRDA:90,2,1,0
BRDA:90,3,0,27
BRDA:104,4,0,27
BRDA:104,4,1,0
BRDA:104,5,0,27
BRDA:105,6,0,27
BRDA:105,6,1,0
BRDA:105,7,0,27
BRDA:118,8,0,27
BRDA:118,8,1,0
BRDA:118,9,0,27
BRDA:119,10,0,27
BRDA:119,10,1,0
BRDA:119,11,0,27
BRDA:129,12,0,27
BRDA:129,12,1,0
BRDA:129,13,0,27
BRDA:137,14,0,0
BRDA:137,14,1,27
BRDA:137,15,0,0
BRDA:138,16,0,27
BRDA:138,16,1,0
BRDA:138,17,0,27
BRDA:43,18,0,27
BRDA:43,18,1,0
BRDA:43,19,0,27
BRF:30
BRH:19
end_of_record
TN:
SF:/home/yongyiwong/greendirect/backend/greendirect-api/src/doctor/doctor.exceptions.ts
FN:8,(anonymous_0)
FN:14,(anonymous_1)
FNF:2
FNH:1
FNDA:0,(anonymous_0)
FNDA:4,(anonymous_1)
DA:4,27
DA:8,0
DA:16,4
LF:3
LH:2
BRDA:16,0,0,3
BRDA:16,0,1,1
BRF:2
BRH:2
end_of_record
TN:
SF:/home/yongyiwong/greendirect/backend/greendirect-api/src/doctor/doctor.module.ts
FNF:0
FNH:0
DA:13,27
LF:1
LH:1
BRF:0
BRH:0
end_of_record
TN:
SF:/home/yongyiwong/greendirect/backend/greendirect-api/src/doctor/doctor.service.ts
FN:52,(anonymous_11)
FN:62,(anonymous_12)
FN:145,(anonymous_14)
FN:150,(anonymous_16)
FN:155,(anonymous_18)
FN:160,(anonymous_20)
FN:173,(anonymous_22)
FN:177,(anonymous_24)
FN:198,(anonymous_26)
FN:203,(anonymous_27)
FNF:10
FNH:3
FNDA:27,(anonymous_11)
FNDA:14,(anonymous_12)
FNDA:0,(anonymous_14)
FNDA:0,(anonymous_16)
FNDA:0,(anonymous_18)
FNDA:4,(anonymous_20)
FNDA:0,(anonymous_22)
FNDA:0,(anonymous_24)
FNDA:0,(anonymous_26)
FNDA:0,(anonymous_27)
DA:29,27
DA:32,27
DA:47,27
DA:54,27
DA:55,27
DA:57,27
DA:58,27
DA:59,27
DA:76,14
DA:78,14
DA:79,14
DA:80,14
DA:81,14
DA:82,14
DA:83,14
DA:97,14
DA:98,14
DA:100,4
DA:104,2
DA:112,12
DA:114,12
DA:115,3
DA:120,12
DA:122,12
DA:123,12
DA:124,0
DA:125,0
DA:126,0
DA:127,0
DA:129,12
DA:138,12
DA:140,2
DA:142,12
DA:146,0
DA:147,0
DA:151,0
DA:152,0
DA:156,0
DA:157,0
DA:163,4
DA:164,4
DA:165,0
DA:167,4
DA:170,4
DA:174,0
DA:181,0
DA:182,0
DA:183,0
DA:184,0
DA:185,0
DA:186,0
DA:187,0
DA:192,0
DA:199,0
DA:200,0
DA:203,0
DA:204,0
DA:205,0
DA:206,0
DA:208,0
LF:60
LH:33
BRDA:81,0,0,14
BRDA:81,0,1,6
BRDA:98,1,0,4
BRDA:98,1,1,10
BRDA:98,2,0,14
BRDA:98,2,1,11
BRDA:114,3,0,3
BRDA:114,3,1,9
BRDA:114,4,0,12
BRDA:114,4,1,3
BRDA:114,4,2,3
BRDA:114,4,3,3
BRDA:123,5,0,0
BRDA:123,5,1,12
BRDA:146,6,0,0
BRDA:146,6,1,0
BRDA:164,7,0,0
BRDA:164,7,1,4
BRDA:179,8,0,0
BRDA:204,9,0,0
BRDA:204,9,1,0
BRDA:204,10,0,0
BRDA:204,10,1,0
BRDA:54,11,0,27
BRDA:54,11,1,0
BRDA:54,12,0,27
BRDA:55,13,0,27
BRDA:55,13,1,0
BRDA:54,14,0,27
BRDA:54,14,1,27
BRF:30
BRH:19
end_of_record
TN:
SF:/home/yongyiwong/greendirect/backend/greendirect-api/src/entities/app-download.entity.ts
FNF:0
FNH:0
DA:12,27
DA:15,27
DA:19,27
DA:23,27
DA:27,27
DA:31,27
DA:35,27
LF:7
LH:7
BRDA:35,0,0,27
BRDA:35,0,1,0
BRDA:35,1,0,27
BRF:3
BRH:2
end_of_record
TN:
SF:/home/yongyiwong/greendirect/backend/greendirect-api/src/entities/biotrack-user-log.entity.ts
FN:16,(anonymous_2)
FN:31,(anonymous_3)
FN:35,(anonymous_4)
FNF:3
FNH:3
FNDA:27,(anonymous_2)
FNDA:27,(anonymous_3)
FNDA:27,(anonymous_4)
DA:16,27
DA:17,27
DA:18,27
DA:19,27
DA:20,27
DA:21,27
DA:22,27
DA:26,27
DA:29,27
DA:31,27
DA:33,27
DA:35,27
DA:37,27
DA:40,27
DA:43,27
DA:46,27
DA:50,27
DA:54,27
LF:18
LH:18
BRDA:16,0,0,27
BRDA:16,0,1,27
BRDA:33,1,0,27
BRDA:33,1,1,0
BRDA:33,2,0,27
BRDA:37,3,0,27
BRDA:37,3,1,0
BRDA:37,4,0,27
BRDA:50,5,0,27
BRDA:50,5,1,0
BRDA:50,6,0,27
BRDA:54,7,0,27
BRDA:54,7,1,0
BRDA:54,8,0,27
BRF:14
BRH:10
end_of_record
TN:
SF:/home/yongyiwong/greendirect/backend/greendirect-api/src/entities/biotrack-user.entity.ts
FN:27,(anonymous_2)
FNF:1
FNH:1
FNDA:27,(anonymous_2)
DA:18,27
DA:21,27
DA:25,27
DA:27,27
DA:29,27
DA:33,27
DA:36,27
DA:39,27
DA:42,27
DA:45,27
DA:48,27
DA:51,27
DA:54,27
DA:57,27
DA:60,27
DA:63,27
DA:66,27
DA:69,27
DA:72,27
DA:75,27
DA:78,27
DA:81,27
DA:84,27
DA:87,27
DA:95,27
DA:98,27
DA:101,27
DA:104,27
LF:28
LH:28
BRDA:29,0,0,27
BRDA:29,0,1,0
BRDA:29,1,0,27
BRDA:48,2,0,27
BRDA:48,2,1,0
BRDA:48,3,0,27
BRDA:54,4,0,27
BRDA:54,4,1,0
BRDA:54,5,0,27
BRDA:60,6,0,27
BRDA:60,6,1,0
BRDA:60,7,0,27
BRDA:101,8,0,27
BRDA:101,8,1,0
BRDA:101,9,0,27
BRDA:104,10,0,27
BRDA:104,10,1,0
BRDA:104,11,0,27
BRF:18
BRH:12
end_of_record
TN:
SF:/home/yongyiwong/greendirect/backend/greendirect-api/src/entities/brand.entity.ts
FN:38,(anonymous_2)
FN:39,(anonymous_3)
FNF:2
FNH:2
FNDA:27,(anonymous_2)
FNDA:27,(anonymous_3)
DA:13,27
DA:16,27
DA:19,27
DA:23,27
DA:27,27
DA:31,27
DA:35,27
DA:38,27
DA:39,27
DA:41,27
DA:48,27
DA:55,27
DA:59,27
DA:63,27
DA:67,27
DA:70,27
DA:74,27
DA:77,27
LF:18
LH:18
BRDA:48,0,0,27
BRDA:48,0,1,0
BRDA:48,1,0,27
BRDA:55,2,0,27
BRDA:55,2,1,0
BRDA:55,3,0,27
BRDA:67,4,0,27
BRDA:67,4,1,0
BRDA:67,5,0,27
BRDA:74,6,0,27
BRDA:74,6,1,0
BRDA:74,7,0,27
BRF:12
BRH:8
end_of_record
TN:
SF:/home/yongyiwong/greendirect/backend/greendirect-api/src/entities/coupon-day.entity.ts
FN:19,(anonymous_2)
FNF:1
FNH:1
FNDA:27,(anonymous_2)
DA:14,27
DA:17,27
DA:19,27
DA:21,27
DA:25,27
DA:29,27
DA:33,27
DA:37,27
DA:41,27
DA:45,27
DA:49,27
DA:53,27
LF:12
LH:12
BRDA:21,0,0,21
BRDA:21,0,1,6
BRDA:21,1,0,21
BRDA:41,2,0,27
BRDA:41,2,1,0
BRDA:41,3,0,27
BRDA:49,4,0,27
BRDA:49,4,1,0
BRDA:49,5,0,27
BRF:9
BRH:7
end_of_record
TN:
SF:/home/yongyiwong/greendirect/backend/greendirect-api/src/entities/coupon-limit-category.entity.ts
FN:20,(anonymous_2)
FN:21,(anonymous_3)
FNF:2
FNH:2
FNDA:27,(anonymous_2)
FNDA:27,(anonymous_3)
DA:14,27
DA:17,27
DA:20,27
DA:21,27
DA:27,27
DA:31,27
DA:35,27
DA:39,27
DA:43,27
DA:47,27
DA:51,27
LF:11
LH:11
BRDA:27,0,0,0
BRDA:27,0,1,27
BRDA:27,1,0,0
BRDA:39,2,0,27
BRDA:39,2,1,0
BRDA:39,3,0,27
BRDA:47,4,0,27
BRDA:47,4,1,0
BRDA:47,5,0,27
BRF:9
BRH:5
end_of_record
TN:
SF:/home/yongyiwong/greendirect/backend/greendirect-api/src/entities/coupon-limit.entity.ts
FN:25,(anonymous_2)
FN:26,(anonymous_3)
FN:33,(anonymous_4)
FN:34,(anonymous_5)
FNF:4
FNH:4
FNDA:27,(anonymous_2)
FNDA:27,(anonymous_3)
FNDA:27,(anonymous_4)
FNDA:27,(anonymous_5)
DA:19,27
DA:22,27
DA:25,27
DA:26,27
DA:30,27
DA:33,27
DA:34,27
DA:39,27
DA:43,27
DA:47,27
DA:51,27
DA:55,27
DA:59,27
LF:13
LH:13
BRDA:30,0,0,0
BRDA:30,0,1,27
BRDA:30,1,0,0
BRDA:47,2,0,27
BRDA:47,2,1,0
BRDA:47,3,0,27
BRDA:55,4,0,27
BRDA:55,4,1,0
BRDA:55,5,0,27
BRF:9
BRH:5
end_of_record
TN:
SF:/home/yongyiwong/greendirect/backend/greendirect-api/src/entities/coupon.entity.ts
FN:17,(anonymous_2)
FN:22,(anonymous_3)
FN:46,(anonymous_4)
FN:47,(anonymous_5)
FN:88,(anonymous_6)
FN:89,(anonymous_7)
FN:126,(anonymous_8)
FN:127,(anonymous_9)
FNF:8
FNH:8
FNDA:27,(anonymous_2)
FNDA:27,(anonymous_3)
FNDA:27,(anonymous_4)
FNDA:27,(anonymous_5)
FNDA:27,(anonymous_6)
FNDA:27,(anonymous_7)
FNDA:27,(anonymous_8)
FNDA:27,(anonymous_9)
DA:17,27
DA:18,27
DA:19,27
DA:22,27
DA:23,27
DA:24,27
DA:28,27
DA:31,27
DA:35,27
DA:39,27
DA:43,27
DA:46,27
DA:47,27
DA:49,27
DA:56,27
DA:63,27
DA:67,27
DA:77,27
DA:81,27
DA:85,27
DA:88,27
DA:89,27
DA:91,27
DA:95,27
DA:99,27
DA:103,27
DA:107,27
DA:111,27
DA:115,27
DA:119,27
DA:123,27
DA:126,27
DA:127,27
DA:132,27
DA:136,27
DA:140,27
DA:144,27
DA:148,27
DA:152,27
LF:39
LH:39
BRDA:17,0,0,27
BRDA:17,0,1,27
BRDA:22,1,0,27
BRDA:22,1,1,27
BRDA:56,2,0,27
BRDA:56,2,1,0
BRDA:56,3,0,27
BRDA:63,4,0,27
BRDA:63,4,1,0
BRDA:63,5,0,27
BRDA:132,6,0,27
BRDA:132,6,1,0
BRDA:132,7,0,27
BRDA:140,8,0,27
BRDA:140,8,1,0
BRDA:140,9,0,27
BRDA:148,10,0,27
BRDA:148,10,1,0
BRDA:148,11,0,27
BRF:19
BRH:14
end_of_record
TN:
SF:/home/yongyiwong/greendirect/backend/greendirect-api/src/entities/deal-day.entity.ts
FN:19,(anonymous_2)
FNF:1
FNH:1
FNDA:27,(anonymous_2)
DA:14,27
DA:17,27
DA:19,27
DA:21,27
DA:25,27
DA:29,27
DA:33,27
DA:37,27
DA:41,27
DA:45,27
LF:10
LH:10
BRDA:21,0,0,0
BRDA:21,0,1,27
BRDA:21,1,0,0
BRDA:33,2,0,27
BRDA:33,2,1,0
BRDA:33,3,0,27
BRDA:41,4,0,27
BRDA:41,4,1,0
BRDA:41,5,0,27
BRF:9
BRH:5
end_of_record
TN:
SF:/home/yongyiwong/greendirect/backend/greendirect-api/src/entities/deal.entity.ts
FN:43,(anonymous_2)
FN:44,(anonymous_3)
FN:57,(anonymous_4)
FN:58,(anonymous_5)
FNF:4
FNH:4
FNDA:27,(anonymous_2)
FNDA:27,(anonymous_3)
FNDA:30,(anonymous_4)
FNDA:27,(anonymous_5)
DA:17,27
DA:18,27
DA:21,27
DA:24,27
DA:28,27
DA:32,27
DA:36,27
DA:40,27
DA:43,27
DA:44,27
DA:49,27
DA:57,30
DA:58,27
DA:60,27
DA:70,27
DA:80,27
DA:91,27
DA:99,27
DA:103,27
DA:107,27
DA:115,27
DA:119,27
DA:123,27
DA:127,27
DA:131,27
LF:25
LH:25
BRDA:70,0,0,27
BRDA:70,0,1,0
BRDA:70,1,0,27
BRDA:80,2,0,27
BRDA:80,2,1,0
BRDA:80,3,0,27
BRDA:91,4,0,27
BRDA:91,4,1,0
BRDA:91,5,0,27
BRDA:115,6,0,0
BRDA:115,6,1,27
BRDA:115,7,0,27
BRDA:119,8,0,27
BRDA:119,8,1,0
BRDA:119,9,0,27
BRDA:127,10,0,27
BRDA:127,10,1,0
BRDA:127,11,0,27
BRF:18
BRH:12
end_of_record
TN:
SF:/home/yongyiwong/greendirect/backend/greendirect-api/src/entities/delivery-log.entity.ts
FN:22,(anonymous_2)
FN:27,(anonymous_3)
FNF:2
FNH:2
FNDA:27,(anonymous_2)
FNDA:27,(anonymous_3)
DA:16,27
DA:19,27
DA:22,27
DA:24,27
DA:27,27
DA:29,27
DA:33,27
DA:37,27
DA:41,27
LF:9
LH:9
BRDA:24,0,0,27
BRDA:24,0,1,0
BRDA:24,1,0,27
BRDA:29,2,0,27
BRDA:29,2,1,0
BRDA:29,3,0,27
BRDA:33,4,0,0
BRDA:33,4,1,27
BRDA:33,5,0,27
BRDA:37,6,0,27
BRDA:37,6,1,0
BRDA:37,7,0,27
BRF:12
BRH:8
end_of_record
TN:
SF:/home/yongyiwong/greendirect/backend/greendirect-api/src/entities/delivery-time.entity.ts
FNF:0
FNH:0
DA:5,27
DA:8,27
DA:12,27
DA:16,27
DA:20,27
DA:24,27
DA:28,27
DA:32,27
LF:8
LH:8
BRF:0
BRH:0
end_of_record
TN:
SF:/home/yongyiwong/greendirect/backend/greendirect-api/src/entities/delivery-van-orders.entity.ts
FNF:0
FNH:0
DA:5,27
DA:8,27
DA:12,27
DA:16,27
DA:20,27
DA:24,27
DA:28,27
DA:32,27
LF:8
LH:8
BRF:0
BRH:0
end_of_record
TN:
SF:/home/yongyiwong/greendirect/backend/greendirect-api/src/entities/delivery.entity.ts
FN:18,(anonymous_2)
FN:32,(anonymous_3)
FN:37,(anonymous_4)
FN:46,(anonymous_5)
FN:47,(anonymous_6)
FNF:5
FNH:5
FNDA:27,(anonymous_2)
FNDA:27,(anonymous_3)
FNDA:27,(anonymous_4)
FNDA:27,(anonymous_5)
FNDA:27,(anonymous_6)
DA:18,27
DA:19,27
DA:20,27
DA:21,27
DA:22,27
DA:26,27
DA:29,27
DA:32,27
DA:34,27
DA:37,27
DA:39,27
DA:43,27
DA:46,27
DA:47,27
DA:49,27
DA:53,27
DA:57,27
DA:61,27
DA:65,27
LF:19
LH:19
BRDA:18,0,0,27
BRDA:18,0,1,27
BRDA:34,1,0,27
BRDA:34,1,1,0
BRDA:34,2,0,27
BRDA:39,3,0,27
BRDA:39,3,1,0
BRDA:39,4,0,27
BRDA:53,5,0,27
BRDA:53,5,1,0
BRDA:53,6,0,27
BRDA:61,7,0,27
BRDA:61,7,1,0
BRDA:61,8,0,27
BRF:14
BRH:10
end_of_record
TN:
SF:/home/yongyiwong/greendirect/backend/greendirect-api/src/entities/doctor.entity.ts
FN:56,(anonymous_2)
FNF:1
FNH:1
FNDA:26,(anonymous_2)
DA:14,27
DA:17,27
DA:21,27
DA:25,27
DA:29,27
DA:33,27
DA:37,27
DA:41,27
DA:45,27
DA:49,27
DA:53,27
DA:56,26
DA:58,27
DA:62,27
DA:66,27
DA:70,27
DA:74,27
DA:78,27
DA:81,27
DA:85,27
DA:88,27
LF:21
LH:21
BRDA:58,0,0,27
BRDA:58,0,1,0
BRDA:58,1,0,27
BRDA:78,2,0,27
BRDA:78,2,1,0
BRDA:78,3,0,27
BRDA:85,4,0,27
BRDA:85,4,1,0
BRDA:85,5,0,27
BRF:9
BRH:6
end_of_record
TN:
SF:/home/yongyiwong/greendirect/backend/greendirect-api/src/entities/driver-delivery-order.entity.ts
FNF:0
FNH:0
DA:5,27
DA:8,27
DA:12,27
DA:16,27
DA:20,27
DA:24,27
DA:28,27
LF:7
LH:7
BRF:0
BRH:0
end_of_record
TN:
SF:/home/yongyiwong/greendirect/backend/greendirect-api/src/entities/form-business-listing.entity.ts
FN:22,(anonymous_2)
FN:60,(anonymous_3)
FNF:2
FNH:2
FNDA:27,(anonymous_2)
FNDA:26,(anonymous_3)
DA:16,27
DA:19,27
DA:22,27
DA:24,27
DA:28,27
DA:32,27
DA:37,27
DA:41,27
DA:45,27
DA:49,27
DA:53,27
DA:57,27
DA:60,26
DA:62,27
DA:66,27
DA:70,27
DA:74,27
DA:78,27
DA:82,27
DA:86,27
DA:90,27
LF:21
LH:21
BRDA:24,0,0,27
BRDA:24,0,1,0
BRDA:24,1,0,27
BRDA:62,2,0,27
BRDA:62,2,1,0
BRDA:62,3,0,27
BRDA:78,4,0,27
BRDA:78,4,1,0
BRDA:78,5,0,27
BRDA:86,6,0,27
BRDA:86,6,1,0
BRDA:86,7,0,27
BRF:12
BRH:8
end_of_record
TN:
SF:/home/yongyiwong/greendirect/backend/greendirect-api/src/entities/form-contact.entity.ts
FN:22,(anonymous_2)
FN:44,(anonymous_3)
FNF:2
FNH:2
FNDA:27,(anonymous_2)
FNDA:26,(anonymous_3)
DA:16,27
DA:19,27
DA:22,27
DA:24,27
DA:28,27
DA:32,27
DA:37,27
DA:41,27
DA:44,26
DA:46,27
DA:50,27
DA:54,27
DA:58,27
DA:62,27
DA:66,27
DA:70,27
DA:74,27
DA:78,27
LF:18
LH:18
BRDA:24,0,0,27
BRDA:24,0,1,0
BRDA:24,1,0,27
BRDA:46,2,0,27
BRDA:46,2,1,0
BRDA:46,3,0,27
BRDA:66,4,0,27
BRDA:66,4,1,0
BRDA:66,5,0,27
BRDA:74,6,0,27
BRDA:74,6,1,0
BRDA:74,7,0,27
BRF:12
BRH:8
end_of_record
TN:
SF:/home/yongyiwong/greendirect/backend/greendirect-api/src/entities/freeway-user-address.entity.ts
FN:13,(anonymous_2)
FNF:1
FNH:1
FNDA:27,(anonymous_2)
DA:8,27
DA:11,27
DA:13,27
DA:15,27
DA:18,27
DA:21,27
DA:24,27
DA:27,27
DA:30,27
DA:33,27
DA:36,27
DA:39,27
DA:42,27
DA:45,27
DA:48,27
DA:51,27
LF:16
LH:16
BRDA:15,0,0,0
BRDA:15,0,1,27
BRDA:15,1,0,0
BRDA:45,2,0,27
BRDA:45,2,1,0
BRDA:45,3,0,27
BRDA:48,4,0,27
BRDA:48,4,1,0
BRDA:48,5,0,27
BRDA:51,6,0,27
BRDA:51,6,1,0
BRDA:51,7,0,27
BRF:12
BRH:7
end_of_record
TN:
SF:/home/yongyiwong/greendirect/backend/greendirect-api/src/entities/freeway-user-identification.entity.ts
FN:13,(anonymous_2)
FNF:1
FNH:1
FNDA:27,(anonymous_2)
DA:8,27
DA:11,27
DA:13,27
DA:15,27
DA:18,27
DA:21,27
DA:24,27
DA:27,27
DA:30,27
DA:33,27
DA:36,27
DA:39,27
DA:42,27
DA:45,27
DA:48,27
DA:51,27
LF:16
LH:16
BRDA:15,0,0,0
BRDA:15,0,1,27
BRDA:15,1,0,0
BRDA:39,2,0,27
BRDA:39,2,1,0
BRDA:39,3,0,27
BRDA:42,4,0,27
BRDA:42,4,1,0
BRDA:42,5,0,27
BRDA:45,6,0,27
BRDA:45,6,1,0
BRDA:45,7,0,27
BRDA:48,8,0,27
BRDA:48,8,1,0
BRDA:48,9,0,27
BRDA:51,10,0,27
BRDA:51,10,1,0
BRDA:51,11,0,27
BRF:18
BRH:11
end_of_record
TN:
SF:/home/yongyiwong/greendirect/backend/greendirect-api/src/entities/freeway-user-log.entity.ts
FN:16,(anonymous_2)
FN:31,(anonymous_3)
FN:35,(anonymous_4)
FNF:3
FNH:3
FNDA:27,(anonymous_2)
FNDA:27,(anonymous_3)
FNDA:27,(anonymous_4)
DA:16,27
DA:17,27
DA:18,27
DA:19,27
DA:20,27
DA:21,27
DA:22,27
DA:26,27
DA:29,27
DA:31,27
DA:33,27
DA:35,27
DA:37,27
DA:40,27
DA:43,27
DA:46,27
DA:50,27
DA:54,27
LF:18
LH:18
BRDA:16,0,0,27
BRDA:16,0,1,27
BRDA:33,1,0,27
BRDA:33,1,1,0
BRDA:33,2,0,27
BRDA:37,3,0,27
BRDA:37,3,1,0
BRDA:37,4,0,27
BRDA:50,5,0,27
BRDA:50,5,1,0
BRDA:50,6,0,27
BRDA:54,7,0,27
BRDA:54,7,1,0
BRDA:54,8,0,27
BRF:14
BRH:10
end_of_record
TN:
SF:/home/yongyiwong/greendirect/backend/greendirect-api/src/entities/freeway-user-phone.entity.ts
FN:13,(anonymous_2)
FNF:1
FNH:1
FNDA:27,(anonymous_2)
DA:8,27
DA:11,27
DA:13,27
DA:15,27
DA:18,27
DA:21,27
DA:24,27
DA:27,27
DA:30,27
DA:33,27
DA:36,27
DA:39,27
LF:12
LH:12
BRDA:15,0,0,0
BRDA:15,0,1,27
BRDA:15,1,0,0
BRDA:33,2,0,27
BRDA:33,2,1,0
BRDA:33,3,0,27
BRDA:36,4,0,27
BRDA:36,4,1,0
BRDA:36,5,0,27
BRDA:39,6,0,27
BRDA:39,6,1,0
BRDA:39,7,0,27
BRF:12
BRH:7
end_of_record
TN:
SF:/home/yongyiwong/greendirect/backend/greendirect-api/src/entities/freeway-user.entity.ts
FN:118,(anonymous_2)
FN:119,(anonymous_3)
FN:124,(anonymous_4)
FN:125,(anonymous_5)
FN:130,(anonymous_6)
FN:131,(anonymous_7)
FNF:6
FNH:6
FNDA:27,(anonymous_2)
FNDA:27,(anonymous_3)
FNDA:27,(anonymous_4)
FNDA:27,(anonymous_5)
FNDA:27,(anonymous_6)
FNDA:27,(anonymous_7)
DA:9,27
DA:12,27
DA:16,27
DA:19,27
DA:22,27
DA:25,27
DA:28,27
DA:31,27
DA:34,27
DA:37,27
DA:40,27
DA:43,27
DA:46,27
DA:49,27
DA:52,27
DA:55,27
DA:58,27
DA:61,27
DA:64,27
DA:67,27
DA:70,27
DA:73,27
DA:76,27
DA:79,27
DA:82,27
DA:85,27
DA:88,27
DA:91,27
DA:94,27
DA:97,27
DA:100,27
DA:103,27
DA:106,27
DA:109,27
DA:112,27
DA:115,27
DA:118,27
DA:119,27
DA:121,27
DA:124,27
DA:125,27
DA:127,27
DA:130,27
DA:131,27
DA:133,27
LF:45
LH:45
BRDA:112,0,0,27
BRDA:112,0,1,0
BRDA:112,1,0,27
BRDA:115,2,0,27
BRDA:115,2,1,0
BRDA:115,3,0,27
BRF:6
BRH:4
end_of_record
TN:
SF:/home/yongyiwong/greendirect/backend/greendirect-api/src/entities/invoice.entity.ts
FN:21,(anonymous_2)
FN:38,(anonymous_3)
FN:83,(anonymous_4)
FNF:3
FNH:3
FNDA:27,(anonymous_2)
FNDA:27,(anonymous_3)
FNDA:27,(anonymous_4)
DA:21,27
DA:22,27
DA:23,27
DA:24,27
DA:25,27
DA:26,27
DA:30,27
DA:32,27
DA:36,27
DA:38,27
DA:41,27
DA:45,27
DA:54,27
DA:59,27
DA:64,27
DA:71,27
DA:76,27
DA:80,27
DA:83,27
DA:85,27
DA:89,27
LF:21
LH:21
BRDA:21,0,0,27
BRDA:21,0,1,27
BRDA:41,1,0,27
BRDA:41,1,1,0
BRDA:41,2,0,27
BRDA:80,3,0,27
BRDA:80,3,1,0
BRDA:80,4,0,27
BRDA:85,5,0,27
BRDA:85,5,1,0
BRDA:85,6,0,27
BRDA:89,7,0,27
BRDA:89,7,1,0
BRDA:89,8,0,27
BRF:14
BRH:10
end_of_record
TN:
SF:/home/yongyiwong/greendirect/backend/greendirect-api/src/entities/location-category.entity.ts
FNF:0
FNH:0
DA:5,27
DA:8,27
DA:12,27
LF:3
LH:3
BRF:0
BRH:0
end_of_record
TN:
SF:/home/yongyiwong/greendirect/backend/greendirect-api/src/entities/location-coupon.entity.ts
FN:21,(anonymous_2)
FN:25,(anonymous_3)
FN:29,(anonymous_4)
FNF:3
FNH:3
FNDA:27,(anonymous_2)
FNDA:27,(anonymous_3)
FNDA:54,(anonymous_4)
DA:16,27
DA:19,27
DA:21,27
DA:23,27
DA:25,27
DA:27,27
DA:29,54
DA:30,27
DA:34,27
DA:38,27
DA:42,27
DA:46,27
DA:50,27
LF:13
LH:13
BRDA:23,0,0,6
BRDA:23,0,1,21
BRDA:23,1,0,6
BRDA:27,2,0,21
BRDA:27,2,1,6
BRDA:27,3,0,21
BRDA:38,4,0,27
BRDA:38,4,1,0
BRDA:38,5,0,27
BRDA:46,6,0,27
BRDA:46,6,1,0
BRDA:46,7,0,27
BRF:12
BRH:10
end_of_record
TN:
SF:/home/yongyiwong/greendirect/backend/greendirect-api/src/entities/location-deal.entity.ts
FN:20,(anonymous_2)
FN:24,(anonymous_3)
FNF:2
FNH:2
FNDA:30,(anonymous_2)
FNDA:27,(anonymous_3)
DA:15,27
DA:18,27
DA:20,30
DA:22,27
DA:24,27
DA:26,27
DA:30,27
DA:34,27
DA:38,27
DA:42,27
DA:46,27
LF:11
LH:11
BRDA:22,0,0,6
BRDA:22,0,1,21
BRDA:22,1,0,6
BRDA:26,2,0,0
BRDA:26,2,1,27
BRDA:26,3,0,0
BRDA:34,4,0,27
BRDA:34,4,1,0
BRDA:34,5,0,27
BRDA:42,6,0,27
BRDA:42,6,1,0
BRDA:42,7,0,27
BRF:12
BRH:8
end_of_record
TN:
SF:/home/yongyiwong/greendirect/backend/greendirect-api/src/entities/location-delivery-hour.entity.ts
FN:19,(anonymous_2)
FNF:1
FNH:1
FNDA:27,(anonymous_2)
DA:14,27
DA:17,27
DA:19,27
DA:21,27
DA:24,27
DA:27,27
DA:30,27
DA:33,27
DA:37,27
DA:40,27
DA:44,27
DA:47,27
LF:12
LH:12
BRDA:21,0,0,0
BRDA:21,0,1,27
BRDA:21,1,0,0
BRDA:37,2,0,27
BRDA:37,2,1,0
BRDA:37,3,0,27
BRDA:44,4,0,27
BRDA:44,4,1,0
BRDA:44,5,0,27
BRF:9
BRH:5
end_of_record
TN:
SF:/home/yongyiwong/greendirect/backend/greendirect-api/src/entities/location-holiday.entity.ts
FN:19,(anonymous_2)
FNF:1
FNH:1
FNDA:27,(anonymous_2)
DA:14,27
DA:17,27
DA:19,27
DA:21,27
DA:24,27
DA:27,27
DA:30,27
DA:33,27
DA:37,27
DA:40,27
DA:44,27
DA:47,27
LF:12
LH:12
BRDA:21,0,0,0
BRDA:21,0,1,27
BRDA:21,1,0,0
BRDA:24,2,0,27
BRDA:24,2,1,0
BRDA:24,3,0,27
BRDA:37,4,0,27
BRDA:37,4,1,0
BRDA:37,5,0,27
BRDA:44,6,0,27
BRDA:44,6,1,0
BRDA:44,7,0,27
BRF:12
BRH:7
end_of_record
TN:
SF:/home/yongyiwong/greendirect/backend/greendirect-api/src/entities/location-hour.entity.ts
FN:19,(anonymous_2)
FNF:1
FNH:1
FNDA:27,(anonymous_2)
DA:14,27
DA:17,27
DA:19,27
DA:21,27
DA:24,27
DA:27,27
DA:30,27
DA:33,27
DA:37,27
DA:40,27
DA:44,27
DA:47,27
LF:12
LH:12
BRDA:21,0,0,0
BRDA:21,0,1,27
BRDA:21,1,0,0
BRDA:37,2,0,27
BRDA:37,2,1,0
BRDA:37,3,0,27
BRDA:44,4,0,27
BRDA:44,4,1,0
BRDA:44,5,0,27
BRF:9
BRH:5
end_of_record
TN:
SF:/home/yongyiwong/greendirect/backend/greendirect-api/src/entities/location-log.entity.ts
FN:16,(anonymous_2)
FN:31,(anonymous_3)
FN:35,(anonymous_4)
FNF:3
FNH:3
FNDA:27,(anonymous_2)
FNDA:27,(anonymous_3)
FNDA:27,(anonymous_4)
DA:16,27
DA:17,27
DA:18,27
DA:19,27
DA:20,27
DA:21,27
DA:22,27
DA:26,27
DA:29,27
DA:31,27
DA:33,27
DA:35,27
DA:37,27
DA:40,27
DA:43,27
DA:46,27
DA:50,27
DA:54,27
LF:18
LH:18
BRDA:16,0,0,27
BRDA:16,0,1,27
BRDA:33,1,0,27
BRDA:33,1,1,0
BRDA:33,2,0,27
BRDA:37,3,0,27
BRDA:37,3,1,0
BRDA:37,4,0,27
BRDA:50,5,0,27
BRDA:50,5,1,0
BRDA:50,6,0,27
BRDA:54,7,0,27
BRDA:54,7,1,0
BRDA:54,8,0,27
BRF:14
BRH:10
end_of_record
TN:
SF:/home/yongyiwong/greendirect/backend/greendirect-api/src/entities/location-promotion.entity.ts
FN:20,(anonymous_2)
FNF:1
FNH:1
FNDA:27,(anonymous_2)
DA:15,27
DA:18,27
DA:20,27
DA:22,27
DA:26,27
DA:30,27
DA:34,27
DA:38,27
DA:42,27
DA:46,27
DA:49,27
DA:53,27
DA:56,27
LF:13
LH:13
BRDA:22,0,0,0
BRDA:22,0,1,27
BRDA:22,1,0,0
BRDA:38,2,0,27
BRDA:38,2,1,0
BRDA:38,3,0,27
BRDA:46,4,0,27
BRDA:46,4,1,0
BRDA:46,5,0,27
BRDA:53,6,0,27
BRDA:53,6,1,0
BRDA:53,7,0,27
BRF:12
BRH:7
end_of_record
TN:
SF:/home/yongyiwong/greendirect/backend/greendirect-api/src/entities/location-rating.entity.ts
FN:22,(anonymous_2)
FN:26,(anonymous_3)
FNF:2
FNH:2
FNDA:27,(anonymous_2)
FNDA:27,(anonymous_3)
DA:17,27
DA:20,27
DA:22,27
DA:24,27
DA:26,27
DA:28,27
DA:32,27
DA:36,27
DA:44,27
DA:48,27
DA:52,27
DA:56,27
DA:59,27
DA:63,27
DA:66,27
LF:15
LH:15
BRDA:24,0,0,25
BRDA:24,0,1,2
BRDA:24,1,0,25
BRDA:28,2,0,4
BRDA:28,2,1,23
BRDA:28,3,0,4
BRDA:56,4,0,27
BRDA:56,4,1,0
BRDA:56,5,0,27
BRDA:63,6,0,27
BRDA:63,6,1,0
BRDA:63,7,0,27
BRF:12
BRH:10
end_of_record
TN:
SF:/home/yongyiwong/greendirect/backend/greendirect-api/src/entities/location.entity.ts
FN:71,(anonymous_2)
FN:76,(anonymous_3)
FN:93,(anonymous_4)
FN:158,(anonymous_5)
FN:159,(anonymous_6)
FN:164,(anonymous_7)
FN:165,(anonymous_8)
FN:170,(anonymous_9)
FN:171,(anonymous_10)
FN:176,(anonymous_11)
FN:177,(anonymous_12)
FN:182,(anonymous_13)
FN:183,(anonymous_14)
FN:188,(anonymous_15)
FN:189,(anonymous_16)
FN:195,(anonymous_17)
FN:196,(anonymous_18)
FN:202,(anonymous_19)
FN:203,(anonymous_20)
FNF:19
FNH:18
FNDA:31,(anonymous_2)
FNDA:27,(anonymous_3)
FNDA:0,(anonymous_4)
FNDA:27,(anonymous_5)
FNDA:27,(anonymous_6)
FNDA:27,(anonymous_7)
FNDA:27,(anonymous_8)
FNDA:27,(anonymous_9)
FNDA:27,(anonymous_10)
FNDA:27,(anonymous_11)
FNDA:27,(anonymous_12)
FNDA:27,(anonymous_13)
FNDA:27,(anonymous_14)
FNDA:31,(anonymous_15)
FNDA:27,(anonymous_16)
FNDA:27,(anonymous_17)
FNDA:27,(anonymous_18)
FNDA:27,(anonymous_19)
FNDA:27,(anonymous_20)
DA:30,27
DA:33,27
DA:40,27
DA:44,27
DA:48,27
DA:52,27
DA:56,27
DA:60,27
DA:64,27
DA:68,27
DA:71,31
DA:73,27
DA:76,27
DA:78,27
DA:82,27
DA:86,27
DA:90,27
DA:93,0
DA:95,27
DA:99,27
DA:103,27
DA:107,27
DA:111,27
DA:115,27
DA:119,27
DA:123,27
DA:132,27
DA:141,27
DA:148,27
DA:155,27
DA:158,27
DA:159,27
DA:161,27
DA:164,27
DA:165,27
DA:167,27
DA:170,27
DA:171,27
DA:173,27
DA:176,27
DA:177,27
DA:179,27
DA:182,27
DA:183,27
DA:185,27
DA:188,31
DA:189,27
DA:191,27
DA:195,27
DA:196,27
DA:198,27
DA:202,27
DA:203,27
DA:205,27
DA:209,27
DA:213,27
DA:216,27
DA:220,27
DA:223,27
DA:227,27
DA:231,27
LF:61
LH:60
BRDA:73,0,0,27
BRDA:73,0,1,0
BRDA:73,1,0,27
BRDA:78,2,0,27
BRDA:78,2,1,0
BRDA:78,3,0,27
BRDA:95,4,0,27
BRDA:95,4,1,0
BRDA:95,5,0,27
BRDA:213,6,0,27
BRDA:213,6,1,0
BRDA:213,7,0,27
BRDA:220,8,0,27
BRDA:220,8,1,0
BRDA:220,9,0,27
BRF:15
BRH:10
end_of_record
TN:
SF:/home/yongyiwong/greendirect/backend/greendirect-api/src/entities/message.entity.ts
FN:25,(anonymous_2)
FN:41,(anonymous_3)
FNF:2
FNH:2
FNDA:27,(anonymous_2)
FNDA:27,(anonymous_3)
DA:19,27
DA:22,27
DA:25,27
DA:27,27
DA:31,27
DA:35,27
DA:39,27
DA:41,27
DA:43,27
LF:9
LH:9
BRDA:27,0,0,27
BRDA:27,0,1,0
BRDA:27,1,0,27
BRDA:39,2,0,27
BRDA:39,2,1,0
BRDA:39,3,0,27
BRDA:43,4,0,27
BRDA:43,4,1,0
BRDA:43,5,0,27
BRF:9
BRH:6
end_of_record
TN:
SF:/home/yongyiwong/greendirect/backend/greendirect-api/src/entities/mobile-check-in.entity.ts
FN:21,(anonymous_2)
FNF:1
FNH:1
FNDA:27,(anonymous_2)
DA:15,27
DA:18,27
DA:21,27
DA:23,27
DA:28,27
DA:32,27
DA:36,27
DA:40,27
LF:8
LH:8
BRDA:23,0,0,27
BRDA:23,0,1,0
BRDA:23,1,0,27
BRDA:36,2,0,27
BRDA:36,2,1,0
BRDA:36,3,0,27
BRDA:40,4,0,27
BRDA:40,4,1,0
BRDA:40,5,0,27
BRF:9
BRH:6
end_of_record
TN:
SF:/home/yongyiwong/greendirect/backend/greendirect-api/src/entities/order-coupon.entity.ts
FN:15,(anonymous_2)
FN:20,(anonymous_3)
FN:24,(anonymous_4)
FNF:3
FNH:3
FNDA:71550,(anonymous_2)
FNDA:27,(anonymous_3)
FNDA:27,(anonymous_4)
DA:15,27
DA:18,27
DA:20,27
DA:22,27
DA:24,27
DA:26,27
DA:30,71550
DA:34,27
DA:38,27
DA:42,27
DA:46,27
DA:50,27
LF:12
LH:12
BRDA:22,0,0,0
BRDA:22,0,1,27
BRDA:22,1,0,0
BRDA:26,2,0,27
BRDA:26,2,1,0
BRDA:26,3,0,27
BRDA:38,4,0,27
BRDA:38,4,1,0
BRDA:38,5,0,27
BRDA:46,6,0,27
BRDA:46,6,1,0
BRDA:46,7,0,27
BRF:12
BRH:7
end_of_record
TN:
SF:/home/yongyiwong/greendirect/backend/greendirect-api/src/entities/order-history.entity.ts
FN:19,(anonymous_2)
FNF:1
FNH:1
FNDA:27,(anonymous_2)
DA:13,27
DA:16,27
DA:19,27
DA:21,27
DA:25,27
DA:29,27
DA:33,27
LF:7
LH:7
BRDA:21,0,0,0
BRDA:21,0,1,27
BRDA:21,1,0,0
BRDA:29,2,0,27
BRDA:29,2,1,0
BRDA:29,3,0,27
BRF:6
BRH:3
end_of_record
TN:
SF:/home/yongyiwong/greendirect/backend/greendirect-api/src/entities/order-issue.entity.ts
FN:15,(anonymous_2)
FN:30,(anonymous_3)
FN:35,(anonymous_4)
FNF:3
FNH:3
FNDA:27,(anonymous_2)
FNDA:27,(anonymous_3)
FNDA:27,(anonymous_4)
DA:15,27
DA:16,27
DA:17,27
DA:18,27
DA:19,27
DA:20,27
DA:24,27
DA:27,27
DA:30,27
DA:32,27
DA:35,27
DA:37,27
DA:41,27
DA:45,27
DA:49,27
LF:15
LH:15
BRDA:15,0,0,27
BRDA:15,0,1,27
BRDA:32,1,0,27
BRDA:32,1,1,0
BRDA:32,2,0,27
BRDA:37,3,0,27
BRDA:37,3,1,0
BRDA:37,4,0,27
BRDA:49,5,0,27
BRDA:49,5,1,0
BRDA:49,6,0,27
BRF:11
BRH:8
end_of_record
TN:
SF:/home/yongyiwong/greendirect/backend/greendirect-api/src/entities/order-log.entity.ts
FN:22,(anonymous_2)
FNF:1
FNH:1
FNDA:27,(anonymous_2)
DA:16,27
DA:19,27
DA:22,27
DA:24,27
DA:28,27
DA:37,27
DA:41,27
DA:45,27
DA:49,27
DA:53,27
LF:10
LH:10
BRDA:24,0,0,27
BRDA:24,0,1,0
BRDA:24,1,0,27
BRDA:45,2,0,27
BRDA:45,2,1,0
BRDA:45,3,0,27
BRDA:49,4,0,27
BRDA:49,4,1,0
BRDA:49,5,0,27
BRF:9
BRH:6
end_of_record
TN:
SF:/home/yongyiwong/greendirect/backend/greendirect-api/src/entities/order-product.entity.ts
FN:25,(anonymous_2)
FN:29,(anonymous_3)
FN:33,(anonymous_4)
FNF:3
FNH:3
FNDA:27,(anonymous_2)
FNDA:27,(anonymous_3)
FNDA:27,(anonymous_4)
DA:17,27
DA:20,27
DA:23,27
DA:25,27
DA:27,27
DA:29,27
DA:31,27
DA:33,27
DA:35,27
DA:38,27
DA:41,27
DA:44,27
DA:54,27
DA:58,27
DA:61,27
DA:65,27
DA:68,27
LF:17
LH:17
BRDA:27,0,0,0
BRDA:27,0,1,27
BRDA:27,1,0,0
BRDA:31,2,0,27
BRDA:31,2,1,0
BRDA:31,3,0,27
BRDA:35,4,0,27
BRDA:35,4,1,0
BRDA:35,5,0,27
BRDA:58,6,0,27
BRDA:58,6,1,0
BRDA:58,7,0,27
BRDA:65,8,0,27
BRDA:65,8,1,0
BRDA:65,9,0,27
BRF:15
BRH:9
end_of_record
TN:
SF:/home/yongyiwong/greendirect/backend/greendirect-api/src/entities/order-tax.entity.ts
FNF:0
FNH:0
DA:13,27
DA:16,27
DA:19,27
DA:22,27
DA:25,27
DA:29,27
DA:33,27
DA:37,27
DA:40,27
LF:9
LH:9
BRDA:29,0,0,27
BRDA:29,0,1,0
BRDA:29,1,0,27
BRDA:37,2,0,27
BRDA:37,2,1,0
BRDA:37,3,0,27
BRF:6
BRH:4
end_of_record
TN:
SF:/home/yongyiwong/greendirect/backend/greendirect-api/src/entities/order.entity.ts
FN:49,(anonymous_2)
FN:53,(anonymous_3)
FN:104,(anonymous_4)
FN:170,(anonymous_5)
FN:171,(anonymous_6)
FN:179,(anonymous_7)
FN:180,(anonymous_8)
FN:185,(anonymous_9)
FN:186,(anonymous_10)
FN:222,(anonymous_11)
FN:235,(anonymous_12)
FNF:11
FNH:11
FNDA:27,(anonymous_2)
FNDA:27,(anonymous_3)
FNDA:27,(anonymous_4)
FNDA:27,(anonymous_5)
FNDA:27,(anonymous_6)
FNDA:27,(anonymous_7)
FNDA:27,(anonymous_8)
FNDA:27,(anonymous_9)
FNDA:27,(anonymous_10)
FNDA:27,(anonymous_11)
FNDA:27,(anonymous_12)
DA:25,27
DA:28,27
DA:35,27
DA:41,27
DA:47,27
DA:49,27
DA:51,27
DA:53,27
DA:55,27
DA:61,27
DA:67,27
DA:73,27
DA:79,27
DA:90,27
DA:101,27
DA:104,27
DA:106,27
DA:117,27
DA:128,27
DA:139,27
DA:150,27
DA:156,27
DA:163,27
DA:167,27
DA:170,27
DA:171,27
DA:176,27
DA:179,27
DA:180,27
DA:182,27
DA:185,27
DA:186,27
DA:191,27
DA:199,27
DA:203,27
DA:207,27
DA:211,27
DA:215,27
DA:219,27
DA:222,27
DA:224,27
DA:228,27
DA:232,27
DA:235,27
DA:237,27
DA:241,27
DA:250,27
DA:254,27
DA:258,27
DA:264,27
DA:267,27
DA:271,27
DA:274,27
DA:277,27
DA:280,27
DA:283,27
DA:286,27
DA:289,27
LF:58
LH:58
BRDA:51,0,0,27
BRDA:51,0,1,0
BRDA:51,1,0,27
BRDA:55,2,0,27
BRDA:55,2,1,0
BRDA:55,3,0,27
BRDA:73,4,0,27
BRDA:73,4,1,0
BRDA:73,5,0,27
BRDA:106,6,0,27
BRDA:106,6,1,0
BRDA:106,7,0,27
BRDA:156,8,0,0
BRDA:156,8,1,27
BRDA:156,9,0,27
BRDA:167,10,0,27
BRDA:167,10,1,0
BRDA:167,11,0,27
BRDA:224,12,0,27
BRDA:224,12,1,0
BRDA:224,13,0,27
BRDA:237,14,0,0
BRDA:237,14,1,27
BRDA:237,15,0,0
BRDA:264,16,0,27
BRDA:264,16,1,0
BRDA:264,17,0,27
BRDA:271,18,0,27
BRDA:271,18,1,0
BRDA:271,19,0,27
BRF:30
BRH:19
end_of_record
TN:
SF:/home/yongyiwong/greendirect/backend/greendirect-api/src/entities/organization.entity.ts
FN:9,(anonymous_2)
FN:68,(anonymous_3)
FN:81,(anonymous_4)
FN:82,(anonymous_5)
FNF:4
FNH:3
FNDA:27,(anonymous_2)
FNDA:0,(anonymous_3)
FNDA:27,(anonymous_4)
FNDA:27,(anonymous_5)
DA:9,27
DA:10,27
DA:11,27
DA:23,27
DA:29,27
DA:36,27
DA:43,27
DA:50,27
DA:58,27
DA:65,27
DA:68,0
DA:69,27
DA:73,27
DA:77,27
DA:81,27
DA:82,27
DA:84,27
DA:88,27
DA:92,27
DA:96,27
DA:100,27
LF:21
LH:20
BRDA:9,0,0,27
BRDA:9,0,1,27
BRDA:69,1,0,27
BRDA:69,1,1,0
BRDA:69,2,0,27
BRF:5
BRH:4
end_of_record
TN:
SF:/home/yongyiwong/greendirect/backend/greendirect-api/src/entities/product-group.entity.ts
FN:26,(anonymous_2)
FN:43,(anonymous_3)
FN:44,(anonymous_4)
FNF:3
FNH:3
FNDA:42,(anonymous_2)
FNDA:27,(anonymous_3)
FNDA:27,(anonymous_4)
DA:16,27
DA:19,27
DA:23,27
DA:26,42
DA:28,27
DA:32,27
DA:36,27
DA:40,27
DA:43,27
DA:44,27
DA:46,27
DA:50,27
DA:54,27
DA:57,27
DA:61,27
DA:64,27
LF:16
LH:16
BRDA:28,0,0,27
BRDA:28,0,1,0
BRDA:28,1,0,27
BRDA:54,2,0,27
BRDA:54,2,1,0
BRDA:54,3,0,27
BRDA:61,4,0,27
BRDA:61,4,1,0
BRDA:61,5,0,27
BRF:9
BRH:6
end_of_record
TN:
SF:/home/yongyiwong/greendirect/backend/greendirect-api/src/entities/product-image.entity.ts
FN:20,(anonymous_2)
FNF:1
FNH:1
FNDA:27,(anonymous_2)
DA:15,27
DA:18,27
DA:20,27
DA:22,27
DA:26,27
DA:30,27
DA:34,27
DA:37,27
DA:41,27
DA:44,27
LF:10
LH:10
BRDA:22,0,0,0
BRDA:22,0,1,27
BRDA:22,1,0,0
BRDA:34,2,0,27
BRDA:34,2,1,0
BRDA:34,3,0,27
BRDA:41,4,0,27
BRDA:41,4,1,0
BRDA:41,5,0,27
BRF:9
BRH:5
end_of_record
TN:
SF:/home/yongyiwong/greendirect/backend/greendirect-api/src/entities/product-log.entity.ts
FN:16,(anonymous_2)
FN:27,(anonymous_3)
FN:31,(anonymous_4)
FNF:3
FNH:3
FNDA:27,(anonymous_2)
FNDA:27,(anonymous_3)
FNDA:27,(anonymous_4)
DA:16,27
DA:17,27
DA:18,27
DA:22,27
DA:25,27
DA:27,27
DA:29,27
DA:31,27
DA:33,27
DA:36,27
DA:39,27
DA:42,27
DA:46,27
DA:50,27
LF:14
LH:14
BRDA:16,0,0,27
BRDA:16,0,1,27
BRDA:29,1,0,27
BRDA:29,1,1,0
BRDA:29,2,0,27
BRDA:33,3,0,27
BRDA:33,3,1,0
BRDA:33,4,0,27
BRDA:46,5,0,27
BRDA:46,5,1,0
BRDA:46,6,0,27
BRDA:50,7,0,27
BRDA:50,7,1,0
BRDA:50,8,0,27
BRF:14
BRH:10
end_of_record
TN:
SF:/home/yongyiwong/greendirect/backend/greendirect-api/src/entities/product-pricing-weight.entity.ts
FN:42,(anonymous_2)
FNF:1
FNH:1
FNDA:27,(anonymous_2)
DA:13,27
DA:16,27
DA:23,27
DA:29,27
DA:39,27
DA:42,27
DA:44,27
DA:47,27
LF:8
LH:8
BRDA:44,0,0,0
BRDA:44,0,1,27
BRDA:44,1,0,0
BRF:3
BRH:1
end_of_record
TN:
SF:/home/yongyiwong/greendirect/backend/greendirect-api/src/entities/product-pricing.entity.ts
FN:24,(anonymous_2)
FN:49,(anonymous_3)
FN:50,(anonymous_4)
FNF:3
FNH:3
FNDA:27,(anonymous_2)
FNDA:27,(anonymous_3)
FNDA:27,(anonymous_4)
DA:18,27
DA:21,27
DA:24,27
DA:26,27
DA:35,27
DA:43,27
DA:49,27
DA:50,27
DA:54,27
DA:58,27
DA:61,27
DA:65,27
DA:69,27
LF:13
LH:13
BRDA:26,0,0,0
BRDA:26,0,1,27
BRDA:26,1,0,0
BRDA:58,2,0,27
BRDA:58,2,1,0
BRDA:58,3,0,27
BRDA:65,4,0,27
BRDA:65,4,1,0
BRDA:65,5,0,27
BRF:9
BRH:5
end_of_record
TN:
SF:/home/yongyiwong/greendirect/backend/greendirect-api/src/entities/product.entity.ts
FN:32,(anonymous_2)
FN:37,(anonymous_3)
FN:111,(anonymous_4)
FN:112,(anonymous_5)
FN:124,(anonymous_6)
FN:125,(anonymous_7)
FNF:6
FNH:6
FNDA:42,(anonymous_2)
FNDA:33,(anonymous_3)
FNDA:27,(anonymous_4)
FNDA:27,(anonymous_5)
FNDA:27,(anonymous_6)
FNDA:27,(anonymous_7)
DA:19,27
[...]
DA:325,0
DA:326,0
DA:327,0
DA:329,0
DA:334,27
DA:339,0
DA:340,0
DA:341,0
DA:343,0
DA:348,0
DA:349,0
DA:354,27
DA:358,3
DA:359,3
DA:360,3
DA:362,0
DA:367,3
DA:368,3
DA:374,27
DA:383,1
DA:384,1
DA:385,1
DA:387,0
DA:392,1
DA:393,1
DA:394,1
DA:400,27
DA:410,0
DA:411,0
DA:412,0
DA:414,0
DA:419,0
DA:420,0
DA:421,0
DA:422,0
DA:428,27
DA:433,0
DA:434,0
DA:435,0
DA:437,0
DA:442,0
DA:443,0
DA:455,27
DA:456,0
DA:457,0
DA:459,0
DA:460,0
DA:463,0
DA:466,0
DA:472,27
DA:476,0
DA:477,0
DA:478,0
DA:480,0
DA:486,27
DA:489,0
DA:501,27
DA:509,0
DA:526,27
DA:533,3
DA:535,3
DA:536,3
DA:537,3
DA:539,3
DA:550,3
DA:551,0
DA:553,3
DA:554,3
DA:558,3
DA:559,3
DA:560,3
DA:562,3
DA:564,3
DA:576,27
DA:577,0
DA:578,0
DA:583,0
DA:584,0
DA:589,27
DA:590,0
DA:591,0
DA:597,27
DA:601,0
DA:602,0
DA:603,0
DA:604,0
DA:606,0
DA:611,0
DA:613,0
DA:615,0
DA:623,27
DA:628,0
DA:629,0
DA:630,0
DA:631,0
DA:633,0
DA:639,0
DA:643,0
DA:645,0
DA:651,27
DA:652,0
LF:170
LH:73
BRDA:148,0,0,0
BRDA:148,0,1,1
BRDA:177,1,0,0
BRDA:177,1,1,0
BRDA:177,2,0,0
BRDA:177,2,1,0
BRDA:187,3,0,0
BRDA:187,3,1,0
BRDA:218,4,0,0
BRDA:218,4,1,0
BRDA:278,5,0,2
BRDA:278,5,1,0
BRDA:296,6,0,0
BRDA:296,6,1,1
BRDA:340,7,0,0
BRDA:340,7,1,0
BRDA:340,8,0,0
BRDA:340,8,1,0
BRDA:359,9,0,3
BRDA:359,9,1,0
BRDA:359,10,0,3
BRDA:359,10,1,3
BRDA:384,11,0,1
BRDA:384,11,1,0
BRDA:384,12,0,1
BRDA:384,12,1,1
BRDA:411,13,0,0
BRDA:411,13,1,0
BRDA:411,14,0,0
BRDA:411,14,1,0
BRDA:434,15,0,0
BRDA:434,15,1,0
BRDA:434,16,0,0
BRDA:434,16,1,0
BRDA:456,17,0,0
BRDA:456,17,1,0
BRDA:533,18,0,3
BRDA:533,18,1,0
BRDA:535,19,0,3
BRDA:535,19,1,0
BRDA:536,20,0,3
BRDA:536,20,1,3
BRDA:537,21,0,3
BRDA:537,21,1,3
BRDA:550,22,0,0
BRDA:550,22,1,3
BRDA:555,23,0,0
BRDA:555,23,1,3
BRDA:603,24,0,0
BRDA:603,24,1,0
BRDA:603,25,0,0
BRDA:603,25,1,0
BRDA:630,26,0,0
BRDA:630,26,1,0
BRDA:630,27,0,0
BRDA:630,27,1,0
BRDA:99,28,0,27
BRDA:99,28,1,0
BRDA:99,29,0,27
BRDA:117,30,0,27
BRDA:117,30,1,0
BRDA:117,31,0,27
BRDA:147,32,0,27
BRDA:147,32,1,0
BRDA:147,33,0,27
BRDA:175,34,0,27
BRDA:175,34,1,0
BRDA:175,35,0,27
BRDA:216,36,0,27
BRDA:216,36,1,0
BRDA:216,37,0,27
BRDA:256,38,0,27
BRDA:256,38,1,0
BRDA:256,39,0,27
BRDA:275,40,0,27
BRDA:275,40,1,0
BRDA:275,41,0,27
BRDA:295,42,0,27
BRDA:295,42,1,0
BRDA:295,43,0,27
BRDA:308,44,0,27
BRDA:308,44,1,0
BRDA:308,45,0,27
BRDA:321,46,0,27
BRDA:321,46,1,0
BRDA:321,47,0,27
BRDA:338,48,0,27
BRDA:338,48,1,0
BRDA:338,49,0,27
BRDA:357,50,0,27
BRDA:357,50,1,0
BRDA:357,51,0,27
BRDA:380,52,0,27
BRDA:380,52,1,0
BRDA:380,53,0,27
BRDA:382,54,0,27
BRDA:382,54,1,0
BRDA:382,55,0,27
BRDA:407,56,0,27
BRDA:407,56,1,0
BRDA:407,57,0,27
BRDA:409,58,0,27
BRDA:409,58,1,0
BRDA:409,59,0,27
BRDA:432,60,0,27
BRDA:432,60,1,0
BRDA:432,61,0,27
BRDA:455,62,0,27
BRDA:455,62,1,0
BRDA:455,63,0,27
BRDA:475,64,0,27
BRDA:475,64,1,0
BRDA:475,65,0,27
BRDA:488,66,0,27
BRDA:488,66,1,0
BRDA:488,67,0,27
BRDA:508,68,0,27
BRDA:508,68,1,0
BRDA:508,69,0,27
BRDA:576,70,0,27
BRDA:576,70,1,0
BRDA:576,71,0,27
BRDA:600,72,0,27
BRDA:600,72,1,0
BRDA:600,73,0,27
BRDA:627,74,0,27
BRDA:627,74,1,0
BRDA:627,75,0,27
BRDA:651,76,0,27
BRDA:651,76,1,0
BRDA:651,77,0,27
BRDA:80,78,0,27
BRDA:80,78,1,0
BRDA:80,79,0,27
BRDA:81,80,0,27
BRDA:81,80,1,0
BRDA:80,81,0,27
BRDA:80,81,1,27
BRDA:82,82,0,27
BRDA:82,82,1,0
BRDA:81,83,0,27
BRDA:81,83,1,27
BRDA:83,84,0,27
BRDA:83,84,1,0
BRDA:82,85,0,27
BRDA:82,85,1,27
BRDA:84,86,0,27
BRDA:84,86,1,0
BRDA:83,87,0,27
BRDA:83,87,1,27
BRDA:85,88,0,27
BRDA:85,88,1,0
BRDA:84,89,0,27
BRDA:84,89,1,27
BRDA:86,90,0,27
BRDA:86,90,1,0
BRDA:85,91,0,27
BRDA:85,91,1,27
BRDA:87,92,0,27
BRDA:87,92,1,0
BRDA:86,93,0,27
BRDA:86,93,1,27
BRDA:88,94,0,27
BRDA:88,94,1,0
BRDA:87,95,0,27
BRDA:87,95,1,27
BRF:166
BRH:93
end_of_record
TN:
SF:/home/yongyiwong/greendirect/backend/greendirect-api/src/user/user.exceptions.ts
FN:15,(anonymous_0)
FN:21,(anonymous_1)
FN:46,(anonymous_2)
FN:52,(anonymous_3)
FN:62,(anonymous_4)
FN:72,(anonymous_5)
FN:79,(anonymous_6)
FN:85,(anonymous_7)
FN:93,(anonymous_8)
FN:99,(anonymous_9)
FN:105,(anonymous_10)
FN:113,(anonymous_11)
FN:119,(anonymous_12)
FN:126,(anonymous_13)
FN:132,(anonymous_14)
FN:137,(anonymous_15)
FNF:16
FNH:11
FNDA:2,(anonymous_0)
FNDA:1,(anonymous_1)
FNDA:4,(anonymous_2)
FNDA:0,(anonymous_3)
FNDA:1,(anonymous_4)
FNDA:0,(anonymous_5)
FNDA:3,(anonymous_6)
FNDA:3,(anonymous_7)
FNDA:0,(anonymous_8)
FNDA:6,(anonymous_9)
FNDA:2,(anonymous_10)
FNDA:3,(anonymous_11)
FNDA:5,(anonymous_12)
FNDA:2,(anonymous_13)
FNDA:0,(anonymous_14)
FNDA:0,(anonymous_15)
DA:10,27
DA:16,2
DA:22,1
DA:46,4
DA:52,0
DA:62,1
DA:72,0
DA:83,3
DA:85,3
DA:93,0
DA:99,6
DA:105,2
DA:113,3
DA:120,5
DA:126,2
DA:132,0
DA:137,0
LF:17
LH:12
BRDA:22,0,0,1
BRDA:22,0,1,1
BRDA:22,0,2,1
BRDA:99,1,0,6
BRDA:99,1,1,5
BRDA:105,2,0,2
BRDA:105,2,1,2
BRDA:120,3,0,5
BRDA:120,3,1,5
BRF:9
BRH:9
end_of_record
TN:
SF:/home/yongyiwong/greendirect/backend/greendirect-api/src/user/user.module.ts
FN:25,(anonymous_1)
FN:26,(anonymous_2)
FNF:2
FNH:2
FNDA:81,(anonymous_1)
FNDA:81,(anonymous_2)
DA:25,81
DA:26,81
DA:42,27
LF:3
LH:3
BRF:0
BRH:0
end_of_record
TN:
SF:/home/yongyiwong/greendirect/backend/greendirect-api/src/user/user.service.ts
FN:55,(anonymous_11)
FN:76,(anonymous_12)
FN:86,(anonymous_14)
FN:107,(anonymous_16)
FN:151,(anonymous_19)
FN:164,(anonymous_22)
FN:185,(anonymous_25)
FN:207,(anonymous_28)
FN:243,(anonymous_30)
FN:246,(anonymous_31)
FN:273,(anonymous_33)
FN:290,(anonymous_35)
FN:306,(anonymous_37)
FN:336,(anonymous_39)
FN:365,(anonymous_41)
FN:368,(anonymous_42)
FN:369,(anonymous_43)
FN:376,(anonymous_44)
FN:388,(anonymous_45)
FN:408,(anonymous_47)
FN:411,(anonymous_48)
FN:422,(anonymous_50)
FN:438,(anonymous_52)
FN:456,(anonymous_54)
FN:470,(anonymous_56)
FN:484,(anonymous_58)
FN:497,(anonymous_60)
FN:511,(anonymous_62)
FN:553,(anonymous_63)
FN:613,(anonymous_65)
FN:656,(anonymous_67)
FN:699,(anonymous_69)
FN:715,(anonymous_71)
FN:744,(anonymous_73)
FN:751,(anonymous_75)
FN:771,(anonymous_77)
FN:787,(anonymous_79)
FN:795,(anonymous_81)
FN:819,(anonymous_83)
FN:843,(anonymous_85)
FN:863,(anonymous_87)
FN:875,(anonymous_88)
FN:891,(anonymous_89)
FNF:43
FNH:29
FNDA:27,(anonymous_11)
FNDA:4,(anonymous_12)
FNDA:4,(anonymous_14)
FNDA:17,(anonymous_16)
FNDA:1,(anonymous_19)
FNDA:18,(anonymous_22)
FNDA:3,(anonymous_25)
FNDA:1,(anonymous_28)
FNDA:1,(anonymous_30)
FNDA:17,(anonymous_31)
FNDA:2,(anonymous_33)
FNDA:2,(anonymous_35)
FNDA:1,(anonymous_37)
FNDA:0,(anonymous_39)
FNDA:0,(anonymous_41)
FNDA:0,(anonymous_42)
FNDA:0,(anonymous_43)
FNDA:2,(anonymous_44)
FNDA:1,(anonymous_45)
FNDA:1,(anonymous_47)
FNDA:8,(anonymous_48)
FNDA:5,(anonymous_50)
FNDA:3,(anonymous_52)
FNDA:1,(anonymous_54)
FNDA:1,(anonymous_56)
FNDA:0,(anonymous_58)
FNDA:0,(anonymous_60)
FNDA:0,(anonymous_62)
FNDA:0,(anonymous_63)
FNDA:5,(anonymous_65)
FNDA:3,(anonymous_67)
FNDA:2,(anonymous_69)
FNDA:2,(anonymous_71)
FNDA:0,(anonymous_73)
FNDA:16,(anonymous_75)
FNDA:1,(anonymous_77)
FNDA:17,(anonymous_79)
FNDA:4,(anonymous_81)
FNDA:0,(anonymous_83)
FNDA:0,(anonymous_85)
FNDA:0,(anonymous_87)
FNDA:0,(anonymous_88)
FNDA:0,(anonymous_89)
DA:44,27
DA:45,27
DA:46,27
DA:47,27
DA:53,27
DA:54,27
DA:56,27
DA:58,27
DA:60,27
DA:63,27
DA:65,27
DA:66,27
DA:67,27
DA:68,27
DA:69,27
DA:70,27
DA:71,27
DA:73,27
DA:81,4
DA:82,4
DA:83,4
DA:88,4
DA:90,4
DA:91,4
DA:93,4
DA:95,1
DA:96,1
DA:97,0
DA:98,0
DA:99,0
DA:100,0
DA:102,0
DA:104,3
DA:108,17
DA:119,17
DA:120,11
DA:122,17
DA:123,4
DA:124,0
DA:128,17
DA:129,17
DA:130,17
DA:133,17
DA:136,17
DA:137,4
DA:140,17
DA:142,0
DA:143,0
DA:144,0
DA:146,0
DA:152,1
DA:153,1
DA:154,1
DA:156,0
DA:157,0
DA:159,0
DA:161,1
DA:165,18
DA:166,18
DA:167,8
DA:168,0
DA:172,18
DA:173,16
DA:175,2
DA:176,1
DA:177,1
DA:178,1
DA:180,0
DA:182,16
DA:186,3
DA:187,3
DA:190,3
DA:193,1
DA:197,1
DA:199,2
DA:202,2
DA:211,1
DA:212,0
DA:216,1
DA:220,1
DA:221,1
DA:222,1
DA:223,0
DA:227,1
DA:230,1
DA:234,1
DA:236,1
DA:243,1
DA:247,17
DA:250,17
DA:251,11
DA:255,17
DA:256,6
DA:261,17
DA:265,2
DA:270,17
DA:278,2
DA:281,2
DA:282,1
DA:284,1
DA:285,1
DA:286,1
DA:287,1
DA:291,2
DA:292,2
DA:295,2
DA:297,2
DA:298,2
DA:299,2
DA:300,2
DA:302,0
DA:307,1
DA:308,1
DA:309,1
DA:310,1
DA:314,1
DA:316,1
DA:318,1
DA:319,1
DA:320,4
DA:324,1
DA:325,1
DA:326,1
DA:327,1
DA:328,1
DA:331,0
DA:333,1
DA:341,0
DA:342,0
DA:346,0
DA:347,0
DA:348,0
DA:352,0
DA:357,0
DA:365,0
DA:366,0
DA:368,0
DA:370,0
DA:371,0
DA:377,2
DA:378,2
DA:389,1
DA:390,1
DA:391,1
DA:406,0
DA:408,1
DA:412,8
DA:413,8
DA:418,0
DA:426,5
DA:427,5
DA:431,5
DA:432,5
DA:434,0
DA:441,3
DA:442,3
DA:443,3
DA:447,3
DA:448,0
DA:450,3
DA:452,0
DA:459,1
DA:460,1
DA:461,0
DA:463,1
DA:464,1
DA:466,0
DA:474,1
DA:475,1
DA:480,0
DA:488,0
DA:505,0
DA:506,0
DA:507,0
DA:512,0
DA:520,0
DA:523,0
DA:524,0
DA:527,0
DA:528,0
DA:537,0
DA:538,0
DA:539,0
DA:540,0
DA:541,0
DA:542,0
DA:544,0
DA:545,0
DA:547,0
DA:549,0
DA:561,0
DA:562,0
DA:563,0
DA:564,0
DA:581,0
DA:582,0
DA:584,0
DA:585,0
DA:591,0
DA:592,0
DA:593,0
DA:595,0
DA:596,0
DA:601,0
DA:605,0
DA:607,0
DA:609,0
DA:618,5
DA:619,5
DA:633,5
DA:634,4
DA:637,5
DA:638,5
DA:639,5
DA:641,5
DA:642,5
DA:647,0
DA:650,5
DA:652,0
DA:664,3
DA:665,3
DA:669,3
DA:670,3
DA:673,3
DA:674,3
DA:684,3
DA:685,3
DA:687,3
DA:691,3
DA:692,3
DA:693,3
DA:695,0
DA:700,2
DA:701,2
DA:705,2
DA:706,2
DA:709,2
DA:711,0
DA:719,2
DA:720,2
DA:722,2
DA:723,2
DA:724,0
DA:728,2
DA:729,2
DA:730,2
DA:731,2
DA:735,2
DA:736,2
DA:741,2
DA:747,0
DA:755,16
DA:756,16
DA:757,5
DA:762,5
DA:764,16
DA:766,0
DA:772,1
DA:773,1
DA:774,1
DA:775,1
DA:780,0
DA:788,17
DA:789,17
DA:790,17
DA:792,0
DA:797,4
DA:798,4
DA:801,4
DA:802,4
DA:803,2
DA:806,2
DA:807,1
DA:815,0
DA:820,0
DA:821,0
DA:828,0
DA:829,0
DA:834,0
DA:835,0
DA:836,0
DA:837,0
DA:839,0
DA:844,0
DA:845,0
DA:857,0
DA:859,0
DA:864,0
DA:868,0
DA:869,0
DA:870,0
DA:872,0
DA:876,0
DA:877,0
DA:878,0
DA:881,0
DA:892,0
DA:893,0
DA:896,0
LF:299
LH:188
BRDA:81,0,0,4
BRDA:81,0,1,0
BRDA:88,1,0,4
BRDA:88,1,1,0
BRDA:95,2,0,1
BRDA:95,2,1,0
BRDA:97,3,0,0
BRDA:97,3,1,0
BRDA:99,4,0,0
BRDA:99,4,1,0
BRDA:119,5,0,11
BRDA:119,5,1,6
BRDA:122,6,0,4
BRDA:122,6,1,13
BRDA:123,7,0,0
BRDA:123,7,1,4
BRDA:136,8,0,4
BRDA:136,8,1,13
BRDA:143,9,0,0
BRDA:143,9,1,0
BRDA:156,10,0,0
BRDA:156,10,1,0
BRDA:166,11,0,8
BRDA:166,11,1,10
BRDA:167,12,0,0
BRDA:167,12,1,8
BRDA:175,13,0,1
BRDA:175,13,1,1
BRDA:177,14,0,1
BRDA:177,14,1,0
BRDA:190,15,0,1
BRDA:190,15,1,2
BRDA:190,16,0,3
BRDA:190,16,1,2
BRDA:209,17,0,1
BRDA:211,18,0,0
BRDA:211,18,1,1
BRDA:211,19,0,1
BRDA:211,19,1,1
BRDA:222,20,0,0
BRDA:222,20,1,1
BRDA:250,21,0,11
BRDA:250,21,1,6
BRDA:255,22,0,6
BRDA:255,22,1,11
BRDA:261,23,0,2
BRDA:261,23,1,15
BRDA:262,24,0,17
BRDA:262,24,1,6
BRDA:281,25,0,1
BRDA:281,25,1,1
BRDA:316,26,0,1
BRDA:316,26,1,0
BRDA:316,27,0,1
BRDA:316,27,1,0
BRDA:339,28,0,0
BRDA:341,29,0,0
BRDA:341,29,1,0
BRDA:341,30,0,0
BRDA:341,30,1,0
BRDA:347,31,0,0
BRDA:347,31,1,0
BRDA:379,32,0,2
BRDA:379,32,1,1
BRDA:379,32,2,1
BRDA:447,33,0,0
BRDA:447,33,1,3
BRDA:460,34,0,0
BRDA:460,34,1,1
BRDA:500,35,0,0
BRDA:501,36,0,0
BRDA:523,37,0,0
BRDA:523,37,1,0
BRDA:538,38,0,0
BRDA:538,38,1,0
BRDA:544,39,0,0
BRDA:544,39,1,0
BRDA:556,40,0,0
BRDA:557,41,0,0
BRDA:558,42,0,0
BRDA:559,43,0,0
BRDA:581,44,0,0
BRDA:581,44,1,0
BRDA:584,45,0,0
BRDA:584,45,1,0
BRDA:591,46,0,0
BRDA:591,46,1,0
BRDA:592,47,0,0
BRDA:593,48,0,0
BRDA:593,48,1,0
BRDA:595,49,0,0
BRDA:595,49,1,0
BRDA:616,50,0,5
BRDA:633,51,0,4
BRDA:633,51,1,1
BRDA:637,52,0,5
BRDA:637,52,1,0
BRDA:638,53,0,0
BRDA:639,54,0,0
BRDA:639,54,1,5
BRDA:641,55,0,5
BRDA:641,55,1,0
BRDA:658,56,0,0
BRDA:659,57,0,0
BRDA:660,58,0,0
BRDA:669,59,0,3
BRDA:669,59,1,0
BRDA:684,60,0,3
BRDA:684,60,1,0
BRDA:722,61,0,2
BRDA:722,61,1,0
BRDA:723,62,0,0
BRDA:723,62,1,2
BRDA:735,63,0,2
BRDA:735,63,1,0
BRDA:756,64,0,5
BRDA:756,64,1,11
BRDA:756,65,0,16
BRDA:756,65,1,16
BRDA:788,66,0,17
BRDA:788,66,1,0
BRDA:801,67,0,4
BRDA:801,67,1,0
BRDA:802,68,0,2
BRDA:802,68,1,2
BRDA:806,69,0,1
BRDA:806,69,1,1
BRDA:828,70,0,0
BRDA:828,70,1,0
BRDA:869,71,0,0
BRDA:869,71,1,0
BRDA:877,72,0,0
BRDA:877,72,1,0
BRDA:892,73,0,0
BRDA:892,73,1,0
BRDA:56,74,0,27
BRDA:56,74,1,0
BRDA:56,75,0,27
BRDA:58,76,0,27
BRDA:58,76,1,0
BRDA:56,77,0,27
BRDA:56,77,1,27
BRDA:60,78,0,27
BRDA:60,78,1,0
BRDA:58,79,0,27
BRDA:58,79,1,27
BRDA:63,80,0,27
BRDA:63,80,1,0
BRDA:60,81,0,27
BRDA:60,81,1,27
BRDA:65,82,0,27
BRDA:65,82,1,0
BRDA:63,83,0,27
BRDA:63,83,1,27
BRDA:66,84,0,27
BRDA:66,84,1,0
BRDA:65,85,0,27
BRDA:65,85,1,27
BRDA:67,86,0,27
BRDA:67,86,1,0
BRDA:66,87,0,27
BRDA:66,87,1,27
BRDA:68,88,0,27
BRDA:68,88,1,0
BRDA:67,89,0,27
BRDA:67,89,1,27
BRDA:69,90,0,27
BRDA:69,90,1,0
BRDA:68,91,0,27
BRDA:68,91,1,27
BRDA:70,92,0,27
BRDA:70,92,1,0
BRDA:69,93,0,27
BRDA:69,93,1,27
BRDA:71,94,0,27
BRDA:71,94,1,0
BRDA:70,95,0,27
BRDA:70,95,1,27
BRF:178
BRH:95
end_of_record
TN:
SF:/home/yongyiwong/greendirect/backend/greendirect-api/src/user-identification/user.idenfication.module.ts
FNF:0
FNH:0
DA:15,27
LF:1
LH:1
BRF:0
BRH:0
end_of_record
TN:
SF:/home/yongyiwong/greendirect/backend/greendirect-api/src/user-identification/user.identification.service.ts
FN:9,(anonymous_11)
FN:15,(anonymous_12)
FN:21,(anonymous_14)
FN:27,(anonymous_16)
FN:31,(anonymous_18)
FN:38,(anonymous_20)
FN:56,(anonymous_22)
FNF:7
FNH:7
FNDA:27,(anonymous_11)
FNDA:1,(anonymous_12)
FNDA:7,(anonymous_14)
FNDA:1,(anonymous_16)
FNDA:1,(anonymous_18)
FNDA:3,(anonymous_20)
FNDA:5,(anonymous_22)
DA:8,27
DA:11,27
DA:18,1
DA:24,7
DA:28,1
DA:32,1
DA:33,1
DA:34,1
DA:42,3
DA:43,3
DA:45,3
DA:61,5
LF:12
LH:12
BRDA:33,0,0,1
BRDA:33,0,1,0
BRDA:11,1,0,27
BRDA:11,1,1,0
BRDA:11,2,0,27
BRF:5
BRH:3
end_of_record
TN:
SF:/home/yongyiwong/greendirect/backend/greendirect-api/src/user-identification/dto/UserIdentification.update.dto.ts
FNF:0
FNH:0
DA:1,0
DA:18,0
DA:22,0
DA:25,0
DA:28,0
DA:31,0
DA:34,0
DA:37,0
DA:40,0
DA:43,0
DA:46,0
DA:49,0
DA:52,0
DA:55,0
DA:58,0
DA:61,0
DA:65,0
LF:17
LH:0
BRF:0
BRH:0
end_of_record
TN:
SF:/home/yongyiwong/greendirect/backend/greendirect-api/src/user-location/user-location.exceptions.ts
FN:15,(anonymous_0)
FN:32,(anonymous_1)
FNF:2
FNH:2
FNDA:15,(anonymous_0)
FNDA:7,(anonymous_1)
DA:8,27
DA:20,15
DA:22,15
DA:23,8
DA:27,7
DA:28,0
DA:31,7
DA:33,7
LF:8
LH:7
BRDA:22,0,0,8
BRDA:22,0,1,7
BRDA:27,1,0,0
BRDA:27,1,1,7
BRF:4
BRH:3
end_of_record
TN:
SF:/home/yongyiwong/greendirect/backend/greendirect-api/src/user-location/user-location.module.ts
FN:12,(anonymous_1)
FN:14,(anonymous_2)
FNF:2
FNH:2
FNDA:81,(anonymous_1)
FNDA:81,(anonymous_2)
DA:12,81
DA:14,81
DA:19,27
LF:3
LH:3
BRF:0
BRH:0
end_of_record
TN:
SF:/home/yongyiwong/greendirect/backend/greendirect-api/src/user-location/user-location.service.ts
FN:21,(anonymous_11)
FN:28,(anonymous_12)
FN:35,(anonymous_14)
FN:44,(anonymous_16)
FN:60,(anonymous_18)
FN:69,(anonymous_20)
FN:126,(anonymous_22)
FN:137,(anonymous_24)
FN:147,(anonymous_25)
FN:150,(anonymous_26)
FN:167,(anonymous_27)
FN:170,(anonymous_28)
FN:198,(anonymous_29)
FN:216,(anonymous_31)
FN:234,(anonymous_33)
FN:245,(anonymous_35)
FN:259,(anonymous_37)
FN:276,(anonymous_39)
FN:307,(anonymous_41)
FN:325,(anonymous_43)
FN:342,(anonymous_45)
FN:348,(anonymous_47)
FNF:22
FNH:21
FNDA:27,(anonymous_11)
FNDA:2,(anonymous_12)
FNDA:1,(anonymous_14)
FNDA:58,(anonymous_16)
FNDA:0,(anonymous_18)
FNDA:2,(anonymous_20)
FNDA:5,(anonymous_22)
FNDA:6,(anonymous_24)
FNDA:5,(anonymous_25)
FNDA:4,(anonymous_26)
FNDA:5,(anonymous_27)
FNDA:4,(anonymous_28)
FNDA:30,(anonymous_29)
FNDA:1,(anonymous_31)
FNDA:16,(anonymous_33)
FNDA:3,(anonymous_35)
FNDA:8,(anonymous_37)
FNDA:34,(anonymous_39)
FNDA:1,(anonymous_41)
FNDA:62,(anonymous_43)
FNDA:3,(anonymous_45)
FNDA:42,(anonymous_47)
DA:20,27
DA:23,27
DA:24,27
DA:25,27
DA:29,2
DA:36,1
DA:45,58
DA:63,0
DA:77,2
DA:78,2
DA:79,2
DA:96,2
DA:97,2
DA:99,2
DA:100,0
DA:105,2
DA:107,2
DA:112,2
DA:113,2
DA:115,2
DA:116,2
DA:117,0
DA:119,2
DA:121,2
DA:122,2
DA:126,27
DA:133,5
DA:134,5
DA:135,5
DA:138,6
DA:144,5
DA:145,5
DA:147,5
DA:148,5
DA:149,4
DA:151,4
DA:152,4
DA:159,0
DA:163,4
DA:167,5
DA:168,5
DA:169,4
DA:171,4
DA:172,4
DA:178,0
DA:182,4
DA:186,5
DA:187,5
DA:188,5
DA:190,0
DA:191,0
DA:193,0
DA:203,30
DA:204,30
DA:210,30
DA:212,0
DA:221,1
DA:222,1
DA:228,1
DA:230,0
DA:238,16
DA:239,16
DA:241,0
DA:248,3
DA:249,3
DA:252,3
DA:253,3
DA:255,0
DA:263,8
DA:264,8
DA:265,8
DA:266,0
DA:269,8
DA:282,34
DA:283,34
DA:284,34
DA:285,34
DA:286,34
DA:292,34
DA:293,3
DA:300,34
DA:301,34
DA:303,0
DA:313,1
DA:314,1
DA:315,1
DA:316,1
DA:318,1
DA:319,1
DA:321,0
DA:331,62
DA:332,62
DA:333,62
DA:338,0
DA:346,3
DA:347,3
DA:348,3
DA:349,42
DA:353,3
DA:355,0
LF:100
LH:83
BRDA:72,0,0,2
BRDA:73,1,0,2
BRDA:77,2,0,2
BRDA:77,2,1,2
BRDA:96,3,0,2
BRDA:96,3,1,0
BRDA:99,4,0,0
BRDA:99,4,1,2
BRDA:105,5,0,2
BRDA:105,5,1,0
BRDA:116,6,0,0
BRDA:116,6,1,2
BRDA:139,7,0,6
BRDA:139,7,1,6
BRDA:148,8,0,4
BRDA:148,8,1,1
BRDA:151,9,0,4
BRDA:151,9,1,0
BRDA:168,10,0,4
BRDA:168,10,1,1
BRDA:171,11,0,4
BRDA:171,11,1,0
BRDA:190,12,0,0
BRDA:190,12,1,0
BRDA:265,13,0,0
BRDA:265,13,1,8
BRDA:292,14,0,3
BRDA:292,14,1,31
BRDA:315,15,0,1
BRDA:315,15,1,0
BRDA:331,16,0,62
BRDA:331,16,1,4
BRDA:131,17,0,27
BRDA:131,17,1,0
BRDA:131,18,0,27
BRDA:132,19,0,27
BRDA:132,19,1,0
BRDA:132,20,0,27
BRDA:23,21,0,27
BRDA:23,21,1,0
BRDA:23,22,0,27
BRDA:24,23,0,27
BRDA:24,23,1,0
BRDA:23,24,0,27
BRDA:23,24,1,27
BRDA:25,25,0,27
BRDA:25,25,1,0
BRDA:24,26,0,27
BRDA:24,26,1,27
BRF:49
BRH:34
end_of_record
TN:
SF:/home/yongyiwong/greendirect/backend/greendirect-api/src/user-location/dto/save-user-location.dto.ts
FNF:0
FNH:0
DA:1,0
DA:5,0
LF:2
LH:0
BRF:0
BRH:0
end_of_record
TN:
SF:/home/yongyiwong/greendirect/backend/greendirect-api/src/user-location/dto/save-user-locations-compat.dto.ts
FNF:0
FNH:0
DA:1,0
DA:7,0
LF:2
LH:0
BRF:0
BRH:0
end_of_record
TN:
SF:/home/yongyiwong/greendirect/backend/greendirect-api/src/user-location/dto/save-user-locations.dto.ts
FNF:0
FNH:0
DA:5,27
LF:1
LH:1
BRF:0
BRH:0
end_of_record
TN:
SF:/home/yongyiwong/greendirect/backend/greendirect-api/src/user-role/user-role.module.ts
FNF:0
FNH:0
DA:12,27
LF:1
LH:1
BRF:0
BRH:0
end_of_record
TN:
SF:/home/yongyiwong/greendirect/backend/greendirect-api/src/user-role/user-role.service.ts
FN:13,(anonymous_11)
FN:18,(anonymous_12)
FN:31,(anonymous_14)
FN:34,(anonymous_15)
FN:45,(anonymous_17)
FN:48,(anonymous_18)
FN:75,(anonymous_20)
FN:79,(anonymous_21)
FNF:8
FNH:5
FNDA:27,(anonymous_11)
FNDA:4,(anonymous_12)
FNDA:4,(anonymous_14)
FNDA:4,(anonymous_15)
FNDA:4,(anonymous_17)
FNDA:0,(anonymous_18)
FNDA:0,(anonymous_20)
FNDA:0,(anonymous_21)
DA:12,27
DA:15,27
DA:19,4
DA:20,4
DA:21,4
DA:29,0
DA:31,4
DA:35,4
DA:36,4
DA:37,4
DA:39,4
DA:40,4
DA:43,0
DA:45,4
DA:53,0
DA:54,0
DA:55,0
DA:57,0
DA:58,0
DA:73,0
DA:75,0
DA:79,27
DA:83,0
DA:84,0
LF:24
LH:13
BRDA:39,0,0,4
BRDA:39,0,1,0
BRDA:57,1,0,0
BRDA:57,1,1,0
BRDA:80,2,0,27
BRDA:80,2,1,0
BRDA:80,3,0,27
BRDA:81,4,0,27
BRDA:81,4,1,0
BRDA:80,5,0,27
BRDA:80,5,1,27
BRDA:82,6,0,27
BRDA:82,6,1,0
BRDA:82,7,0,27
BRDA:15,8,0,27
BRDA:15,8,1,0
BRDA:15,9,0,27
BRF:17
BRH:10
end_of_record
TN:
SF:/home/yongyiwong/greendirect/backend/greendirect-api/src/user-role/dto/save-user-roles.dto.ts
FNF:0
FNH:0
DA:6,27
LF:1
LH:1
BRF:0
BRH:0
end_of_record
TN:
SF:/home/yongyiwong/greendirect/backend/greendirect-api/src/user/freeway-user/freeway-user.dto.ts
FN:7,(anonymous_0)
FN:26,(anonymous_1)
FNF:2
FNH:2
FNDA:27,(anonymous_0)
FNDA:27,(anonymous_1)
DA:7,27
DA:8,27
DA:26,27
DA:27,27
DA:28,27
DA:33,27
LF:6
LH:6
BRDA:7,0,0,27
BRDA:7,0,1,27
BRDA:26,1,0,27
BRDA:26,1,1,27
BRF:4
BRH:4
end_of_record
TN:
SF:/home/yongyiwong/greendirect/backend/greendirect-api/src/user/freeway-user/freeway.module.ts
FNF:0
FNH:0
DA:11,27
LF:1
LH:1
BRF:0
BRH:0
end_of_record
TN:
SF:/home/yongyiwong/greendirect/backend/greendirect-api/src/user/freeway-user/freeway.service.ts
FN:17,(anonymous_11)
FN:22,(anonymous_12)
FN:41,(anonymous_14)
FN:57,(anonymous_16)
FN:58,(anonymous_17)
FN:73,(anonymous_18)
FNF:6
FNH:5
FNDA:54,(anonymous_11)
FNDA:3,(anonymous_12)
FNDA:4,(anonymous_14)
FNDA:1,(anonymous_16)
FNDA:1,(anonymous_17)
FNDA:0,(anonymous_18)
DA:16,27
DA:19,54
DA:26,3
DA:27,2
DA:32,2
DA:33,2
DA:38,1
DA:45,4
DA:46,4
DA:52,4
DA:53,2
DA:55,4
DA:56,4
DA:57,1
DA:59,1
DA:67,4
DA:69,0
DA:74,0
LF:18
LH:16
BRDA:26,0,0,2
BRDA:26,0,1,1
BRDA:52,1,0,2
BRDA:52,1,1,2
BRDA:63,2,0,1
BRDA:63,2,1,0
BRDA:19,3,0,27
BRDA:19,3,1,0
BRDA:19,4,0,27
BRF:9
BRH:7
end_of_record
